#
# There is insufficient memory for the Java Runtime Environment to continue.
# Native memory allocation (mmap) failed to map 156237824 bytes for G1 virtual space
# Possible reasons:
#   The system is out of physical RAM or swap space
#   The process is running with CompressedOops enabled, and the Java Heap may be blocking the growth of the native heap
# Possible solutions:
#   Reduce memory load on the system
#   Increase physical memory or swap space
#   Check if swap backing store is full
#   Decrease Java heap size (-Xmx/-Xms)
#   Decrease number of Java threads
#   Decrease Java thread stack sizes (-Xss)
#   Set larger code cache with -XX:ReservedCodeCacheSize=
#   JVM is running with Unscaled Compressed Oops mode in which the Java heap is
#     placed in the first 4GB address space. The Java Heap base address is the
#     maximum limit for the native heap growth. Please use -XX:HeapBaseMinAddress
#     to set the Java Heap base and to place the Java Heap above 4GB virtual address.
# This output file may be truncated or incomplete.
#
#  Out of Memory Error (os_windows.cpp:3771), pid=75016, tid=68808
#
# JRE version: OpenJDK Runtime Environment (17.0.7) (build 17.0.7+0-b2043.56-10550314)
# Java VM: OpenJDK 64-Bit Server VM (17.0.7+0-b2043.56-10550314, mixed mode, tiered, compressed oops, compressed class ptrs, g1 gc, windows-amd64)
# No core dump will be written. Minidumps are not enabled by default on client versions of Windows
#

---------------  S U M M A R Y ------------

Command Line: org.jetbrains.kotlin.cli.jvm.K2JVMCompiler @C:\Users\Haytam\AndroidStudioProjects\project\app\build\20240501_16776862022860999226.compiler.options

Host: AMD Ryzen 5 3500U with Radeon Vega Mobile Gfx  , 8 cores, 5G,  Windows 10 , 64 bit Build 19041 (10.0.19041.3636)
Time: Wed May  1 20:01:24 2024 Paris, Madrid (heure duild 19041 (10.0.19041.3636) elapsed time: 32.206605 seconds (0d 0h 0m 32s)

---------------  T H R E A D  ---------------

Current thread (0x00000169c2e75c70):  VMThread "VM Thread" [stack: 0x000000473bc00000,0x000000473bd00000] [id=68808]

Stack: [0x000000473bc00000,0x000000473bd00000]
Native frames: (J=compiled Java code, j=interpreted, Vv=VM code, C=native code)
V  [jvm.dll+0x683bfa]
V  [jvm.dll+0x8430a4]
V  [jvm.dll+0x8449be]
V  [jvm.dll+0x845023]
V  [jvm.dll+0x24ad2f]
V  [jvm.dll+0x680ac9]
V  [jvm.dll+0x67519a]
V  [jvm.dll+0x30b3cb]
V  [jvm.dll+0x312876]
V  [jvm.dll+0x36221e]
V  [jvm.dll+0x36244f]
V  [jvm.dll+0x2e14a8]
V  [jvm.dll+0x2df684]
V  [jvm.dll+0x2dec8c]
V  [jvm.dll+0x32382b]
V  [jvm.dll+0x8496eb]
V  [jvm.dll+0x84a424]
V  [jvm.dll+0x84a93d]
V  [jvm.dll+0x84ad14]
V  [jvm.dll+0x84ade0]
V  [jvm.dll+0x7f2aea]
V  [jvm.dll+0x682a35]
C  [ucrtbase.dll+0x21bb2]
C  [KERNEL32.DLL+0x17344]
C  [ntdll.dll+0x526b1]

VM_Operation (0x000000473b6f6300): G1CollectForAllocation, mode: safepoint, requested by thread 0x00000169aa4187d0


---------------  P R O C E S S  ---------------

Threads class SMR info:
_java_thread_list=0x00000169c9ecddb0, length=13, elements={
0x00000169aa4187d0, 0x00000169c2e7a990, 0x00000169c2e7b620, 0x00000169c2ea9a00,
0x00000169c2eaa1c0, 0x00000169c2eac790, 0x00000169c2ead160, 0x00000169c2eae790,
0x00000169c71608f0, 0x00000169c7162e10, 0x00000169c72c0780, 0x00000169c72dc820,
0x00000169c9324500
}

Java Threads: ( => current thread )
  0x00000169aa4187d0 JavaThread "main" [_thread_blocked, id=65624, stack(0x000000473b600000,0x000000473b700000)]
  0x00000169c2e7a990 JavaThread "Reference Handler" daemon [_thread_blocked, id=51800, stack(0x000000473bd00000,0x000000473be00000)]
  0x00000169c2e7b620 JavaThread "Finalizer" daemon [_thread_blocked, id=74292, stack(0x000000473be00000,0x000000473bf00000)]
  0x00000169c2ea9a00 JavaThread "Signal Dispatcher" daemon [_thread_blocked, id=88288, stack(0x000000473bf00000,0x000000473c000000)]
  0x00000169c2eaa1c0 JavaThread "Attach Listener" daemon [_thread_blocked, id=32480, stack(0x000000473c000000,0x000000473c100000)]
  0x00000169c2eac790 JavaThread "Service Thread" daemon [_thread_blocked, id=64264, stack(0x000000473c100000,0x000000473c200000)]
  0x00000169c2ead160 JavaThread "Monitor Deflation Thread" daemon [_thread_blocked, id=90712, stack(0x000000473c200000,0x000000473c300000)]
  0x00000169c2eae790 JavaThread "C2 CompilerThread0" daemon [_thread_in_native, id=92640, stack(0x000000473c300000,0x000000473c400000)]
  0x00000169c71608f0 JavaThread "C1 CompilerThread0" daemon [_thread_blocked, id=67864, stack(0x000000473c400000,0x000000473c500000)]
  0x00000169c7162e10 JavaThread "Sweeper thread" daemon [_thread_blocked, id=81564, stack(0x000000473c500000,0x000000473c600000)]
  0x00000169c72c0780 JavaThread "Notification Thread" daemon [_thread_blocked, id=90492, stack(0x000000473c600000,0x000000473c700000)]
  0x00000169c72dc820 JavaThread "Common-Cleaner" daemon [_thread_blocked, id=69760, stack(0x000000473c800000,0x000000473c900000)]
  0x00000169c9324500 JavaThread "C2 CompilerThread1" daemon [_thread_blocked, id=87044, stack(0x000000473d200000,0x000000473d300000)]

Other Threads:
=>0x00000169c2e75c70 VMThread "VM Thread" [stack: 0x000000473bc00000,0x000000473bd00000] [id=68808]
  0x00000169aa47dcf0 WatcherThread [stack: 0x000000473c700000,0x000000473c800000] [id=86560]
  0x00000169aa462880 GCTaskThread "GC Thread#0" [stack: 0x000000473b700000,0x000000473b800000] [id=66976]
  0x00000169c72dfc50 GCTaskThread "GC Thread#1" [stack: 0x000000473c900000,0x000000473ca00000] [id=72348]
  0x00000169c78ddb20 GCTaskThread "GC Thread#2" [stack: 0x000000473ca00000,0x000000473cb00000] [id=71712]
  0x00000169c78de080 GCTaskThread "GC Thread#3" [stack: 0x000000473cb00000,0x000000473cc00000] [id=94032]
  0x00000169c78e00c0 GCTaskThread "GC Thread#4" [stack: 0x000000473cc00000,0x000000473cd00000] [id=91048]
  0x00000169c78dd310 GCTaskThread "GC Thread#5" [stack: 0x000000473cd00000,0x000000473ce00000] [id=93028]
  0x00000169c78e08d0 GCTaskThread "GC Thread#6" [stack: 0x000000473ce00000,0x000000473cf00000] [id=51740]
  0x00000169c78df0a0 GCTaskThread "GC Thread#7" [stack: 0x000000473cf00000,0x000000473d000000] [id=76152]
  0x00000169aa46fc70 ConcurrentGCThread "G1 Main Marker" [stack: 0x000000473b800000,0x000000473b900000] [id=93200]
  0x00000169aa470890 ConcurrentGCThread "G1 Conc#0" [stack: 0x000000473b900000,0x000000473ba00000] [id=89748]
  0x00000169c78de5e0 ConcurrentGCThread "G1 Conc#1" [stack: 0x000000473d000000,0x000000473d100000] [id=84588]
  0x00000169c2cd0cb0 ConcurrentGCThread "G1 Refine#0" [stack: 0x000000473ba00000,0x000000473bb00000] [id=90828]
  0x00000169c96e5300 ConcurrentGCThread "G1 Refine#1" [stack: 0x000000473d100000,0x000000473d200000] [id=84964]
  0x00000169c8893e60 ConcurrentGCThread "G1 Refine#2" [stack: 0x000000473d300000,0x000000473d400000] [id=83216]
  0x00000169c88935c0 ConcurrentGCThread "G1 Refine#3" [stack: 0x000000473d400000,0x000000473d500000] [id=93564]
  0x00000169c8895280 ConcurrentGCThread "G1 Refine#4" [stack: 0x000000473d500000,0x000000473d600000] [id=92604]
  0x00000169aa4ca940 ConcurrentGCThread "G1 Service" [stack: 0x000000473bb00000,0x000000473bc00000] [id=93048]

Threads with active compile tasks:
C2 CompilerThread0    32330 12450       4       org.jetbrains.kotlin.types.checker.ClassicTypeSystemContext$DefaultImpls::typeDepth (273 bytes)
C1 CompilerThread0    32331 12554       3       org.jetbrains.kotlin.resolve.calls.inference.components.NewTypeSubstitutor::substituteTypeEnhancement (146 bytes)
C2 CompilerThread1    32331 12486       4       org.jetbrains.kotlin.resolve.calls.components.ClassicTypeSystemContextForCS::typeDepth (6 bytes)

VM state: at safepoint (normal execution)

VM Mutex/Monitor currently owned by a thread:  ([mutex/lock_event])
[0x00000169aa4170c0] Threads_lock - owner thread: 0x00000169c2e75c70
[0x00000169aa416a90] Heap_lock - owner thread: 0x00000169aa4187d0

Heap address: 0x00000000a1e00000, size: 1506 MB, Compressed Oops mode: 32-bit

CDS archive(s) not mapped
Compressed class space mapped at: 0x0000000100000000-0x0000000140000000, reserved size: 1073741824
Narrow klass base: 0x0000000000000000, Narrow klass shift: 3, Narrow klass range: 0x140000000

GC Precious Log:
 CPUs: 8 total, 8 available
 Memory: 6020M
 Large Page Support: Disabled
 NUMA Support: Disabled
 Compressed Oops: Enabled (32-bit)
 Heap Region Size: 1M
 Heap Min Capacity: 8M
 Heap Initial Capacity: 96M
 Heap Max Capacity: 1506M
 Pre-touch: Disabled
 Parallel Workers: 8
 Concurrent Workers: 2
 Concurrent Refinement Workers: 8
 Periodic GC: Disabled

Heap:
 garbage-first heap   total 146432K, used 91846K [0x00000000a1e00000, 0x0000000100000000)
  region size 1024K, 5 young (5120K), 5 survivors (5120K)
 Metaspace       used 70225K, committed 70528K, reserved 1114112K
  class space    used 8118K, committed 8256K, reserved 1048576K

Heap Regions: E=young(eden), S=young(survivor), O=old, HS=humongous(starts), HC=humongous(continues), CS=collection set, F=free, OA=open archive, CA=closed archive, TAMS=top-at-mark-start (previous, next)
|   0|0x00000000a1e00000, 0x00000000a1f00000, 0x00000000a1f00000|100%|HS|  |TAMS 0x00000000a1f00000, 0x00000000a1e00000| Complete 
|   1|0x00000000a1f00000, 0x00000000a2000000, 0x00000000a2000000|100%|HC|  |TAMS 0x00000000a2000000, 0x00000000a1f00000| Complete 
|   2|0x00000000a2000000, 0x00000000a2100000, 0x00000000a2100000|100%|HC|  |TAMS 0x00000000a2100000, 0x00000000a2000000| Complete 
|   3|0x00000000a2100000, 0x00000000a2200000, 0x00000000a2200000|100%|HC|  |TAMS 0x00000000a2200000, 0x00000000a2100000| Complete 
|   4|0x00000000a2200000, 0x00000000a2300000, 0x00000000a2300000|100%| O|  |TAMS 0x00000000a2300000, 0x00000000a2200000| Untracked 
|   5|0x00000000a2300000, 0x00000000a2400000, 0x00000000a2400000|100%| O|  |TAMS 0x00000000a2400000, 0x00000000a2300000| Untracked 
|   6|0x00000000a2400000, 0x00000000a2500000, 0x00000000a2500000|100%| O|  |TAMS 0x00000000a2500000, 0x00000000a2400000| Untracked 
|   7|0x00000000a2500000, 0x00000000a2600000, 0x00000000a2600000|100%| O|  |TAMS 0x00000000a2600000, 0x00000000a2500000| Untracked 
|   8|0x00000000a2600000, 0x00000000a2700000, 0x00000000a2700000|100%| O|  |TAMS 0x00000000a2600000, 0x00000000a2600000| Untracked 
|   9|0x00000000a2700000, 0x00000000a2800000, 0x00000000a2800000|100%| O|  |TAMS 0x00000000a2800000, 0x00000000a2700000| Untracked 
|  10|0x00000000a2800000, 0x00000000a2900000, 0x00000000a2900000|100%| O|  |TAMS 0x00000000a2900000, 0x00000000a2800000| Untracked 
|  11|0x00000000a2900000, 0x00000000a2a00000, 0x00000000a2a00000|100%| O|  |TAMS 0x00000000a2a00000, 0x00000000a2900000| Untracked 
|  12|0x00000000a2a00000, 0x00000000a2b00000, 0x00000000a2b00000|100%| O|  |TAMS 0x00000000a2b00000, 0x00000000a2a00000| Untracked 
|  13|0x00000000a2b00000, 0x00000000a2c00000, 0x00000000a2c00000|100%| O|  |TAMS 0x00000000a2c00000, 0x00000000a2b00000| Untracked 
|  14|0x00000000a2c00000, 0x00000000a2d00000, 0x00000000a2d00000|100%| O|  |TAMS 0x00000000a2d00000, 0x00000000a2c00000| Untracked 
|  15|0x00000000a2d00000, 0x00000000a2e00000, 0x00000000a2e00000|100%| O|  |TAMS 0x00000000a2e00000, 0x00000000a2d00000| Untracked 
|  16|0x00000000a2e00000, 0x00000000a2f00000, 0x00000000a2f00000|100%| O|  |TAMS 0x00000000a2f00000, 0x00000000a2e00000| Untracked 
|  17|0x00000000a2f00000, 0x00000000a3000000, 0x00000000a3000000|100%| O|  |TAMS 0x00000000a3000000, 0x00000000a2f00000| Untracked 
|  18|0x00000000a3000000, 0x00000000a3100000, 0x00000000a3100000|100%| O|  |TAMS 0x00000000a3100000, 0x00000000a3000000| Untracked 
|  19|0x00000000a3100000, 0x00000000a3200000, 0x00000000a3200000|100%| O|  |TAMS 0x00000000a3200000, 0x00000000a3100000| Untracked 
|  20|0x00000000a3200000, 0x00000000a3300000, 0x00000000a3300000|100%| O|  |TAMS 0x00000000a3300000, 0x00000000a3200000| Untracked 
|  21|0x00000000a3300000, 0x00000000a3400000, 0x00000000a3400000|100%| O|  |TAMS 0x00000000a3400000, 0x00000000a3300000| Untracked 
|  22|0x00000000a3400000, 0x00000000a3500000, 0x00000000a3500000|100%| O|  |TAMS 0x00000000a3500000, 0x00000000a3400000| Untracked 
|  23|0x00000000a3500000, 0x00000000a3600000, 0x00000000a3600000|100%| O|  |TAMS 0x00000000a3600000, 0x00000000a3500000| Untracked 
|  24|0x00000000a3600000, 0x00000000a3700000, 0x00000000a3700000|100%| O|  |TAMS 0x00000000a3700000, 0x00000000a3600000| Untracked 
|  25|0x00000000a3700000, 0x00000000a3800000, 0x00000000a3800000|100%| O|  |TAMS 0x00000000a3800000, 0x00000000a3700000| Untracked 
|  26|0x00000000a3800000, 0x00000000a3900000, 0x00000000a3900000|100%| O|  |TAMS 0x00000000a3900000, 0x00000000a3800000| Untracked 
|  27|0x00000000a3900000, 0x00000000a3a00000, 0x00000000a3a00000|100%| O|  |TAMS 0x00000000a3a00000, 0x00000000a3900000| Untracked 
|  28|0x00000000a3a00000, 0x00000000a3b00000, 0x00000000a3b00000|100%| O|  |TAMS 0x00000000a3b00000, 0x00000000a3a00000| Untracked 
|  29|0x00000000a3b00000, 0x00000000a3c00000, 0x00000000a3c00000|100%|HS|  |TAMS 0x00000000a3c00000, 0x00000000a3b00000| Complete 
|  30|0x00000000a3c00000, 0x00000000a3d00000, 0x00000000a3d00000|100%|HC|  |TAMS 0x00000000a3d00000, 0x00000000a3c00000| Complete 
|  31|0x00000000a3d00000, 0x00000000a3e00000, 0x00000000a3e00000|100%| O|  |TAMS 0x00000000a3e00000, 0x00000000a3d00000| Untracked 
|  32|0x00000000a3e00000, 0x00000000a3f00000, 0x00000000a3f00000|100%| O|  |TAMS 0x00000000a3f00000, 0x00000000a3e00000| Untracked 
|  33|0x00000000a3f00000, 0x00000000a4000000, 0x00000000a4000000|100%| O|  |TAMS 0x00000000a4000000, 0x00000000a3f00000| Untracked 
|  34|0x00000000a4000000, 0x00000000a4100000, 0x00000000a4100000|100%| O|  |TAMS 0x00000000a4100000, 0x00000000a4000000| Untracked 
|  35|0x00000000a4100000, 0x00000000a4200000, 0x00000000a4200000|100%| O|  |TAMS 0x00000000a4200000, 0x00000000a4100000| Untracked 
|  36|0x00000000a4200000, 0x00000000a4300000, 0x00000000a4300000|100%| O|  |TAMS 0x00000000a4300000, 0x00000000a4200000| Untracked 
|  37|0x00000000a4300000, 0x00000000a4400000, 0x00000000a4400000|100%| O|  |TAMS 0x00000000a4400000, 0x00000000a4300000| Untracked 
|  38|0x00000000a4400000, 0x00000000a4500000, 0x00000000a4500000|100%| O|  |TAMS 0x00000000a4500000, 0x00000000a4400000| Untracked 
|  39|0x00000000a4500000, 0x00000000a4600000, 0x00000000a4600000|100%| O|  |TAMS 0x00000000a4600000, 0x00000000a4500000| Untracked 
|  40|0x00000000a4600000, 0x00000000a4700000, 0x00000000a4700000|100%| O|  |TAMS 0x00000000a4700000, 0x00000000a4600000| Untracked 
|  41|0x00000000a4700000, 0x00000000a4800000, 0x00000000a4800000|100%| O|  |TAMS 0x00000000a4800000, 0x00000000a4700000| Untracked 
|  42|0x00000000a4800000, 0x00000000a4900000, 0x00000000a4900000|100%| O|  |TAMS 0x00000000a4900000, 0x00000000a4800000| Untracked 
|  43|0x00000000a4900000, 0x00000000a4a00000, 0x00000000a4a00000|100%| O|  |TAMS 0x00000000a4900000, 0x00000000a4900000| Untracked 
|  44|0x00000000a4a00000, 0x00000000a4b00000, 0x00000000a4b00000|100%|HS|  |TAMS 0x00000000a4a00000, 0x00000000a4a00000| Complete 
|  45|0x00000000a4b00000, 0x00000000a4c00000, 0x00000000a4c00000|100%|HC|  |TAMS 0x00000000a4b00000, 0x00000000a4b00000| Complete 
|  46|0x00000000a4c00000, 0x00000000a4d00000, 0x00000000a4d00000|100%| O|  |TAMS 0x00000000a4c00000, 0x00000000a4c00000| Untracked 
|  47|0x00000000a4d00000, 0x00000000a4e00000, 0x00000000a4e00000|100%| O|  |TAMS 0x00000000a4d00000, 0x00000000a4d00000| Untracked 
|  48|0x00000000a4e00000, 0x00000000a4f00000, 0x00000000a4f00000|100%| O|  |TAMS 0x00000000a4e00000, 0x00000000a4e00000| Untracked 
|  49|0x00000000a4f00000, 0x00000000a5000000, 0x00000000a5000000|100%| O|  |TAMS 0x00000000a4f00000, 0x00000000a4f00000| Untracked 
|  50|0x00000000a5000000, 0x00000000a5100000, 0x00000000a5100000|100%| O|  |TAMS 0x00000000a5000000, 0x00000000a5000000| Untracked 
|  51|0x00000000a5100000, 0x00000000a5200000, 0x00000000a5200000|100%| O|  |TAMS 0x00000000a5100000, 0x00000000a5100000| Untracked 
|  52|0x00000000a5200000, 0x00000000a5300000, 0x00000000a5300000|100%| O|  |TAMS 0x00000000a5200000, 0x00000000a5200000| Untracked 
|  53|0x00000000a5300000, 0x00000000a5400000, 0x00000000a5400000|100%| O|  |TAMS 0x00000000a5300000, 0x00000000a5300000| Untracked 
|  54|0x00000000a5400000, 0x00000000a5500000, 0x00000000a5500000|100%| O|  |TAMS 0x00000000a5400000, 0x00000000a5400000| Untracked 
|  55|0x00000000a5500000, 0x00000000a5600000, 0x00000000a5600000|100%| O|  |TAMS 0x00000000a5500000, 0x00000000a5500000| Untracked 
|  56|0x00000000a5600000, 0x00000000a5700000, 0x00000000a5700000|100%| O|  |TAMS 0x00000000a5600000, 0x00000000a5600000| Untracked 
|  57|0x00000000a5700000, 0x00000000a5800000, 0x00000000a5800000|100%| O|  |TAMS 0x00000000a5700000, 0x00000000a5700000| Untracked 
|  58|0x00000000a5800000, 0x00000000a5900000, 0x00000000a5900000|100%| O|  |TAMS 0x00000000a5800000, 0x00000000a5800000| Untracked 
|  59|0x00000000a5900000, 0x00000000a5a00000, 0x00000000a5a00000|100%| O|  |TAMS 0x00000000a5900000, 0x00000000a5900000| Untracked 
|  60|0x00000000a5a00000, 0x00000000a5b00000, 0x00000000a5b00000|100%| O|  |TAMS 0x00000000a5a00000, 0x00000000a5a00000| Untracked 
|  61|0x00000000a5b00000, 0x00000000a5c00000, 0x00000000a5c00000|100%| O|  |TAMS 0x00000000a5b00000, 0x00000000a5b00000| Untracked 
|  62|0x00000000a5c00000, 0x00000000a5d00000, 0x00000000a5d00000|100%| O|  |TAMS 0x00000000a5c00000, 0x00000000a5c00000| Untracked 
|  63|0x00000000a5d00000, 0x00000000a5e00000, 0x00000000a5e00000|100%| O|  |TAMS 0x00000000a5d00000, 0x00000000a5d00000| Untracked 
|  64|0x00000000a5e00000, 0x00000000a5f00000, 0x00000000a5f00000|100%| O|  |TAMS 0x00000000a5e00000, 0x00000000a5e00000| Untracked 
|  65|0x00000000a5f00000, 0x00000000a6000000, 0x00000000a6000000|100%| O|  |TAMS 0x00000000a5f00000, 0x00000000a5f00000| Untracked 
|  66|0x00000000a6000000, 0x00000000a6100000, 0x00000000a6100000|100%| O|  |TAMS 0x00000000a6000000, 0x00000000a6000000| Untracked 
|  67|0x00000000a6100000, 0x00000000a6200000, 0x00000000a6200000|100%| O|  |TAMS 0x00000000a6100000, 0x00000000a6100000| Untracked 
|  68|0x00000000a6200000, 0x00000000a6300000, 0x00000000a6300000|100%| O|  |TAMS 0x00000000a6200000, 0x00000000a6200000| Untracked 
|  69|0x00000000a6300000, 0x00000000a6400000, 0x00000000a6400000|100%| O|  |TAMS 0x00000000a6300000, 0x00000000a6300000| Untracked 
|  70|0x00000000a6400000, 0x00000000a6500000, 0x00000000a6500000|100%| O|  |TAMS 0x00000000a6400000, 0x00000000a6400000| Untracked 
|  71|0x00000000a6500000, 0x00000000a6600000, 0x00000000a6600000|100%| O|  |TAMS 0x00000000a6500000, 0x00000000a6500000| Untracked 
|  72|0x00000000a6600000, 0x00000000a6700000, 0x00000000a6700000|100%| O|  |TAMS 0x00000000a6600000, 0x00000000a6600000| Untracked 
|  73|0x00000000a6700000, 0x00000000a6800000, 0x00000000a6800000|100%| O|  |TAMS 0x00000000a6700000, 0x00000000a6700000| Untracked 
|  74|0x00000000a6800000, 0x00000000a6900000, 0x00000000a6900000|100%| O|  |TAMS 0x00000000a6800000, 0x00000000a6800000| Untracked 
|  75|0x00000000a6900000, 0x00000000a6a00000, 0x00000000a6a00000|100%| O|  |TAMS 0x00000000a6900000, 0x00000000a6900000| Untracked 
|  76|0x00000000a6a00000, 0x00000000a6b00000, 0x00000000a6b00000|100%| O|  |TAMS 0x00000000a6a00000, 0x00000000a6a00000| Untracked 
|  77|0x00000000a6b00000, 0x00000000a6c00000, 0x00000000a6c00000|100%| O|  |TAMS 0x00000000a6b00000, 0x00000000a6b00000| Untracked 
|  78|0x00000000a6c00000, 0x00000000a6d00000, 0x00000000a6d00000|100%| O|  |TAMS 0x00000000a6c00000, 0x00000000a6c00000| Untracked 
|  79|0x00000000a6d00000, 0x00000000a6e00000, 0x00000000a6e00000|100%| O|  |TAMS 0x00000000a6d00000, 0x00000000a6d00000| Untracked 
|  80|0x00000000a6e00000, 0x00000000a6f00000, 0x00000000a6f00000|100%| O|  |TAMS 0x00000000a6e00000, 0x00000000a6e00000| Untracked 
|  81|0x00000000a6f00000, 0x00000000a7000000, 0x00000000a7000000|100%| O|  |TAMS 0x00000000a6f00000, 0x00000000a6f00000| Untracked 
|  82|0x00000000a7000000, 0x00000000a7100000, 0x00000000a7100000|100%| O|  |TAMS 0x00000000a7000000, 0x00000000a7000000| Untracked 
|  83|0x00000000a7100000, 0x00000000a7200000, 0x00000000a7200000|100%| O|  |TAMS 0x00000000a7100000, 0x00000000a7100000| Untracked 
|  84|0x00000000a7200000, 0x00000000a72b1a00, 0x00000000a7300000| 69%| O|  |TAMS 0x00000000a7200000, 0x00000000a7200000| Untracked 
|  85|0x00000000a7300000, 0x00000000a7300000, 0x00000000a7400000|  0%| F|  |TAMS 0x00000000a7300000, 0x00000000a7300000| Untracked 
|  86|0x00000000a7400000, 0x00000000a7400000, 0x00000000a7500000|  0%| F|  |TAMS 0x00000000a7400000, 0x00000000a7400000| Untracked 
|  87|0x00000000a7500000, 0x00000000a7500000, 0x00000000a7600000|  0%| F|  |TAMS 0x00000000a7500000, 0x00000000a7500000| Untracked 
|  88|0x00000000a7600000, 0x00000000a7600000, 0x00000000a7700000|  0%| F|  |TAMS 0x00000000a7600000, 0x00000000a7600000| Untracked 
|  89|0x00000000a7700000, 0x00000000a7700000, 0x00000000a7800000|  0%| F|  |TAMS 0x00000000a7700000, 0x00000000a7700000| Untracked 
|  90|0x00000000a7800000, 0x00000000a7800000, 0x00000000a7900000|  0%| F|  |TAMS 0x00000000a7800000, 0x00000000a7800000| Untracked 
|  91|0x00000000a7900000, 0x00000000a7900000, 0x00000000a7a00000|  0%| F|  |TAMS 0x00000000a7900000, 0x00000000a7900000| Untracked 
|  92|0x00000000a7a00000, 0x00000000a7a00000, 0x00000000a7b00000|  0%| F|  |TAMS 0x00000000a7a00000, 0x00000000a7a00000| Untracked 
|  93|0x00000000a7b00000, 0x00000000a7b00000, 0x00000000a7c00000|  0%| F|  |TAMS 0x00000000a7b00000, 0x00000000a7b00000| Untracked 
|  94|0x00000000a7c00000, 0x00000000a7c00000, 0x00000000a7d00000|  0%| F|  |TAMS 0x00000000a7c00000, 0x00000000a7c00000| Untracked 
|  95|0x00000000a7d00000, 0x00000000a7d00000, 0x00000000a7e00000|  0%| F|  |TAMS 0x00000000a7d00000, 0x00000000a7d00000| Untracked 
|  96|0x00000000a7e00000, 0x00000000a7e00000, 0x00000000a7f00000|  0%| F|  |TAMS 0x00000000a7e00000, 0x00000000a7e00000| Untracked 
|  97|0x00000000a7f00000, 0x00000000a7f00000, 0x00000000a8000000|  0%| F|  |TAMS 0x00000000a7f00000, 0x00000000a7f00000| Untracked 
|  98|0x00000000a8000000, 0x00000000a8000000, 0x00000000a8100000|  0%| F|  |TAMS 0x00000000a8000000, 0x00000000a8000000| Untracked 
|  99|0x00000000a8100000, 0x00000000a8100000, 0x00000000a8200000|  0%| F|  |TAMS 0x00000000a8100000, 0x00000000a8100000| Untracked 
| 100|0x00000000a8200000, 0x00000000a8200000, 0x00000000a8300000|  0%| F|  |TAMS 0x00000000a8200000, 0x00000000a8200000| Untracked 
| 101|0x00000000a8300000, 0x00000000a8300000, 0x00000000a8400000|  0%| F|  |TAMS 0x00000000a8300000, 0x00000000a8300000| Untracked 
| 102|0x00000000a8400000, 0x00000000a8500000, 0x00000000a8500000|100%| S|CS|TAMS 0x00000000a8400000, 0x00000000a8400000| Complete 
| 103|0x00000000a8500000, 0x00000000a8600000, 0x00000000a8600000|100%| S|CS|TAMS 0x00000000a8500000, 0x00000000a8500000| Complete 
| 104|0x00000000a8600000, 0x00000000a8600000, 0x00000000a8700000|  0%| F|  |TAMS 0x00000000a8600000, 0x00000000a8600000| Untracked 
| 105|0x00000000a8700000, 0x00000000a8700000, 0x00000000a8800000|  0%| F|  |TAMS 0x00000000a8700000, 0x00000000a8700000| Untracked 
| 106|0x00000000a8800000, 0x00000000a8800000, 0x00000000a8900000|  0%| F|  |TAMS 0x00000000a8800000, 0x00000000a8800000| Untracked 
| 107|0x00000000a8900000, 0x00000000a8900000, 0x00000000a8a00000|  0%| F|  |TAMS 0x00000000a8900000, 0x00000000a8900000| Untracked 
| 108|0x00000000a8a00000, 0x00000000a8a00000, 0x00000000a8b00000|  0%| F|  |TAMS 0x00000000a8a00000, 0x00000000a8a00000| Untracked 
| 109|0x00000000a8b00000, 0x00000000a8c00000, 0x00000000a8c00000|100%| S|CS|TAMS 0x00000000a8b00000, 0x00000000a8b00000| Complete 
| 110|0x00000000a8c00000, 0x00000000a8d00000, 0x00000000a8d00000|100%| S|CS|TAMS 0x00000000a8c00000, 0x00000000a8c00000| Complete 
| 111|0x00000000a8d00000, 0x00000000a8e00000, 0x00000000a8e00000|100%| S|CS|TAMS 0x00000000a8d00000, 0x00000000a8d00000| Complete 
| 112|0x00000000a8e00000, 0x00000000a8e00000, 0x00000000a8f00000|  0%| F|  |TAMS 0x00000000a8e00000, 0x00000000a8e00000| Untracked 
| 113|0x00000000a8f00000, 0x00000000a8f00000, 0x00000000a9000000|  0%| F|  |TAMS 0x00000000a8f00000, 0x00000000a8f00000| Untracked 
| 114|0x00000000a9000000, 0x00000000a9000000, 0x00000000a9100000|  0%| F|  |TAMS 0x00000000a9000000, 0x00000000a9000000| Untracked 
| 115|0x00000000a9100000, 0x00000000a9100000, 0x00000000a9200000|  0%| F|  |TAMS 0x00000000a9100000, 0x00000000a9100000| Untracked 
| 116|0x00000000a9200000, 0x00000000a9200000, 0x00000000a9300000|  0%| F|  |TAMS 0x00000000a9200000, 0x00000000a9200000| Untracked 
| 117|0x00000000a9300000, 0x00000000a9300000, 0x00000000a9400000|  0%| F|  |TAMS 0x00000000a9300000, 0x00000000a9300000| Untracked 
| 118|0x00000000a9400000, 0x00000000a9400000, 0x00000000a9500000|  0%| F|  |TAMS 0x00000000a9400000, 0x00000000a9400000| Untracked 
| 119|0x00000000a9500000, 0x00000000a9500000, 0x00000000a9600000|  0%| F|  |TAMS 0x00000000a9500000, 0x00000000a9500000| Untracked 
| 120|0x00000000a9600000, 0x00000000a9600000, 0x00000000a9700000|  0%| F|  |TAMS 0x00000000a9600000, 0x00000000a9600000| Untracked 
| 121|0x00000000a9700000, 0x00000000a9700000, 0x00000000a9800000|  0%| F|  |TAMS 0x00000000a9700000, 0x00000000a9700000| Untracked 
| 122|0x00000000a9800000, 0x00000000a9800000, 0x00000000a9900000|  0%| F|  |TAMS 0x00000000a9800000, 0x00000000a9800000| Untracked 
| 123|0x00000000a9900000, 0x00000000a9900000, 0x00000000a9a00000|  0%| F|  |TAMS 0x00000000a9900000, 0x00000000a9900000| Untracked 
| 124|0x00000000a9a00000, 0x00000000a9a00000, 0x00000000a9b00000|  0%| F|  |TAMS 0x00000000a9a00000, 0x00000000a9a00000| Untracked 
| 125|0x00000000a9b00000, 0x00000000a9b00000, 0x00000000a9c00000|  0%| F|  |TAMS 0x00000000a9b00000, 0x00000000a9b00000| Untracked 
| 126|0x00000000a9c00000, 0x00000000a9c00000, 0x00000000a9d00000|  0%| F|  |TAMS 0x00000000a9c00000, 0x00000000a9c00000| Untracked 
| 127|0x00000000a9d00000, 0x00000000a9d00000, 0x00000000a9e00000|  0%| F|  |TAMS 0x00000000a9d00000, 0x00000000a9d00000| Untracked 
| 128|0x00000000a9e00000, 0x00000000a9e00000, 0x00000000a9f00000|  0%| F|  |TAMS 0x00000000a9e00000, 0x00000000a9e00000| Untracked 
| 129|0x00000000a9f00000, 0x00000000a9f00000, 0x00000000aa000000|  0%| F|  |TAMS 0x00000000a9f00000, 0x00000000a9f00000| Untracked 
| 130|0x00000000aa000000, 0x00000000aa000000, 0x00000000aa100000|  0%| F|  |TAMS 0x00000000aa000000, 0x00000000aa000000| Untracked 
| 131|0x00000000aa100000, 0x00000000aa100000, 0x00000000aa200000|  0%| F|  |TAMS 0x00000000aa100000, 0x00000000aa100000| Untracked 
| 132|0x00000000aa200000, 0x00000000aa200000, 0x00000000aa300000|  0%| F|  |TAMS 0x00000000aa200000, 0x00000000aa200000| Untracked 
| 133|0x00000000aa300000, 0x00000000aa300000, 0x00000000aa400000|  0%| F|  |TAMS 0x00000000aa300000, 0x00000000aa300000| Untracked 
| 134|0x00000000aa400000, 0x00000000aa400000, 0x00000000aa500000|  0%| F|  |TAMS 0x00000000aa400000, 0x00000000aa400000| Untracked 
| 135|0x00000000aa500000, 0x00000000aa500000, 0x00000000aa600000|  0%| F|  |TAMS 0x00000000aa500000, 0x00000000aa500000| Untracked 
| 136|0x00000000aa600000, 0x00000000aa600000, 0x00000000aa700000|  0%| F|  |TAMS 0x00000000aa600000, 0x00000000aa600000| Untracked 
| 137|0x00000000aa700000, 0x00000000aa700000, 0x00000000aa800000|  0%| F|  |TAMS 0x00000000aa700000, 0x00000000aa700000| Untracked 
| 138|0x00000000aa800000, 0x00000000aa800000, 0x00000000aa900000|  0%| F|  |TAMS 0x00000000aa800000, 0x00000000aa800000| Untracked 
| 139|0x00000000aa900000, 0x00000000aa900000, 0x00000000aaa00000|  0%| F|  |TAMS 0x00000000aa900000, 0x00000000aa900000| Untracked 
| 140|0x00000000aaa00000, 0x00000000aaa00000, 0x00000000aab00000|  0%| F|  |TAMS 0x00000000aaa00000, 0x00000000aaa00000| Untracked 
| 141|0x00000000aab00000, 0x00000000aab00000, 0x00000000aac00000|  0%| F|  |TAMS 0x00000000aab00000, 0x00000000aab00000| Untracked 
| 142|0x00000000aac00000, 0x00000000aac00000, 0x00000000aad00000|  0%| F|  |TAMS 0x00000000aac00000, 0x00000000aac00000| Untracked 

Card table byte_map: [0x00000169bcf10000,0x00000169bd210000] _byte_map_base: 0x00000169bca01000

Marking Bits (Prev, Next): (CMBitMap*) 0x00000169aa462ed0, (CMBitMap*) 0x00000169aa462e90
 Prev Bits: [0x00000169beca0000, 0x00000169c0428000)
 Next Bits: [0x00000169bd510000, 0x00000169bec98000)

Polling page: 0x00000169a8330000

Metaspace:

Usage:
  Non-class:     60.65 MB used.
      Class:      7.93 MB used.
       Both:     68.58 MB used.

Virtual space:
  Non-class space:       64.00 MB reserved,      60.81 MB ( 95%) committed,  1 nodes.
      Class space:        1.00 GB reserved,       8.06 MB ( <1%) committed,  1 nodes.
             Both:        1.06 GB reserved,      68.88 MB (  6%) committed. 

Chunk freelists:
   Non-Class:  2.34 MB
       Class:  7.94 MB
        Both:  10.28 MB

MaxMetaspaceSize: unlimited
CompressedClassSpaceSize: 1.00 GB
Initial GC threshold: 21.00 MB
Current GC threshold: 95.12 MB
CDS: off
MetaspaceReclaimPolicy: balanced
 - commit_granule_bytes: 65536.
 - commit_granule_words: 8192.
 - virtual_space_node_default_size: 8388608.
 - enlarge_chunks_in_place: 1.
 - new_chunks_are_fully_committed: 0.
 - uncommit_free_chunks: 1.
 - use_allocation_guard: 0.
 - handle_deallocations: 1.


Internal statistics:

num_allocs_failed_limit: 3.
num_arena_births: 342.
num_arena_deaths: 0.
num_vsnodes_births: 2.
num_vsnodes_deaths: 0.
num_space_committed: 1100.
num_space_uncommitted: 0.
num_chunks_returned_to_freelist: 3.
num_chunks_taken_from_freelist: 2674.
num_chunk_merges: 3.
num_chunk_splits: 2087.
num_chunks_enlarged: 1801.
num_inconsistent_stats: 0.

CodeHeap 'non-profiled nmethods': size=120000Kb used=4565Kb max_used=4565Kb free=115435Kb
 bounds [0x00000169b53b0000, 0x00000169b5830000, 0x00000169bc8e0000]
CodeHeap 'profiled nmethods': size=120000Kb used=26015Kb max_used=26015Kb free=93984Kb
 bounds [0x00000169ad8e0000, 0x00000169af250000, 0x00000169b4e10000]
CodeHeap 'non-nmethods': size=5760Kb used=1302Kb max_used=1359Kb free=4457Kb
 bounds [0x00000169b4e10000, 0x00000169b5080000, 0x00000169b53b0000]
 total_blobs=11106 nmethods=10494 adapters=522
 compilation: enabled
              stopped_count=0, restarted_count=0
 full_count=0

Compilation events (20 events):
Event: 32.128 Thread 0x00000169c71608f0 nmethod 12543 0x00000169af23c610 code [0x00000169af23c7c0, 0x00000169af23c948]
Event: 32.128 Thread 0x00000169c71608f0 12544       3       org.jetbrains.kotlin.load.java.lazy.descriptors.LazyJavaClassDescriptor$scopeHolder$1::<init> (11 bytes)
Event: 32.129 Thread 0x00000169c71608f0 nmethod 12544 0x00000169af23ca10 code [0x00000169af23cbc0, 0x00000169af23cdf8]
Event: 32.129 Thread 0x00000169c71608f0 12545       3       org.jetbrains.kotlin.load.java.lazy.descriptors.LazyJavaStaticClassScope::<init> (34 bytes)
Event: 32.131 Thread 0x00000169c71608f0 nmethod 12545 0x00000169af23cf10 code [0x00000169af23d220, 0x00000169af23e1c8]
Event: 32.131 Thread 0x00000169c71608f0 12546       3       org.jetbrains.kotlin.load.java.lazy.descriptors.LazyJavaClassDescriptor$declaredParameters$1::<init> (11 bytes)
Event: 32.132 Thread 0x00000169c71608f0 nmethod 12546 0x00000169af23e710 code [0x00000169af23e8c0, 0x00000169af23eaf8]
Event: 32.135 Thread 0x00000169c71608f0 12548   !   3       org.jetbrains.kotlin.metadata.jvm.JvmProtoBuf$JvmPropertySignature::<init> (647 bytes)
Event: 32.146 Thread 0x00000169c71608f0 nmethod 12548 0x00000169af23ec10 code [0x00000169af23f340, 0x00000169af2435c8]
Event: 32.146 Thread 0x00000169c71608f0 12552       3       java.lang.String::regionMatches (189 bytes)
Event: 32.148 Thread 0x00000169c71608f0 nmethod 12552 0x00000169af245490 code [0x00000169af2456e0, 0x00000169af2463b8]
Event: 32.148 Thread 0x00000169c71608f0 12551       3       org.jetbrains.kotlin.resolve.sam.SamConversionResolverImplKt::getFunctionTypeForSamType (180 bytes)
Event: 32.151 Thread 0x00000169c71608f0 nmethod 12551 0x00000169af246810 code [0x00000169af246c20, 0x00000169af2486b8]
Event: 32.151 Thread 0x00000169c71608f0 12550       3       gnu.trove.THashMap$MapBackedView::size (8 bytes)
Event: 32.151 Thread 0x00000169c71608f0 nmethod 12550 0x00000169af248f10 code [0x00000169af2490a0, 0x00000169af249258]
Event: 32.152 Thread 0x00000169c71608f0 12553       3       org.jetbrains.kotlin.resolve.calls.CallExpressionResolver$elementChain$1::invoke (9 bytes)
Event: 32.152 Thread 0x00000169c71608f0 nmethod 12553 0x00000169af249310 code [0x00000169af2494c0, 0x00000169af249708]
Event: 32.152 Thread 0x00000169c71608f0 12549       1       org.jetbrains.kotlin.load.java.lazy.descriptors.LazyJavaStaticScope::getDispatchReceiverParameter (2 bytes)
Event: 32.152 Thread 0x00000169c71608f0 nmethod 12549 0x00000169b5825110 code [0x00000169b58252a0, 0x00000169b5825378]
Event: 32.154 Thread 0x00000169c71608f0 12554       3       org.jetbrains.kotlin.resolve.calls.inference.components.NewTypeSubstitutor::substituteTypeEnhancement (146 bytes)

GC Heap History (20 events):
Event: 18.235 GC heap after
{Heap after GC invocations=25 (full 0):
 garbage-first heap   total 78848K, used 44383K [0x00000000a1e00000, 0x0000000100000000)
  region size 1024K, 3 young (3072K), 3 survivors (3072K)
 Metaspace       used 56432K, committed 56640K, reserved 1114112K
  class space    used 6814K, committed 6912K, reserved 1048576K
}
Event: 18.297 GC heap before
{Heap before GC invocations=25 (full 0):
 garbage-first heap   total 78848K, used 44383K [0x00000000a1e00000, 0x0000000100000000)
  region size 1024K, 4 young (4096K), 3 survivors (3072K)
 Metaspace       used 56600K, committed 56768K, reserved 1114112K
  class space    used 6837K, committed 6912K, reserved 1048576K
}
Event: 18.317 GC heap after
{Heap after GC invocations=26 (full 0):
 garbage-first heap   total 78848K, used 44382K [0x00000000a1e00000, 0x0000000100000000)
  region size 1024K, 1 young (1024K), 1 survivors (1024K)
 Metaspace       used 56600K, committed 56768K, reserved 1114112K
  class space    used 6837K, committed 6912K, reserved 1048576K
}
Event: 19.566 GC heap before
{Heap before GC invocations=26 (full 0):
 garbage-first heap   total 78848K, used 61790K [0x00000000a1e00000, 0x0000000100000000)
  region size 1024K, 18 young (18432K), 1 survivors (1024K)
 Metaspace       used 58131K, committed 58368K, reserved 1114112K
  class space    used 6972K, committed 7104K, reserved 1048576K
}
Event: 19.586 GC heap after
{Heap after GC invocations=27 (full 0):
 garbage-first heap   total 146432K, used 47418K [0x00000000a1e00000, 0x0000000100000000)
  region size 1024K, 3 young (3072K), 3 survivors (3072K)
 Metaspace       used 58131K, committed 58368K, reserved 1114112K
  class space    used 6972K, committed 7104K, reserved 1048576K
}
Event: 21.718 GC heap before
{Heap before GC invocations=28 (full 0):
 garbage-first heap   total 146432K, used 103738K [0x00000000a1e00000, 0x0000000100000000)
  region size 1024K, 56 young (57344K), 3 survivors (3072K)
 Metaspace       used 59650K, committed 59968K, reserved 1114112K
  class space    used 7053K, committed 7232K, reserved 1048576K
}
Event: 21.754 GC heap after
{Heap after GC invocations=29 (full 0):
 garbage-first heap   total 146432K, used 59862K [0x00000000a1e00000, 0x0000000100000000)
  region size 1024K, 7 young (7168K), 7 survivors (7168K)
 Metaspace       used 59650K, committed 59968K, reserved 1114112K
  class space    used 7053K, committed 7232K, reserved 1048576K
}
Event: 21.773 GC heap before
{Heap before GC invocations=29 (full 0):
 garbage-first heap   total 146432K, used 60886K [0x00000000a1e00000, 0x0000000100000000)
  region size 1024K, 8 young (8192K), 7 survivors (7168K)
 Metaspace       used 59651K, committed 59968K, reserved 1114112K
  class space    used 7053K, committed 7232K, reserved 1048576K
}
Event: 21.790 GC heap after
{Heap after GC invocations=30 (full 0):
 garbage-first heap   total 146432K, used 61068K [0x00000000a1e00000, 0x0000000100000000)
  region size 1024K, 1 young (1024K), 1 survivors (1024K)
 Metaspace       used 59651K, committed 59968K, reserved 1114112K
  class space    used 7053K, committed 7232K, reserved 1048576K
}
Event: 22.807 GC heap before
{Heap before GC invocations=30 (full 0):
 garbage-first heap   total 146432K, used 104076K [0x00000000a1e00000, 0x0000000100000000)
  region size 1024K, 43 young (44032K), 1 survivors (1024K)
 Metaspace       used 60823K, committed 61184K, reserved 1114112K
  class space    used 7188K, committed 7360K, reserved 1048576K
}
Event: 22.826 GC heap after
{Heap after GC invocations=31 (full 0):
 garbage-first heap   total 146432K, used 67492K [0x00000000a1e00000, 0x0000000100000000)
  region size 1024K, 6 young (6144K), 6 survivors (6144K)
 Metaspace       used 60823K, committed 61184K, reserved 1114112K
  class space    used 7188K, committed 7360K, reserved 1048576K
}
Event: 24.866 GC heap before
{Heap before GC invocations=31 (full 0):
 garbage-first heap   total 146432K, used 108452K [0x00000000a1e00000, 0x0000000100000000)
  region size 1024K, 46 young (47104K), 6 survivors (6144K)
 Metaspace       used 64687K, committed 65024K, reserved 1114112K
  class space    used 7667K, committed 7808K, reserved 1048576K
}
Event: 24.886 GC heap after
{Heap after GC invocations=32 (full 0):
 garbage-first heap   total 146432K, used 70588K [0x00000000a1e00000, 0x0000000100000000)
  region size 1024K, 3 young (3072K), 3 survivors (3072K)
 Metaspace       used 64687K, committed 65024K, reserved 1114112K
  class space    used 7667K, committed 7808K, reserved 1048576K
}
Event: 26.929 GC heap before
{Heap before GC invocations=32 (full 0):
 garbage-first heap   total 146432K, used 112572K [0x00000000a1e00000, 0x0000000100000000)
  region size 1024K, 44 young (45056K), 3 survivors (3072K)
 Metaspace       used 67186K, committed 67456K, reserved 1114112K
  class space    used 7848K, committed 8000K, reserved 1048576K
}
Event: 26.950 GC heap after
{Heap after GC invocations=33 (full 0):
 garbage-first heap   total 146432K, used 74752K [0x00000000a1e00000, 0x0000000100000000)
  region size 1024K, 6 young (6144K), 6 survivors (6144K)
 Metaspace       used 67186K, committed 67456K, reserved 1114112K
  class space    used 7848K, committed 8000K, reserved 1048576K
}
Event: 29.045 GC heap before
{Heap before GC invocations=33 (full 0):
 garbage-first heap   total 146432K, used 115712K [0x00000000a1e00000, 0x0000000100000000)
  region size 1024K, 46 young (47104K), 6 survivors (6144K)
 Metaspace       used 68397K, committed 68736K, reserved 1114112K
  class space    used 7936K, committed 8128K, reserved 1048576K
}
Event: 29.076 GC heap after
{Heap after GC invocations=34 (full 0):
 garbage-first heap   total 146432K, used 80995K [0x00000000a1e00000, 0x0000000100000000)
  region size 1024K, 6 young (6144K), 6 survivors (6144K)
 Metaspace       used 68397K, committed 68736K, reserved 1114112K
  class space    used 7936K, committed 8128K, reserved 1048576K
}
Event: 30.507 GC heap before
{Heap before GC invocations=34 (full 0):
 garbage-first heap   total 146432K, used 116835K [0x00000000a1e00000, 0x0000000100000000)
  region size 1024K, 40 young (40960K), 6 survivors (6144K)
 Metaspace       used 69541K, committed 69888K, reserved 1114112K
  class space    used 8094K, committed 8256K, reserved 1048576K
}
Event: 30.568 GC heap after
{Heap after GC invocations=35 (full 0):
 garbage-first heap   total 146432K, used 85942K [0x00000000a1e00000, 0x0000000100000000)
  region size 1024K, 5 young (5120K), 5 survivors (5120K)
 Metaspace       used 69541K, committed 69888K, reserved 1114112K
  class space    used 8094K, committed 8256K, reserved 1048576K
}
Event: 32.156 GC heap before
{Heap before GC invocations=35 (full 0):
 garbage-first heap   total 146432K, used 117686K [0x00000000a1e00000, 0x0000000100000000)
  region size 1024K, 36 young (36864K), 5 survivors (5120K)
 Metaspace       used 70225K, committed 70528K, reserved 1114112K
  class space    used 8118K, committed 8256K, reserved 1048576K
}

Dll operation events (2 events):
Event: 0.033 Loaded shared library C:\Program Files\Android\Android Studio\jbr\bin\java.dll
Event: 5.544 Loaded shared library C:\Program Files\Android\Android Studio\jbr\bin\verify.dll

Deoptimization events (20 events):
Event: 31.842 Thread 0x00000169aa4187d0 Uncommon trap: trap_request=0xffffffc6 fr.pc=0x00000169b57762bc relative=0x00000000000002dc
Event: 31.842 Thread 0x00000169aa4187d0 Uncommon trap: reason=bimorphic_or_optimized_type_check action=maybe_recompile pc=0x00000169b57762bc method=org.jetbrains.kotlin.psi.KtSimpleNameExpressionImpl$Companion.getReferencedNameImpl(Lorg/jetbrains/kotlin/psi/KtSimpleNameExpression;)Ljava/lang/St
Event: 31.842 Thread 0x00000169aa4187d0 DEOPT PACKING pc=0x00000169b57762bc sp=0x000000473b6f71e0
Event: 31.842 Thread 0x00000169aa4187d0 DEOPT UNPACKING pc=0x00000169b4e669a3 sp=0x000000473b6f7178 mode 2
Event: 31.864 Thread 0x00000169aa4187d0 Uncommon trap: trap_request=0xffffff66 fr.pc=0x00000169b58132e8 relative=0x0000000000003028
Event: 31.864 Thread 0x00000169aa4187d0 Uncommon trap: reason=speculate_class_check action=maybe_recompile pc=0x00000169b58132e8 method=org.jetbrains.kotlin.types.model.TypeSystemCommonSuperTypesContext.typeDepth(Lorg/jetbrains/kotlin/types/model/KotlinTypeMarker;)I @ 9 c2
Event: 31.864 Thread 0x00000169aa4187d0 DEOPT PACKING pc=0x00000169b58132e8 sp=0x000000473b6facb0
Event: 31.864 Thread 0x00000169aa4187d0 DEOPT UNPACKING pc=0x00000169b4e669a3 sp=0x000000473b6fabf8 mode 2
Event: 31.899 Thread 0x00000169aa4187d0 DEOPT PACKING pc=0x00000169aeb6f5f6 sp=0x000000473b6fadd0
Event: 31.899 Thread 0x00000169aa4187d0 DEOPT UNPACKING pc=0x00000169b4e67143 sp=0x000000473b6fa2d8 mode 0
Event: 31.931 Thread 0x00000169aa4187d0 DEOPT PACKING pc=0x00000169ae121248 sp=0x000000473b6f3980
Event: 31.931 Thread 0x00000169aa4187d0 DEOPT UNPACKING pc=0x00000169b4e67143 sp=0x000000473b6f2e40 mode 0
Event: 31.936 Thread 0x00000169aa4187d0 DEOPT PACKING pc=0x00000169aec1db4d sp=0x000000473b6f3d50
Event: 31.936 Thread 0x00000169aa4187d0 DEOPT UNPACKING pc=0x00000169b4e67143 sp=0x000000473b6f31e0 mode 0
Event: 31.995 Thread 0x00000169aa4187d0 DEOPT PACKING pc=0x00000169aeb612d4 sp=0x000000473b6f79c0
Event: 31.995 Thread 0x00000169aa4187d0 DEOPT UNPACKING pc=0x00000169b4e67143 sp=0x000000473b6f6ea8 mode 0
Event: 32.137 Thread 0x00000169aa4187d0 Uncommon trap: trap_request=0xffffff45 fr.pc=0x00000169b578c898 relative=0x00000000000001f8
Event: 32.137 Thread 0x00000169aa4187d0 Uncommon trap: reason=unstable_if action=reinterpret pc=0x00000169b578c898 method=java.lang.String.regionMatches(ILjava/lang/String;II)Z @ 32 c2
Event: 32.137 Thread 0x00000169aa4187d0 DEOPT PACKING pc=0x00000169b578c898 sp=0x000000473b6f6d30
Event: 32.137 Thread 0x00000169aa4187d0 DEOPT UNPACKING pc=0x00000169b4e669a3 sp=0x000000473b6f6cb0 mode 2

Classes unloaded (0 events):
No events

Classes redefined (0 events):
No events

Internal exceptions (20 events):
Event: 19.150 Thread 0x00000169aa4187d0 Implicit null exception at 0x00000169b563a89e to 0x00000169b563abcc
Event: 19.958 Thread 0x00000169aa4187d0 Exception <a 'java/lang/NoSuchMethodError'{0x00000000aa7e92f8}: 'java.lang.Object java.lang.invoke.DirectMethodHandle$Holder.newInvokeSpecial(java.lang.Object, java.lang.Object, java.lang.Object, java.lang.Object, java.lang.Object, java.lang.Object, java.lang.Object, java.lang.Object)'> (0x00000000aa7e92f8) 
thrown [s\src\hotspot\share\interpreter\linkResolver.cpp, line 771]
Event: 19.959 Thread 0x00000169aa4187d0 Exception <a 'java/lang/NoSuchMethodError'{0x00000000aa7ee910}: 'java.lang.Object java.lang.invoke.DirectMethodHandle$Holder.invokeSpecial(java.lang.Object, java.lang.Object, java.lang.Object, java.lang.Object, java.lang.Object, java.lang.Object, java.lang.Object, java.lang.Object, java.lang.Object)'> (0x00000000aa7ee910) 
thrown [s\src\hotspot\share\interpreter\linkResolver.cpp, line 771]
Event: 19.959 Thread 0x00000169aa4187d0 Exception <a 'java/lang/NoSuchMethodError'{0x00000000aa7f3840}: 'java.lang.Object java.lang.invoke.Invokers$Holder.linkToTargetMethod(java.lang.Object, java.lang.Object, java.lang.Object, java.lang.Object, java.lang.Object, java.lang.Object, java.lang.Object, java.lang.Object)'> (0x00000000aa7f3840) 
thrown [s\src\hotspot\share\interpreter\linkResolver.cpp, line 771]
Event: 20.454 Thread 0x00000169aa4187d0 Exception <a 'java/lang/NoSuchMethodError'{0x00000000a9e57d00}: 'java.lang.Object java.lang.invoke.DirectMethodHandle$Holder.invokeStaticInit(java.lang.Object, java.lang.Object, java.lang.Object)'> (0x00000000a9e57d00) 
thrown [s\src\hotspot\share\interpreter\linkResolver.cpp, line 771]
Event: 20.475 Thread 0x00000169aa4187d0 Exception <a 'java/lang/NoSuchMethodError'{0x00000000a9e9ecb8}: 'java.lang.Object java.lang.invoke.DirectMethodHandle$Holder.newInvokeSpecial(java.lang.Object, int, java.lang.Object)'> (0x00000000a9e9ecb8) 
thrown [s\src\hotspot\share\interpreter\linkResolver.cpp, line 771]
Event: 20.478 Thread 0x00000169aa4187d0 Exception <a 'java/lang/NoSuchMethodError'{0x00000000a9ea5180}: 'int java.lang.invoke.DirectMethodHandle$Holder.invokeInterface(java.lang.Object, java.lang.Object)'> (0x00000000a9ea5180) 
thrown [s\src\hotspot\share\interpreter\linkResolver.cpp, line 771]
Event: 22.282 Thread 0x00000169aa4187d0 Exception <a 'java/lang/NoSuchMethodError'{0x00000000a91e1ce0}: 'java.lang.Object java.lang.invoke.DirectMethodHandle$Holder.newInvokeSpecial(java.lang.Object, int, java.lang.Object, java.lang.Object)'> (0x00000000a91e1ce0) 
thrown [s\src\hotspot\share\interpreter\linkResolver.cpp, line 771]
Event: 22.503 Thread 0x00000169aa4187d0 Implicit null exception at 0x00000169b556a11b to 0x00000169b556a440
Event: 22.635 Thread 0x00000169aa4187d0 Exception <a 'java/lang/NoSuchMethodError'{0x00000000a882b8b0}: 'java.lang.Object java.lang.invoke.DirectMethodHandle$Holder.invokeStatic(java.lang.Object, int, java.lang.Object)'> (0x00000000a882b8b0) 
thrown [s\src\hotspot\share\interpreter\linkResolver.cpp, line 771]
Event: 23.178 Thread 0x00000169aa4187d0 Exception <a 'java/lang/NoSuchMethodError'{0x00000000a9bbc7d0}: 'void java.lang.invoke.DirectMethodHandle$Holder.invokeSpecial(java.lang.Object, java.lang.Object, int, java.lang.Object)'> (0x00000000a9bbc7d0) 
thrown [s\src\hotspot\share\interpreter\linkResolver.cpp, line 771]
Event: 23.476 Thread 0x00000169aa4187d0 Exception <a 'java/lang/IncompatibleClassChangeError'{0x00000000a985ab20}: Found class java.lang.Object, but interface was expected> (0x00000000a985ab20) 
thrown [s\src\hotspot\share\interpreter\linkResolver.cpp, line 838]
Event: 23.835 Thread 0x00000169aa4187d0 Implicit null exception at 0x00000169b54aec9a to 0x00000169b54aee08
Event: 23.835 Thread 0x00000169aa4187d0 Implicit null exception at 0x00000169b5411158 to 0x00000169b54111ea
Event: 23.871 Thread 0x00000169aa4187d0 Exception <a 'java/lang/NoSuchMethodError'{0x00000000a9365220}: 'java.lang.Object java.lang.invoke.DirectMethodHandle$Holder.invokeInterface(java.lang.Object, java.lang.Object, java.lang.Object)'> (0x00000000a9365220) 
thrown [s\src\hotspot\share\interpreter\linkResolver.cpp, line 771]
Event: 23.872 Thread 0x00000169aa4187d0 Exception <a 'java/lang/IncompatibleClassChangeError'{0x00000000a9368b90}: Found class java.lang.Object, but interface was expected> (0x00000000a9368b90) 
thrown [s\src\hotspot\share\interpreter\linkResolver.cpp, line 838]
Event: 24.072 Thread 0x00000169aa4187d0 Exception <a 'java/lang/NoSuchMethodError'{0x00000000a90505b8}: 'int java.lang.invoke.DirectMethodHandle$Holder.invokeStaticInit(java.lang.Object, int)'> (0x00000000a90505b8) 
thrown [s\src\hotspot\share\interpreter\linkResolver.cpp, line 771]
Event: 24.731 Thread 0x00000169aa4187d0 Exception <a 'java/lang/NoSuchMethodError'{0x00000000a87d4e68}: 'java.lang.Object java.lang.invoke.DirectMethodHandle$Holder.newInvokeSpecial(java.lang.Object, java.lang.Object, java.lang.Object, java.lang.Object, java.lang.Object, java.lang.Object, java.lang.Object)'> (0x00000000a87d4e68) 
thrown [s\src\hotspot\share\interpreter\linkResolver.cpp, line 771]
Event: 24.731 Thread 0x00000169aa4187d0 Exception <a 'java/lang/NoSuchMethodError'{0x00000000a87d9a20}: 'java.lang.Object java.lang.invoke.Invokers$Holder.linkToTargetMethod(java.lang.Object, java.lang.Object, java.lang.Object, java.lang.Object, java.lang.Object, java.lang.Object, java.lang.Object)'> (0x00000000a87d9a20) 
thrown [s\src\hotspot\share\interpreter\linkResolver.cpp, line 771]
Event: 26.673 Thread 0x00000169aa4187d0 Implicit null exception at 0x00000169b55e98f7 to 0x00000169b55e9d24

VM Operations (20 events):
Event: 29.432 Executing VM operation: ICBufferFull done
Event: 29.522 Executing VM operation: HandshakeAllThreads
Event: 29.522 Executing VM operation: HandshakeAllThreads done
Event: 29.789 Executing VM operation: ICBufferFull
Event: 29.790 Executing VM operation: ICBufferFull done
Event: 30.033 Executing VM operation: ICBufferFull
Event: 30.033 Executing VM operation: ICBufferFull done
Event: 30.506 Executing VM operation: G1CollectForAllocation
Event: 30.568 Executing VM operation: G1CollectForAllocation done
Event: 30.893 Executing VM operation: ICBufferFull
Event: 30.893 Executing VM operation: ICBufferFull done
Event: 31.267 Executing VM operation: ICBufferFull
Event: 31.267 Executing VM operation: ICBufferFull done
Event: 31.551 Executing VM operation: ICBufferFull
Event: 31.552 Executing VM operation: ICBufferFull done
Event: 31.902 Executing VM operation: ICBufferFull
Event: 31.902 Executing VM operation: ICBufferFull done
Event: 31.993 Executing VM operation: HandshakeAllThreads
Event: 31.993 Executing VM operation: HandshakeAllThreads done
Event: 32.156 Executing VM operation: G1CollectForAllocation

Events (20 events):
Event: 29.441 Thread 0x00000169c7162e10 flushing nmethod 0x00000169aec34e90
Event: 29.441 Thread 0x00000169c7162e10 flushing nmethod 0x00000169aec3e490
Event: 29.441 Thread 0x00000169c7162e10 flushing nmethod 0x00000169aec40610
Event: 29.444 Thread 0x00000169c7162e10 flushing nmethod 0x00000169aecf3b90
Event: 29.445 Thread 0x00000169c7162e10 flushing nmethod 0x00000169aecfff10
Event: 29.445 Thread 0x00000169c7162e10 flushing nmethod 0x00000169aed16f90
Event: 29.445 Thread 0x00000169c7162e10 flushing nmethod 0x00000169aed18090
Event: 29.445 Thread 0x00000169c7162e10 flushing nmethod 0x00000169aed1c910
Event: 29.445 Thread 0x00000169c7162e10 flushing nmethod 0x00000169aed1cc90
Event: 29.445 Thread 0x00000169c7162e10 flushing nmethod 0x00000169aed25b10
Event: 29.445 Thread 0x00000169c7162e10 flushing nmethod 0x00000169aed26990
Event: 29.445 Thread 0x00000169c7162e10 flushing nmethod 0x00000169aed27290
Event: 29.445 Thread 0x00000169c7162e10 flushing nmethod 0x00000169aed46910
Event: 29.447 Thread 0x00000169c7162e10 flushing nmethod 0x00000169aedc0590
Event: 29.447 Thread 0x00000169c7162e10 flushing nmethod 0x00000169aedd2210
Event: 29.449 Thread 0x00000169c7162e10 flushing nmethod 0x00000169aee39e10
Event: 29.452 Thread 0x00000169c7162e10 flushing nmethod 0x00000169aef60410
Event: 29.452 Thread 0x00000169c7162e10 flushing nmethod 0x00000169aef62b10
Event: 30.789 loading class jdk/internal/math/FDBigInteger
Event: 30.800 loading class jdk/internal/math/FDBigInteger done


Dynamic libraries:
0x00007ff728490000 - 0x00007ff72849a000 	C:\Program Files\Android\Android Studio\jbr\bin\java.exe
0x00007ffee3710000 - 0x00007ffee3908000 	C:\Windows\SYSTEM32\ntdll.dll
0x00007ffeaf310000 - 0x00007ffeaf329000 	C:\Program Files\Avast Software\Avast\aswhook.dll
0x00007ffee1bd0000 - 0x00007ffee1c8d000 	C:\Windows\System32\KERNEL32.DLL
0x00007ffee1060000 - 0x00007ffee1356000 	C:\Windows\System32\KERNELBASE.dll
0x00007ffede130000 - 0x00007ffede1c0000 	C:\Windows\SYSTEM32\apphelp.dll
0x00007ffee14e0000 - 0x00007ffee15e0000 	C:\Windows\System32\ucrtbase.dll
0x00007ffe9c5c0000 - 0x00007ffe9c5d7000 	C:\Program Files\Android\Android Studio\jbr\bin\jli.dll
0x00007ffed6d10000 - 0x00007ffed6d2b000 	C:\Program Files\Android\Android Studio\jbr\bin\VCRUNTIME140.dll
0x00007ffee3480000 - 0x00007ffee361f000 	C:\Windows\System32\USER32.dll
0x00007ffee13d0000 - 0x00007ffee13f2000 	C:\Windows\System32\win32u.dll
0x00007ffebe260000 - 0x00007ffebe4fa000 	C:\Windows\WinSxS\amd64_microsoft.windows.common-controls_6595b64144ccf1df_6.0.19041.3636_none_60b6a03d71f818d5\COMCTL32.dll
0x00007ffee33b0000 - 0x00007ffee33db000 	C:\Windows\System32\GDI32.dll
0x00007ffee33e0000 - 0x00007ffee347e000 	C:\Windows\System32\msvcrt.dll
0x00007ffee0e10000 - 0x00007ffee0f27000 	C:\Windows\System32\gdi32full.dll
0x00007ffee0fc0000 - 0x00007ffee105d000 	C:\Windows\System32\msvcp_win.dll
0x00007ffee3370000 - 0x00007ffee33a2000 	C:\Windows\System32\IMM32.DLL
0x00007ffed6850000 - 0x00007ffed685c000 	C:\Program Files\Android\Android Studio\jbr\bin\vcruntime140_1.dll
0x00007ffea4be0000 - 0x00007ffea4c6d000 	C:\Program Files\Android\Android Studio\jbr\bin\msvcp140.dll
0x00007ffe67030000 - 0x00007ffe67cb0000 	C:\Program Files\Android\Android Studio\jbr\bin\server\jvm.dll
0x00007ffee3620000 - 0x00007ffee36d0000 	C:\Windows\System32\ADVAPI32.dll
0x00007ffee23e0000 - 0x00007ffee2480000 	C:\Windows\System32\sechost.dll
0x00007ffee22a0000 - 0x00007ffee23c3000 	C:\Windows\System32\RPCRT4.dll
0x00007ffee14b0000 - 0x00007ffee14d7000 	C:\Windows\System32\bcrypt.dll
0x00007ffed5f40000 - 0x00007ffed5f49000 	C:\Windows\SYSTEM32\WSOCK32.dll
0x00007ffed82d0000 - 0x00007ffed82da000 	C:\Windows\SYSTEM32\VERSION.dll
0x00007ffed7f20000 - 0x00007ffed7f47000 	C:\Windows\SYSTEM32\WINMM.dll
0x00007ffee32f0000 - 0x00007ffee335b000 	C:\Windows\System32\WS2_32.dll
0x00007ffedf580000 - 0x00007ffedf592000 	C:\Windows\SYSTEM32\kernel.appcore.dll
0x00007ffed6b00000 - 0x00007ffed6b0a000 	C:\Program Files\Android\Android Studio\jbr\bin\jimage.dll
0x00007ffedf370000 - 0x00007ffedf554000 	C:\Windows\SYSTEM32\DBGHELP.DLL
0x00007ffed6fe0000 - 0x00007ffed7014000 	C:\Windows\SYSTEM32\dbgcore.DLL
0x00007ffee0f30000 - 0x00007ffee0fb2000 	C:\Windows\System32\bcryptPrimitives.dll
0x00007ffec5e50000 - 0x00007ffec5e75000 	C:\Program Files\Android\Android Studio\jbr\bin\java.dll
0x00007ffea2ed0000 - 0x00007ffea2ee8000 	C:\Program Files\Android\Android Studio\jbr\bin\zip.dll
0x00007ffee25e0000 - 0x00007ffee2d4b000 	C:\Windows\System32\SHELL32.dll
0x00007ffedea90000 - 0x00007ffedf22e000 	C:\Windows\SYSTEM32\windows.storage.dll
0x00007ffee2f00000 - 0x00007ffee3253000 	C:\Windows\System32\combase.dll
0x00007ffee0720000 - 0x00007ffee074e000 	C:\Windows\SYSTEM32\Wldp.dll
0x00007ffee18c0000 - 0x00007ffee198d000 	C:\Windows\System32\OLEAUT32.dll
0x00007ffee2530000 - 0x00007ffee25dd000 	C:\Windows\System32\SHCORE.dll
0x00007ffee1990000 - 0x00007ffee19e5000 	C:\Windows\System32\shlwapi.dll
0x00007ffee0cf0000 - 0x00007ffee0d13000 	C:\Windows\SYSTEM32\profapi.dll
0x00007ffe9c030000 - 0x00007ffe9c049000 	C:\Program Files\Android\Android Studio\jbr\bin\net.dll
0x00007ffed4430000 - 0x00007ffed453a000 	C:\Windows\SYSTEM32\WINHTTP.dll
0x00007ffee0460000 - 0x00007ffee04ca000 	C:\Windows\system32\mswsock.dll
0x00007ffe9c010000 - 0x00007ffe9c026000 	C:\Program Files\Android\Android Studio\jbr\bin\nio.dll
0x00007ffecf700000 - 0x00007ffecf710000 	C:\Program Files\Android\Android Studio\jbr\bin\verify.dll

dbghelp: loaded successfully - version: 4.0.5 - missing functions: none
symbol engine: initialized successfully - sym options: 0x614 - pdb path: .;C:\Program Files\Android\Android Studio\jbr\bin;C:\Windows\SYSTEM32;C:\Program Files\Avast Software\Avast;C:\Windows\WinSxS\amd64_microsoft.windows.common-controls_6595b64144ccf1df_6.0.19041.3636_none_60b6a03d71f818d5;C:\Program Files\Android\Android Studio\jbr\bin\server

VM Arguments:
java_command: org.jetbrains.kotlin.cli.jvm.K2JVMCompiler @C:\Users\Haytam\AndroidStudioProjects\project\app\build\20240501_16776862022860999226.compiler.options
java_class_path (initial): C:\Program Files\Android\Android Studio\caches\modules-2\files-2.1\org.jetbrains.kotlin\kotlin-compiler-embeddable\1.9.10\57ca1b0823ae3ecb451a97e1f8e6de0b19ea5294\kotlin-compiler-embeddable-1.9.10.jar;C:\Program Files\Android\Android Studio\caches\modules-2\files-2.1\org.jetbrains.kotlin\kotlin-stdlib\1.9.10\72812e8a368917ab5c0a5081b56915ffdfec93b7\kotlin-stdlib-1.9.10.jar;C:\Program Files\Android\Android Studio\caches\modules-2\files-2.1\org.jetbrains.kotlin\kotlin-script-runtime\1.9.10\398513a8534701579cccaf5953ea914416b4696c\kotlin-script-runtime-1.9.10.jar;C:\Program Files\Android\Android Studio\caches\modules-2\files-2.1\org.jetbrains.kotlin\kotlin-reflect\1.6.10\1cbe9c92c12a94eea200d23c2bbaedaf3daf5132\kotlin-reflect-1.6.10.jar;C:\Program Files\Android\Android Studio\caches\modules-2\files-2.1\org.jetbrains.kotlin\kotlin-daemon-embeddable\1.9.10\bda2f7daa6b89d2ded2d9e1e0b0cadaf9446ade1\kotlin-daemon-embeddable-1.9.10.jar;C:\Program Files\Android\Android Studio\caches\modules-2\files-2.1\org.jetbrains.intellij.deps\trove4j\1.0.20200330\3afb14d5f9ceb459d724e907a21145e8ff394f02\trove4j-1.0.20200330.jar;C:\Program Files\Android\Android Studio\caches\modules-2\files-2.1\org.jetbrains.kotlin\kotlin-stdlib-common\1.9.10\dafaf2c27f27c09220cee312df10917d9a5d97ce\kotlin-stdlib-common-1.9.10.jar;C:\Program Files\Android\Android Studio\caches\modules-2\files-2.1\org.jetbrains\annotations\13.0\919f0dfe192fb4e063e7dacadee7f8bb9a2672a9\annotations-13.0.jar
Launcher Type: SUN_STANDARD

[Global flags]
     intx CICompilerCount                          = 4                                         {product} {ergonomic}
     uint ConcGCThreads                            = 2                                         {product} {ergonomic}
     uint G1ConcRefinementThreads                  = 8                                         {product} {ergonomic}
   size_t G1HeapRegionSize                         = 1048576                                   {product} {ergonomic}
    uintx GCDrainStackTargetSize                   = 64                                        {product} {ergonomic}
   size_t InitialHeapSize                          = 100663296                                 {product} {ergonomic}
   size_t MarkStackSize                            = 4194304                                   {product} {ergonomic}
   size_t MaxHeapSize                              = 1579155456                                {product} {ergonomic}
   size_t MaxNewSize                               = 946864128                                 {product} {ergonomic}
   size_t MinHeapDeltaBytes                        = 1048576                                   {product} {ergonomic}
   size_t MinHeapSize                              = 8388608                                   {product} {ergonomic}
    uintx NonNMethodCodeHeapSize                   = 5839372                                {pd product} {ergonomic}
    uintx NonProfiledCodeHeapSize                  = 122909434                              {pd product} {ergonomic}
    uintx ProfiledCodeHeapSize                     = 122909434                              {pd product} {ergonomic}
    uintx ReservedCodeCacheSize                    = 251658240                              {pd product} {ergonomic}
     bool SegmentedCodeCache                       = true                                      {product} {ergonomic}
   size_t SoftMaxHeapSize                          = 1579155456                             {manageable} {ergonomic}
     bool UseCompressedClassPointers               = true                           {product lp64_product} {ergonomic}
     bool UseCompressedOops                        = true                           {product lp64_product} {ergonomic}
     bool UseG1GC                                  = true                                      {product} {ergonomic}
     bool UseLargePagesIndividualAllocation        = false                                  {pd product} {ergonomic}

Logging:
Log output configuration:
 #0: stdout all=warning uptime,level,tags
 #1: stderr all=off uptime,level,tags

Environment Variables:
JAVA_HOME=C:\Program Files (x86)\jdk-19
CLASSPATH=C:\Program Files (x86)\jdk-19\bin
PATH=C:\Python310\Scripts\;C:\Python310\;C:\Windows\system32;C:\Windows;C:\Windows\System32\Wbem;C:\Windows\System32\WindowsPowerShell\v1.0\;C:\Windows\System32\OpenSSH\;C:\ProgramData\chocolatey\bin;C:\Program Files\Microsoft SQL Server\150\Tools\Binn\;C:\Program Files\Microsoft SQL Server\Client SDK\ODBC\170\Tools\Binn\;C:\Program Files\dotnet\;C:\Program Files (x86)\jdk-19\bin;C:\Program Files\Git\cmd;C:\Program Files\nodejs\;C:\AndroidEmulatorTools\platform-tools-latest-windows\platform-tools;C:\Program Files\Git\usr\bin;C:\Users\Haytam\scoop\shims;C:\Program Files\MySQL\MySQL Shell 8.0\bin\;C:\Users\Haytam\AppData\Local\Microsoft\WindowsApps;C:\Users\Haytam\AppData\Local\Programs\Microsoft VS Code\bin;C:\Users\Haytam\.dotnet\tools;C:\Program Files (x86)\jdk-19;C:\Users\Haytam\Downloads\php-8.1.12-Win32-vs16-x64;C:\Users\Haytam\AppData\Local\ComposerSetup\bin;C:\Users\Haytam\AppData\Roaming\Composer\vendor\bin;C:\Users\Haytam\AppData\Roaming\npm
USERNAME=Haytam
OS=Windows_NT
PROCESSOR_IDENTIFIER=AMD64 Family 23 Model 24 Stepping 1, AuthenticAMD
TMP=C:\Users\Haytam\AppData\Local\Temp
TEMP=C:\Users\Haytam\AppData\Local\Temp


JNI global refs:
JNI global refs: 12, weak refs: 13

JNI global refs memory usage: 843, weak refs: 841

OOME stack traces (most recent first):
Classloader memory used:
Loader jdk.internal.loader.ClassLoaders$AppClassLoader                                 : 7314K
Loader bootstrap                                                                       : 1380K
Loader java.net.URLClassLoader                                                         : 56883B
Loader jdk.internal.reflect.DelegatingClassLoader                                      : 25778B
Loader jdk.internal.loader.ClassLoaders$PlatformClassLoader                            : 2276B


---------------  S Y S T E M  ---------------

OS:
 Windows 10 , 64 bit Build 19041 (10.0.19041.3636)
OS uptime: 6 days 19:52 hours
Hyper-V role detected

CPU: total 8 (initial active 8) (8 cores per cpu, 2 threads per core) family 23 model 24 stepping 1 microcode 0x0, cx8, cmov, fxsr, ht, mmx, 3dnowpref, sse, sse2, sse3, ssse3, sse4a, sse4.1, sse4.2, popcnt, lzcnt, tsc, tscinvbit, avx, avx2, aes, clmul, bmi1, bmi2, adx, sha, fma, vzeroupper, clflush, clflushopt, hv

Memory: 4k page, system-wide physical 6020M (269M free)
TotalPageFile size 24452M (AvailPageFile size 127M)
current process WorkingSet (physical memory assigned to process): 299M, peak: 306M
current process commit charge ("private bytes"): 379M, peak: 531M

vm_info: OpenJDK 64-Bit Server VM (17.0.7+0-b2043.56-10550314) for windows-amd64 JRE (17.0.7+0-b2043.56-10550314), built on Jul 24 2023 18:27:45 by "androidbuild" with MS VC++ 16.10 / 16.11 (VS2019)

END.
