#
# There is insufficient memory for the Java Runtime Environment to continue.
# Native memory allocation (mmap) failed to map 122683392 bytes for G1 virtual space
# Possible reasons:
#   The system is out of physical RAM or swap space
#   The process is running with CompressedOops enabled, and the Java Heap may be blocking the growth of the native heap
# Possible solutions:
#   Reduce memory load on the system
#   Increase physical memory or swap space
#   Check if swap backing store is full
#   Decrease Java heap size (-Xmx/-Xms)
#   Decrease number of Java threads
#   Decrease Java thread stack sizes (-Xss)
#   Set larger code cache with -XX:ReservedCodeCacheSize=
#   JVM is running with Unscaled Compressed Oops mode in which the Java heap is
#     placed in the first 4GB address space. The Java Heap base address is the
#     maximum limit for the native heap growth. Please use -XX:HeapBaseMinAddress
#     to set the Java Heap base and to place the Java Heap above 4GB virtual address.
# This output file may be truncated or incomplete.
#
#  Out of Memory Error (os_windows.cpp:3771), pid=114168, tid=74472
#
# JRE version: OpenJDK Runtime Environment (17.0.7) (build 17.0.7+0-b2043.56-10550314)
# Java VM: OpenJDK 64-Bit Server VM (17.0.7+0-b2043.56-10550314, mixed mode, tiered, compressed oops, compressed class ptrs, g1 gc, windows-amd64)
# No core dump will be written. Minidumps are not enabled by default on client versions of Windows
#

---------------  S U M M A R Y ------------

Command Line: org.jetbrains.kotlin.cli.jvm.K2JVMCompiler @C:\Users\Haytam\AndroidStudioProjects\project\app\build\20240529_14677561155757877326.compiler.options

Host: AMD Ryzen 5 3500U with Radeon Vega Mobile Gfx  , 8 cores, 5G,  Windows 10 , 64 bit Build 19041 (10.0.19041.3636)
Time: Wed May 29 11:37:56 2024 Paris, Madrid (heure duild 19041 (10.0.19041.3636) elapsed time: 19.086711 seconds (0d 0h 0m 19s)

---------------  T H R E A D  ---------------

Current thread (0x0000015dc606c630):  VMThread "VM Thread" [stack: 0x00000004c9a00000,0x00000004c9b00000] [id=74472]

Stack: [0x00000004c9a00000,0x00000004c9b00000]
Native frames: (J=compiled Java code, j=interpreted, Vv=VM code, C=native code)
V  [jvm.dll+0x683bfa]
V  [jvm.dll+0x8430a4]
V  [jvm.dll+0x8449be]
V  [jvm.dll+0x845023]
V  [jvm.dll+0x24ad2f]
V  [jvm.dll+0x680ac9]
V  [jvm.dll+0x67519a]
V  [jvm.dll+0x30b3cb]
V  [jvm.dll+0x312876]
V  [jvm.dll+0x36221e]
V  [jvm.dll+0x36244f]
V  [jvm.dll+0x2e14a8]
V  [jvm.dll+0x2df684]
V  [jvm.dll+0x2dec8c]
V  [jvm.dll+0x32382b]
V  [jvm.dll+0x8496eb]
V  [jvm.dll+0x84a424]
V  [jvm.dll+0x84a93d]
V  [jvm.dll+0x84ad14]
V  [jvm.dll+0x84ade0]
V  [jvm.dll+0x7f2aea]
V  [jvm.dll+0x682a35]
C  [ucrtbase.dll+0x21bb2]
C  [KERNEL32.DLL+0x17344]
C  [ntdll.dll+0x526b1]

VM_Operation (0x00000004c94f4de0): G1CollectForAllocation, mode: safepoint, requested by thread 0x0000015dad613910


---------------  P R O C E S S  ---------------

Threads class SMR info:
_java_thread_list=0x0000015dcb91dc30, length=12, elements={
0x0000015dad613910, 0x0000015dc6092250, 0x0000015dc6093380, 0x0000015dc6335780,
0x0000015dc6335e50, 0x0000015dc6338fc0, 0x0000015dc6345ac0, 0x0000015dc6347200,
0x0000015dc6347710, 0x0000015dc634a4c0, 0x0000015dc6498c10, 0x0000015dc64a6150
}

Java Threads: ( => current thread )
  0x0000015dad613910 JavaThread "main" [_thread_blocked, id=112904, stack(0x00000004c9400000,0x00000004c9500000)]
  0x0000015dc6092250 JavaThread "Reference Handler" daemon [_thread_blocked, id=113952, stack(0x00000004c9b00000,0x00000004c9c00000)]
  0x0000015dc6093380 JavaThread "Finalizer" daemon [_thread_blocked, id=98208, stack(0x00000004c9c00000,0x00000004c9d00000)]
  0x0000015dc6335780 JavaThread "Signal Dispatcher" daemon [_thread_blocked, id=106440, stack(0x00000004c9d00000,0x00000004c9e00000)]
  0x0000015dc6335e50 JavaThread "Attach Listener" daemon [_thread_blocked, id=38044, stack(0x00000004c9e00000,0x00000004c9f00000)]
  0x0000015dc6338fc0 JavaThread "Service Thread" daemon [_thread_blocked, id=111588, stack(0x00000004c9f00000,0x00000004ca000000)]
  0x0000015dc6345ac0 JavaThread "Monitor Deflation Thread" daemon [_thread_blocked, id=116876, stack(0x00000004ca000000,0x00000004ca100000)]
  0x0000015dc6347200 JavaThread "C2 CompilerThread0" daemon [_thread_blocked, id=108152, stack(0x00000004ca100000,0x00000004ca200000)]
  0x0000015dc6347710 JavaThread "C1 CompilerThread0" daemon [_thread_blocked, id=111348, stack(0x00000004ca200000,0x00000004ca300000)]
  0x0000015dc634a4c0 JavaThread "Sweeper thread" daemon [_thread_blocked, id=76896, stack(0x00000004ca300000,0x00000004ca400000)]
  0x0000015dc6498c10 JavaThread "Notification Thread" daemon [_thread_blocked, id=107640, stack(0x00000004ca400000,0x00000004ca500000)]
  0x0000015dc64a6150 JavaThread "Common-Cleaner" daemon [_thread_blocked, id=96108, stack(0x00000004ca600000,0x00000004ca700000)]

Other Threads:
=>0x0000015dc606c630 VMThread "VM Thread" [stack: 0x00000004c9a00000,0x00000004c9b00000] [id=74472]
  0x0000015dad6779f0 WatcherThread [stack: 0x00000004ca500000,0x00000004ca600000] [id=112896]
  0x0000015dad65f080 GCTaskThread "GC Thread#0" [stack: 0x00000004c9500000,0x00000004c9600000] [id=116328]
  0x0000015dc6a243e0 GCTaskThread "GC Thread#1" [stack: 0x00000004ca700000,0x00000004ca800000] [id=119672]
  0x0000015dc6a24e30 GCTaskThread "GC Thread#2" [stack: 0x00000004ca800000,0x00000004ca900000] [id=111572]
  0x0000015dc6a250e0 GCTaskThread "GC Thread#3" [stack: 0x00000004ca900000,0x00000004caa00000] [id=100588]
  0x0000015dc6a25390 GCTaskThread "GC Thread#4" [stack: 0x00000004caa00000,0x00000004cab00000] [id=428]
  0x0000015dc6bf5fd0 GCTaskThread "GC Thread#5" [stack: 0x00000004cac00000,0x00000004cad00000] [id=95112]
  0x0000015dc6bf4fb0 GCTaskThread "GC Thread#6" [stack: 0x00000004cad00000,0x00000004cae00000] [id=95092]
  0x0000015dc6bf67e0 GCTaskThread "GC Thread#7" [stack: 0x00000004cab00000,0x00000004cac00000] [id=118324]
  0x0000015dad66bcd0 ConcurrentGCThread "G1 Main Marker" [stack: 0x00000004c9600000,0x00000004c9700000] [id=97380]
  0x0000015dad66ce80 ConcurrentGCThread "G1 Conc#0" [stack: 0x00000004c9700000,0x00000004c9800000] [id=100176]
  0x0000015dc6bf6a90 ConcurrentGCThread "G1 Conc#1" [stack: 0x00000004cae00000,0x00000004caf00000] [id=81888]
  0x0000015dad6c4a50 ConcurrentGCThread "G1 Refine#0" [stack: 0x00000004c9800000,0x00000004c9900000] [id=97284]
  0x0000015dcbd040c0 ConcurrentGCThread "G1 Refine#1" [stack: 0x00000004caf00000,0x00000004cb000000] [id=111060]
  0x0000015dcbd03540 ConcurrentGCThread "G1 Refine#2" [stack: 0x00000004cb000000,0x00000004cb100000] [id=60928]
  0x0000015dad6c5080 ConcurrentGCThread "G1 Service" [stack: 0x00000004c9900000,0x00000004c9a00000] [id=110196]

Threads with active compile tasks:

VM state: at safepoint (normal execution)

VM Mutex/Monitor currently owned by a thread:  ([mutex/lock_event])
[0x0000015dad60ecf0] Threads_lock - owner thread: 0x0000015dc606c630
[0x0000015dad60e630] Heap_lock - owner thread: 0x0000015dad613910

Heap address: 0x00000000a1e00000, size: 1506 MB, Compressed Oops mode: 32-bit

CDS archive(s) not mapped
Compressed class space mapped at: 0x0000000100000000-0x0000000140000000, reserved size: 1073741824
Narrow klass base: 0x0000000000000000, Narrow klass shift: 3, Narrow klass range: 0x140000000

GC Precious Log:
 CPUs: 8 total, 8 available
 Memory: 6020M
 Large Page Support: Disabled
 NUMA Support: Disabled
 Compressed Oops: Enabled (32-bit)
 Heap Region Size: 1M
 Heap Min Capacity: 8M
 Heap Initial Capacity: 96M
 Heap Max Capacity: 1506M
 Pre-touch: Disabled
 Parallel Workers: 8
 Concurrent Workers: 2
 Concurrent Refinement Workers: 8
 Periodic GC: Disabled

Heap:
 garbage-first heap   total 207872K, used 90896K [0x00000000a1e00000, 0x0000000100000000)
  region size 1024K, 1 young (1024K), 1 survivors (1024K)
 Metaspace       used 62685K, committed 63040K, reserved 1114112K
  class space    used 7319K, committed 7488K, reserved 1048576K

Heap Regions: E=young(eden), S=young(survivor), O=old, HS=humongous(starts), HC=humongous(continues), CS=collection set, F=free, OA=open archive, CA=closed archive, TAMS=top-at-mark-start (previous, next)
|   0|0x00000000a1e00000, 0x00000000a1f00000, 0x00000000a1f00000|100%|HS|  |TAMS 0x00000000a1f00000, 0x00000000a1e00000| Complete 
|   1|0x00000000a1f00000, 0x00000000a2000000, 0x00000000a2000000|100%|HC|  |TAMS 0x00000000a2000000, 0x00000000a1f00000| Complete 
|   2|0x00000000a2000000, 0x00000000a2100000, 0x00000000a2100000|100%|HC|  |TAMS 0x00000000a2100000, 0x00000000a2000000| Complete 
|   3|0x00000000a2100000, 0x00000000a2200000, 0x00000000a2200000|100%|HC|  |TAMS 0x00000000a2200000, 0x00000000a2100000| Complete 
|   4|0x00000000a2200000, 0x00000000a2300000, 0x00000000a2300000|100%| O|  |TAMS 0x00000000a2300000, 0x00000000a2200000| Untracked 
|   5|0x00000000a2300000, 0x00000000a2400000, 0x00000000a2400000|100%| O|  |TAMS 0x00000000a2400000, 0x00000000a2300000| Untracked 
|   6|0x00000000a2400000, 0x00000000a2500000, 0x00000000a2500000|100%| O|  |TAMS 0x00000000a2500000, 0x00000000a2400000| Untracked 
|   7|0x00000000a2500000, 0x00000000a2600000, 0x00000000a2600000|100%| O|  |TAMS 0x00000000a2500000, 0x00000000a2500000| Untracked 
|   8|0x00000000a2600000, 0x00000000a2700000, 0x00000000a2700000|100%| O|  |TAMS 0x00000000a2600000, 0x00000000a2600000| Untracked 
|   9|0x00000000a2700000, 0x00000000a2800000, 0x00000000a2800000|100%| O|  |TAMS 0x00000000a2800000, 0x00000000a2700000| Untracked 
|  10|0x00000000a2800000, 0x00000000a2900000, 0x00000000a2900000|100%| O|  |TAMS 0x00000000a2900000, 0x00000000a2800000| Untracked 
|  11|0x00000000a2900000, 0x00000000a2a00000, 0x00000000a2a00000|100%| O|  |TAMS 0x00000000a2a00000, 0x00000000a2900000| Untracked 
|  12|0x00000000a2a00000, 0x00000000a2b00000, 0x00000000a2b00000|100%| O|  |TAMS 0x00000000a2b00000, 0x00000000a2a00000| Untracked 
|  13|0x00000000a2b00000, 0x00000000a2c00000, 0x00000000a2c00000|100%| O|  |TAMS 0x00000000a2c00000, 0x00000000a2b00000| Untracked 
|  14|0x00000000a2c00000, 0x00000000a2d00000, 0x00000000a2d00000|100%| O|  |TAMS 0x00000000a2d00000, 0x00000000a2c00000| Untracked 
|  15|0x00000000a2d00000, 0x00000000a2e00000, 0x00000000a2e00000|100%| O|  |TAMS 0x00000000a2e00000, 0x00000000a2d00000| Untracked 
|  16|0x00000000a2e00000, 0x00000000a2f00000, 0x00000000a2f00000|100%| O|  |TAMS 0x00000000a2f00000, 0x00000000a2e00000| Untracked 
|  17|0x00000000a2f00000, 0x00000000a3000000, 0x00000000a3000000|100%| O|  |TAMS 0x00000000a2f00000, 0x00000000a2f00000| Untracked 
|  18|0x00000000a3000000, 0x00000000a3100000, 0x00000000a3100000|100%| O|  |TAMS 0x00000000a3100000, 0x00000000a3000000| Untracked 
|  19|0x00000000a3100000, 0x00000000a3200000, 0x00000000a3200000|100%| O|  |TAMS 0x00000000a3200000, 0x00000000a3100000| Untracked 
|  20|0x00000000a3200000, 0x00000000a3300000, 0x00000000a3300000|100%| O|  |TAMS 0x00000000a3300000, 0x00000000a3200000| Untracked 
|  21|0x00000000a3300000, 0x00000000a3400000, 0x00000000a3400000|100%| O|  |TAMS 0x00000000a3400000, 0x00000000a3300000| Untracked 
|  22|0x00000000a3400000, 0x00000000a3500000, 0x00000000a3500000|100%| O|  |TAMS 0x00000000a3500000, 0x00000000a3400000| Untracked 
|  23|0x00000000a3500000, 0x00000000a3600000, 0x00000000a3600000|100%| O|  |TAMS 0x00000000a3600000, 0x00000000a3500000| Untracked 
|  24|0x00000000a3600000, 0x00000000a3700000, 0x00000000a3700000|100%| O|  |TAMS 0x00000000a3700000, 0x00000000a3600000| Untracked 
|  25|0x00000000a3700000, 0x00000000a3800000, 0x00000000a3800000|100%| O|  |TAMS 0x00000000a3800000, 0x00000000a3700000| Untracked 
|  26|0x00000000a3800000, 0x00000000a3900000, 0x00000000a3900000|100%| O|  |TAMS 0x00000000a3900000, 0x00000000a3800000| Untracked 
|  27|0x00000000a3900000, 0x00000000a3a00000, 0x00000000a3a00000|100%| O|  |TAMS 0x00000000a3a00000, 0x00000000a3900000| Untracked 
|  28|0x00000000a3a00000, 0x00000000a3b00000, 0x00000000a3b00000|100%| O|  |TAMS 0x00000000a3b00000, 0x00000000a3a00000| Untracked 
|  29|0x00000000a3b00000, 0x00000000a3c00000, 0x00000000a3c00000|100%| O|  |TAMS 0x00000000a3c00000, 0x00000000a3b00000| Untracked 
|  30|0x00000000a3c00000, 0x00000000a3d00000, 0x00000000a3d00000|100%| O|  |TAMS 0x00000000a3d00000, 0x00000000a3c00000| Untracked 
|  31|0x00000000a3d00000, 0x00000000a3e00000, 0x00000000a3e00000|100%|HS|  |TAMS 0x00000000a3e00000, 0x00000000a3d00000| Complete 
|  32|0x00000000a3e00000, 0x00000000a3f00000, 0x00000000a3f00000|100%|HC|  |TAMS 0x00000000a3f00000, 0x00000000a3e00000| Complete 
|  33|0x00000000a3f00000, 0x00000000a4000000, 0x00000000a4000000|100%| O|  |TAMS 0x00000000a4000000, 0x00000000a3f00000| Untracked 
|  34|0x00000000a4000000, 0x00000000a4100000, 0x00000000a4100000|100%| O|  |TAMS 0x00000000a4100000, 0x00000000a4000000| Untracked 
|  35|0x00000000a4100000, 0x00000000a4200000, 0x00000000a4200000|100%| O|  |TAMS 0x00000000a4200000, 0x00000000a4100000| Untracked 
|  36|0x00000000a4200000, 0x00000000a4300000, 0x00000000a4300000|100%| O|  |TAMS 0x00000000a4300000, 0x00000000a4200000| Untracked 
|  37|0x00000000a4300000, 0x00000000a4400000, 0x00000000a4400000|100%| O|  |TAMS 0x00000000a4400000, 0x00000000a4300000| Untracked 
|  38|0x00000000a4400000, 0x00000000a4500000, 0x00000000a4500000|100%| O|  |TAMS 0x00000000a4500000, 0x00000000a4400000| Untracked 
|  39|0x00000000a4500000, 0x00000000a4600000, 0x00000000a4600000|100%| O|  |TAMS 0x00000000a4600000, 0x00000000a4500000| Untracked 
|  40|0x00000000a4600000, 0x00000000a4700000, 0x00000000a4700000|100%| O|  |TAMS 0x00000000a4700000, 0x00000000a4600000| Untracked 
|  41|0x00000000a4700000, 0x00000000a4800000, 0x00000000a4800000|100%| O|  |TAMS 0x00000000a478bc00, 0x00000000a4700000| Untracked 
|  42|0x00000000a4800000, 0x00000000a48c4000, 0x00000000a4900000| 76%| O|  |TAMS 0x00000000a4800000, 0x00000000a4800000| Untracked 
|  43|0x00000000a4900000, 0x00000000a4a00000, 0x00000000a4a00000|100%|HS|  |TAMS 0x00000000a4900000, 0x00000000a4900000| Complete 
|  44|0x00000000a4a00000, 0x00000000a4b00000, 0x00000000a4b00000|100%|HC|  |TAMS 0x00000000a4a00000, 0x00000000a4a00000| Complete 
|  45|0x00000000a4b00000, 0x00000000a4c00000, 0x00000000a4c00000|100%| O|  |TAMS 0x00000000a4b00000, 0x00000000a4b00000| Untracked 
|  46|0x00000000a4c00000, 0x00000000a4d00000, 0x00000000a4d00000|100%| O|  |TAMS 0x00000000a4c00000, 0x00000000a4c00000| Untracked 
|  47|0x00000000a4d00000, 0x00000000a4e00000, 0x00000000a4e00000|100%| O|  |TAMS 0x00000000a4d00000, 0x00000000a4d00000| Untracked 
|  48|0x00000000a4e00000, 0x00000000a4f00000, 0x00000000a4f00000|100%| O|  |TAMS 0x00000000a4e00000, 0x00000000a4e00000| Untracked 
|  49|0x00000000a4f00000, 0x00000000a5000000, 0x00000000a5000000|100%| O|  |TAMS 0x00000000a4f00000, 0x00000000a4f00000| Untracked 
|  50|0x00000000a5000000, 0x00000000a5100000, 0x00000000a5100000|100%| O|  |TAMS 0x00000000a5000000, 0x00000000a5000000| Untracked 
|  51|0x00000000a5100000, 0x00000000a5200000, 0x00000000a5200000|100%| O|  |TAMS 0x00000000a5100000, 0x00000000a5100000| Untracked 
|  52|0x00000000a5200000, 0x00000000a5300000, 0x00000000a5300000|100%| O|  |TAMS 0x00000000a5200000, 0x00000000a5200000| Untracked 
|  53|0x00000000a5300000, 0x00000000a5400000, 0x00000000a5400000|100%| O|  |TAMS 0x00000000a5300000, 0x00000000a5300000| Untracked 
|  54|0x00000000a5400000, 0x00000000a5500000, 0x00000000a5500000|100%| O|  |TAMS 0x00000000a5400000, 0x00000000a5400000| Untracked 
|  55|0x00000000a5500000, 0x00000000a5600000, 0x00000000a5600000|100%| O|  |TAMS 0x00000000a5500000, 0x00000000a5500000| Untracked 
|  56|0x00000000a5600000, 0x00000000a5700000, 0x00000000a5700000|100%| O|  |TAMS 0x00000000a5600000, 0x00000000a5600000| Untracked 
|  57|0x00000000a5700000, 0x00000000a5800000, 0x00000000a5800000|100%| O|  |TAMS 0x00000000a5700000, 0x00000000a5700000| Untracked 
|  58|0x00000000a5800000, 0x00000000a5900000, 0x00000000a5900000|100%| O|  |TAMS 0x00000000a5800000, 0x00000000a5800000| Untracked 
|  59|0x00000000a5900000, 0x00000000a5a00000, 0x00000000a5a00000|100%| O|  |TAMS 0x00000000a5900000, 0x00000000a5900000| Untracked 
|  60|0x00000000a5a00000, 0x00000000a5b00000, 0x00000000a5b00000|100%| O|  |TAMS 0x00000000a5a00000, 0x00000000a5a00000| Untracked 
|  61|0x00000000a5b00000, 0x00000000a5c00000, 0x00000000a5c00000|100%| O|  |TAMS 0x00000000a5b00000, 0x00000000a5b00000| Untracked 
|  62|0x00000000a5c00000, 0x00000000a5d00000, 0x00000000a5d00000|100%| O|  |TAMS 0x00000000a5c00000, 0x00000000a5c00000| Untracked 
|  63|0x00000000a5d00000, 0x00000000a5e00000, 0x00000000a5e00000|100%| O|  |TAMS 0x00000000a5d00000, 0x00000000a5d00000| Untracked 
|  64|0x00000000a5e00000, 0x00000000a5f00000, 0x00000000a5f00000|100%| O|  |TAMS 0x00000000a5e00000, 0x00000000a5e00000| Untracked 
|  65|0x00000000a5f00000, 0x00000000a6000000, 0x00000000a6000000|100%| O|  |TAMS 0x00000000a5f00000, 0x00000000a5f00000| Untracked 
|  66|0x00000000a6000000, 0x00000000a6100000, 0x00000000a6100000|100%| O|  |TAMS 0x00000000a6000000, 0x00000000a6000000| Untracked 
|  67|0x00000000a6100000, 0x00000000a6200000, 0x00000000a6200000|100%| O|  |TAMS 0x00000000a6100000, 0x00000000a6100000| Untracked 
|  68|0x00000000a6200000, 0x00000000a6300000, 0x00000000a6300000|100%| O|  |TAMS 0x00000000a6200000, 0x00000000a6200000| Untracked 
|  69|0x00000000a6300000, 0x00000000a6400000, 0x00000000a6400000|100%| O|  |TAMS 0x00000000a6300000, 0x00000000a6300000| Untracked 
|  70|0x00000000a6400000, 0x00000000a6500000, 0x00000000a6500000|100%| O|  |TAMS 0x00000000a6400000, 0x00000000a6400000| Untracked 
|  71|0x00000000a6500000, 0x00000000a6600000, 0x00000000a6600000|100%| O|  |TAMS 0x00000000a6500000, 0x00000000a6500000| Untracked 
|  72|0x00000000a6600000, 0x00000000a6700000, 0x00000000a6700000|100%| O|  |TAMS 0x00000000a6600000, 0x00000000a6600000| Untracked 
|  73|0x00000000a6700000, 0x00000000a6800000, 0x00000000a6800000|100%| O|  |TAMS 0x00000000a6700000, 0x00000000a6700000| Untracked 
|  74|0x00000000a6800000, 0x00000000a6900000, 0x00000000a6900000|100%| O|  |TAMS 0x00000000a6800000, 0x00000000a6800000| Untracked 
|  75|0x00000000a6900000, 0x00000000a6a00000, 0x00000000a6a00000|100%| O|  |TAMS 0x00000000a6900000, 0x00000000a6900000| Untracked 
|  76|0x00000000a6a00000, 0x00000000a6b00000, 0x00000000a6b00000|100%| O|  |TAMS 0x00000000a6a00000, 0x00000000a6a00000| Untracked 
|  77|0x00000000a6b00000, 0x00000000a6c00000, 0x00000000a6c00000|100%| O|  |TAMS 0x00000000a6b00000, 0x00000000a6b00000| Untracked 
|  78|0x00000000a6c00000, 0x00000000a6d00000, 0x00000000a6d00000|100%| O|  |TAMS 0x00000000a6c00000, 0x00000000a6c00000| Untracked 
|  79|0x00000000a6d00000, 0x00000000a6e00000, 0x00000000a6e00000|100%| O|  |TAMS 0x00000000a6d00000, 0x00000000a6d00000| Untracked 
|  80|0x00000000a6e00000, 0x00000000a6f00000, 0x00000000a6f00000|100%| O|  |TAMS 0x00000000a6e00000, 0x00000000a6e00000| Untracked 
|  81|0x00000000a6f00000, 0x00000000a7000000, 0x00000000a7000000|100%| O|  |TAMS 0x00000000a6f00000, 0x00000000a6f00000| Untracked 
|  82|0x00000000a7000000, 0x00000000a7100000, 0x00000000a7100000|100%| O|  |TAMS 0x00000000a7000000, 0x00000000a7000000| Untracked 
|  83|0x00000000a7100000, 0x00000000a7200000, 0x00000000a7200000|100%| O|  |TAMS 0x00000000a7100000, 0x00000000a7100000| Untracked 
|  84|0x00000000a7200000, 0x00000000a7300000, 0x00000000a7300000|100%| O|  |TAMS 0x00000000a7200000, 0x00000000a7200000| Untracked 
|  85|0x00000000a7300000, 0x00000000a7400000, 0x00000000a7400000|100%| O|  |TAMS 0x00000000a7300000, 0x00000000a7300000| Untracked 
|  86|0x00000000a7400000, 0x00000000a7500000, 0x00000000a7500000|100%| O|  |TAMS 0x00000000a7400000, 0x00000000a7400000| Untracked 
|  87|0x00000000a7500000, 0x00000000a7600000, 0x00000000a7600000|100%| O|  |TAMS 0x00000000a7500000, 0x00000000a7500000| Untracked 
|  88|0x00000000a7600000, 0x00000000a7600000, 0x00000000a7700000|  0%| F|  |TAMS 0x00000000a7600000, 0x00000000a7600000| Untracked 
|  89|0x00000000a7700000, 0x00000000a7700000, 0x00000000a7800000|  0%| F|  |TAMS 0x00000000a7700000, 0x00000000a7700000| Untracked 
|  90|0x00000000a7800000, 0x00000000a7800000, 0x00000000a7900000|  0%| F|  |TAMS 0x00000000a7800000, 0x00000000a7800000| Untracked 
|  91|0x00000000a7900000, 0x00000000a7900000, 0x00000000a7a00000|  0%| F|  |TAMS 0x00000000a7900000, 0x00000000a7900000| Untracked 
|  92|0x00000000a7a00000, 0x00000000a7a00000, 0x00000000a7b00000|  0%| F|  |TAMS 0x00000000a7a00000, 0x00000000a7a00000| Untracked 
|  93|0x00000000a7b00000, 0x00000000a7b00000, 0x00000000a7c00000|  0%| F|  |TAMS 0x00000000a7b00000, 0x00000000a7b00000| Untracked 
|  94|0x00000000a7c00000, 0x00000000a7c00000, 0x00000000a7d00000|  0%| F|  |TAMS 0x00000000a7c00000, 0x00000000a7c00000| Untracked 
|  95|0x00000000a7d00000, 0x00000000a7d00000, 0x00000000a7e00000|  0%| F|  |TAMS 0x00000000a7d00000, 0x00000000a7d00000| Untracked 
|  96|0x00000000a7e00000, 0x00000000a7e00000, 0x00000000a7f00000|  0%| F|  |TAMS 0x00000000a7e00000, 0x00000000a7e00000| Untracked 
|  97|0x00000000a7f00000, 0x00000000a7f00000, 0x00000000a8000000|  0%| F|  |TAMS 0x00000000a7f00000, 0x00000000a7f00000| Untracked 
|  98|0x00000000a8000000, 0x00000000a8000000, 0x00000000a8100000|  0%| F|  |TAMS 0x00000000a8000000, 0x00000000a8000000| Untracked 
|  99|0x00000000a8100000, 0x00000000a8100000, 0x00000000a8200000|  0%| F|  |TAMS 0x00000000a8100000, 0x00000000a8100000| Untracked 
| 100|0x00000000a8200000, 0x00000000a8200000, 0x00000000a8300000|  0%| F|  |TAMS 0x00000000a8200000, 0x00000000a8200000| Untracked 
| 101|0x00000000a8300000, 0x00000000a8300000, 0x00000000a8400000|  0%| F|  |TAMS 0x00000000a8300000, 0x00000000a8300000| Untracked 
| 102|0x00000000a8400000, 0x00000000a8400000, 0x00000000a8500000|  0%| F|  |TAMS 0x00000000a8400000, 0x00000000a8400000| Untracked 
| 103|0x00000000a8500000, 0x00000000a8500000, 0x00000000a8600000|  0%| F|  |TAMS 0x00000000a8500000, 0x00000000a8500000| Untracked 
| 104|0x00000000a8600000, 0x00000000a8600000, 0x00000000a8700000|  0%| F|  |TAMS 0x00000000a8600000, 0x00000000a8600000| Untracked 
| 105|0x00000000a8700000, 0x00000000a8700000, 0x00000000a8800000|  0%| F|  |TAMS 0x00000000a8700000, 0x00000000a8700000| Untracked 
| 106|0x00000000a8800000, 0x00000000a8800000, 0x00000000a8900000|  0%| F|  |TAMS 0x00000000a8800000, 0x00000000a8800000| Untracked 
| 107|0x00000000a8900000, 0x00000000a8900000, 0x00000000a8a00000|  0%| F|  |TAMS 0x00000000a8900000, 0x00000000a8900000| Untracked 
| 108|0x00000000a8a00000, 0x00000000a8a00000, 0x00000000a8b00000|  0%| F|  |TAMS 0x00000000a8a00000, 0x00000000a8a00000| Untracked 
| 109|0x00000000a8b00000, 0x00000000a8b00000, 0x00000000a8c00000|  0%| F|  |TAMS 0x00000000a8b00000, 0x00000000a8b00000| Untracked 
| 110|0x00000000a8c00000, 0x00000000a8c00000, 0x00000000a8d00000|  0%| F|  |TAMS 0x00000000a8c00000, 0x00000000a8c00000| Untracked 
| 111|0x00000000a8d00000, 0x00000000a8d00000, 0x00000000a8e00000|  0%| F|  |TAMS 0x00000000a8d00000, 0x00000000a8d00000| Untracked 
| 112|0x00000000a8e00000, 0x00000000a8e00000, 0x00000000a8f00000|  0%| F|  |TAMS 0x00000000a8e00000, 0x00000000a8e00000| Untracked 
| 113|0x00000000a8f00000, 0x00000000a8f00000, 0x00000000a9000000|  0%| F|  |TAMS 0x00000000a8f00000, 0x00000000a8f00000| Untracked 
| 114|0x00000000a9000000, 0x00000000a9000000, 0x00000000a9100000|  0%| F|  |TAMS 0x00000000a9000000, 0x00000000a9000000| Untracked 
| 115|0x00000000a9100000, 0x00000000a9100000, 0x00000000a9200000|  0%| F|  |TAMS 0x00000000a9100000, 0x00000000a9100000| Untracked 
| 116|0x00000000a9200000, 0x00000000a9200000, 0x00000000a9300000|  0%| F|  |TAMS 0x00000000a9200000, 0x00000000a9200000| Untracked 
| 117|0x00000000a9300000, 0x00000000a9300000, 0x00000000a9400000|  0%| F|  |TAMS 0x00000000a9300000, 0x00000000a9300000| Untracked 
| 118|0x00000000a9400000, 0x00000000a9400000, 0x00000000a9500000|  0%| F|  |TAMS 0x00000000a9400000, 0x00000000a9400000| Untracked 
| 119|0x00000000a9500000, 0x00000000a9500000, 0x00000000a9600000|  0%| F|  |TAMS 0x00000000a9500000, 0x00000000a9500000| Untracked 
| 120|0x00000000a9600000, 0x00000000a9600000, 0x00000000a9700000|  0%| F|  |TAMS 0x00000000a9600000, 0x00000000a9600000| Untracked 
| 121|0x00000000a9700000, 0x00000000a9700000, 0x00000000a9800000|  0%| F|  |TAMS 0x00000000a9700000, 0x00000000a9700000| Untracked 
| 122|0x00000000a9800000, 0x00000000a9900000, 0x00000000a9900000|100%| S|CS|TAMS 0x00000000a9800000, 0x00000000a9800000| Complete 
| 123|0x00000000a9900000, 0x00000000a9900000, 0x00000000a9a00000|  0%| F|  |TAMS 0x00000000a9900000, 0x00000000a9900000| Untracked 
| 124|0x00000000a9a00000, 0x00000000a9a00000, 0x00000000a9b00000|  0%| F|  |TAMS 0x00000000a9a00000, 0x00000000a9a00000| Untracked 
| 125|0x00000000a9b00000, 0x00000000a9b00000, 0x00000000a9c00000|  0%| F|  |TAMS 0x00000000a9b00000, 0x00000000a9b00000| Untracked 
| 126|0x00000000a9c00000, 0x00000000a9c00000, 0x00000000a9d00000|  0%| F|  |TAMS 0x00000000a9c00000, 0x00000000a9c00000| Untracked 
| 127|0x00000000a9d00000, 0x00000000a9d00000, 0x00000000a9e00000|  0%| F|  |TAMS 0x00000000a9d00000, 0x00000000a9d00000| Untracked 
| 128|0x00000000a9e00000, 0x00000000a9e00000, 0x00000000a9f00000|  0%| F|  |TAMS 0x00000000a9e00000, 0x00000000a9e00000| Untracked 
| 129|0x00000000a9f00000, 0x00000000a9f00000, 0x00000000aa000000|  0%| F|  |TAMS 0x00000000a9f00000, 0x00000000a9f00000| Untracked 
| 130|0x00000000aa000000, 0x00000000aa000000, 0x00000000aa100000|  0%| F|  |TAMS 0x00000000aa000000, 0x00000000aa000000| Untracked 
| 131|0x00000000aa100000, 0x00000000aa100000, 0x00000000aa200000|  0%| F|  |TAMS 0x00000000aa100000, 0x00000000aa100000| Untracked 
| 132|0x00000000aa200000, 0x00000000aa200000, 0x00000000aa300000|  0%| F|  |TAMS 0x00000000aa200000, 0x00000000aa200000| Untracked 
| 133|0x00000000aa300000, 0x00000000aa300000, 0x00000000aa400000|  0%| F|  |TAMS 0x00000000aa300000, 0x00000000aa300000| Untracked 
| 134|0x00000000aa400000, 0x00000000aa400000, 0x00000000aa500000|  0%| F|  |TAMS 0x00000000aa400000, 0x00000000aa400000| Untracked 
| 135|0x00000000aa500000, 0x00000000aa500000, 0x00000000aa600000|  0%| F|  |TAMS 0x00000000aa500000, 0x00000000aa500000| Untracked 
| 136|0x00000000aa600000, 0x00000000aa600000, 0x00000000aa700000|  0%| F|  |TAMS 0x00000000aa600000, 0x00000000aa600000| Untracked 
| 137|0x00000000aa700000, 0x00000000aa700000, 0x00000000aa800000|  0%| F|  |TAMS 0x00000000aa700000, 0x00000000aa700000| Untracked 
| 138|0x00000000aa800000, 0x00000000aa800000, 0x00000000aa900000|  0%| F|  |TAMS 0x00000000aa800000, 0x00000000aa800000| Untracked 
| 139|0x00000000aa900000, 0x00000000aa900000, 0x00000000aaa00000|  0%| F|  |TAMS 0x00000000aa900000, 0x00000000aa900000| Untracked 
| 140|0x00000000aaa00000, 0x00000000aaa00000, 0x00000000aab00000|  0%| F|  |TAMS 0x00000000aaa00000, 0x00000000aaa00000| Untracked 
| 141|0x00000000aab00000, 0x00000000aab00000, 0x00000000aac00000|  0%| F|  |TAMS 0x00000000aab00000, 0x00000000aab00000| Untracked 
| 142|0x00000000aac00000, 0x00000000aac00000, 0x00000000aad00000|  0%| F|  |TAMS 0x00000000aac00000, 0x00000000aac00000| Untracked 
| 143|0x00000000aad00000, 0x00000000aad00000, 0x00000000aae00000|  0%| F|  |TAMS 0x00000000aad00000, 0x00000000aad00000| Untracked 
| 144|0x00000000aae00000, 0x00000000aae00000, 0x00000000aaf00000|  0%| F|  |TAMS 0x00000000aae00000, 0x00000000aae00000| Untracked 
| 145|0x00000000aaf00000, 0x00000000aaf00000, 0x00000000ab000000|  0%| F|  |TAMS 0x00000000aaf00000, 0x00000000aaf00000| Untracked 
| 146|0x00000000ab000000, 0x00000000ab000000, 0x00000000ab100000|  0%| F|  |TAMS 0x00000000ab000000, 0x00000000ab000000| Untracked 
| 147|0x00000000ab100000, 0x00000000ab100000, 0x00000000ab200000|  0%| F|  |TAMS 0x00000000ab100000, 0x00000000ab100000| Untracked 
| 148|0x00000000ab200000, 0x00000000ab200000, 0x00000000ab300000|  0%| F|  |TAMS 0x00000000ab200000, 0x00000000ab200000| Untracked 
| 149|0x00000000ab300000, 0x00000000ab300000, 0x00000000ab400000|  0%| F|  |TAMS 0x00000000ab300000, 0x00000000ab300000| Untracked 
| 150|0x00000000ab400000, 0x00000000ab400000, 0x00000000ab500000|  0%| F|  |TAMS 0x00000000ab400000, 0x00000000ab400000| Untracked 
| 151|0x00000000ab500000, 0x00000000ab500000, 0x00000000ab600000|  0%| F|  |TAMS 0x00000000ab500000, 0x00000000ab500000| Untracked 
| 152|0x00000000ab600000, 0x00000000ab600000, 0x00000000ab700000|  0%| F|  |TAMS 0x00000000ab600000, 0x00000000ab600000| Untracked 
| 153|0x00000000ab700000, 0x00000000ab700000, 0x00000000ab800000|  0%| F|  |TAMS 0x00000000ab700000, 0x00000000ab700000| Untracked 
| 154|0x00000000ab800000, 0x00000000ab800000, 0x00000000ab900000|  0%| F|  |TAMS 0x00000000ab800000, 0x00000000ab800000| Untracked 
| 155|0x00000000ab900000, 0x00000000ab900000, 0x00000000aba00000|  0%| F|  |TAMS 0x00000000ab900000, 0x00000000ab900000| Untracked 
| 156|0x00000000aba00000, 0x00000000aba00000, 0x00000000abb00000|  0%| F|  |TAMS 0x00000000aba00000, 0x00000000aba00000| Untracked 
| 157|0x00000000abb00000, 0x00000000abb00000, 0x00000000abc00000|  0%| F|  |TAMS 0x00000000abb00000, 0x00000000abb00000| Untracked 
| 158|0x00000000abc00000, 0x00000000abc00000, 0x00000000abd00000|  0%| F|  |TAMS 0x00000000abc00000, 0x00000000abc00000| Untracked 
| 159|0x00000000abd00000, 0x00000000abd00000, 0x00000000abe00000|  0%| F|  |TAMS 0x00000000abd00000, 0x00000000abd00000| Untracked 
| 160|0x00000000abe00000, 0x00000000abe00000, 0x00000000abf00000|  0%| F|  |TAMS 0x00000000abe00000, 0x00000000abe00000| Untracked 
| 161|0x00000000abf00000, 0x00000000abf00000, 0x00000000ac000000|  0%| F|  |TAMS 0x00000000abf00000, 0x00000000abf00000| Untracked 
| 162|0x00000000ac000000, 0x00000000ac000000, 0x00000000ac100000|  0%| F|  |TAMS 0x00000000ac000000, 0x00000000ac000000| Untracked 
| 163|0x00000000ac100000, 0x00000000ac100000, 0x00000000ac200000|  0%| F|  |TAMS 0x00000000ac100000, 0x00000000ac100000| Untracked 
| 164|0x00000000ac200000, 0x00000000ac200000, 0x00000000ac300000|  0%| F|  |TAMS 0x00000000ac200000, 0x00000000ac200000| Untracked 
| 165|0x00000000ac300000, 0x00000000ac300000, 0x00000000ac400000|  0%| F|  |TAMS 0x00000000ac300000, 0x00000000ac300000| Untracked 
| 166|0x00000000ac400000, 0x00000000ac400000, 0x00000000ac500000|  0%| F|  |TAMS 0x00000000ac400000, 0x00000000ac400000| Untracked 
| 167|0x00000000ac500000, 0x00000000ac500000, 0x00000000ac600000|  0%| F|  |TAMS 0x00000000ac500000, 0x00000000ac500000| Untracked 
| 168|0x00000000ac600000, 0x00000000ac600000, 0x00000000ac700000|  0%| F|  |TAMS 0x00000000ac600000, 0x00000000ac600000| Untracked 
| 169|0x00000000ac700000, 0x00000000ac700000, 0x00000000ac800000|  0%| F|  |TAMS 0x00000000ac700000, 0x00000000ac700000| Untracked 
| 170|0x00000000ac800000, 0x00000000ac800000, 0x00000000ac900000|  0%| F|  |TAMS 0x00000000ac800000, 0x00000000ac800000| Untracked 
| 171|0x00000000ac900000, 0x00000000ac900000, 0x00000000aca00000|  0%| F|  |TAMS 0x00000000ac900000, 0x00000000ac900000| Untracked 
| 172|0x00000000aca00000, 0x00000000aca00000, 0x00000000acb00000|  0%| F|  |TAMS 0x00000000aca00000, 0x00000000aca00000| Untracked 
| 173|0x00000000acb00000, 0x00000000acb00000, 0x00000000acc00000|  0%| F|  |TAMS 0x00000000acb00000, 0x00000000acb00000| Untracked 
| 174|0x00000000acc00000, 0x00000000acc00000, 0x00000000acd00000|  0%| F|  |TAMS 0x00000000acc00000, 0x00000000acc00000| Untracked 
| 175|0x00000000acd00000, 0x00000000acd00000, 0x00000000ace00000|  0%| F|  |TAMS 0x00000000acd00000, 0x00000000acd00000| Untracked 
| 176|0x00000000ace00000, 0x00000000ace00000, 0x00000000acf00000|  0%| F|  |TAMS 0x00000000ace00000, 0x00000000ace00000| Untracked 
| 177|0x00000000acf00000, 0x00000000acf00000, 0x00000000ad000000|  0%| F|  |TAMS 0x00000000acf00000, 0x00000000acf00000| Untracked 
| 178|0x00000000ad000000, 0x00000000ad000000, 0x00000000ad100000|  0%| F|  |TAMS 0x00000000ad000000, 0x00000000ad000000| Untracked 
| 179|0x00000000ad100000, 0x00000000ad100000, 0x00000000ad200000|  0%| F|  |TAMS 0x00000000ad100000, 0x00000000ad100000| Untracked 
| 180|0x00000000ad200000, 0x00000000ad200000, 0x00000000ad300000|  0%| F|  |TAMS 0x00000000ad200000, 0x00000000ad200000| Untracked 
| 181|0x00000000ad300000, 0x00000000ad300000, 0x00000000ad400000|  0%| F|  |TAMS 0x00000000ad300000, 0x00000000ad300000| Untracked 
| 182|0x00000000ad400000, 0x00000000ad400000, 0x00000000ad500000|  0%| F|  |TAMS 0x00000000ad400000, 0x00000000ad400000| Untracked 
| 183|0x00000000ad500000, 0x00000000ad500000, 0x00000000ad600000|  0%| F|  |TAMS 0x00000000ad500000, 0x00000000ad500000| Untracked 
| 184|0x00000000ad600000, 0x00000000ad600000, 0x00000000ad700000|  0%| F|  |TAMS 0x00000000ad600000, 0x00000000ad600000| Untracked 
| 185|0x00000000ad700000, 0x00000000ad700000, 0x00000000ad800000|  0%| F|  |TAMS 0x00000000ad700000, 0x00000000ad700000| Untracked 
| 186|0x00000000ad800000, 0x00000000ad800000, 0x00000000ad900000|  0%| F|  |TAMS 0x00000000ad800000, 0x00000000ad800000| Untracked 
| 187|0x00000000ad900000, 0x00000000ad900000, 0x00000000ada00000|  0%| F|  |TAMS 0x00000000ad900000, 0x00000000ad900000| Untracked 
| 188|0x00000000ada00000, 0x00000000ada00000, 0x00000000adb00000|  0%| F|  |TAMS 0x00000000ada00000, 0x00000000ada00000| Untracked 
| 189|0x00000000adb00000, 0x00000000adb00000, 0x00000000adc00000|  0%| F|  |TAMS 0x00000000adb00000, 0x00000000adb00000| Untracked 
| 190|0x00000000adc00000, 0x00000000adc00000, 0x00000000add00000|  0%| F|  |TAMS 0x00000000adc00000, 0x00000000adc00000| Untracked 
| 191|0x00000000add00000, 0x00000000add00000, 0x00000000ade00000|  0%| F|  |TAMS 0x00000000add00000, 0x00000000add00000| Untracked 
| 192|0x00000000ade00000, 0x00000000ade00000, 0x00000000adf00000|  0%| F|  |TAMS 0x00000000ade00000, 0x00000000ade00000| Untracked 
| 193|0x00000000adf00000, 0x00000000adf00000, 0x00000000ae000000|  0%| F|  |TAMS 0x00000000adf00000, 0x00000000adf00000| Untracked 
| 194|0x00000000ae000000, 0x00000000ae000000, 0x00000000ae100000|  0%| F|  |TAMS 0x00000000ae000000, 0x00000000ae000000| Untracked 
| 195|0x00000000ae100000, 0x00000000ae100000, 0x00000000ae200000|  0%| F|  |TAMS 0x00000000ae100000, 0x00000000ae100000| Untracked 
| 196|0x00000000ae200000, 0x00000000ae200000, 0x00000000ae300000|  0%| F|  |TAMS 0x00000000ae200000, 0x00000000ae200000| Untracked 
| 197|0x00000000ae300000, 0x00000000ae300000, 0x00000000ae400000|  0%| F|  |TAMS 0x00000000ae300000, 0x00000000ae300000| Untracked 
| 198|0x00000000ae400000, 0x00000000ae400000, 0x00000000ae500000|  0%| F|  |TAMS 0x00000000ae400000, 0x00000000ae400000| Untracked 
| 199|0x00000000ae500000, 0x00000000ae500000, 0x00000000ae600000|  0%| F|  |TAMS 0x00000000ae500000, 0x00000000ae500000| Untracked 
| 200|0x00000000ae600000, 0x00000000ae600000, 0x00000000ae700000|  0%| F|  |TAMS 0x00000000ae600000, 0x00000000ae600000| Untracked 
| 201|0x00000000ae700000, 0x00000000ae700000, 0x00000000ae800000|  0%| F|  |TAMS 0x00000000ae700000, 0x00000000ae700000| Untracked 
| 202|0x00000000ae800000, 0x00000000ae800000, 0x00000000ae900000|  0%| F|  |TAMS 0x00000000ae800000, 0x00000000ae800000| Untracked 

Card table byte_map: [0x0000015dc0110000,0x0000015dc0410000] _byte_map_base: 0x0000015dbfc01000

Marking Bits (Prev, Next): (CMBitMap*) 0x0000015dad65f690, (CMBitMap*) 0x0000015dad65f6d0
 Prev Bits: [0x0000015dc0710000, 0x0000015dc1e98000)
 Next Bits: [0x0000015dc1ea0000, 0x0000015dc3628000)

Polling page: 0x0000015dacdd0000

Metaspace:

Usage:
  Non-class:     54.07 MB used.
      Class:      7.15 MB used.
       Both:     61.22 MB used.

Virtual space:
  Non-class space:       64.00 MB reserved,      54.25 MB ( 85%) committed,  1 nodes.
      Class space:        1.00 GB reserved,       7.31 MB ( <1%) committed,  1 nodes.
             Both:        1.06 GB reserved,      61.56 MB (  6%) committed. 

Chunk freelists:
   Non-Class:  9.78 MB
       Class:  8.72 MB
        Both:  18.50 MB

MaxMetaspaceSize: unlimited
CompressedClassSpaceSize: 1.00 GB
Initial GC threshold: 21.00 MB
Current GC threshold: 87.94 MB
CDS: off
MetaspaceReclaimPolicy: balanced
 - commit_granule_bytes: 65536.
 - commit_granule_words: 8192.
 - virtual_space_node_default_size: 8388608.
 - enlarge_chunks_in_place: 1.
 - new_chunks_are_fully_committed: 0.
 - uncommit_free_chunks: 1.
 - use_allocation_guard: 0.
 - handle_deallocations: 1.


Internal statistics:

num_allocs_failed_limit: 3.
num_arena_births: 310.
num_arena_deaths: 0.
num_vsnodes_births: 2.
num_vsnodes_deaths: 0.
num_space_committed: 983.
num_space_uncommitted: 0.
num_chunks_returned_to_freelist: 3.
num_chunks_taken_from_freelist: 2301.
num_chunk_merges: 3.
num_chunk_splits: 1834.
num_chunks_enlarged: 1593.
num_inconsistent_stats: 0.

CodeHeap 'non-profiled nmethods': size=120000Kb used=2831Kb max_used=2831Kb free=117168Kb
 bounds [0x0000015db85b0000, 0x0000015db8880000, 0x0000015dbfae0000]
CodeHeap 'profiled nmethods': size=120000Kb used=15944Kb max_used=15944Kb free=104055Kb
 bounds [0x0000015db0ae0000, 0x0000015db1a80000, 0x0000015db8010000]
CodeHeap 'non-nmethods': size=5760Kb used=1297Kb max_used=1341Kb free=4462Kb
 bounds [0x0000015db8010000, 0x0000015db8280000, 0x0000015db85b0000]
 total_blobs=8711 nmethods=8102 adapters=517
 compilation: enabled
              stopped_count=0, restarted_count=0
 full_count=0

Compilation events (20 events):
Event: 19.029 Thread 0x0000015dc6347200 8969       4       org.jetbrains.kotlin.descriptors.impl.DeclarationDescriptorNonRootImpl::getContainingDeclaration (13 bytes)
Event: 19.030 Thread 0x0000015dc6347200 nmethod 8969 0x0000015db8871d90 code [0x0000015db8871f00, 0x0000015db8871f98]
Event: 19.030 Thread 0x0000015dc6347200 8918       4       org.jetbrains.kotlin.descriptors.impl.FunctionDescriptorImpl::getKind (14 bytes)
Event: 19.031 Thread 0x0000015dc6347200 nmethod 8918 0x0000015db8872090 code [0x0000015db8872200, 0x0000015db8872298]
Event: 19.032 Thread 0x0000015dc6347200 8945       4       org.jetbrains.kotlin.descriptors.impl.FunctionDescriptorImpl::getVisibility (14 bytes)
Event: 19.033 Thread 0x0000015dc6347200 nmethod 8945 0x0000015db8872390 code [0x0000015db8872500, 0x0000015db8872598]
Event: 19.033 Thread 0x0000015dc6347200 9030       4       org.jetbrains.kotlin.descriptors.impl.FunctionDescriptorImpl::getOverriddenDescriptors (31 bytes)
Event: 19.035 Thread 0x0000015dc6347200 nmethod 9030 0x0000015db8872690 code [0x0000015db8872800, 0x0000015db88728b8]
Event: 19.035 Thread 0x0000015dc6347200 9021       4       org.jetbrains.kotlin.resolve.DescriptorUtils::getContainingModule (62 bytes)
Event: 19.038 Thread 0x0000015dc6347200 nmethod 9021 0x0000015db8872990 code [0x0000015db8872b20, 0x0000015db8872c78]
Event: 19.038 Thread 0x0000015dc6347200 8860       4       java.util.AbstractSet::<init> (5 bytes)
Event: 19.040 Thread 0x0000015dc6347200 nmethod 8860 0x0000015db8872d90 code [0x0000015db8872f00, 0x0000015db8872f78]
Event: 19.040 Thread 0x0000015dc6347200 9022       4       java.util.HashSet::isEmpty (8 bytes)
Event: 19.041 Thread 0x0000015dc6347200 nmethod 9022 0x0000015db8873090 code [0x0000015db8873200, 0x0000015db8873298]
Event: 19.041 Thread 0x0000015dc6347200 9007       4       org.jetbrains.kotlin.com.intellij.util.keyFMap.EmptyFMap::get (10 bytes)
Event: 19.042 Thread 0x0000015dc6347200 nmethod 9007 0x0000015db8873390 code [0x0000015db8873500, 0x0000015db8873598]
Event: 19.043 Thread 0x0000015dc6347200 8974       4       kotlin.sequences.GeneratorSequence$iterator$1::calcNext (65 bytes)
Event: 19.047 Thread 0x0000015dc6347200 nmethod 8974 0x0000015db8873690 code [0x0000015db8873820, 0x0000015db8873a18]
Event: 19.047 Thread 0x0000015dc6347200 9053       4       java.util.HashMap::<init> (11 bytes)
Event: 19.048 Thread 0x0000015dc6347200 nmethod 9053 0x0000015db8873b90 code [0x0000015db8873d00, 0x0000015db8873d78]

GC Heap History (20 events):
Event: 10.539 GC heap after
{Heap after GC invocations=15 (full 0):
 garbage-first heap   total 78848K, used 40211K [0x00000000a1e00000, 0x0000000100000000)
  region size 1024K, 4 young (4096K), 4 survivors (4096K)
 Metaspace       used 49197K, committed 49472K, reserved 1114112K
  class space    used 5941K, committed 6080K, reserved 1048576K
}
Event: 10.901 GC heap before
{Heap before GC invocations=15 (full 0):
 garbage-first heap   total 78848K, used 48403K [0x00000000a1e00000, 0x0000000100000000)
  region size 1024K, 13 young (13312K), 4 survivors (4096K)
 Metaspace       used 51576K, committed 51840K, reserved 1114112K
  class space    used 6227K, committed 6336K, reserved 1048576K
}
Event: 10.912 GC heap after
{Heap after GC invocations=16 (full 0):
 garbage-first heap   total 78848K, used 41716K [0x00000000a1e00000, 0x0000000100000000)
  region size 1024K, 2 young (2048K), 2 survivors (2048K)
 Metaspace       used 51576K, committed 51840K, reserved 1114112K
  class space    used 6227K, committed 6336K, reserved 1048576K
}
Event: 11.055 GC heap before
{Heap before GC invocations=17 (full 0):
 garbage-first heap   total 81920K, used 60148K [0x00000000a1e00000, 0x0000000100000000)
  region size 1024K, 20 young (20480K), 2 survivors (2048K)
 Metaspace       used 51593K, committed 51840K, reserved 1114112K
  class space    used 6227K, committed 6336K, reserved 1048576K
}
Event: 11.060 GC heap after
{Heap after GC invocations=18 (full 0):
 garbage-first heap   total 81920K, used 42151K [0x00000000a1e00000, 0x0000000100000000)
  region size 1024K, 2 young (2048K), 2 survivors (2048K)
 Metaspace       used 51593K, committed 51840K, reserved 1114112K
  class space    used 6227K, committed 6336K, reserved 1048576K
}
Event: 11.065 GC heap before
{Heap before GC invocations=18 (full 0):
 garbage-first heap   total 81920K, used 44199K [0x00000000a1e00000, 0x0000000100000000)
  region size 1024K, 4 young (4096K), 2 survivors (2048K)
 Metaspace       used 51593K, committed 51840K, reserved 1114112K
  class space    used 6227K, committed 6336K, reserved 1048576K
}
Event: 11.076 GC heap after
{Heap after GC invocations=19 (full 0):
 garbage-first heap   total 81920K, used 41296K [0x00000000a1e00000, 0x0000000100000000)
  region size 1024K, 1 young (1024K), 1 survivors (1024K)
 Metaspace       used 51593K, committed 51840K, reserved 1114112K
  class space    used 6227K, committed 6336K, reserved 1048576K
}
Event: 12.011 GC heap before
{Heap before GC invocations=19 (full 0):
 garbage-first heap   total 81920K, used 63824K [0x00000000a1e00000, 0x0000000100000000)
  region size 1024K, 23 young (23552K), 1 survivors (1024K)
 Metaspace       used 53602K, committed 53888K, reserved 1114112K
  class space    used 6418K, committed 6528K, reserved 1048576K
}
Event: 12.033 GC heap after
{Heap after GC invocations=20 (full 0):
 garbage-first heap   total 207872K, used 46864K [0x00000000a1e00000, 0x0000000100000000)
  region size 1024K, 3 young (3072K), 3 survivors (3072K)
 Metaspace       used 53602K, committed 53888K, reserved 1114112K
  class space    used 6418K, committed 6528K, reserved 1048576K
}
Event: 15.773 GC heap before
{Heap before GC invocations=21 (full 0):
 garbage-first heap   total 163840K, used 133904K [0x00000000a1e00000, 0x0000000100000000)
  region size 1024K, 87 young (89088K), 3 survivors (3072K)
 Metaspace       used 59425K, committed 59776K, reserved 1114112K
  class space    used 6987K, committed 7168K, reserved 1048576K
}
Event: 15.829 GC heap after
{Heap after GC invocations=22 (full 0):
 garbage-first heap   total 163840K, used 66285K [0x00000000a1e00000, 0x0000000100000000)
  region size 1024K, 12 young (12288K), 12 survivors (12288K)
 Metaspace       used 59425K, committed 59776K, reserved 1114112K
  class space    used 6987K, committed 7168K, reserved 1048576K
}
Event: 15.881 GC heap before
{Heap before GC invocations=22 (full 0):
 garbage-first heap   total 163840K, used 67309K [0x00000000a1e00000, 0x0000000100000000)
  region size 1024K, 13 young (13312K), 12 survivors (12288K)
 Metaspace       used 59460K, committed 59776K, reserved 1114112K
  class space    used 6989K, committed 7168K, reserved 1048576K
}
Event: 15.907 GC heap after
{Heap after GC invocations=23 (full 0):
 garbage-first heap   total 163840K, used 67710K [0x00000000a1e00000, 0x0000000100000000)
  region size 1024K, 2 young (2048K), 2 survivors (2048K)
 Metaspace       used 59460K, committed 59776K, reserved 1114112K
  class space    used 6989K, committed 7168K, reserved 1048576K
}
Event: 16.948 GC heap before
{Heap before GC invocations=23 (full 0):
 garbage-first heap   total 163840K, used 113790K [0x00000000a1e00000, 0x0000000100000000)
  region size 1024K, 47 young (48128K), 2 survivors (2048K)
 Metaspace       used 60474K, committed 60800K, reserved 1114112K
  class space    used 7051K, committed 7232K, reserved 1048576K
}
Event: 16.968 GC heap after
{Heap after GC invocations=24 (full 0):
 garbage-first heap   total 163840K, used 75024K [0x00000000a1e00000, 0x0000000100000000)
  region size 1024K, 6 young (6144K), 6 survivors (6144K)
 Metaspace       used 60474K, committed 60800K, reserved 1114112K
  class space    used 7051K, committed 7232K, reserved 1048576K
}
Event: 17.464 GC heap before
{Heap before GC invocations=24 (full 0):
 garbage-first heap   total 163840K, used 119056K [0x00000000a1e00000, 0x0000000100000000)
  region size 1024K, 49 young (50176K), 6 survivors (6144K)
 Metaspace       used 60683K, committed 60992K, reserved 1114112K
  class space    used 7055K, committed 7232K, reserved 1048576K
}
Event: 17.491 GC heap after
{Heap after GC invocations=25 (full 0):
 garbage-first heap   total 163840K, used 82475K [0x00000000a1e00000, 0x0000000100000000)
  region size 1024K, 7 young (7168K), 7 survivors (7168K)
 Metaspace       used 60683K, committed 60992K, reserved 1114112K
  class space    used 7055K, committed 7232K, reserved 1048576K
}
Event: 18.540 GC heap before
{Heap before GC invocations=25 (full 0):
 garbage-first heap   total 163840K, used 123435K [0x00000000a1e00000, 0x0000000100000000)
  region size 1024K, 47 young (48128K), 7 survivors (7168K)
 Metaspace       used 61852K, committed 62144K, reserved 1114112K
  class space    used 7200K, committed 7360K, reserved 1048576K
}
Event: 18.570 GC heap after
{Heap after GC invocations=26 (full 0):
 garbage-first heap   total 163840K, used 89228K [0x00000000a1e00000, 0x0000000100000000)
  region size 1024K, 6 young (6144K), 6 survivors (6144K)
 Metaspace       used 61852K, committed 62144K, reserved 1114112K
  class space    used 7200K, committed 7360K, reserved 1048576K
}
Event: 19.061 GC heap before
{Heap before GC invocations=26 (full 0):
 garbage-first heap   total 163840K, used 127116K [0x00000000a1e00000, 0x0000000100000000)
  region size 1024K, 43 young (44032K), 6 survivors (6144K)
 Metaspace       used 62685K, committed 63040K, reserved 1114112K
  class space    used 7319K, committed 7488K, reserved 1048576K
}

Dll operation events (2 events):
Event: 0.031 Loaded shared library C:\Program Files\Android\Android Studio\jbr\bin\java.dll
Event: 4.369 Loaded shared library C:\Program Files\Android\Android Studio\jbr\bin\verify.dll

Deoptimization events (20 events):
Event: 18.895 Thread 0x0000015dad613910 Uncommon trap: trap_request=0xffffffde fr.pc=0x0000015db8663184 relative=0x0000000000000544
Event: 18.895 Thread 0x0000015dad613910 Uncommon trap: reason=class_check action=maybe_recompile pc=0x0000015db8663184 method=java.util.regex.Matcher.search(I)Z @ 121 c2
Event: 18.896 Thread 0x0000015dad613910 DEOPT PACKING pc=0x0000015db8663184 sp=0x00000004c94fe130
Event: 18.896 Thread 0x0000015dad613910 DEOPT UNPACKING pc=0x0000015db80669a3 sp=0x00000004c94fe0d0 mode 2
Event: 18.896 Thread 0x0000015dad613910 Uncommon trap: trap_request=0xffffffde fr.pc=0x0000015db8663184 relative=0x0000000000000544
Event: 18.896 Thread 0x0000015dad613910 Uncommon trap: reason=class_check action=maybe_recompile pc=0x0000015db8663184 method=java.util.regex.Matcher.search(I)Z @ 121 c2
Event: 18.896 Thread 0x0000015dad613910 DEOPT PACKING pc=0x0000015db8663184 sp=0x00000004c94fe130
Event: 18.896 Thread 0x0000015dad613910 DEOPT UNPACKING pc=0x0000015db80669a3 sp=0x00000004c94fe0d0 mode 2
Event: 18.896 Thread 0x0000015dad613910 Uncommon trap: trap_request=0xffffffde fr.pc=0x0000015db8663184 relative=0x0000000000000544
Event: 18.896 Thread 0x0000015dad613910 Uncommon trap: reason=class_check action=maybe_recompile pc=0x0000015db8663184 method=java.util.regex.Matcher.search(I)Z @ 121 c2
Event: 18.896 Thread 0x0000015dad613910 DEOPT PACKING pc=0x0000015db8663184 sp=0x00000004c94fe130
Event: 18.896 Thread 0x0000015dad613910 DEOPT UNPACKING pc=0x0000015db80669a3 sp=0x00000004c94fe0d0 mode 2
Event: 18.951 Thread 0x0000015dad613910 Uncommon trap: trap_request=0xffffff45 fr.pc=0x0000015db879e6a0 relative=0x0000000000000260
Event: 18.951 Thread 0x0000015dad613910 Uncommon trap: reason=unstable_if action=reinterpret pc=0x0000015db879e6a0 method=org.jetbrains.kotlin.descriptors.DescriptorVisibilities.findInvisibleMember(Lorg/jetbrains/kotlin/resolve/scopes/receivers/ReceiverValue;Lorg/jetbrains/kotlin/descriptors/De
Event: 18.951 Thread 0x0000015dad613910 DEOPT PACKING pc=0x0000015db879e6a0 sp=0x00000004c94fbcf0
Event: 18.951 Thread 0x0000015dad613910 DEOPT UNPACKING pc=0x0000015db80669a3 sp=0x00000004c94fbc98 mode 2
Event: 18.965 Thread 0x0000015dad613910 Uncommon trap: trap_request=0xffffffc6 fr.pc=0x0000015db87cf5ac relative=0x00000000000008cc
Event: 18.965 Thread 0x0000015dad613910 Uncommon trap: reason=bimorphic_or_optimized_type_check action=maybe_recompile pc=0x0000015db87cf5ac method=org.jetbrains.kotlin.com.intellij.psi.impl.source.tree.CompositeElement.getChildren(Lorg/jetbrains/kotlin/com/intellij/psi/tree/TokenSet;)[Lorg/jet
Event: 18.965 Thread 0x0000015dad613910 DEOPT PACKING pc=0x0000015db87cf5ac sp=0x00000004c94fa990
Event: 18.965 Thread 0x0000015dad613910 DEOPT UNPACKING pc=0x0000015db80669a3 sp=0x00000004c94fa968 mode 2

Classes unloaded (0 events):
No events

Classes redefined (0 events):
No events

Internal exceptions (20 events):
Event: 11.301 Thread 0x0000015dad613910 Exception <a 'java/lang/NoSuchMethodError'{0x00000000a67e6ee8}: 'java.lang.Object java.lang.invoke.DirectMethodHandle$Holder.newInvokeSpecial(java.lang.Object, java.lang.Object, java.lang.Object, java.lang.Object, java.lang.Object, java.lang.Object)'> (0x00000000a67e6ee8) 
thrown [s\src\hotspot\share\interpreter\linkResolver.cpp, line 771]
Event: 11.894 Thread 0x0000015dad613910 Exception <a 'java/lang/NoSuchMethodError'{0x00000000a5bee768}: 'java.lang.Object java.lang.invoke.DirectMethodHandle$Holder.newInvokeSpecial(java.lang.Object, java.lang.Object, java.lang.Object, java.lang.Object, java.lang.Object, java.lang.Object, java.lang.Object, java.lang.Object)'> (0x00000000a5bee768) 
thrown [s\src\hotspot\share\interpreter\linkResolver.cpp, line 771]
Event: 11.895 Thread 0x0000015dad613910 Exception <a 'java/lang/NoSuchMethodError'{0x00000000a5bf3d80}: 'java.lang.Object java.lang.invoke.DirectMethodHandle$Holder.invokeSpecial(java.lang.Object, java.lang.Object, java.lang.Object, java.lang.Object, java.lang.Object, java.lang.Object, java.lang.Object, java.lang.Object, java.lang.Object)'> (0x00000000a5bf3d80) 
thrown [s\src\hotspot\share\interpreter\linkResolver.cpp, line 771]
Event: 11.896 Thread 0x0000015dad613910 Exception <a 'java/lang/NoSuchMethodError'{0x00000000a5bf8cb0}: 'java.lang.Object java.lang.invoke.Invokers$Holder.linkToTargetMethod(java.lang.Object, java.lang.Object, java.lang.Object, java.lang.Object, java.lang.Object, java.lang.Object, java.lang.Object, java.lang.Object)'> (0x00000000a5bf8cb0) 
thrown [s\src\hotspot\share\interpreter\linkResolver.cpp, line 771]
Event: 12.743 Thread 0x0000015dad613910 Exception <a 'java/lang/NoSuchMethodError'{0x00000000aab480d8}: 'java.lang.Object java.lang.invoke.DirectMethodHandle$Holder.invokeStatic(java.lang.Object, java.lang.Object, java.lang.Object, java.lang.Object, int)'> (0x00000000aab480d8) 
thrown [s\src\hotspot\share\interpreter\linkResolver.cpp, line 771]
Event: 12.744 Thread 0x0000015dad613910 Exception <a 'java/lang/NoSuchMethodError'{0x00000000aab51a20}: 'java.lang.Object java.lang.invoke.DirectMethodHandle$Holder.newInvokeSpecial(java.lang.Object, java.lang.Object, java.lang.Object, java.lang.Object, int)'> (0x00000000aab51a20) 
thrown [s\src\hotspot\share\interpreter\linkResolver.cpp, line 771]
Event: 12.745 Thread 0x0000015dad613910 Exception <a 'java/lang/NoSuchMethodError'{0x00000000aab59848}: 'java.lang.Object java.lang.invoke.Invokers$Holder.linkToTargetMethod(java.lang.Object, java.lang.Object, java.lang.Object, int, java.lang.Object)'> (0x00000000aab59848) 
thrown [s\src\hotspot\share\interpreter\linkResolver.cpp, line 771]
Event: 13.554 Thread 0x0000015dad613910 Implicit null exception at 0x0000015db874f58a to 0x0000015db874f7e8
Event: 13.567 Thread 0x0000015dad613910 Implicit null exception at 0x0000015db870b2cc to 0x0000015db870b3a8
Event: 13.611 Thread 0x0000015dad613910 Implicit null exception at 0x0000015db85ffa0e to 0x0000015db85ffc4c
Event: 14.226 Thread 0x0000015dad613910 Exception <a 'java/lang/NoSuchMethodError'{0x00000000a8acdf80}: 'void java.lang.invoke.DirectMethodHandle$Holder.invokeInterface(java.lang.Object, java.lang.Object)'> (0x00000000a8acdf80) 
thrown [s\src\hotspot\share\interpreter\linkResolver.cpp, line 771]
Event: 16.167 Thread 0x0000015dad613910 Exception <a 'java/lang/NoSuchMethodError'{0x00000000ab74d0d0}: 'int java.lang.invoke.DirectMethodHandle$Holder.invokeInterface(java.lang.Object, java.lang.Object)'> (0x00000000ab74d0d0) 
thrown [s\src\hotspot\share\interpreter\linkResolver.cpp, line 771]
Event: 16.247 Thread 0x0000015dad613910 Exception <a 'java/lang/NoSuchMethodError'{0x00000000ab515828}: 'java.lang.Object java.lang.invoke.DirectMethodHandle$Holder.invokeStaticInit(java.lang.Object, java.lang.Object, java.lang.Object)'> (0x00000000ab515828) 
thrown [s\src\hotspot\share\interpreter\linkResolver.cpp, line 771]
Event: 16.254 Thread 0x0000015dad613910 Exception <a 'java/lang/NoSuchMethodError'{0x00000000ab5363a8}: 'java.lang.Object java.lang.invoke.DirectMethodHandle$Holder.newInvokeSpecial(java.lang.Object, int, java.lang.Object)'> (0x00000000ab5363a8) 
thrown [s\src\hotspot\share\interpreter\linkResolver.cpp, line 771]
Event: 17.939 Thread 0x0000015dad613910 Exception <a 'java/lang/NoSuchMethodError'{0x00000000aa316570}: 'java.lang.Object java.lang.invoke.DirectMethodHandle$Holder.newInvokeSpecial(java.lang.Object, int, java.lang.Object, java.lang.Object)'> (0x00000000aa316570) 
thrown [s\src\hotspot\share\interpreter\linkResolver.cpp, line 771]
Event: 18.285 Thread 0x0000015dad613910 Implicit null exception at 0x0000015db8749057 to 0x0000015db8749a5c
Event: 18.353 Thread 0x0000015dad613910 Exception <a 'java/lang/NoSuchMethodError'{0x00000000a9a17fa0}: 'java.lang.Object java.lang.invoke.DirectMethodHandle$Holder.invokeStatic(java.lang.Object, int, java.lang.Object)'> (0x00000000a9a17fa0) 
thrown [s\src\hotspot\share\interpreter\linkResolver.cpp, line 771]
Event: 18.534 Thread 0x0000015dad613910 Implicit null exception at 0x0000015db86c239a to 0x0000015db86c2508
Event: 18.534 Thread 0x0000015dad613910 Implicit null exception at 0x0000015db8617258 to 0x0000015db86172ea
Event: 18.577 Thread 0x0000015dad613910 Implicit null exception at 0x0000015db860fd8f to 0x0000015db860fe05

VM Operations (20 events):
Event: 18.135 Executing VM operation: ICBufferFull done
Event: 18.281 Executing VM operation: HandshakeAllThreads
Event: 18.281 Executing VM operation: HandshakeAllThreads done
Event: 18.334 Executing VM operation: ICBufferFull
Event: 18.334 Executing VM operation: ICBufferFull done
Event: 18.356 Executing VM operation: HandshakeAllThreads
Event: 18.356 Executing VM operation: HandshakeAllThreads done
Event: 18.453 Executing VM operation: HandshakeAllThreads
Event: 18.453 Executing VM operation: HandshakeAllThreads done
Event: 18.504 Executing VM operation: HandshakeAllThreads
Event: 18.504 Executing VM operation: HandshakeAllThreads done
Event: 18.540 Executing VM operation: G1CollectForAllocation
Event: 18.570 Executing VM operation: G1CollectForAllocation done
Event: 18.709 Executing VM operation: ICBufferFull
Event: 18.709 Executing VM operation: ICBufferFull done
Event: 18.940 Executing VM operation: ICBufferFull
Event: 18.940 Executing VM operation: ICBufferFull done
Event: 18.969 Executing VM operation: HandshakeAllThreads
Event: 18.969 Executing VM operation: HandshakeAllThreads done
Event: 19.061 Executing VM operation: G1CollectForAllocation

Events (20 events):
Event: 15.397 Thread 0x0000015dc634a4c0 flushing nmethod 0x0000015db1530390
Event: 15.397 Thread 0x0000015dc634a4c0 flushing nmethod 0x0000015db1546b90
Event: 15.397 Thread 0x0000015dc634a4c0 flushing nmethod 0x0000015db155a810
Event: 15.398 Thread 0x0000015dc634a4c0 flushing nmethod 0x0000015db1561990
Event: 15.398 Thread 0x0000015dc634a4c0 flushing nmethod 0x0000015db159d490
Event: 15.399 Thread 0x0000015dc634a4c0 flushing nmethod 0x0000015db15a4590
Event: 15.399 Thread 0x0000015dc634a4c0 flushing nmethod 0x0000015db15a5190
Event: 15.399 Thread 0x0000015dc634a4c0 flushing nmethod 0x0000015db15bbe90
Event: 15.399 Thread 0x0000015dc634a4c0 flushing nmethod 0x0000015db15cfc10
Event: 15.399 Thread 0x0000015dc634a4c0 flushing nmethod 0x0000015db15d3d10
Event: 15.399 Thread 0x0000015dc634a4c0 flushing nmethod 0x0000015db15f0290
Event: 15.400 Thread 0x0000015dc634a4c0 flushing nmethod 0x0000015db1602190
Event: 15.400 Thread 0x0000015dc634a4c0 flushing nmethod 0x0000015db1604110
Event: 15.400 Thread 0x0000015dc634a4c0 flushing nmethod 0x0000015db1617510
Event: 15.401 Thread 0x0000015dc634a4c0 flushing nmethod 0x0000015db169e010
Event: 15.403 Thread 0x0000015dc634a4c0 flushing nmethod 0x0000015db1719b10
Event: 15.403 Thread 0x0000015dc634a4c0 flushing nmethod 0x0000015db1737510
Event: 15.403 Thread 0x0000015dc634a4c0 flushing nmethod 0x0000015db1755290
Event: 15.404 Thread 0x0000015dc634a4c0 flushing nmethod 0x0000015db17d6310
Event: 15.405 Thread 0x0000015dc634a4c0 flushing nmethod 0x0000015db183af90


Dynamic libraries:
0x00007ff772a10000 - 0x00007ff772a1a000 	C:\Program Files\Android\Android Studio\jbr\bin\java.exe
0x00007ff8d4ed0000 - 0x00007ff8d50c8000 	C:\Windows\SYSTEM32\ntdll.dll
0x00007ff8a7e20000 - 0x00007ff8a7e39000 	C:\Program Files\Avast Software\Avast\aswhook.dll
0x00007ff8d4af0000 - 0x00007ff8d4bad000 	C:\Windows\System32\KERNEL32.DLL
0x00007ff8d28d0000 - 0x00007ff8d2bc6000 	C:\Windows\System32\KERNELBASE.dll
0x00007ff8cf950000 - 0x00007ff8cf9e0000 	C:\Windows\SYSTEM32\apphelp.dll
0x00007ff8d2760000 - 0x00007ff8d2860000 	C:\Windows\System32\ucrtbase.dll
0x00007ff8c97d0000 - 0x00007ff8c97eb000 	C:\Program Files\Android\Android Studio\jbr\bin\VCRUNTIME140.dll
0x00007ff8a18e0000 - 0x00007ff8a18f7000 	C:\Program Files\Android\Android Studio\jbr\bin\jli.dll
0x00007ff8d4590000 - 0x00007ff8d472f000 	C:\Windows\System32\USER32.dll
0x00007ff8b1c60000 - 0x00007ff8b1efa000 	C:\Windows\WinSxS\amd64_microsoft.windows.common-controls_6595b64144ccf1df_6.0.19041.3636_none_60b6a03d71f818d5\COMCTL32.dll
0x00007ff8d2730000 - 0x00007ff8d2752000 	C:\Windows\System32\win32u.dll
0x00007ff8d4dd0000 - 0x00007ff8d4dfb000 	C:\Windows\System32\GDI32.dll
0x00007ff8d4be0000 - 0x00007ff8d4c7e000 	C:\Windows\System32\msvcrt.dll
0x00007ff8d2de0000 - 0x00007ff8d2ef7000 	C:\Windows\System32\gdi32full.dll
0x00007ff8d2c80000 - 0x00007ff8d2d1d000 	C:\Windows\System32\msvcp_win.dll
0x00007ff8d4d30000 - 0x00007ff8d4d62000 	C:\Windows\System32\IMM32.DLL
0x00007ff8cab40000 - 0x00007ff8cab4c000 	C:\Program Files\Android\Android Studio\jbr\bin\vcruntime140_1.dll
0x00007ff89f080000 - 0x00007ff89f10d000 	C:\Program Files\Android\Android Studio\jbr\bin\msvcp140.dll
0x00007ff884740000 - 0x00007ff8853c0000 	C:\Program Files\Android\Android Studio\jbr\bin\server\jvm.dll
0x00007ff8d38b0000 - 0x00007ff8d3960000 	C:\Windows\System32\ADVAPI32.dll
0x00007ff8d3640000 - 0x00007ff8d36e0000 	C:\Windows\System32\sechost.dll
0x00007ff8d3370000 - 0x00007ff8d3493000 	C:\Windows\System32\RPCRT4.dll
0x00007ff8d2d20000 - 0x00007ff8d2d47000 	C:\Windows\System32\bcrypt.dll
0x00007ff8c91a0000 - 0x00007ff8c91c7000 	C:\Windows\SYSTEM32\WINMM.dll
0x00007ff8bfc40000 - 0x00007ff8bfc49000 	C:\Windows\SYSTEM32\WSOCK32.dll
0x00007ff8c9190000 - 0x00007ff8c919a000 	C:\Windows\SYSTEM32\VERSION.dll
0x00007ff8d3c00000 - 0x00007ff8d3c6b000 	C:\Windows\System32\WS2_32.dll
0x00007ff8d0d40000 - 0x00007ff8d0d52000 	C:\Windows\SYSTEM32\kernel.appcore.dll
0x00007ff8c96b0000 - 0x00007ff8c96ba000 	C:\Program Files\Android\Android Studio\jbr\bin\jimage.dll
0x00007ff8d0b30000 - 0x00007ff8d0d14000 	C:\Windows\SYSTEM32\DBGHELP.DLL
0x00007ff8c4e20000 - 0x00007ff8c4e54000 	C:\Windows\SYSTEM32\dbgcore.DLL
0x00007ff8d2d50000 - 0x00007ff8d2dd2000 	C:\Windows\System32\bcryptPrimitives.dll
0x00007ff89da30000 - 0x00007ff89da55000 	C:\Program Files\Android\Android Studio\jbr\bin\java.dll
0x00007ff8a6b40000 - 0x00007ff8a6b58000 	C:\Program Files\Android\Android Studio\jbr\bin\zip.dll
0x00007ff8d3c70000 - 0x00007ff8d43db000 	C:\Windows\System32\SHELL32.dll
0x00007ff8d0250000 - 0x00007ff8d09ee000 	C:\Windows\SYSTEM32\windows.storage.dll
0x00007ff8d4730000 - 0x00007ff8d4a83000 	C:\Windows\System32\combase.dll
0x00007ff8d1ee0000 - 0x00007ff8d1f0e000 	C:\Windows\SYSTEM32\Wldp.dll
0x00007ff8d43e0000 - 0x00007ff8d44ad000 	C:\Windows\System32\OLEAUT32.dll
0x00007ff8d36e0000 - 0x00007ff8d378d000 	C:\Windows\System32\SHCORE.dll
0x00007ff8d4d70000 - 0x00007ff8d4dc5000 	C:\Windows\System32\shlwapi.dll
0x00007ff8d24b0000 - 0x00007ff8d24d3000 	C:\Windows\SYSTEM32\profapi.dll
0x00007ff8a4410000 - 0x00007ff8a4429000 	C:\Program Files\Android\Android Studio\jbr\bin\net.dll
0x00007ff8c56e0000 - 0x00007ff8c57ea000 	C:\Windows\SYSTEM32\WINHTTP.dll
0x00007ff8d1bf0000 - 0x00007ff8d1c5a000 	C:\Windows\system32\mswsock.dll
0x00007ff8a2a00000 - 0x00007ff8a2a16000 	C:\Program Files\Android\Android Studio\jbr\bin\nio.dll
0x00007ff8b8880000 - 0x00007ff8b8890000 	C:\Program Files\Android\Android Studio\jbr\bin\verify.dll

dbghelp: loaded successfully - version: 4.0.5 - missing functions: none
symbol engine: initialized successfully - sym options: 0x614 - pdb path: .;C:\Program Files\Android\Android Studio\jbr\bin;C:\Windows\SYSTEM32;C:\Program Files\Avast Software\Avast;C:\Windows\WinSxS\amd64_microsoft.windows.common-controls_6595b64144ccf1df_6.0.19041.3636_none_60b6a03d71f818d5;C:\Program Files\Android\Android Studio\jbr\bin\server

VM Arguments:
java_command: org.jetbrains.kotlin.cli.jvm.K2JVMCompiler @C:\Users\Haytam\AndroidStudioProjects\project\app\build\20240529_14677561155757877326.compiler.options
java_class_path (initial): C:\Program Files\Android\Android Studio\caches\modules-2\files-2.1\org.jetbrains.kotlin\kotlin-compiler-embeddable\1.9.10\57ca1b0823ae3ecb451a97e1f8e6de0b19ea5294\kotlin-compiler-embeddable-1.9.10.jar;C:\Program Files\Android\Android Studio\caches\modules-2\files-2.1\org.jetbrains.kotlin\kotlin-stdlib\1.9.10\72812e8a368917ab5c0a5081b56915ffdfec93b7\kotlin-stdlib-1.9.10.jar;C:\Program Files\Android\Android Studio\caches\modules-2\files-2.1\org.jetbrains.kotlin\kotlin-script-runtime\1.9.10\398513a8534701579cccaf5953ea914416b4696c\kotlin-script-runtime-1.9.10.jar;C:\Program Files\Android\Android Studio\caches\modules-2\files-2.1\org.jetbrains.kotlin\kotlin-reflect\1.6.10\1cbe9c92c12a94eea200d23c2bbaedaf3daf5132\kotlin-reflect-1.6.10.jar;C:\Program Files\Android\Android Studio\caches\modules-2\files-2.1\org.jetbrains.kotlin\kotlin-daemon-embeddable\1.9.10\bda2f7daa6b89d2ded2d9e1e0b0cadaf9446ade1\kotlin-daemon-embeddable-1.9.10.jar;C:\Program Files\Android\Android Studio\caches\modules-2\files-2.1\org.jetbrains.intellij.deps\trove4j\1.0.20200330\3afb14d5f9ceb459d724e907a21145e8ff394f02\trove4j-1.0.20200330.jar;C:\Program Files\Android\Android Studio\caches\modules-2\files-2.1\org.jetbrains.kotlin\kotlin-stdlib-common\1.9.10\dafaf2c27f27c09220cee312df10917d9a5d97ce\kotlin-stdlib-common-1.9.10.jar;C:\Program Files\Android\Android Studio\caches\modules-2\files-2.1\org.jetbrains\annotations\13.0\919f0dfe192fb4e063e7dacadee7f8bb9a2672a9\annotations-13.0.jar
Launcher Type: SUN_STANDARD

[Global flags]
     intx CICompilerCount                          = 4                                         {product} {ergonomic}
     uint ConcGCThreads                            = 2                                         {product} {ergonomic}
     uint G1ConcRefinementThreads                  = 8                                         {product} {ergonomic}
   size_t G1HeapRegionSize                         = 1048576                                   {product} {ergonomic}
    uintx GCDrainStackTargetSize                   = 64                                        {product} {ergonomic}
   size_t InitialHeapSize                          = 100663296                                 {product} {ergonomic}
   size_t MarkStackSize                            = 4194304                                   {product} {ergonomic}
   size_t MaxHeapSize                              = 1579155456                                {product} {ergonomic}
   size_t MaxNewSize                               = 946864128                                 {product} {ergonomic}
   size_t MinHeapDeltaBytes                        = 1048576                                   {product} {ergonomic}
   size_t MinHeapSize                              = 8388608                                   {product} {ergonomic}
    uintx NonNMethodCodeHeapSize                   = 5839372                                {pd product} {ergonomic}
    uintx NonProfiledCodeHeapSize                  = 122909434                              {pd product} {ergonomic}
    uintx ProfiledCodeHeapSize                     = 122909434                              {pd product} {ergonomic}
    uintx ReservedCodeCacheSize                    = 251658240                              {pd product} {ergonomic}
     bool SegmentedCodeCache                       = true                                      {product} {ergonomic}
   size_t SoftMaxHeapSize                          = 1579155456                             {manageable} {ergonomic}
     bool UseCompressedClassPointers               = true                           {product lp64_product} {ergonomic}
     bool UseCompressedOops                        = true                           {product lp64_product} {ergonomic}
     bool UseG1GC                                  = true                                      {product} {ergonomic}
     bool UseLargePagesIndividualAllocation        = false                                  {pd product} {ergonomic}

Logging:
Log output configuration:
 #0: stdout all=warning uptime,level,tags
 #1: stderr all=off uptime,level,tags

Environment Variables:
JAVA_HOME=C:\Program Files (x86)\jdk-19
CLASSPATH=C:\Program Files (x86)\jdk-19\bin
PATH=C:\Python310\Scripts\;C:\Python310\;C:\Windows\system32;C:\Windows;C:\Windows\System32\Wbem;C:\Windows\System32\WindowsPowerShell\v1.0\;C:\Windows\System32\OpenSSH\;C:\ProgramData\chocolatey\bin;C:\Program Files\Microsoft SQL Server\150\Tools\Binn\;C:\Program Files\Microsoft SQL Server\Client SDK\ODBC\170\Tools\Binn\;C:\Program Files\dotnet\;C:\Program Files (x86)\jdk-19\bin;C:\Program Files\Git\cmd;C:\Program Files\nodejs\;C:\AndroidEmulatorTools\platform-tools-latest-windows\platform-tools;C:\Program Files\Git\usr\bin;C:\Users\Haytam\scoop\shims;C:\Program Files\MySQL\MySQL Shell 8.0\bin\;C:\Users\Haytam\AppData\Local\Microsoft\WindowsApps;C:\Users\Haytam\AppData\Local\Programs\Microsoft VS Code\bin;C:\Users\Haytam\.dotnet\tools;C:\Program Files (x86)\jdk-19;C:\Users\Haytam\Downloads\php-8.1.12-Win32-vs16-x64;C:\Users\Haytam\AppData\Local\ComposerSetup\bin;C:\Users\Haytam\AppData\Roaming\Composer\vendor\bin;C:\Users\Haytam\AppData\Roaming\npm;C:\Program Files\heroku\bin
USERNAME=Haytam
OS=Windows_NT
PROCESSOR_IDENTIFIER=AMD64 Family 23 Model 24 Stepping 1, AuthenticAMD
TMP=C:\Users\Haytam\AppData\Local\Temp
TEMP=C:\Users\Haytam\AppData\Local\Temp


JNI global refs:
JNI global refs: 9, weak refs: 0

JNI global refs memory usage: 843, weak refs: 841

OOME stack traces (most recent first):
Classloader memory used:
Loader jdk.internal.loader.ClassLoaders$AppClassLoader                                 : 6414K
Loader bootstrap                                                                       : 1355K
Loader java.net.URLClassLoader                                                         : 41498B
Loader jdk.internal.reflect.DelegatingClassLoader                                      : 23915B
Loader jdk.internal.loader.ClassLoaders$PlatformClassLoader                            : 2276B


---------------  S Y S T E M  ---------------

OS:
 Windows 10 , 64 bit Build 19041 (10.0.19041.3636)
OS uptime: 17 days 8:06 hours
Hyper-V role detected

CPU: total 8 (initial active 8) (8 cores per cpu, 2 threads per core) family 23 model 24 stepping 1 microcode 0x0, cx8, cmov, fxsr, ht, mmx, 3dnowpref, sse, sse2, sse3, ssse3, sse4a, sse4.1, sse4.2, popcnt, lzcnt, tsc, tscinvbit, avx, avx2, aes, clmul, bmi1, bmi2, adx, sha, fma, vzeroupper, clflush, clflushopt, hv

Memory: 4k page, system-wide physical 6020M (300M free)
TotalPageFile size 24452M (AvailPageFile size 103M)
current process WorkingSet (physical memory assigned to process): 304M, peak: 308M
current process commit charge ("private bytes"): 402M, peak: 520M

vm_info: OpenJDK 64-Bit Server VM (17.0.7+0-b2043.56-10550314) for windows-amd64 JRE (17.0.7+0-b2043.56-10550314), built on Jul 24 2023 18:27:45 by "androidbuild" with MS VC++ 16.10 / 16.11 (VS2019)

END.
