#
# There is insufficient memory for the Java Runtime Environment to continue.
# Native memory allocation (malloc) failed to allocate 1367008 bytes for Chunk::new
# Possible reasons:
#   The system is out of physical RAM or swap space
#   The process is running with CompressedOops enabled, and the Java Heap may be blocking the growth of the native heap
# Possible solutions:
#   Reduce memory load on the system
#   Increase physical memory or swap space
#   Check if swap backing store is full
#   Decrease Java heap size (-Xmx/-Xms)
#   Decrease number of Java threads
#   Decrease Java thread stack sizes (-Xss)
#   Set larger code cache with -XX:ReservedCodeCacheSize=
#   JVM is running with Unscaled Compressed Oops mode in which the Java heap is
#     placed in the first 4GB address space. The Java Heap base address is the
#     maximum limit for the native heap growth. Please use -XX:HeapBaseMinAddress
#     to set the Java Heap base and to place the Java Heap above 4GB virtual address.
# This output file may be truncated or incomplete.
#
#  Out of Memory Error (arena.cpp:189), pid=98060, tid=93232
#
# JRE version: OpenJDK Runtime Environment (17.0.7) (build 17.0.7+0-b2043.56-10550314)
# Java VM: OpenJDK 64-Bit Server VM (17.0.7+0-b2043.56-10550314, mixed mode, tiered, compressed oops, compressed class ptrs, g1 gc, windows-amd64)
# No core dump will be written. Minidumps are not enabled by default on client versions of Windows
#

---------------  S U M M A R Y ------------

Command Line: --add-opens=java.base/java.util=ALL-UNNAMED --add-opens=java.base/java.lang=ALL-UNNAMED --add-opens=java.base/java.lang.invoke=ALL-UNNAMED --add-opens=java.prefs/java.util.prefs=ALL-UNNAMED --add-opens=java.base/java.nio.charset=ALL-UNNAMED --add-opens=java.base/java.net=ALL-UNNAMED --add-opens=java.base/java.util.concurrent.atomic=ALL-UNNAMED -Xmx2048m -Dfile.encoding=UTF-8 -Duser.country=FR -Duser.language=fr -Duser.variant -javaagent:C:\Users\Haytam\Downloads\gradle-8.2-bin\gradle-8.2\lib\agents\gradle-instrumentation-agent-8.2.jar org.gradle.launcher.daemon.bootstrap.GradleDaemon 8.2

Host: AMD Ryzen 5 3500U with Radeon Vega Mobile Gfx  , 8 cores, 5G,  Windows 10 , 64 bit Build 19041 (10.0.19041.3636)
Time: Mon Mar 25 13:56:44 2024 Paris, Madrid elapsed time: 14.914566 seconds (0d 0h 0m 14s)

---------------  T H R E A D  ---------------

Current thread (0x00000210da02d750):  JavaThread "C2 CompilerThread0" daemon [_thread_in_native, id=93232, stack(0x000000d12b300000,0x000000d12b400000)]


Current CompileTask:
C2:  14914 2588   !   4       java.net.URL::<init> (543 bytes)

Stack: [0x000000d12b300000,0x000000d12b400000]
Native frames: (J=compiled Java code, j=interpreted, Vv=VM code, C=native code)
V  [jvm.dll+0x683bfa]
V  [jvm.dll+0x8430a4]
V  [jvm.dll+0x8449be]
V  [jvm.dll+0x845023]
V  [jvm.dll+0x24ad2f]
V  [jvm.dll+0xac25c]
V  [jvm.dll+0xac82c]
V  [jvm.dll+0x36a187]
V  [jvm.dll+0x334821]
V  [jvm.dll+0x333cca]
V  [jvm.dll+0x21d251]
V  [jvm.dll+0x21c671]
V  [jvm.dll+0x1a605d]
V  [jvm.dll+0x22c148]
V  [jvm.dll+0x22a209]
V  [jvm.dll+0x7f858c]
V  [jvm.dll+0x7f2aea]
V  [jvm.dll+0x682a35]
C  [ucrtbase.dll+0x21bb2]
C  [KERNEL32.DLL+0x17344]
C  [ntdll.dll+0x526b1]


---------------  P R O C E S S  ---------------

Threads class SMR info:
_java_thread_list=0x00000210dc62a230, length=27, elements={
0x00000210bbdb3fa0, 0x00000210d5c28620, 0x00000210d5c29710, 0x00000210d5c14b30,
0x00000210da027020, 0x00000210da0278e0, 0x00000210da028cb0, 0x00000210da02d750,
0x00000210da036620, 0x00000210da0497e0, 0x00000210d5b8f610, 0x00000210da2d80b0,
0x00000210dbafe3f0, 0x00000210db5a9020, 0x00000210dba04870, 0x00000210da2097d0,
0x00000210dac7f0d0, 0x00000210db710340, 0x00000210db8eb040, 0x00000210da4198d0,
0x00000210da41ac10, 0x00000210da41b0e0, 0x00000210da418f30, 0x00000210da419da0,
0x00000210da41ba80, 0x00000210da419400, 0x00000210da4180c0
}

Java Threads: ( => current thread )
  0x00000210bbdb3fa0 JavaThread "main" [_thread_blocked, id=101072, stack(0x000000d12a600000,0x000000d12a700000)]
  0x00000210d5c28620 JavaThread "Reference Handler" daemon [_thread_blocked, id=96008, stack(0x000000d12ad00000,0x000000d12ae00000)]
  0x00000210d5c29710 JavaThread "Finalizer" daemon [_thread_blocked, id=102208, stack(0x000000d12ae00000,0x000000d12af00000)]
  0x00000210d5c14b30 JavaThread "Signal Dispatcher" daemon [_thread_blocked, id=85900, stack(0x000000d12af00000,0x000000d12b000000)]
  0x00000210da027020 JavaThread "Attach Listener" daemon [_thread_blocked, id=107404, stack(0x000000d12b000000,0x000000d12b100000)]
  0x00000210da0278e0 JavaThread "Service Thread" daemon [_thread_blocked, id=94776, stack(0x000000d12b100000,0x000000d12b200000)]
  0x00000210da028cb0 JavaThread "Monitor Deflation Thread" daemon [_thread_blocked, id=84732, stack(0x000000d12b200000,0x000000d12b300000)]
=>0x00000210da02d750 JavaThread "C2 CompilerThread0" daemon [_thread_in_native, id=93232, stack(0x000000d12b300000,0x000000d12b400000)]
  0x00000210da036620 JavaThread "C1 CompilerThread0" daemon [_thread_blocked, id=83596, stack(0x000000d12b400000,0x000000d12b500000)]
  0x00000210da0497e0 JavaThread "Sweeper thread" daemon [_thread_blocked, id=104204, stack(0x000000d12b500000,0x000000d12b600000)]
  0x00000210d5b8f610 JavaThread "Common-Cleaner" daemon [_thread_blocked, id=90008, stack(0x000000d12b600000,0x000000d12b700000)]
  0x00000210da2d80b0 JavaThread "Notification Thread" daemon [_thread_blocked, id=92372, stack(0x000000d12b700000,0x000000d12b800000)]
  0x00000210dbafe3f0 JavaThread "Daemon health stats" [_thread_blocked, id=104732, stack(0x000000d12bd00000,0x000000d12be00000)]
  0x00000210db5a9020 JavaThread "Incoming local TCP Connector on port 59368" [_thread_in_native, id=99076, stack(0x000000d12be00000,0x000000d12bf00000)]
  0x00000210dba04870 JavaThread "Daemon periodic checks" [_thread_blocked, id=89000, stack(0x000000d12bf00000,0x000000d12c000000)]
  0x00000210da2097d0 JavaThread "Daemon" [_thread_blocked, id=108316, stack(0x000000d12c000000,0x000000d12c100000)]
  0x00000210dac7f0d0 JavaThread "Handler for socket connection from /127.0.0.1:59368 to /127.0.0.1:59370" [_thread_in_native, id=94512, stack(0x000000d12c100000,0x000000d12c200000)]
  0x00000210db710340 JavaThread "Cancel handler" [_thread_blocked, id=88376, stack(0x000000d12c200000,0x000000d12c300000)]
  0x00000210db8eb040 JavaThread "Daemon worker" [_thread_in_vm, id=97876, stack(0x000000d12c300000,0x000000d12c400000)]
  0x00000210da4198d0 JavaThread "Asynchronous log dispatcher for DefaultDaemonConnection: socket connection from /127.0.0.1:59368 to /127.0.0.1:59370" [_thread_blocked, id=81168, stack(0x000000d12c400000,0x000000d12c500000)]
  0x00000210da41ac10 JavaThread "Stdin handler" [_thread_blocked, id=102500, stack(0x000000d12c500000,0x000000d12c600000)]
  0x00000210da41b0e0 JavaThread "Daemon client event forwarder" [_thread_blocked, id=88412, stack(0x000000d12c600000,0x000000d12c700000)]
  0x00000210da418f30 JavaThread "Cache worker for journal cache (C:\Program Files\Android\Android Studio\caches\journal-1)" [_thread_blocked, id=71868, stack(0x000000d12cb00000,0x000000d12cc00000)]
  0x00000210da419da0 JavaThread "File lock request listener" [_thread_in_native, id=107728, stack(0x000000d12cc00000,0x000000d12cd00000)]
  0x00000210da41ba80 JavaThread "Cache worker for file hash cache (C:\Program Files\Android\Android Studio\caches\8.2\fileHashes)" [_thread_blocked, id=107748, stack(0x000000d12cd00000,0x000000d12ce00000)]
  0x00000210da419400 JavaThread "File watcher server" daemon [_thread_in_native, id=102868, stack(0x000000d12ce00000,0x000000d12cf00000)]
  0x00000210da4180c0 JavaThread "File watcher consumer" daemon [_thread_blocked, id=84792, stack(0x000000d12cf00000,0x000000d12d000000)]

Other Threads:
  0x00000210d5babb50 VMThread "VM Thread" [stack: 0x000000d12ac00000,0x000000d12ad00000] [id=103016]
  0x00000210bbe2c240 WatcherThread [stack: 0x000000d12b800000,0x000000d12b900000] [id=104400]
  0x00000210bbe0e160 GCTaskThread "GC Thread#0" [stack: 0x000000d12a700000,0x000000d12a800000] [id=104008]
  0x00000210da521e50 GCTaskThread "GC Thread#1" [stack: 0x000000d12b900000,0x000000d12ba00000] [id=50760]
  0x00000210dad60b70 GCTaskThread "GC Thread#2" [stack: 0x000000d12ba00000,0x000000d12bb00000] [id=94884]
  0x00000210dadebe70 GCTaskThread "GC Thread#3" [stack: 0x000000d12bb00000,0x000000d12bc00000] [id=75728]
  0x00000210dac9a040 GCTaskThread "GC Thread#4" [stack: 0x000000d12bc00000,0x000000d12bd00000] [id=108572]
  0x00000210da4a1610 GCTaskThread "GC Thread#5" [stack: 0x000000d12c700000,0x000000d12c800000] [id=107892]
  0x00000210dbd74c70 GCTaskThread "GC Thread#6" [stack: 0x000000d12c800000,0x000000d12c900000] [id=69372]
  0x00000210db9ab2b0 GCTaskThread "GC Thread#7" [stack: 0x000000d12c900000,0x000000d12ca00000] [id=84760]
  0x00000210bbe1f910 ConcurrentGCThread "G1 Main Marker" [stack: 0x000000d12a800000,0x000000d12a900000] [id=100980]
  0x00000210bbe21330 ConcurrentGCThread "G1 Conc#0" [stack: 0x000000d12a900000,0x000000d12aa00000] [id=81232]
  0x00000210da2efe20 ConcurrentGCThread "G1 Conc#1" [stack: 0x000000d12ca00000,0x000000d12cb00000] [id=108740]
  0x00000210bbe64ae0 ConcurrentGCThread "G1 Refine#0" [stack: 0x000000d12aa00000,0x000000d12ab00000] [id=96520]
  0x00000210d5a60a00 ConcurrentGCThread "G1 Service" [stack: 0x000000d12ab00000,0x000000d12ac00000] [id=98832]

Threads with active compile tasks:
C2 CompilerThread0    15004 2588   !   4       java.net.URL::<init> (543 bytes)

VM state: not at safepoint (normal execution)

VM Mutex/Monitor currently owned by a thread: None

Heap address: 0x0000000080000000, size: 2048 MB, Compressed Oops mode: 32-bit

CDS archive(s) not mapped
Compressed class space mapped at: 0x0000000100000000-0x0000000140000000, reserved size: 1073741824
Narrow klass base: 0x0000000000000000, Narrow klass shift: 3, Narrow klass range: 0x140000000

GC Precious Log:
 CPUs: 8 total, 8 available
 Memory: 6020M
 Large Page Support: Disabled
 NUMA Support: Disabled
 Compressed Oops: Enabled (32-bit)
 Heap Region Size: 1M
 Heap Min Capacity: 8M
 Heap Initial Capacity: 96M
 Heap Max Capacity: 2G
 Pre-touch: Disabled
 Parallel Workers: 8
 Concurrent Workers: 2
 Concurrent Refinement Workers: 8
 Periodic GC: Disabled

Heap:
 garbage-first heap   total 68608K, used 41124K [0x0000000080000000, 0x0000000100000000)
  region size 1024K, 25 young (25600K), 3 survivors (3072K)
 Metaspace       used 29397K, committed 29632K, reserved 1114112K
  class space    used 3937K, committed 4032K, reserved 1048576K

Heap Regions: E=young(eden), S=young(survivor), O=old, HS=humongous(starts), HC=humongous(continues), CS=collection set, F=free, OA=open archive, CA=closed archive, TAMS=top-at-mark-start (previous, next)
|   0|0x0000000080000000, 0x0000000080100000, 0x0000000080100000|100%|HS|  |TAMS 0x0000000080100000, 0x0000000080000000| Complete 
|   1|0x0000000080100000, 0x0000000080200000, 0x0000000080200000|100%|HC|  |TAMS 0x0000000080200000, 0x0000000080100000| Complete 
|   2|0x0000000080200000, 0x0000000080300000, 0x0000000080300000|100%|HC|  |TAMS 0x0000000080300000, 0x0000000080200000| Complete 
|   3|0x0000000080300000, 0x0000000080400000, 0x0000000080400000|100%|HC|  |TAMS 0x0000000080400000, 0x0000000080300000| Complete 
|   4|0x0000000080400000, 0x0000000080500000, 0x0000000080500000|100%| O|  |TAMS 0x0000000080500000, 0x0000000080400000| Untracked 
|   5|0x0000000080500000, 0x0000000080600000, 0x0000000080600000|100%| O|  |TAMS 0x0000000080600000, 0x0000000080500000| Untracked 
|   6|0x0000000080600000, 0x0000000080700000, 0x0000000080700000|100%| O|  |TAMS 0x0000000080700000, 0x0000000080600000| Untracked 
|   7|0x0000000080700000, 0x0000000080800000, 0x0000000080800000|100%| O|  |TAMS 0x0000000080800000, 0x0000000080700000| Untracked 
|   8|0x0000000080800000, 0x0000000080900000, 0x0000000080900000|100%| O|  |TAMS 0x0000000080800000, 0x0000000080800000| Untracked 
|   9|0x0000000080900000, 0x0000000080a00000, 0x0000000080a00000|100%| O|  |TAMS 0x0000000080a00000, 0x0000000080900000| Untracked 
|  10|0x0000000080a00000, 0x0000000080b00000, 0x0000000080b00000|100%| O|  |TAMS 0x0000000080b00000, 0x0000000080a00000| Untracked 
|  11|0x0000000080b00000, 0x0000000080c00000, 0x0000000080c00000|100%| O|  |TAMS 0x0000000080b8e200, 0x0000000080b00000| Untracked 
|  12|0x0000000080c00000, 0x0000000080d00000, 0x0000000080d00000|100%| O|  |TAMS 0x0000000080c00000, 0x0000000080c00000| Untracked 
|  13|0x0000000080d00000, 0x0000000080e00000, 0x0000000080e00000|100%| O|  |TAMS 0x0000000080d00000, 0x0000000080d00000| Untracked 
|  14|0x0000000080e00000, 0x0000000080e84a00, 0x0000000080f00000| 51%| O|  |TAMS 0x0000000080e00000, 0x0000000080e00000| Untracked 
|  15|0x0000000080f00000, 0x0000000081000000, 0x0000000081000000|100%| O|  |TAMS 0x0000000080f00000, 0x0000000080f00000| Untracked 
|  16|0x0000000081000000, 0x0000000081100000, 0x0000000081100000|100%| O|  |TAMS 0x0000000081000000, 0x0000000081000000| Untracked 
|  17|0x0000000081100000, 0x0000000081200000, 0x0000000081200000|100%| O|  |TAMS 0x0000000081100000, 0x0000000081100000| Untracked 
|  18|0x0000000081200000, 0x0000000081268c00, 0x0000000081300000| 40%| O|  |TAMS 0x0000000081200000, 0x0000000081200000| Untracked 
|  19|0x0000000081300000, 0x0000000081300000, 0x0000000081400000|  0%| F|  |TAMS 0x0000000081300000, 0x0000000081300000| Untracked 
|  20|0x0000000081400000, 0x0000000081400000, 0x0000000081500000|  0%| F|  |TAMS 0x0000000081400000, 0x0000000081400000| Untracked 
|  21|0x0000000081500000, 0x0000000081500000, 0x0000000081600000|  0%| F|  |TAMS 0x0000000081500000, 0x0000000081500000| Untracked 
|  22|0x0000000081600000, 0x0000000081600000, 0x0000000081700000|  0%| F|  |TAMS 0x0000000081600000, 0x0000000081600000| Untracked 
|  23|0x0000000081700000, 0x0000000081700000, 0x0000000081800000|  0%| F|  |TAMS 0x0000000081700000, 0x0000000081700000| Untracked 
|  24|0x0000000081800000, 0x0000000081800000, 0x0000000081900000|  0%| F|  |TAMS 0x0000000081800000, 0x0000000081800000| Untracked 
|  25|0x0000000081900000, 0x0000000081900000, 0x0000000081a00000|  0%| F|  |TAMS 0x0000000081900000, 0x0000000081900000| Untracked 
|  26|0x0000000081a00000, 0x0000000081a00000, 0x0000000081b00000|  0%| F|  |TAMS 0x0000000081a00000, 0x0000000081a00000| Untracked 
|  27|0x0000000081b00000, 0x0000000081b3bb28, 0x0000000081c00000| 23%| S|CS|TAMS 0x0000000081b00000, 0x0000000081b00000| Complete 
|  28|0x0000000081c00000, 0x0000000081d00000, 0x0000000081d00000|100%| S|CS|TAMS 0x0000000081c00000, 0x0000000081c00000| Complete 
|  29|0x0000000081d00000, 0x0000000081e00000, 0x0000000081e00000|100%| S|CS|TAMS 0x0000000081d00000, 0x0000000081d00000| Complete 
|  30|0x0000000081e00000, 0x0000000081e00000, 0x0000000081f00000|  0%| F|  |TAMS 0x0000000081e00000, 0x0000000081e00000| Untracked 
|  31|0x0000000081f00000, 0x0000000081f00000, 0x0000000082000000|  0%| F|  |TAMS 0x0000000081f00000, 0x0000000081f00000| Untracked 
|  32|0x0000000082000000, 0x0000000082000000, 0x0000000082100000|  0%| F|  |TAMS 0x0000000082000000, 0x0000000082000000| Untracked 
|  33|0x0000000082100000, 0x0000000082100000, 0x0000000082200000|  0%| F|  |TAMS 0x0000000082100000, 0x0000000082100000| Untracked 
|  34|0x0000000082200000, 0x0000000082200000, 0x0000000082300000|  0%| F|  |TAMS 0x0000000082200000, 0x0000000082200000| Untracked 
|  35|0x0000000082300000, 0x0000000082300000, 0x0000000082400000|  0%| F|  |TAMS 0x0000000082300000, 0x0000000082300000| Untracked 
|  36|0x0000000082400000, 0x0000000082400000, 0x0000000082500000|  0%| F|  |TAMS 0x0000000082400000, 0x0000000082400000| Untracked 
|  37|0x0000000082500000, 0x0000000082500000, 0x0000000082600000|  0%| F|  |TAMS 0x0000000082500000, 0x0000000082500000| Untracked 
|  38|0x0000000082600000, 0x0000000082600000, 0x0000000082700000|  0%| F|  |TAMS 0x0000000082600000, 0x0000000082600000| Untracked 
|  39|0x0000000082700000, 0x0000000082700000, 0x0000000082800000|  0%| F|  |TAMS 0x0000000082700000, 0x0000000082700000| Untracked 
|  40|0x0000000082800000, 0x0000000082800000, 0x0000000082900000|  0%| F|  |TAMS 0x0000000082800000, 0x0000000082800000| Untracked 
|  41|0x0000000082900000, 0x0000000082900000, 0x0000000082a00000|  0%| F|  |TAMS 0x0000000082900000, 0x0000000082900000| Untracked 
|  42|0x0000000082a00000, 0x0000000082a00000, 0x0000000082b00000|  0%| F|  |TAMS 0x0000000082a00000, 0x0000000082a00000| Untracked 
|  43|0x0000000082b00000, 0x0000000082b00000, 0x0000000082c00000|  0%| F|  |TAMS 0x0000000082b00000, 0x0000000082b00000| Untracked 
|  44|0x0000000082c00000, 0x0000000082c00000, 0x0000000082d00000|  0%| F|  |TAMS 0x0000000082c00000, 0x0000000082c00000| Untracked 
|  45|0x0000000082d00000, 0x0000000082de9208, 0x0000000082e00000| 91%| E|  |TAMS 0x0000000082d00000, 0x0000000082d00000| Complete 
|  46|0x0000000082e00000, 0x0000000082f00000, 0x0000000082f00000|100%| E|CS|TAMS 0x0000000082e00000, 0x0000000082e00000| Complete 
|  47|0x0000000082f00000, 0x0000000083000000, 0x0000000083000000|100%| E|CS|TAMS 0x0000000082f00000, 0x0000000082f00000| Complete 
|  48|0x0000000083000000, 0x0000000083100000, 0x0000000083100000|100%| E|CS|TAMS 0x0000000083000000, 0x0000000083000000| Complete 
|  49|0x0000000083100000, 0x0000000083200000, 0x0000000083200000|100%| E|CS|TAMS 0x0000000083100000, 0x0000000083100000| Complete 
|  50|0x0000000083200000, 0x0000000083300000, 0x0000000083300000|100%| E|CS|TAMS 0x0000000083200000, 0x0000000083200000| Complete 
|  51|0x0000000083300000, 0x0000000083400000, 0x0000000083400000|100%| E|CS|TAMS 0x0000000083300000, 0x0000000083300000| Complete 
|  52|0x0000000083400000, 0x0000000083500000, 0x0000000083500000|100%| E|CS|TAMS 0x0000000083400000, 0x0000000083400000| Complete 
|  53|0x0000000083500000, 0x0000000083600000, 0x0000000083600000|100%| E|CS|TAMS 0x0000000083500000, 0x0000000083500000| Complete 
|  54|0x0000000083600000, 0x0000000083700000, 0x0000000083700000|100%| E|CS|TAMS 0x0000000083600000, 0x0000000083600000| Complete 
|  55|0x0000000083700000, 0x0000000083800000, 0x0000000083800000|100%| E|CS|TAMS 0x0000000083700000, 0x0000000083700000| Complete 
|  56|0x0000000083800000, 0x0000000083900000, 0x0000000083900000|100%| E|CS|TAMS 0x0000000083800000, 0x0000000083800000| Complete 
|  57|0x0000000083900000, 0x0000000083a00000, 0x0000000083a00000|100%| E|CS|TAMS 0x0000000083900000, 0x0000000083900000| Complete 
|  58|0x0000000083a00000, 0x0000000083b00000, 0x0000000083b00000|100%| E|CS|TAMS 0x0000000083a00000, 0x0000000083a00000| Complete 
|  59|0x0000000083b00000, 0x0000000083c00000, 0x0000000083c00000|100%| E|  |TAMS 0x0000000083b00000, 0x0000000083b00000| Complete 
|  60|0x0000000083c00000, 0x0000000083d00000, 0x0000000083d00000|100%| E|CS|TAMS 0x0000000083c00000, 0x0000000083c00000| Complete 
|  61|0x0000000083d00000, 0x0000000083e00000, 0x0000000083e00000|100%| E|CS|TAMS 0x0000000083d00000, 0x0000000083d00000| Complete 
|  62|0x0000000083e00000, 0x0000000083f00000, 0x0000000083f00000|100%| E|CS|TAMS 0x0000000083e00000, 0x0000000083e00000| Complete 
|  63|0x0000000083f00000, 0x0000000084000000, 0x0000000084000000|100%| E|CS|TAMS 0x0000000083f00000, 0x0000000083f00000| Complete 
|  64|0x0000000084000000, 0x0000000084100000, 0x0000000084100000|100%| E|CS|TAMS 0x0000000084000000, 0x0000000084000000| Complete 
|  65|0x0000000084100000, 0x0000000084200000, 0x0000000084200000|100%| E|CS|TAMS 0x0000000084100000, 0x0000000084100000| Complete 
|  95|0x0000000085f00000, 0x0000000086000000, 0x0000000086000000|100%| E|CS|TAMS 0x0000000085f00000, 0x0000000085f00000| Complete 

Card table byte_map: [0x00000210ce9b0000,0x00000210cedb0000] _byte_map_base: 0x00000210ce5b0000

Marking Bits (Prev, Next): (CMBitMap*) 0x00000210bbe0e7b0, (CMBitMap*) 0x00000210bbe0e770
 Prev Bits: [0x00000210d11b0000, 0x00000210d31b0000)
 Next Bits: [0x00000210cf1b0000, 0x00000210d11b0000)

Polling page: 0x00000210bb570000

Metaspace:

Usage:
  Non-class:     24.88 MB used.
      Class:      3.85 MB used.
       Both:     28.72 MB used.

Virtual space:
  Non-class space:       64.00 MB reserved,      25.06 MB ( 39%) committed,  1 nodes.
      Class space:        1.00 GB reserved,       3.94 MB ( <1%) committed,  1 nodes.
             Both:        1.06 GB reserved,      29.00 MB (  3%) committed. 

Chunk freelists:
   Non-Class:  6.61 MB
       Class:  12.06 MB
        Both:  18.67 MB

MaxMetaspaceSize: unlimited
CompressedClassSpaceSize: 1.00 GB
Initial GC threshold: 21.00 MB
Current GC threshold: 35.12 MB
CDS: off
MetaspaceReclaimPolicy: balanced
 - commit_granule_bytes: 65536.
 - commit_granule_words: 8192.
 - virtual_space_node_default_size: 8388608.
 - enlarge_chunks_in_place: 1.
 - new_chunks_are_fully_committed: 0.
 - uncommit_free_chunks: 1.
 - use_allocation_guard: 0.
 - handle_deallocations: 1.


Internal statistics:

num_allocs_failed_limit: 3.
num_arena_births: 226.
num_arena_deaths: 0.
num_vsnodes_births: 2.
num_vsnodes_deaths: 0.
num_space_committed: 464.
num_space_uncommitted: 0.
num_chunks_returned_to_freelist: 3.
num_chunks_taken_from_freelist: 952.
num_chunk_merges: 3.
num_chunk_splits: 648.
num_chunks_enlarged: 474.
num_inconsistent_stats: 0.

CodeHeap 'non-profiled nmethods': size=120000Kb used=1291Kb max_used=1291Kb free=118708Kb
 bounds [0x00000210c6d50000, 0x00000210c6fc0000, 0x00000210ce280000]
CodeHeap 'profiled nmethods': size=120000Kb used=5490Kb max_used=5490Kb free=114509Kb
 bounds [0x00000210bf280000, 0x00000210bf7e0000, 0x00000210c67b0000]
CodeHeap 'non-nmethods': size=5760Kb used=1228Kb max_used=1274Kb free=4532Kb
 bounds [0x00000210c67b0000, 0x00000210c6a20000, 0x00000210c6d50000]
 total_blobs=3172 nmethods=2633 adapters=451
 compilation: enabled
              stopped_count=0, restarted_count=0
 full_count=0

Compilation events (20 events):
Event: 14.833 Thread 0x00000210da036620 2629       3       java.lang.invoke.BootstrapMethodInvoker::isLambdaMetafactoryIndyBSM (13 bytes)
Event: 14.833 Thread 0x00000210da036620 nmethod 2629 0x00000210bf7cf290 code [0x00000210bf7cf420, 0x00000210bf7cf578]
Event: 14.833 Thread 0x00000210da036620 2630       3       java.lang.invoke.InnerClassLambdaMetafactory::<init> (258 bytes)
Event: 14.836 Thread 0x00000210da036620 nmethod 2630 0x00000210bf7cf610 code [0x00000210bf7cfa20, 0x00000210bf7d18f8]
Event: 14.836 Thread 0x00000210da036620 2631   !   3       java.lang.invoke.AbstractValidatingLambdaMetafactory::<init> (559 bytes)
Event: 14.846 Thread 0x00000210da036620 nmethod 2631 0x00000210bf7d2410 code [0x00000210bf7d2da0, 0x00000210bf7d8b08]
Event: 14.846 Thread 0x00000210da036620 2633       3       java.lang.invoke.MemberName::isField (8 bytes)
Event: 14.846 Thread 0x00000210da036620 nmethod 2633 0x00000210bf7da990 code [0x00000210bf7dab40, 0x00000210bf7dad78]
Event: 14.846 Thread 0x00000210da036620 2632       3       java.lang.invoke.InnerClassLambdaMetafactory::getReturnOpcode (20 bytes)
Event: 14.846 Thread 0x00000210da036620 nmethod 2632 0x00000210bf7dae90 code [0x00000210bf7db040, 0x00000210bf7db1c8]
Event: 14.853 Thread 0x00000210da036620 2634       1       javax.management.ObjectName$Property::setKeyIndex (6 bytes)
Event: 14.853 Thread 0x00000210da036620 nmethod 2634 0x00000210c6e92610 code [0x00000210c6e927a0, 0x00000210c6e92878]
Event: 14.853 Thread 0x00000210da036620 2636       1       java.util.Spliterators$EmptySpliterator::characteristics (4 bytes)
Event: 14.853 Thread 0x00000210da036620 nmethod 2636 0x00000210c6e92910 code [0x00000210c6e92aa0, 0x00000210c6e92b78]
Event: 14.853 Thread 0x00000210da036620 2637       1       sun.management.MemoryPoolImpl::getName (5 bytes)
Event: 14.853 Thread 0x00000210da036620 nmethod 2637 0x00000210c6e92c10 code [0x00000210c6e92da0, 0x00000210c6e92e78]
Event: 14.858 Thread 0x00000210da036620 2638       3       java.lang.Class::getDeclaredConstructors (27 bytes)
Event: 14.858 Thread 0x00000210da036620 nmethod 2638 0x00000210bf7db290 code [0x00000210bf7db480, 0x00000210bf7db798]
Event: 14.862 Thread 0x00000210da036620 2639       3       jdk.internal.org.objectweb.asm.MethodVisitor::visitInsn (16 bytes)
Event: 14.862 Thread 0x00000210da036620 nmethod 2639 0x00000210bf7db910 code [0x00000210bf7dbac0, 0x00000210bf7dbcc8]

GC Heap History (8 events):
Event: 3.373 GC heap before
{Heap before GC invocations=0 (full 0):
 garbage-first heap   total 98304K, used 26624K [0x0000000080000000, 0x0000000100000000)
  region size 1024K, 23 young (23552K), 0 survivors (0K)
 Metaspace       used 10504K, committed 10688K, reserved 1114112K
  class space    used 1088K, committed 1216K, reserved 1048576K
}
Event: 3.389 GC heap after
{Heap after GC invocations=1 (full 0):
 garbage-first heap   total 98304K, used 10368K [0x0000000080000000, 0x0000000100000000)
  region size 1024K, 3 young (3072K), 3 survivors (3072K)
 Metaspace       used 10504K, committed 10688K, reserved 1114112K
  class space    used 1088K, committed 1216K, reserved 1048576K
}
Event: 6.997 GC heap before
{Heap before GC invocations=1 (full 0):
 garbage-first heap   total 98304K, used 39040K [0x0000000080000000, 0x0000000100000000)
  region size 1024K, 30 young (30720K), 3 survivors (3072K)
 Metaspace       used 11486K, committed 11648K, reserved 1114112K
  class space    used 1195K, committed 1280K, reserved 1048576K
}
Event: 7.005 GC heap after
{Heap after GC invocations=2 (full 0):
 garbage-first heap   total 98304K, used 14904K [0x0000000080000000, 0x0000000100000000)
  region size 1024K, 4 young (4096K), 4 survivors (4096K)
 Metaspace       used 11486K, committed 11648K, reserved 1114112K
  class space    used 1195K, committed 1280K, reserved 1048576K
}
Event: 11.284 GC heap before
{Heap before GC invocations=2 (full 0):
 garbage-first heap   total 98304K, used 53816K [0x0000000080000000, 0x0000000100000000)
  region size 1024K, 44 young (45056K), 4 survivors (4096K)
 Metaspace       used 21288K, committed 21504K, reserved 1114112K
  class space    used 2569K, committed 2688K, reserved 1048576K
}
Event: 11.295 GC heap after
{Heap after GC invocations=3 (full 0):
 garbage-first heap   total 98304K, used 18524K [0x0000000080000000, 0x0000000100000000)
  region size 1024K, 4 young (4096K), 4 survivors (4096K)
 Metaspace       used 21288K, committed 21504K, reserved 1114112K
  class space    used 2569K, committed 2688K, reserved 1048576K
}
Event: 13.338 GC heap before
{Heap before GC invocations=4 (full 0):
 garbage-first heap   total 68608K, used 51292K [0x0000000080000000, 0x0000000100000000)
  region size 1024K, 37 young (37888K), 4 survivors (4096K)
 Metaspace       used 26180K, committed 26432K, reserved 1114112K
  class space    used 3422K, committed 3520K, reserved 1048576K
}
Event: 13.352 GC heap after
{Heap after GC invocations=5 (full 0):
 garbage-first heap   total 68608K, used 20644K [0x0000000080000000, 0x0000000100000000)
  region size 1024K, 3 young (3072K), 3 survivors (3072K)
 Metaspace       used 26180K, committed 26432K, reserved 1114112K
  class space    used 3422K, committed 3520K, reserved 1048576K
}

Dll operation events (3 events):
Event: 0.806 Loaded shared library C:\Program Files\Android\Android Studio\jbr\bin\java.dll
Event: 1.315 Loaded shared library C:\Program Files\Android\Android Studio\jbr\bin\zip.dll
Event: 2.206 Loaded shared library C:\Program Files\Android\Android Studio\jbr\bin\verify.dll

Deoptimization events (20 events):
Event: 11.923 Thread 0x00000210db8eb040 Uncommon trap: trap_request=0xffffff45 fr.pc=0x00000210c6dc98c0 relative=0x00000000000005a0
Event: 11.923 Thread 0x00000210db8eb040 Uncommon trap: reason=unstable_if action=reinterpret pc=0x00000210c6dc98c0 method=java.io.File.getName()Ljava/lang/String; @ 16 c2
Event: 11.923 Thread 0x00000210db8eb040 DEOPT PACKING pc=0x00000210c6dc98c0 sp=0x000000d12c3fd020
Event: 11.923 Thread 0x00000210db8eb040 DEOPT UNPACKING pc=0x00000210c68069a3 sp=0x000000d12c3fcff0 mode 2
Event: 13.319 Thread 0x00000210db8eb040 Uncommon trap: trap_request=0xffffff45 fr.pc=0x00000210c6e6b164 relative=0x00000000000003a4
Event: 13.319 Thread 0x00000210db8eb040 Uncommon trap: reason=unstable_if action=reinterpret pc=0x00000210c6e6b164 method=java.util.HashMap.getNode(Ljava/lang/Object;)Ljava/util/HashMap$Node; @ 131 c2
Event: 13.319 Thread 0x00000210db8eb040 DEOPT PACKING pc=0x00000210c6e6b164 sp=0x000000d12c3fb040
Event: 13.319 Thread 0x00000210db8eb040 DEOPT UNPACKING pc=0x00000210c68069a3 sp=0x000000d12c3faf60 mode 2
Event: 13.785 Thread 0x00000210db8eb040 Uncommon trap: trap_request=0xffffff45 fr.pc=0x00000210c6d74b74 relative=0x00000000000000d4
Event: 13.785 Thread 0x00000210db8eb040 Uncommon trap: reason=unstable_if action=reinterpret pc=0x00000210c6d74b74 method=java.util.HashMap.hash(Ljava/lang/Object;)I @ 1 c2
Event: 13.785 Thread 0x00000210db8eb040 DEOPT PACKING pc=0x00000210c6d74b74 sp=0x000000d12c3f9f70
Event: 13.785 Thread 0x00000210db8eb040 DEOPT UNPACKING pc=0x00000210c68069a3 sp=0x000000d12c3f9eb0 mode 2
Event: 14.666 Thread 0x00000210db8eb040 Uncommon trap: trap_request=0xffffff76 fr.pc=0x00000210c6e872f8 relative=0x0000000000000158
Event: 14.666 Thread 0x00000210db8eb040 Uncommon trap: reason=predicate action=maybe_recompile pc=0x00000210c6e872f8 method=com.google.common.base.CharMatcher.indexIn(Ljava/lang/CharSequence;I)I @ 19 c2
Event: 14.666 Thread 0x00000210db8eb040 DEOPT PACKING pc=0x00000210c6e872f8 sp=0x000000d12c3fa4c0
Event: 14.666 Thread 0x00000210db8eb040 DEOPT UNPACKING pc=0x00000210c68069a3 sp=0x000000d12c3fa450 mode 2
Event: 14.878 Thread 0x00000210db8eb040 Uncommon trap: trap_request=0xffffff45 fr.pc=0x00000210c6e15640 relative=0x00000000000005c0
Event: 14.878 Thread 0x00000210db8eb040 Uncommon trap: reason=unstable_if action=reinterpret pc=0x00000210c6e15640 method=java.util.Properties$LineReader.readLine()I @ 95 c2
Event: 14.878 Thread 0x00000210db8eb040 DEOPT PACKING pc=0x00000210c6e15640 sp=0x000000d12c3fb5d0
Event: 14.878 Thread 0x00000210db8eb040 DEOPT UNPACKING pc=0x00000210c68069a3 sp=0x000000d12c3fb580 mode 2

Classes unloaded (0 events):
No events

Classes redefined (0 events):
No events

Internal exceptions (20 events):
Event: 11.343 Thread 0x00000210db8eb040 Exception <a 'java/lang/NoSuchMethodError'{0x0000000085febd50}: 'java.lang.Object java.lang.invoke.Invokers$Holder.invoker(java.lang.Object, java.lang.Object, java.lang.Object, java.lang.Object, java.lang.Object, java.lang.Object, java.lang.Object, java.lang.Object, java.lang.Object, java.lang.Object)'> (0x0000000085febd50) 
thrown [s\src\hotspot\share\interpreter\linkResolver.cpp, line 771]
Event: 11.344 Thread 0x00000210db8eb040 Exception <a 'java/lang/NoSuchMethodError'{0x0000000084105358}: 'java.lang.Object java.lang.invoke.DirectMethodHandle$Holder.invokeSpecial(java.lang.Object, java.lang.Object, java.lang.Object, java.lang.Object, java.lang.Object, java.lang.Object, java.lang.Object, java.lang.Object, java.lang.Object, java.lang.Object, java.lang.Object)'> (0x0000000084105358) 
thrown [s\src\hotspot\share\interpreter\linkResolver.cpp, line 771]
Event: 11.753 Thread 0x00000210db8eb040 Exception <a 'java/lang/NoSuchMethodError'{0x0000000083c687b8}: 'void java.lang.invoke.DirectMethodHandle$Holder.invokeStaticInit(java.lang.Object)'> (0x0000000083c687b8) 
thrown [s\src\hotspot\share\interpreter\linkResolver.cpp, line 771]
Event: 11.794 Thread 0x00000210db8eb040 Exception <a 'java/lang/NoSuchMethodError'{0x0000000083b14ea8}: 'java.lang.Object java.lang.invoke.DirectMethodHandle$Holder.newInvokeSpecial(java.lang.Object, java.lang.Object, java.lang.Object, int)'> (0x0000000083b14ea8) 
thrown [s\src\hotspot\share\interpreter\linkResolver.cpp, line 771]
Event: 11.794 Thread 0x00000210db8eb040 Exception <a 'java/lang/NoSuchMethodError'{0x0000000083b197d8}: 'java.lang.Object java.lang.invoke.DirectMethodHandle$Holder.invokeSpecial(java.lang.Object, java.lang.Object, java.lang.Object, java.lang.Object, int)'> (0x0000000083b197d8) 
thrown [s\src\hotspot\share\interpreter\linkResolver.cpp, line 771]
Event: 11.795 Thread 0x00000210db8eb040 Exception <a 'java/lang/NoSuchMethodError'{0x0000000083b1d8f0}: 'java.lang.Object java.lang.invoke.Invokers$Holder.linkToTargetMethod(java.lang.Object, java.lang.Object, int, java.lang.Object)'> (0x0000000083b1d8f0) 
thrown [s\src\hotspot\share\interpreter\linkResolver.cpp, line 771]
Event: 12.728 Thread 0x00000210db8eb040 Exception <a 'java/lang/NoSuchMethodError'{0x00000000829475d8}: 'int java.lang.invoke.DirectMethodHandle$Holder.invokeSpecialIFC(java.lang.Object, java.lang.Object, java.lang.Object, java.lang.Object)'> (0x00000000829475d8) 
thrown [s\src\hotspot\share\interpreter\linkResolver.cpp, line 771]
Event: 12.733 Thread 0x00000210db8eb040 Exception <a 'java/lang/NoSuchMethodError'{0x0000000082956630}: 'java.lang.Object java.lang.invoke.DirectMethodHandle$Holder.invokeInterface(java.lang.Object, java.lang.Object, java.lang.Object)'> (0x0000000082956630) 
thrown [s\src\hotspot\share\interpreter\linkResolver.cpp, line 771]
Event: 12.733 Thread 0x00000210db8eb040 Exception <a 'java/lang/IncompatibleClassChangeError'{0x000000008295a248}: Found class java.lang.Object, but interface was expected> (0x000000008295a248) 
thrown [s\src\hotspot\share\interpreter\linkResolver.cpp, line 838]
Event: 12.799 Thread 0x00000210db8eb040 Exception <a 'java/lang/NoSuchMethodError'{0x000000008284d110}: 'int java.lang.invoke.DirectMethodHandle$Holder.invokeStatic(java.lang.Object, java.lang.Object, java.lang.Object, java.lang.Object)'> (0x000000008284d110) 
thrown [s\src\hotspot\share\interpreter\linkResolver.cpp, line 771]
Event: 12.800 Thread 0x00000210db8eb040 Exception <a 'java/lang/NoSuchMethodError'{0x0000000082850d38}: 'java.lang.Object java.lang.invoke.Invokers$Holder.invokeExact_MT(java.lang.Object, java.lang.Object, java.lang.Object, java.lang.Object, java.lang.Object, java.lang.Object)'> (0x0000000082850d38) 
thrown [s\src\hotspot\share\interpreter\linkResolver.cpp, line 771]
Event: 12.988 Thread 0x00000210db8eb040 Exception <a 'java/lang/NoSuchMethodError'{0x0000000082406360}: 'java.lang.Object java.lang.invoke.DirectMethodHandle$Holder.invokeSpecial(java.lang.Object, java.lang.Object, java.lang.Object, java.lang.Object, java.lang.Object, java.lang.Object, java.lang.Object, java.lang.Object, java.lang.Object)'> (0x0000000082406360) 
thrown [s\src\hotspot\share\interpreter\linkResolver.cpp, line 771]
Event: 13.255 Thread 0x00000210db8eb040 Exception <a 'java/lang/NoSuchMethodError'{0x0000000081fe3090}: 'java.lang.Object java.lang.invoke.DirectMethodHandle$Holder.invokeVirtual(java.lang.Object, java.lang.Object, java.lang.Object, java.lang.Object)'> (0x0000000081fe3090) 
thrown [s\src\hotspot\share\interpreter\linkResolver.cpp, line 771]
Event: 13.370 Thread 0x00000210db8eb040 Exception <a 'java/lang/NoSuchMethodError'{0x0000000085f49900}: 'java.lang.Object java.lang.invoke.DirectMethodHandle$Holder.newInvokeSpecial(java.lang.Object, java.lang.Object, java.lang.Object, java.lang.Object, java.lang.Object, java.lang.Object, java.lang.Object)'> (0x0000000085f49900) 
thrown [s\src\hotspot\share\interpreter\linkResolver.cpp, line 771]
Event: 13.371 Thread 0x00000210db8eb040 Exception <a 'java/lang/NoSuchMethodError'{0x0000000085f4e5d0}: 'java.lang.Object java.lang.invoke.Invokers$Holder.linkToTargetMethod(java.lang.Object, java.lang.Object, java.lang.Object, java.lang.Object, java.lang.Object, java.lang.Object, java.lang.Object)'> (0x0000000085f4e5d0) 
thrown [s\src\hotspot\share\interpreter\linkResolver.cpp, line 771]
Event: 13.785 Thread 0x00000210db8eb040 Implicit null exception at 0x00000210c6d74ad8 to 0x00000210c6d74b6a
Event: 14.754 Thread 0x00000210db8eb040 Exception <a 'java/lang/NoSuchMethodError'{0x00000000832af770}: 'void java.lang.invoke.DirectMethodHandle$Holder.invokeStatic(java.lang.Object, java.lang.Object, java.lang.Object, java.lang.Object)'> (0x00000000832af770) 
thrown [s\src\hotspot\share\interpreter\linkResolver.cpp, line 771]
Event: 14.757 Thread 0x00000210db8eb040 Exception <a 'java/lang/NoSuchMethodError'{0x00000000832c3e68}: 'int java.lang.invoke.DirectMethodHandle$Holder.invokeVirtual(java.lang.Object, java.lang.Object)'> (0x00000000832c3e68) 
thrown [s\src\hotspot\share\interpreter\linkResolver.cpp, line 771]
Event: 14.760 Thread 0x00000210db8eb040 Exception <a 'java/lang/NoSuchMethodError'{0x00000000832d6618}: 'java.lang.Object java.lang.invoke.DirectMethodHandle$Holder.invokeStaticInit(java.lang.Object, java.lang.Object, java.lang.Object)'> (0x00000000832d6618) 
thrown [s\src\hotspot\share\interpreter\linkResolver.cpp, line 771]
Event: 14.769 Thread 0x00000210db8eb040 Exception <a 'java/lang/NoSuchMethodError'{0x0000000083101378}: 'int java.lang.invoke.DirectMethodHandle$Holder.invokeVirtual(java.lang.Object, java.lang.Object, java.lang.Object)'> (0x0000000083101378) 
thrown [s\src\hotspot\share\interpreter\linkResolver.cpp, line 771]

VM Operations (20 events):
Event: 11.284 Executing VM operation: CollectForMetadataAllocation
Event: 11.295 Executing VM operation: CollectForMetadataAllocation done
Event: 11.307 Executing VM operation: G1Concurrent
Event: 11.311 Executing VM operation: G1Concurrent done
Event: 11.313 Executing VM operation: G1Concurrent
Event: 11.318 Executing VM operation: G1Concurrent done
Event: 12.029 Executing VM operation: HandshakeAllThreads
Event: 12.029 Executing VM operation: HandshakeAllThreads done
Event: 12.029 Executing VM operation: HandshakeAllThreads
Event: 12.029 Executing VM operation: HandshakeAllThreads done
Event: 13.031 Executing VM operation: Cleanup
Event: 13.033 Executing VM operation: Cleanup done
Event: 13.338 Executing VM operation: G1CollectForAllocation
Event: 13.352 Executing VM operation: G1CollectForAllocation done
Event: 14.360 Executing VM operation: Cleanup
Event: 14.360 Executing VM operation: Cleanup done
Event: 14.887 Executing VM operation: HandshakeAllThreads
Event: 14.890 Executing VM operation: HandshakeAllThreads done
Event: 14.891 Executing VM operation: HandshakeAllThreads
Event: 14.891 Executing VM operation: HandshakeAllThreads done

Events (20 events):
Event: 13.180 loading class javax/xml/xpath/XPathException done
Event: 13.180 loading class javax/xml/xpath/XPathExpressionException done
Event: 13.180 loading class org/xml/sax/ErrorHandler
Event: 13.180 loading class org/xml/sax/ErrorHandler done
Event: 14.575 loading class java/util/function/UnaryOperator
Event: 14.575 loading class java/util/function/UnaryOperator done
Event: 14.632 loading class java/util/concurrent/TimeoutException
Event: 14.632 loading class java/util/concurrent/TimeoutException done
Event: 14.632 loading class java/util/concurrent/CancellationException
Event: 14.633 loading class java/util/concurrent/CancellationException done
Event: 14.653 loading class java/util/ServiceConfigurationError
Event: 14.653 loading class java/util/ServiceConfigurationError done
Event: 14.740 Thread 0x00000210da419400 Thread added: 0x00000210da419400
Event: 14.740 loading class java/util/concurrent/locks/AbstractQueuedSynchronizer$SharedNode
Event: 14.740 loading class java/util/concurrent/locks/AbstractQueuedSynchronizer$SharedNode done
Event: 14.751 loading class java/io/InterruptedIOException
Event: 14.751 loading class java/io/InterruptedIOException done
Event: 14.755 Thread 0x00000210da4180c0 Thread added: 0x00000210da4180c0
Event: 14.765 loading class java/util/ArrayDeque$DeqSpliterator
Event: 14.765 loading class java/util/ArrayDeque$DeqSpliterator done


Dynamic libraries:
0x00007ff7080c0000 - 0x00007ff7080ca000 	C:\Program Files\Android\Android Studio\jbr\bin\java.exe
0x00007ffda4950000 - 0x00007ffda4b48000 	C:\Windows\SYSTEM32\ntdll.dll
0x00007ffd9cbc0000 - 0x00007ffd9cbd9000 	C:\Program Files\Avast Software\Avast\aswhook.dll
0x00007ffda2ac0000 - 0x00007ffda2b7d000 	C:\Windows\System32\KERNEL32.DLL
0x00007ffda23c0000 - 0x00007ffda26b6000 	C:\Windows\System32\KERNELBASE.dll
0x00007ffd9f450000 - 0x00007ffd9f4e0000 	C:\Windows\SYSTEM32\apphelp.dll
0x00007ffda22c0000 - 0x00007ffda23c0000 	C:\Windows\System32\ucrtbase.dll
0x00007ffd88620000 - 0x00007ffd88637000 	C:\Program Files\Android\Android Studio\jbr\bin\jli.dll
0x00007ffd9bbf0000 - 0x00007ffd9bc0b000 	C:\Program Files\Android\Android Studio\jbr\bin\VCRUNTIME140.dll
0x00007ffda4710000 - 0x00007ffda48ae000 	C:\Windows\System32\USER32.dll
0x00007ffda26c0000 - 0x00007ffda26e2000 	C:\Windows\System32\win32u.dll
0x00007ffda34c0000 - 0x00007ffda34eb000 	C:\Windows\System32\GDI32.dll
0x00007ffda20b0000 - 0x00007ffda21c7000 	C:\Windows\System32\gdi32full.dll
0x00007ffd855a0000 - 0x00007ffd8583a000 	C:\Windows\WinSxS\amd64_microsoft.windows.common-controls_6595b64144ccf1df_6.0.19041.3636_none_60b6a03d71f818d5\COMCTL32.dll
0x00007ffda28e0000 - 0x00007ffda297d000 	C:\Windows\System32\msvcp_win.dll
0x00007ffda3b60000 - 0x00007ffda3bfe000 	C:\Windows\System32\msvcrt.dll
0x00007ffda3c00000 - 0x00007ffda3c32000 	C:\Windows\System32\IMM32.DLL
0x00007ffd9f3f0000 - 0x00007ffd9f3fc000 	C:\Program Files\Android\Android Studio\jbr\bin\vcruntime140_1.dll
0x00007ffd8f790000 - 0x00007ffd8f81d000 	C:\Program Files\Android\Android Studio\jbr\bin\msvcp140.dll
0x00007ffd428d0000 - 0x00007ffd43550000 	C:\Program Files\Android\Android Studio\jbr\bin\server\jvm.dll
0x00007ffda4100000 - 0x00007ffda41b0000 	C:\Windows\System32\ADVAPI32.dll
0x00007ffda34f0000 - 0x00007ffda3590000 	C:\Windows\System32\sechost.dll
0x00007ffda3390000 - 0x00007ffda34b5000 	C:\Windows\System32\RPCRT4.dll
0x00007ffda2290000 - 0x00007ffda22b7000 	C:\Windows\System32\bcrypt.dll
0x00007ffd8e660000 - 0x00007ffd8e687000 	C:\Windows\SYSTEM32\WINMM.dll
0x00007ffd98c60000 - 0x00007ffd98c6a000 	C:\Windows\SYSTEM32\VERSION.dll
0x00007ffd96410000 - 0x00007ffd96419000 	C:\Windows\SYSTEM32\WSOCK32.dll
0x00007ffda41b0000 - 0x00007ffda421b000 	C:\Windows\System32\WS2_32.dll
0x00007ffda0840000 - 0x00007ffda0852000 	C:\Windows\SYSTEM32\kernel.appcore.dll
0x00007ffd98700000 - 0x00007ffd9870a000 	C:\Program Files\Android\Android Studio\jbr\bin\jimage.dll
0x00007ffd9fd30000 - 0x00007ffd9ff14000 	C:\Windows\SYSTEM32\DBGHELP.DLL
0x00007ffd98940000 - 0x00007ffd98974000 	C:\Windows\SYSTEM32\dbgcore.DLL
0x00007ffda26f0000 - 0x00007ffda2772000 	C:\Windows\System32\bcryptPrimitives.dll
0x00007ffd9be10000 - 0x00007ffd9be1e000 	C:\Program Files\Android\Android Studio\jbr\bin\instrument.dll
0x00007ffd81360000 - 0x00007ffd81385000 	C:\Program Files\Android\Android Studio\jbr\bin\java.dll
0x00007ffd81340000 - 0x00007ffd81358000 	C:\Program Files\Android\Android Studio\jbr\bin\zip.dll
0x00007ffda2b80000 - 0x00007ffda32eb000 	C:\Windows\System32\SHELL32.dll
0x00007ffda0090000 - 0x00007ffda082e000 	C:\Windows\SYSTEM32\windows.storage.dll
0x00007ffda3800000 - 0x00007ffda3b53000 	C:\Windows\System32\combase.dll
0x00007ffda1960000 - 0x00007ffda198e000 	C:\Windows\SYSTEM32\Wldp.dll
0x00007ffda29e0000 - 0x00007ffda2aad000 	C:\Windows\System32\OLEAUT32.dll
0x00007ffda35a0000 - 0x00007ffda364d000 	C:\Windows\System32\SHCORE.dll
0x00007ffda2980000 - 0x00007ffda29d5000 	C:\Windows\System32\shlwapi.dll
0x00007ffda1f30000 - 0x00007ffda1f55000 	C:\Windows\SYSTEM32\profapi.dll
0x00007ffd7c5e0000 - 0x00007ffd7c5f9000 	C:\Program Files\Android\Android Studio\jbr\bin\net.dll
0x00007ffd98b50000 - 0x00007ffd98c5a000 	C:\Windows\SYSTEM32\WINHTTP.dll
0x00007ffda16c0000 - 0x00007ffda172a000 	C:\Windows\system32\mswsock.dll
0x00007ffd7c5c0000 - 0x00007ffd7c5d6000 	C:\Program Files\Android\Android Studio\jbr\bin\nio.dll
0x00007ffd83680000 - 0x00007ffd83690000 	C:\Program Files\Android\Android Studio\jbr\bin\verify.dll
0x00007ffd8f820000 - 0x00007ffd8f847000 	C:\Program Files\Android\Android Studio\native\68d5fa5c4cc2d200863cafc0d521ce42e7d3e7ee720ec0a83991735586a16f82\windows-amd64\native-platform.dll
0x00007ffd8d5a0000 - 0x00007ffd8d6e4000 	C:\Program Files\Android\Android Studio\native\e376f236ea51e6404a007f0833ffe2c6e607c4080706a723a18a27aeea778392\windows-amd64\native-platform-file-events.dll
0x00007ffd82630000 - 0x00007ffd82639000 	C:\Program Files\Android\Android Studio\jbr\bin\management.dll
0x00007ffd82600000 - 0x00007ffd8260b000 	C:\Program Files\Android\Android Studio\jbr\bin\management_ext.dll
0x00007ffda3380000 - 0x00007ffda3388000 	C:\Windows\System32\PSAPI.DLL
0x00007ffda18c0000 - 0x00007ffda18d8000 	C:\Windows\SYSTEM32\CRYPTSP.dll
0x00007ffda0ff0000 - 0x00007ffda1024000 	C:\Windows\system32\rsaenh.dll
0x00007ffda1ef0000 - 0x00007ffda1f1e000 	C:\Windows\SYSTEM32\USERENV.dll
0x00007ffda18b0000 - 0x00007ffda18bc000 	C:\Windows\SYSTEM32\CRYPTBASE.dll
0x00007ffda13b0000 - 0x00007ffda13eb000 	C:\Windows\SYSTEM32\IPHLPAPI.DLL
0x00007ffda3590000 - 0x00007ffda3598000 	C:\Windows\System32\NSI.dll
0x00007ffd9ad30000 - 0x00007ffd9ad47000 	C:\Windows\SYSTEM32\dhcpcsvc6.DLL
0x00007ffd9a550000 - 0x00007ffd9a56d000 	C:\Windows\SYSTEM32\dhcpcsvc.DLL
0x00007ffda13f0000 - 0x00007ffda14bb000 	C:\Windows\SYSTEM32\DNSAPI.dll
0x00007ffd83690000 - 0x00007ffd83697000 	C:\Windows\system32\wshunix.dll

dbghelp: loaded successfully - version: 4.0.5 - missing functions: none
symbol engine: initialized successfully - sym options: 0x614 - pdb path: .;C:\Program Files\Android\Android Studio\jbr\bin;C:\Windows\SYSTEM32;C:\Program Files\Avast Software\Avast;C:\Windows\WinSxS\amd64_microsoft.windows.common-controls_6595b64144ccf1df_6.0.19041.3636_none_60b6a03d71f818d5;C:\Program Files\Android\Android Studio\jbr\bin\server;C:\Program Files\Android\Android Studio\native\68d5fa5c4cc2d200863cafc0d521ce42e7d3e7ee720ec0a83991735586a16f82\windows-amd64;C:\Program Files\Android\Android Studio\native\e376f236ea51e6404a007f0833ffe2c6e607c4080706a723a18a27aeea778392\windows-amd64

VM Arguments:
jvm_args: --add-opens=java.base/java.util=ALL-UNNAMED --add-opens=java.base/java.lang=ALL-UNNAMED --add-opens=java.base/java.lang.invoke=ALL-UNNAMED --add-opens=java.prefs/java.util.prefs=ALL-UNNAMED --add-opens=java.base/java.nio.charset=ALL-UNNAMED --add-opens=java.base/java.net=ALL-UNNAMED --add-opens=java.base/java.util.concurrent.atomic=ALL-UNNAMED -Xmx2048m -Dfile.encoding=UTF-8 -Duser.country=FR -Duser.language=fr -Duser.variant -javaagent:C:\Users\Haytam\Downloads\gradle-8.2-bin\gradle-8.2\lib\agents\gradle-instrumentation-agent-8.2.jar 
java_command: org.gradle.launcher.daemon.bootstrap.GradleDaemon 8.2
java_class_path (initial): C:\Users\Haytam\Downloads\gradle-8.2-bin\gradle-8.2\lib\gradle-launcher-8.2.jar
Launcher Type: SUN_STANDARD

[Global flags]
     intx CICompilerCount                          = 4                                         {product} {ergonomic}
     uint ConcGCThreads                            = 2                                         {product} {ergonomic}
     uint G1ConcRefinementThreads                  = 8                                         {product} {ergonomic}
   size_t G1HeapRegionSize                         = 1048576                                   {product} {ergonomic}
    uintx GCDrainStackTargetSize                   = 64                                        {product} {ergonomic}
   size_t InitialHeapSize                          = 100663296                                 {product} {ergonomic}
   size_t MarkStackSize                            = 4194304                                   {product} {ergonomic}
   size_t MaxHeapSize                              = 2147483648                                {product} {command line}
   size_t MaxNewSize                               = 1287651328                                {product} {ergonomic}
   size_t MinHeapDeltaBytes                        = 1048576                                   {product} {ergonomic}
   size_t MinHeapSize                              = 8388608                                   {product} {ergonomic}
    uintx NonNMethodCodeHeapSize                   = 5839372                                {pd product} {ergonomic}
    uintx NonProfiledCodeHeapSize                  = 122909434                              {pd product} {ergonomic}
    uintx ProfiledCodeHeapSize                     = 122909434                              {pd product} {ergonomic}
    uintx ReservedCodeCacheSize                    = 251658240                              {pd product} {ergonomic}
     bool SegmentedCodeCache                       = true                                      {product} {ergonomic}
   size_t SoftMaxHeapSize                          = 2147483648                             {manageable} {ergonomic}
     bool UseCompressedClassPointers               = true                           {product lp64_product} {ergonomic}
     bool UseCompressedOops                        = true                           {product lp64_product} {ergonomic}
     bool UseG1GC                                  = true                                      {product} {ergonomic}
     bool UseLargePagesIndividualAllocation        = false                                  {pd product} {ergonomic}

Logging:
Log output configuration:
 #0: stdout all=warning uptime,level,tags
 #1: stderr all=off uptime,level,tags

Environment Variables:
JAVA_HOME=C:\Program Files (x86)\jdk-19
CLASSPATH=C:\Program Files (x86)\jdk-19\bin
PATH=C:\Python310\Scripts\;C:\Python310\;C:\Windows\system32;C:\Windows;C:\Windows\System32\Wbem;C:\Windows\System32\WindowsPowerShell\v1.0\;C:\Windows\System32\OpenSSH\;C:\ProgramData\chocolatey\bin;C:\Program Files\Microsoft SQL Server\150\Tools\Binn\;C:\Program Files\Microsoft SQL Server\Client SDK\ODBC\170\Tools\Binn\;C:\Program Files\dotnet\;C:\Program Files (x86)\jdk-19\bin;C:\Program Files\Git\cmd;C:\Program Files\nodejs\;C:\AndroidEmulatorTools\platform-tools-latest-windows\platform-tools;C:\Users\Haytam\scoop\shims;C:\Program Files\MySQL\MySQL Shell 8.0\bin\;C:\Users\Haytam\AppData\Local\Microsoft\WindowsApps;C:\Users\Haytam\AppData\Local\Programs\Microsoft VS Code\bin;C:\Users\Haytam\.dotnet\tools;C:\Program Files (x86)\jdk-19;C:\Users\Haytam\Downloads\php-8.1.12-Win32-vs16-x64;C:\Users\Haytam\AppData\Local\ComposerSetup\bin;C:\Users\Haytam\AppData\Roaming\Composer\vendor\bin;C:\Users\Haytam\AppData\Roaming\npm
USERNAME=Haytam
OS=Windows_NT
PROCESSOR_IDENTIFIER=AMD64 Family 23 Model 24 Stepping 1, AuthenticAMD
TMP=C:\Users\Haytam\AppData\Local\Temp
TEMP=C:\Users\Haytam\AppData\Local\Temp


JNI global refs:
JNI global refs: 24, weak refs: 1

JNI global refs memory usage: 843, weak refs: 841

OOME stack traces (most recent first):
Classloader memory used:
Loader bootstrap                                                                       : 1853K
Loader org.gradle.internal.classloader.VisitableURLClassLoader                         : 1563K
Loader org.gradle.initialization.MixInLegacyTypesClassLoader                           : 216K
Loader jdk.internal.loader.ClassLoaders$AppClassLoader                                 : 28352B
Loader jdk.internal.loader.ClassLoaders$PlatformClassLoader                            : 17642B
Loader jdk.internal.reflect.DelegatingClassLoader                                      : 2670B

Classes loaded by more than one classloader:
Class org.gradle.internal.installation.GradleInstallation                             : loaded 2 times (x 73B)
Class org.gradle.internal.classpath.ClassPath                                         : loaded 2 times (x 68B)
Class org.gradle.api.internal.classpath.DefaultModuleRegistry                         : loaded 2 times (x 84B)
Class org.gradle.api.Action                                                           : loaded 2 times (x 68B)
Class org.gradle.api.internal.DefaultClassPathProvider                                : loaded 2 times (x 74B)
Class org.gradle.internal.installation.GradleInstallation$1                           : loaded 2 times (x 73B)
Class org.gradle.internal.classloader.FilteringClassLoader                            : loaded 2 times (x 102B)
Class org.gradle.internal.classpath.DefaultClassPath$ImmutableUniqueList$Builder      : loaded 2 times (x 73B)
Class org.gradle.internal.classloader.ClassLoaderVisitor                              : loaded 2 times (x 74B)
Class org.gradle.internal.service.DefaultServiceLocator                               : loaded 2 times (x 81B)
Class org.gradle.internal.service.UnknownServiceException                             : loaded 2 times (x 81B)
Class org.gradle.internal.classloader.DefaultClassLoaderFactory                       : loaded 2 times (x 80B)
Class org.gradle.internal.classloader.VisitableURLClassLoader$Spec                    : loaded 2 times (x 72B)
Class org.gradle.api.GradleException                                                  : loaded 2 times (x 80B)
Class org.gradle.api.internal.classpath.ModuleRegistry                                : loaded 2 times (x 68B)
Class org.gradle.api.internal.ClassPathProvider                                       : loaded 2 times (x 68B)
Class org.gradle.internal.classloader.ClasspathUtil$1                                 : loaded 2 times (x 74B)
Class org.gradle.internal.classloader.ClassLoaderFactory                              : loaded 2 times (x 68B)
Class org.gradle.api.internal.classpath.ManifestUtil                                  : loaded 2 times (x 69B)
Class org.gradle.api.specs.Spec                                                       : loaded 2 times (x 68B)
Class org.gradle.internal.IoActions                                                   : loaded 2 times (x 69B)
Class org.gradle.api.internal.classpath.EffectiveClassPath                            : loaded 2 times (x 88B)
Class org.gradle.internal.installation.CurrentGradleInstallation                      : loaded 2 times (x 71B)
Class org.gradle.internal.agents.InstrumentingClassLoader                             : loaded 2 times (x 68B)
Class org.gradle.internal.installation.CurrentGradleInstallationLocator               : loaded 2 times (x 69B)
Class org.gradle.api.internal.classpath.Module                                        : loaded 2 times (x 68B)
Class org.gradle.internal.service.CachingServiceLocator                               : loaded 2 times (x 80B)
Class org.gradle.internal.classpath.DefaultClassPath                                  : loaded 2 times (x 88B)
Class org.gradle.internal.classloader.SystemClassLoaderSpec                           : loaded 2 times (x 69B)
Class org.gradle.api.UncheckedIOException                                             : loaded 2 times (x 80B)
Class org.gradle.internal.classloader.ClasspathUtil                                   : loaded 2 times (x 69B)
Class org.gradle.api.internal.DefaultClassPathRegistry                                : loaded 2 times (x 74B)
Class org.gradle.api.internal.classpath.DefaultModuleRegistry$DefaultModule           : loaded 2 times (x 84B)
Class org.gradle.api.internal.classpath.UnknownModuleException                        : loaded 2 times (x 80B)
Class org.gradle.internal.service.ServiceLookupException                              : loaded 2 times (x 80B)
Class org.gradle.cache.GlobalCache                                                    : loaded 2 times (x 68B)
Class [Lorg.gradle.api.internal.ClassPathProvider;                                    : loaded 2 times (x 67B)
Class org.gradle.util.internal.GUtil                                                  : loaded 2 times (x 69B)
Class org.gradle.internal.classloader.ClassLoaderSpec                                 : loaded 2 times (x 69B)
Class org.gradle.internal.classloader.VisitableURLClassLoader                         : loaded 2 times (x 114B)
Class org.gradle.internal.Cast                                                        : loaded 2 times (x 69B)
Class org.gradle.api.internal.ClassPathRegistry                                       : loaded 2 times (x 68B)
Class org.gradle.internal.classloader.VisitableURLClassLoader$InstrumentingVisitableURLClassLoader: loaded 2 times (x 120B)
Class org.gradle.internal.classloader.ClassLoaderHierarchy                            : loaded 2 times (x 68B)
Class org.gradle.internal.InternalTransformer                                         : loaded 2 times (x 68B)
Class org.gradle.internal.service.ServiceLocator                                      : loaded 2 times (x 68B)
Class org.gradle.internal.classpath.DefaultClassPath$ImmutableUniqueList              : loaded 2 times (x 159B)
Class org.gradle.internal.classpath.TransformedClassPath                              : loaded 2 times (x 94B)


---------------  S Y S T E M  ---------------

OS:
 Windows 10 , 64 bit Build 19041 (10.0.19041.3636)
OS uptime: 9 days 14:58 hours

CPU: total 8 (initial active 8) (8 cores per cpu, 2 threads per core) family 23 model 24 stepping 1 microcode 0x0, cx8, cmov, fxsr, ht, mmx, 3dnowpref, sse, sse2, sse3, ssse3, sse4a, sse4.1, sse4.2, popcnt, lzcnt, tsc, tscinvbit, avx, avx2, aes, clmul, bmi1, bmi2, adx, sha, fma, vzeroupper, clflush, clflushopt

Memory: 4k page, system-wide physical 6020M (74M free)
TotalPageFile size 24452M (AvailPageFile size 5M)
current process WorkingSet (physical memory assigned to process): 165M, peak: 165M
current process commit charge ("private bytes"): 216M, peak: 218M

vm_info: OpenJDK 64-Bit Server VM (17.0.7+0-b2043.56-10550314) for windows-amd64 JRE (17.0.7+0-b2043.56-10550314), built on Jul 24 2023 18:27:45 by "androidbuild" with MS VC++ 16.10 / 16.11 (VS2019)

END.
