#
# There is insufficient memory for the Java Runtime Environment to continue.
# Native memory allocation (mmap) failed to map 166723584 bytes for G1 virtual space
# Possible reasons:
#   The system is out of physical RAM or swap space
#   The process is running with CompressedOops enabled, and the Java Heap may be blocking the growth of the native heap
# Possible solutions:
#   Reduce memory load on the system
#   Increase physical memory or swap space
#   Check if swap backing store is full
#   Decrease Java heap size (-Xmx/-Xms)
#   Decrease number of Java threads
#   Decrease Java thread stack sizes (-Xss)
#   Set larger code cache with -XX:ReservedCodeCacheSize=
#   JVM is running with Unscaled Compressed Oops mode in which the Java heap is
#     placed in the first 4GB address space. The Java Heap base address is the
#     maximum limit for the native heap growth. Please use -XX:HeapBaseMinAddress
#     to set the Java Heap base and to place the Java Heap above 4GB virtual address.
# This output file may be truncated or incomplete.
#
#  Out of Memory Error (os_windows.cpp:3771), pid=96036, tid=85092
#
# JRE version: OpenJDK Runtime Environment (17.0.7) (build 17.0.7+0-b2043.56-10550314)
# Java VM: OpenJDK 64-Bit Server VM (17.0.7+0-b2043.56-10550314, mixed mode, tiered, compressed oops, compressed class ptrs, g1 gc, windows-amd64)
# No core dump will be written. Minidumps are not enabled by default on client versions of Windows
#

---------------  S U M M A R Y ------------

Command Line: org.jetbrains.kotlin.cli.jvm.K2JVMCompiler @C:\Users\Haytam\AndroidStudioProjects\project\app\build\20240325_1643804765805079039.compiler.options

Host: AMD Ryzen 5 3500U with Radeon Vega Mobile Gfx  , 8 cores, 5G,  Windows 10 , 64 bit Build 19041 (10.0.19041.3636)
Time: Mon Mar 25 18:24:48 2024 Paris, Madrid elapsed time: 10.527812 seconds (0d 0h 0m 10s)

---------------  T H R E A D  ---------------

Current thread (0x000001dd7f4dd250):  VMThread "VM Thread" [stack: 0x00000051b5800000,0x00000051b5900000] [id=85092]

Stack: [0x00000051b5800000,0x00000051b5900000]
Native frames: (J=compiled Java code, j=interpreted, Vv=VM code, C=native code)
V  [jvm.dll+0x683bfa]
V  [jvm.dll+0x8430a4]
V  [jvm.dll+0x8449be]
V  [jvm.dll+0x845023]
V  [jvm.dll+0x24ad2f]
V  [jvm.dll+0x680ac9]
V  [jvm.dll+0x67519a]
V  [jvm.dll+0x30b3cb]
V  [jvm.dll+0x312876]
V  [jvm.dll+0x36221e]
V  [jvm.dll+0x36244f]
V  [jvm.dll+0x2e14a8]
V  [jvm.dll+0x2df684]
V  [jvm.dll+0x2dec8c]
V  [jvm.dll+0x32382b]
V  [jvm.dll+0x8496eb]
V  [jvm.dll+0x84a424]
V  [jvm.dll+0x84a93d]
V  [jvm.dll+0x84ad14]
V  [jvm.dll+0x84ade0]
V  [jvm.dll+0x7f2aea]
V  [jvm.dll+0x682a35]
C  [ucrtbase.dll+0x21bb2]
C  [KERNEL32.DLL+0x17344]
C  [ntdll.dll+0x526b1]

VM_Operation (0x00000051b52fb770): G1CollectForAllocation, mode: safepoint, requested by thread 0x000001dd7a9a4270


---------------  P R O C E S S  ---------------

Threads class SMR info:
_java_thread_list=0x000001dd182f0a40, length=12, elements={
0x000001dd7a9a4270, 0x000001dd7f4e3710, 0x000001dd7f4ecfe0, 0x000001dd7f531170,
0x000001dd18151ff0, 0x000001dd18153560, 0x000001dd181583e0, 0x000001dd18176840,
0x000001dd181774f0, 0x000001dd1817a1b0, 0x000001dd182e2010, 0x000001dd182fc970
}

Java Threads: ( => current thread )
  0x000001dd7a9a4270 JavaThread "main" [_thread_blocked, id=88616, stack(0x00000051b5200000,0x00000051b5300000)]
  0x000001dd7f4e3710 JavaThread "Reference Handler" daemon [_thread_blocked, id=108120, stack(0x00000051b5900000,0x00000051b5a00000)]
  0x000001dd7f4ecfe0 JavaThread "Finalizer" daemon [_thread_blocked, id=107616, stack(0x00000051b5a00000,0x00000051b5b00000)]
  0x000001dd7f531170 JavaThread "Signal Dispatcher" daemon [_thread_blocked, id=58452, stack(0x00000051b5b00000,0x00000051b5c00000)]
  0x000001dd18151ff0 JavaThread "Attach Listener" daemon [_thread_blocked, id=109128, stack(0x00000051b5c00000,0x00000051b5d00000)]
  0x000001dd18153560 JavaThread "Service Thread" daemon [_thread_blocked, id=102728, stack(0x00000051b5d00000,0x00000051b5e00000)]
  0x000001dd181583e0 JavaThread "Monitor Deflation Thread" daemon [_thread_blocked, id=95848, stack(0x00000051b5e00000,0x00000051b5f00000)]
  0x000001dd18176840 JavaThread "C2 CompilerThread0" daemon [_thread_blocked, id=104948, stack(0x00000051b5f00000,0x00000051b6000000)]
  0x000001dd181774f0 JavaThread "C1 CompilerThread0" daemon [_thread_blocked, id=93924, stack(0x00000051b6000000,0x00000051b6100000)]
  0x000001dd1817a1b0 JavaThread "Sweeper thread" daemon [_thread_blocked, id=96480, stack(0x00000051b6100000,0x00000051b6200000)]
  0x000001dd182e2010 JavaThread "Notification Thread" daemon [_thread_blocked, id=101124, stack(0x00000051b6200000,0x00000051b6300000)]
  0x000001dd182fc970 JavaThread "Common-Cleaner" daemon [_thread_blocked, id=84784, stack(0x00000051b6400000,0x00000051b6500000)]

Other Threads:
=>0x000001dd7f4dd250 VMThread "VM Thread" [stack: 0x00000051b5800000,0x00000051b5900000] [id=85092]
  0x000001dd7f485900 WatcherThread [stack: 0x00000051b6300000,0x00000051b6400000] [id=79152]
  0x000001dd7a9f01a0 GCTaskThread "GC Thread#0" [stack: 0x00000051b5300000,0x00000051b5400000] [id=88580]
  0x000001dd187f3f70 GCTaskThread "GC Thread#1" [stack: 0x00000051b6500000,0x00000051b6600000] [id=107216]
  0x000001dd188dbc00 GCTaskThread "GC Thread#2" [stack: 0x00000051b6600000,0x00000051b6700000] [id=107324]
  0x000001dd188dbeb0 GCTaskThread "GC Thread#3" [stack: 0x00000051b6700000,0x00000051b6800000] [id=92612]
  0x000001dd188dc160 GCTaskThread "GC Thread#4" [stack: 0x00000051b6800000,0x00000051b6900000] [id=91832]
  0x000001dd18c8f330 GCTaskThread "GC Thread#5" [stack: 0x00000051b6900000,0x00000051b6a00000] [id=94720]
  0x000001dd18c8e060 GCTaskThread "GC Thread#6" [stack: 0x00000051b6a00000,0x00000051b6b00000] [id=74052]
  0x000001dd18c8edd0 GCTaskThread "GC Thread#7" [stack: 0x00000051b6b00000,0x00000051b6c00000] [id=108876]
  0x000001dd7a9fcd20 ConcurrentGCThread "G1 Main Marker" [stack: 0x00000051b5400000,0x00000051b5500000] [id=102852]
  0x000001dd7a9fded0 ConcurrentGCThread "G1 Conc#0" [stack: 0x00000051b5500000,0x00000051b5600000] [id=104552]
  0x000001dd18c8f080 ConcurrentGCThread "G1 Conc#1" [stack: 0x00000051b6c00000,0x00000051b6d00000] [id=100972]
  0x000001dd7aa50f70 ConcurrentGCThread "G1 Refine#0" [stack: 0x00000051b5600000,0x00000051b5700000] [id=100580]
  0x000001dd7aa51990 ConcurrentGCThread "G1 Service" [stack: 0x00000051b5700000,0x00000051b5800000] [id=94708]

Threads with active compile tasks:
C2 CompilerThread0    10600 5014       4       org.jetbrains.org.objectweb.asm.ClassReader::readMethod (1061 bytes)

VM state: at safepoint (normal execution)

VM Mutex/Monitor currently owned by a thread:  ([mutex/lock_event])
[0x000001dd7a99f920] Threads_lock - owner thread: 0x000001dd7f4dd250
[0x000001dd7a99f410] Heap_lock - owner thread: 0x000001dd7a9a4270

Heap address: 0x00000000a1e00000, size: 1506 MB, Compressed Oops mode: 32-bit

CDS archive(s) not mapped
Compressed class space mapped at: 0x0000000100000000-0x0000000140000000, reserved size: 1073741824
Narrow klass base: 0x0000000000000000, Narrow klass shift: 3, Narrow klass range: 0x140000000

GC Precious Log:
 CPUs: 8 total, 8 available
 Memory: 6020M
 Large Page Support: Disabled
 NUMA Support: Disabled
 Compressed Oops: Enabled (32-bit)
 Heap Region Size: 1M
 Heap Min Capacity: 8M
 Heap Initial Capacity: 96M
 Heap Max Capacity: 1506M
 Pre-touch: Disabled
 Parallel Workers: 8
 Concurrent Workers: 2
 Concurrent Refinement Workers: 8
 Periodic GC: Disabled

Heap:
 garbage-first heap   total 98304K, used 44654K [0x00000000a1e00000, 0x0000000100000000)
  region size 1024K, 1 young (1024K), 1 survivors (1024K)
 Metaspace       used 56885K, committed 57152K, reserved 1114112K
  class space    used 6884K, committed 7040K, reserved 1048576K

Heap Regions: E=young(eden), S=young(survivor), O=old, HS=humongous(starts), HC=humongous(continues), CS=collection set, F=free, OA=open archive, CA=closed archive, TAMS=top-at-mark-start (previous, next)
|   0|0x00000000a1e00000, 0x00000000a1f00000, 0x00000000a1f00000|100%|HS|  |TAMS 0x00000000a1f00000, 0x00000000a1e00000| Complete 
|   1|0x00000000a1f00000, 0x00000000a2000000, 0x00000000a2000000|100%|HC|  |TAMS 0x00000000a2000000, 0x00000000a1f00000| Complete 
|   2|0x00000000a2000000, 0x00000000a2100000, 0x00000000a2100000|100%|HC|  |TAMS 0x00000000a2100000, 0x00000000a2000000| Complete 
|   3|0x00000000a2100000, 0x00000000a2200000, 0x00000000a2200000|100%|HC|  |TAMS 0x00000000a2200000, 0x00000000a2100000| Complete 
|   4|0x00000000a2200000, 0x00000000a2300000, 0x00000000a2300000|100%| O|  |TAMS 0x00000000a2300000, 0x00000000a2200000| Untracked 
|   5|0x00000000a2300000, 0x00000000a2400000, 0x00000000a2400000|100%| O|  |TAMS 0x00000000a2400000, 0x00000000a2300000| Untracked 
|   6|0x00000000a2400000, 0x00000000a2500000, 0x00000000a2500000|100%| O|  |TAMS 0x00000000a2500000, 0x00000000a2400000| Untracked 
|   7|0x00000000a2500000, 0x00000000a2600000, 0x00000000a2600000|100%| O|  |TAMS 0x00000000a2600000, 0x00000000a2500000| Untracked 
|   8|0x00000000a2600000, 0x00000000a2600000, 0x00000000a2700000|  0%| F|  |TAMS 0x00000000a2600000, 0x00000000a2600000| Untracked 
|   9|0x00000000a2700000, 0x00000000a2800000, 0x00000000a2800000|100%| O|  |TAMS 0x00000000a2800000, 0x00000000a2700000| Untracked 
|  10|0x00000000a2800000, 0x00000000a2900000, 0x00000000a2900000|100%| O|  |TAMS 0x00000000a2900000, 0x00000000a2800000| Untracked 
|  11|0x00000000a2900000, 0x00000000a2a00000, 0x00000000a2a00000|100%| O|  |TAMS 0x00000000a2a00000, 0x00000000a2900000| Untracked 
|  12|0x00000000a2a00000, 0x00000000a2b00000, 0x00000000a2b00000|100%| O|  |TAMS 0x00000000a2b00000, 0x00000000a2a00000| Untracked 
|  13|0x00000000a2b00000, 0x00000000a2c00000, 0x00000000a2c00000|100%| O|  |TAMS 0x00000000a2c00000, 0x00000000a2b00000| Untracked 
|  14|0x00000000a2c00000, 0x00000000a2d00000, 0x00000000a2d00000|100%| O|  |TAMS 0x00000000a2d00000, 0x00000000a2c00000| Untracked 
|  15|0x00000000a2d00000, 0x00000000a2e00000, 0x00000000a2e00000|100%| O|  |TAMS 0x00000000a2e00000, 0x00000000a2d00000| Untracked 
|  16|0x00000000a2e00000, 0x00000000a2f00000, 0x00000000a2f00000|100%| O|  |TAMS 0x00000000a2f00000, 0x00000000a2e00000| Untracked 
|  17|0x00000000a2f00000, 0x00000000a3000000, 0x00000000a3000000|100%| O|  |TAMS 0x00000000a2f00000, 0x00000000a2f00000| Untracked 
|  18|0x00000000a3000000, 0x00000000a3100000, 0x00000000a3100000|100%| O|  |TAMS 0x00000000a3100000, 0x00000000a3000000| Untracked 
|  19|0x00000000a3100000, 0x00000000a3200000, 0x00000000a3200000|100%| O|  |TAMS 0x00000000a3200000, 0x00000000a3100000| Untracked 
|  20|0x00000000a3200000, 0x00000000a3300000, 0x00000000a3300000|100%| O|  |TAMS 0x00000000a3300000, 0x00000000a3200000| Untracked 
|  21|0x00000000a3300000, 0x00000000a3400000, 0x00000000a3400000|100%| O|  |TAMS 0x00000000a3400000, 0x00000000a3300000| Untracked 
|  22|0x00000000a3400000, 0x00000000a3500000, 0x00000000a3500000|100%| O|  |TAMS 0x00000000a3500000, 0x00000000a3400000| Untracked 
|  23|0x00000000a3500000, 0x00000000a3600000, 0x00000000a3600000|100%|HS|  |TAMS 0x00000000a3600000, 0x00000000a3500000| Complete 
|  24|0x00000000a3600000, 0x00000000a3700000, 0x00000000a3700000|100%|HC|  |TAMS 0x00000000a3700000, 0x00000000a3600000| Complete 
|  25|0x00000000a3700000, 0x00000000a3800000, 0x00000000a3800000|100%| O|  |TAMS 0x00000000a3800000, 0x00000000a3700000| Untracked 
|  26|0x00000000a3800000, 0x00000000a3900000, 0x00000000a3900000|100%| O|  |TAMS 0x00000000a3900000, 0x00000000a3800000| Untracked 
|  27|0x00000000a3900000, 0x00000000a3a00000, 0x00000000a3a00000|100%| O|  |TAMS 0x00000000a3a00000, 0x00000000a3900000| Untracked 
|  28|0x00000000a3a00000, 0x00000000a3b00000, 0x00000000a3b00000|100%| O|  |TAMS 0x00000000a3b00000, 0x00000000a3a00000| Untracked 
|  29|0x00000000a3b00000, 0x00000000a3c00000, 0x00000000a3c00000|100%| O|  |TAMS 0x00000000a3c00000, 0x00000000a3b00000| Untracked 
|  30|0x00000000a3c00000, 0x00000000a3d00000, 0x00000000a3d00000|100%| O|  |TAMS 0x00000000a3d00000, 0x00000000a3c00000| Untracked 
|  31|0x00000000a3d00000, 0x00000000a3e00000, 0x00000000a3e00000|100%| O|  |TAMS 0x00000000a3e00000, 0x00000000a3d00000| Untracked 
|  32|0x00000000a3e00000, 0x00000000a3f00000, 0x00000000a3f00000|100%| O|  |TAMS 0x00000000a3f00000, 0x00000000a3e00000| Untracked 
|  33|0x00000000a3f00000, 0x00000000a4000000, 0x00000000a4000000|100%| O|  |TAMS 0x00000000a4000000, 0x00000000a3f00000| Untracked 
|  34|0x00000000a4000000, 0x00000000a4100000, 0x00000000a4100000|100%| O|  |TAMS 0x00000000a4100000, 0x00000000a4000000| Untracked 
|  35|0x00000000a4100000, 0x00000000a4200000, 0x00000000a4200000|100%| O|  |TAMS 0x00000000a4200000, 0x00000000a4100000| Untracked 
|  36|0x00000000a4200000, 0x00000000a4300000, 0x00000000a4300000|100%| O|  |TAMS 0x00000000a4300000, 0x00000000a4200000| Untracked 
|  37|0x00000000a4300000, 0x00000000a4400000, 0x00000000a4400000|100%| O|  |TAMS 0x00000000a4400000, 0x00000000a4300000| Untracked 
|  38|0x00000000a4400000, 0x00000000a4500000, 0x00000000a4500000|100%| O|  |TAMS 0x00000000a4500000, 0x00000000a4400000| Untracked 
|  39|0x00000000a4500000, 0x00000000a4600000, 0x00000000a4600000|100%| O|  |TAMS 0x00000000a4600000, 0x00000000a4500000| Untracked 
|  40|0x00000000a4600000, 0x00000000a4700000, 0x00000000a4700000|100%| O|  |TAMS 0x00000000a4700000, 0x00000000a4600000| Untracked 
|  41|0x00000000a4700000, 0x00000000a4800000, 0x00000000a4800000|100%| O|  |TAMS 0x00000000a4700000, 0x00000000a4700000| Untracked 
|  42|0x00000000a4800000, 0x00000000a4900000, 0x00000000a4900000|100%| O|  |TAMS 0x00000000a4800000, 0x00000000a4800000| Untracked 
|  43|0x00000000a4900000, 0x00000000a4a00000, 0x00000000a4a00000|100%| O|  |TAMS 0x00000000a4900000, 0x00000000a4900000| Untracked 
|  44|0x00000000a4a00000, 0x00000000a4a2ae00, 0x00000000a4b00000| 16%| O|  |TAMS 0x00000000a4a00000, 0x00000000a4a00000| Untracked 
|  45|0x00000000a4b00000, 0x00000000a4b00000, 0x00000000a4c00000|  0%| F|  |TAMS 0x00000000a4b00000, 0x00000000a4b00000| Untracked 
|  46|0x00000000a4c00000, 0x00000000a4c00000, 0x00000000a4d00000|  0%| F|  |TAMS 0x00000000a4c00000, 0x00000000a4c00000| Untracked 
|  47|0x00000000a4d00000, 0x00000000a4d00000, 0x00000000a4e00000|  0%| F|  |TAMS 0x00000000a4d00000, 0x00000000a4d00000| Untracked 
|  48|0x00000000a4e00000, 0x00000000a4e00000, 0x00000000a4f00000|  0%| F|  |TAMS 0x00000000a4e00000, 0x00000000a4e00000| Untracked 
|  49|0x00000000a4f00000, 0x00000000a4f00000, 0x00000000a5000000|  0%| F|  |TAMS 0x00000000a4f00000, 0x00000000a4f00000| Untracked 
|  50|0x00000000a5000000, 0x00000000a5000000, 0x00000000a5100000|  0%| F|  |TAMS 0x00000000a5000000, 0x00000000a5000000| Untracked 
|  51|0x00000000a5100000, 0x00000000a5100000, 0x00000000a5200000|  0%| F|  |TAMS 0x00000000a5100000, 0x00000000a5100000| Untracked 
|  52|0x00000000a5200000, 0x00000000a5200000, 0x00000000a5300000|  0%| F|  |TAMS 0x00000000a5200000, 0x00000000a5200000| Untracked 
|  53|0x00000000a5300000, 0x00000000a5300000, 0x00000000a5400000|  0%| F|  |TAMS 0x00000000a5300000, 0x00000000a5300000| Untracked 
|  54|0x00000000a5400000, 0x00000000a5400000, 0x00000000a5500000|  0%| F|  |TAMS 0x00000000a5400000, 0x00000000a5400000| Untracked 
|  55|0x00000000a5500000, 0x00000000a5500000, 0x00000000a5600000|  0%| F|  |TAMS 0x00000000a5500000, 0x00000000a5500000| Untracked 
|  56|0x00000000a5600000, 0x00000000a5600000, 0x00000000a5700000|  0%| F|  |TAMS 0x00000000a5600000, 0x00000000a5600000| Untracked 
|  57|0x00000000a5700000, 0x00000000a5700000, 0x00000000a5800000|  0%| F|  |TAMS 0x00000000a5700000, 0x00000000a5700000| Untracked 
|  58|0x00000000a5800000, 0x00000000a5800000, 0x00000000a5900000|  0%| F|  |TAMS 0x00000000a5800000, 0x00000000a5800000| Untracked 
|  59|0x00000000a5900000, 0x00000000a5900000, 0x00000000a5a00000|  0%| F|  |TAMS 0x00000000a5900000, 0x00000000a5900000| Untracked 
|  60|0x00000000a5a00000, 0x00000000a5a00000, 0x00000000a5b00000|  0%| F|  |TAMS 0x00000000a5a00000, 0x00000000a5a00000| Untracked 
|  61|0x00000000a5b00000, 0x00000000a5b00000, 0x00000000a5c00000|  0%| F|  |TAMS 0x00000000a5b00000, 0x00000000a5b00000| Untracked 
|  62|0x00000000a5c00000, 0x00000000a5c00000, 0x00000000a5d00000|  0%| F|  |TAMS 0x00000000a5c00000, 0x00000000a5c00000| Untracked 
|  63|0x00000000a5d00000, 0x00000000a5d00000, 0x00000000a5e00000|  0%| F|  |TAMS 0x00000000a5d00000, 0x00000000a5d00000| Untracked 
|  64|0x00000000a5e00000, 0x00000000a5e00000, 0x00000000a5f00000|  0%| F|  |TAMS 0x00000000a5e00000, 0x00000000a5e00000| Untracked 
|  65|0x00000000a5f00000, 0x00000000a5f00000, 0x00000000a6000000|  0%| F|  |TAMS 0x00000000a5f00000, 0x00000000a5f00000| Untracked 
|  66|0x00000000a6000000, 0x00000000a6000000, 0x00000000a6100000|  0%| F|  |TAMS 0x00000000a6000000, 0x00000000a6000000| Untracked 
|  67|0x00000000a6100000, 0x00000000a6100000, 0x00000000a6200000|  0%| F|  |TAMS 0x00000000a6100000, 0x00000000a6100000| Untracked 
|  68|0x00000000a6200000, 0x00000000a6200000, 0x00000000a6300000|  0%| F|  |TAMS 0x00000000a6200000, 0x00000000a6200000| Untracked 
|  69|0x00000000a6300000, 0x00000000a6300000, 0x00000000a6400000|  0%| F|  |TAMS 0x00000000a6300000, 0x00000000a6300000| Untracked 
|  70|0x00000000a6400000, 0x00000000a6400000, 0x00000000a6500000|  0%| F|  |TAMS 0x00000000a6400000, 0x00000000a6400000| Untracked 
|  71|0x00000000a6500000, 0x00000000a6500000, 0x00000000a6600000|  0%| F|  |TAMS 0x00000000a6500000, 0x00000000a6500000| Untracked 
|  72|0x00000000a6600000, 0x00000000a6600000, 0x00000000a6700000|  0%| F|  |TAMS 0x00000000a6600000, 0x00000000a6600000| Untracked 
|  73|0x00000000a6700000, 0x00000000a6700000, 0x00000000a6800000|  0%| F|  |TAMS 0x00000000a6700000, 0x00000000a6700000| Untracked 
|  74|0x00000000a6800000, 0x00000000a6800000, 0x00000000a6900000|  0%| F|  |TAMS 0x00000000a6800000, 0x00000000a6800000| Untracked 
|  75|0x00000000a6900000, 0x00000000a6900000, 0x00000000a6a00000|  0%| F|  |TAMS 0x00000000a6900000, 0x00000000a6900000| Untracked 
|  76|0x00000000a6a00000, 0x00000000a6a00000, 0x00000000a6b00000|  0%| F|  |TAMS 0x00000000a6a00000, 0x00000000a6a00000| Untracked 
|  77|0x00000000a6b00000, 0x00000000a6b00000, 0x00000000a6c00000|  0%| F|  |TAMS 0x00000000a6b00000, 0x00000000a6b00000| Untracked 
|  78|0x00000000a6c00000, 0x00000000a6c00000, 0x00000000a6d00000|  0%| F|  |TAMS 0x00000000a6c00000, 0x00000000a6c00000| Untracked 
|  79|0x00000000a6d00000, 0x00000000a6d00000, 0x00000000a6e00000|  0%| F|  |TAMS 0x00000000a6d00000, 0x00000000a6d00000| Untracked 
|  80|0x00000000a6e00000, 0x00000000a6e00000, 0x00000000a6f00000|  0%| F|  |TAMS 0x00000000a6e00000, 0x00000000a6e00000| Untracked 
|  81|0x00000000a6f00000, 0x00000000a6f70bf8, 0x00000000a7000000| 44%| S|CS|TAMS 0x00000000a6f00000, 0x00000000a6f00000| Complete 
|  82|0x00000000a7000000, 0x00000000a7000000, 0x00000000a7100000|  0%| F|  |TAMS 0x00000000a7000000, 0x00000000a7000000| Untracked 
|  83|0x00000000a7100000, 0x00000000a7100000, 0x00000000a7200000|  0%| F|  |TAMS 0x00000000a7100000, 0x00000000a7100000| Untracked 
|  84|0x00000000a7200000, 0x00000000a7200000, 0x00000000a7300000|  0%| F|  |TAMS 0x00000000a7200000, 0x00000000a7200000| Untracked 
|  85|0x00000000a7300000, 0x00000000a7300000, 0x00000000a7400000|  0%| F|  |TAMS 0x00000000a7300000, 0x00000000a7300000| Untracked 
|  86|0x00000000a7400000, 0x00000000a7400000, 0x00000000a7500000|  0%| F|  |TAMS 0x00000000a7400000, 0x00000000a7400000| Untracked 
|  87|0x00000000a7500000, 0x00000000a7500000, 0x00000000a7600000|  0%| F|  |TAMS 0x00000000a7500000, 0x00000000a7500000| Untracked 
|  88|0x00000000a7600000, 0x00000000a7600000, 0x00000000a7700000|  0%| F|  |TAMS 0x00000000a7600000, 0x00000000a7600000| Untracked 
|  89|0x00000000a7700000, 0x00000000a7700000, 0x00000000a7800000|  0%| F|  |TAMS 0x00000000a7700000, 0x00000000a7700000| Untracked 
|  90|0x00000000a7800000, 0x00000000a7800000, 0x00000000a7900000|  0%| F|  |TAMS 0x00000000a7800000, 0x00000000a7800000| Untracked 
|  91|0x00000000a7900000, 0x00000000a7900000, 0x00000000a7a00000|  0%| F|  |TAMS 0x00000000a7900000, 0x00000000a7900000| Untracked 
|  92|0x00000000a7a00000, 0x00000000a7a00000, 0x00000000a7b00000|  0%| F|  |TAMS 0x00000000a7a00000, 0x00000000a7a00000| Untracked 
|  93|0x00000000a7b00000, 0x00000000a7b00000, 0x00000000a7c00000|  0%| F|  |TAMS 0x00000000a7b00000, 0x00000000a7b00000| Untracked 
|  94|0x00000000a7c00000, 0x00000000a7c00000, 0x00000000a7d00000|  0%| F|  |TAMS 0x00000000a7c00000, 0x00000000a7c00000| Untracked 
|  95|0x00000000a7d00000, 0x00000000a7d00000, 0x00000000a7e00000|  0%| F|  |TAMS 0x00000000a7d00000, 0x00000000a7d00000| Untracked 

Card table byte_map: [0x000001dd7e4b0000,0x000001dd7e7b0000] _byte_map_base: 0x000001dd7dfa1000

Marking Bits (Prev, Next): (CMBitMap*) 0x000001dd7a9f07f0, (CMBitMap*) 0x000001dd7a9f07b0
 Prev Bits: [0x000001dd10790000, 0x000001dd11f18000)
 Next Bits: [0x000001dd0f000000, 0x000001dd10788000)

Polling page: 0x000001dd78820000

Metaspace:

Usage:
  Non-class:     48.83 MB used.
      Class:      6.72 MB used.
       Both:     55.55 MB used.

Virtual space:
  Non-class space:       64.00 MB reserved,      48.94 MB ( 76%) committed,  1 nodes.
      Class space:        1.00 GB reserved,       6.88 MB ( <1%) committed,  1 nodes.
             Both:        1.06 GB reserved,      55.81 MB (  5%) committed. 

Chunk freelists:
   Non-Class:  15.06 MB
       Class:  9.17 MB
        Both:  24.23 MB

MaxMetaspaceSize: unlimited
CompressedClassSpaceSize: 1.00 GB
Initial GC threshold: 21.00 MB
Current GC threshold: 89.31 MB
CDS: off
MetaspaceReclaimPolicy: balanced
 - commit_granule_bytes: 65536.
 - commit_granule_words: 8192.
 - virtual_space_node_default_size: 8388608.
 - enlarge_chunks_in_place: 1.
 - new_chunks_are_fully_committed: 0.
 - uncommit_free_chunks: 1.
 - use_allocation_guard: 0.
 - handle_deallocations: 1.


Internal statistics:

num_allocs_failed_limit: 3.
num_arena_births: 202.
num_arena_deaths: 0.
num_vsnodes_births: 2.
num_vsnodes_deaths: 0.
num_space_committed: 891.
num_space_uncommitted: 0.
num_chunks_returned_to_freelist: 3.
num_chunks_taken_from_freelist: 1866.
num_chunk_merges: 3.
num_chunk_splits: 1570.
num_chunks_enlarged: 1436.
num_inconsistent_stats: 0.

CodeHeap 'non-profiled nmethods': size=120000Kb used=1888Kb max_used=1888Kb free=118111Kb
 bounds [0x000001dd07ad0000, 0x000001dd07d40000, 0x000001dd0f000000]
CodeHeap 'profiled nmethods': size=120000Kb used=11009Kb max_used=11009Kb free=108990Kb
 bounds [0x000001dd00000000, 0x000001dd00ad0000, 0x000001dd07530000]
CodeHeap 'non-nmethods': size=5760Kb used=1283Kb max_used=1320Kb free=4476Kb
 bounds [0x000001dd07530000, 0x000001dd077a0000, 0x000001dd07ad0000]
 total_blobs=5745 nmethods=5146 adapters=511
 compilation: enabled
              stopped_count=0, restarted_count=0
 full_count=0

Compilation events (20 events):
Event: 10.481 Thread 0x000001dd181774f0 5227       2       org.jetbrains.kotlin.descriptors.annotations.Annotations$Companion$EMPTY$1::hasAnnotation (6 bytes)
Event: 10.481 Thread 0x000001dd181774f0 nmethod 5227 0x000001dd00abd090 code [0x000001dd00abd2a0, 0x000001dd00abd698]
Event: 10.481 Thread 0x000001dd181774f0 5228   !   2       org.jetbrains.kotlin.storage.LockBasedStorageManager::compute (60 bytes)
Event: 10.482 Thread 0x000001dd181774f0 nmethod 5228 0x000001dd00abd990 code [0x000001dd00abdb80, 0x000001dd00abddf8]
Event: 10.483 Thread 0x000001dd181774f0 5229       2       org.jetbrains.kotlin.metadata.ProtoBuf$Function::hasContract (20 bytes)
Event: 10.484 Thread 0x000001dd181774f0 nmethod 5229 0x000001dd00abe010 code [0x000001dd00abe1a0, 0x000001dd00abe2b8]
Event: 10.484 Thread 0x000001dd181774f0 5230       2       org.jetbrains.kotlin.metadata.ProtoBuf$Type::hasClassName (18 bytes)
Event: 10.484 Thread 0x000001dd181774f0 nmethod 5230 0x000001dd00abe390 code [0x000001dd00abe520, 0x000001dd00abe638]
Event: 10.486 Thread 0x000001dd181774f0 5232       2       org.jetbrains.kotlin.serialization.deserialization.descriptors.DeserializedPackageMemberScope::createClassId (19 bytes)
Event: 10.487 Thread 0x000001dd181774f0 nmethod 5232 0x000001dd00abe710 code [0x000001dd00abe940, 0x000001dd00abee38]
Event: 10.489 Thread 0x000001dd181774f0 5233       2       org.jetbrains.kotlin.metadata.ProtoBuf$ValueParameter::hasType (16 bytes)
Event: 10.489 Thread 0x000001dd181774f0 nmethod 5233 0x000001dd00abf110 code [0x000001dd00abf2a0, 0x000001dd00abf3b8]
Event: 10.491 Thread 0x000001dd181774f0 5234       2       org.jetbrains.kotlin.types.TypeAttributes$Companion::create (32 bytes)
Event: 10.492 Thread 0x000001dd181774f0 nmethod 5234 0x000001dd00abf490 code [0x000001dd00abf680, 0x000001dd00abf9d8]
Event: 10.495 Thread 0x000001dd181774f0 5235       2       org.jetbrains.kotlin.load.kotlin.FileBasedKotlinClass::convertAnnotationVisitor (30 bytes)
Event: 10.496 Thread 0x000001dd181774f0 nmethod 5235 0x000001dd00abfc10 code [0x000001dd00abfdc0, 0x000001dd00ac0068]
Event: 10.498 Thread 0x000001dd181774f0 5236       2       org.jetbrains.kotlin.metadata.jvm.deserialization.JvmNameResolverBase::isLocalClassName (14 bytes)
Event: 10.498 Thread 0x000001dd181774f0 nmethod 5236 0x000001dd00ac0190 code [0x000001dd00ac0340, 0x000001dd00ac0508]
Event: 10.502 Thread 0x000001dd181774f0 5237       1       org.jetbrains.kotlin.serialization.deserialization.DeserializationComponents::getAnnotationAndConstantLoader (5 bytes)
Event: 10.502 Thread 0x000001dd181774f0 nmethod 5237 0x000001dd07ca7e90 code [0x000001dd07ca8020, 0x000001dd07ca80f8]

GC Heap History (20 events):
Event: 6.299 GC heap after
{Heap after GC invocations=11 (full 0):
 garbage-first heap   total 61440K, used 26390K [0x00000000a1e00000, 0x0000000100000000)
  region size 1024K, 3 young (3072K), 3 survivors (3072K)
 Metaspace       used 41212K, committed 41472K, reserved 1114112K
  class space    used 5091K, committed 5184K, reserved 1048576K
}
Event: 6.978 GC heap before
{Heap before GC invocations=11 (full 0):
 garbage-first heap   total 61440K, used 47894K [0x00000000a1e00000, 0x0000000100000000)
  region size 1024K, 22 young (22528K), 3 survivors (3072K)
 Metaspace       used 45970K, committed 46208K, reserved 1114112K
  class space    used 5630K, committed 5696K, reserved 1048576K
}
Event: 6.986 GC heap after
{Heap after GC invocations=12 (full 0):
 garbage-first heap   total 61440K, used 30334K [0x00000000a1e00000, 0x0000000100000000)
  region size 1024K, 2 young (2048K), 2 survivors (2048K)
 Metaspace       used 45970K, committed 46208K, reserved 1114112K
  class space    used 5630K, committed 5696K, reserved 1048576K
}
Event: 7.641 GC heap before
{Heap before GC invocations=12 (full 0):
 garbage-first heap   total 61440K, used 47742K [0x00000000a1e00000, 0x0000000100000000)
  region size 1024K, 19 young (19456K), 2 survivors (2048K)
 Metaspace       used 47830K, committed 48128K, reserved 1114112K
  class space    used 5840K, committed 6016K, reserved 1048576K
}
Event: 7.656 GC heap after
{Heap after GC invocations=13 (full 0):
 garbage-first heap   total 61440K, used 33411K [0x00000000a1e00000, 0x0000000100000000)
  region size 1024K, 3 young (3072K), 3 survivors (3072K)
 Metaspace       used 47830K, committed 48128K, reserved 1114112K
  class space    used 5840K, committed 6016K, reserved 1048576K
}
Event: 8.498 GC heap before
{Heap before GC invocations=14 (full 0):
 garbage-first heap   total 61440K, used 47747K [0x00000000a1e00000, 0x0000000100000000)
  region size 1024K, 17 young (17408K), 3 survivors (3072K)
 Metaspace       used 50493K, committed 50752K, reserved 1114112K
  class space    used 6156K, committed 6272K, reserved 1048576K
}
Event: 8.513 GC heap after
{Heap after GC invocations=15 (full 0):
 garbage-first heap   total 61440K, used 36348K [0x00000000a1e00000, 0x0000000100000000)
  region size 1024K, 3 young (3072K), 3 survivors (3072K)
 Metaspace       used 50493K, committed 50752K, reserved 1114112K
  class space    used 6156K, committed 6272K, reserved 1048576K
}
Event: 8.531 GC heap before
{Heap before GC invocations=15 (full 0):
 garbage-first heap   total 61440K, used 37372K [0x00000000a1e00000, 0x0000000100000000)
  region size 1024K, 4 young (4096K), 3 survivors (3072K)
 Metaspace       used 50512K, committed 50752K, reserved 1114112K
  class space    used 6156K, committed 6272K, reserved 1048576K
}
Event: 8.541 GC heap after
{Heap after GC invocations=16 (full 0):
 garbage-first heap   total 73728K, used 35237K [0x00000000a1e00000, 0x0000000100000000)
  region size 1024K, 1 young (1024K), 1 survivors (1024K)
 Metaspace       used 50512K, committed 50752K, reserved 1114112K
  class space    used 6156K, committed 6272K, reserved 1048576K
}
Event: 9.476 GC heap before
{Heap before GC invocations=16 (full 0):
 garbage-first heap   total 73728K, used 55717K [0x00000000a1e00000, 0x0000000100000000)
  region size 1024K, 21 young (21504K), 1 survivors (1024K)
 Metaspace       used 53232K, committed 53504K, reserved 1114112K
  class space    used 6471K, committed 6592K, reserved 1048576K
}
Event: 9.489 GC heap after
{Heap after GC invocations=17 (full 0):
 garbage-first heap   total 73728K, used 37788K [0x00000000a1e00000, 0x0000000100000000)
  region size 1024K, 3 young (3072K), 3 survivors (3072K)
 Metaspace       used 53232K, committed 53504K, reserved 1114112K
  class space    used 6471K, committed 6592K, reserved 1048576K
}
Event: 9.922 GC heap before
{Heap before GC invocations=18 (full 0):
 garbage-first heap   total 73728K, used 56220K [0x00000000a1e00000, 0x0000000100000000)
  region size 1024K, 21 young (21504K), 3 survivors (3072K)
 Metaspace       used 54488K, committed 54784K, reserved 1114112K
  class space    used 6577K, committed 6720K, reserved 1048576K
}
Event: 9.938 GC heap after
{Heap after GC invocations=19 (full 0):
 garbage-first heap   total 73728K, used 41511K [0x00000000a1e00000, 0x0000000100000000)
  region size 1024K, 3 young (3072K), 3 survivors (3072K)
 Metaspace       used 54488K, committed 54784K, reserved 1114112K
  class space    used 6577K, committed 6720K, reserved 1048576K
}
Event: 9.940 GC heap before
{Heap before GC invocations=19 (full 0):
 garbage-first heap   total 73728K, used 42535K [0x00000000a1e00000, 0x0000000100000000)
  region size 1024K, 4 young (4096K), 3 survivors (3072K)
 Metaspace       used 54488K, committed 54784K, reserved 1114112K
  class space    used 6577K, committed 6720K, reserved 1048576K
}
Event: 9.949 GC heap after
{Heap after GC invocations=20 (full 0):
 garbage-first heap   total 73728K, used 41535K [0x00000000a1e00000, 0x0000000100000000)
  region size 1024K, 1 young (1024K), 1 survivors (1024K)
 Metaspace       used 54488K, committed 54784K, reserved 1114112K
  class space    used 6577K, committed 6720K, reserved 1048576K
}
Event: 10.032 GC heap before
{Heap before GC invocations=20 (full 0):
 garbage-first heap   total 73728K, used 56895K [0x00000000a1e00000, 0x0000000100000000)
  region size 1024K, 16 young (16384K), 1 survivors (1024K)
 Metaspace       used 54519K, committed 54784K, reserved 1114112K
  class space    used 6577K, committed 6720K, reserved 1048576K
}
Event: 10.040 GC heap after
{Heap after GC invocations=21 (full 0):
 garbage-first heap   total 73728K, used 43649K [0x00000000a1e00000, 0x0000000100000000)
  region size 1024K, 2 young (2048K), 2 survivors (2048K)
 Metaspace       used 54519K, committed 54784K, reserved 1114112K
  class space    used 6577K, committed 6720K, reserved 1048576K
}
Event: 10.357 GC heap before
{Heap before GC invocations=22 (full 0):
 garbage-first heap   total 87040K, used 56961K [0x00000000a1e00000, 0x0000000100000000)
  region size 1024K, 16 young (16384K), 2 survivors (2048K)
 Metaspace       used 56259K, committed 56512K, reserved 1114112K
  class space    used 6799K, committed 6912K, reserved 1048576K
}
Event: 10.366 GC heap after
{Heap after GC invocations=23 (full 0):
 garbage-first heap   total 87040K, used 44596K [0x00000000a1e00000, 0x0000000100000000)
  region size 1024K, 1 young (1024K), 1 survivors (1024K)
 Metaspace       used 56259K, committed 56512K, reserved 1114112K
  class space    used 6799K, committed 6912K, reserved 1048576K
}
Event: 10.503 GC heap before
{Heap before GC invocations=23 (full 0):
 garbage-first heap   total 87040K, used 46644K [0x00000000a1e00000, 0x0000000100000000)
  region size 1024K, 4 young (4096K), 1 survivors (1024K)
 Metaspace       used 56885K, committed 57152K, reserved 1114112K
  class space    used 6884K, committed 7040K, reserved 1048576K
}

Dll operation events (2 events):
Event: 0.035 Loaded shared library C:\Program Files\Android\Android Studio\jbr\bin\java.dll
Event: 3.563 Loaded shared library C:\Program Files\Android\Android Studio\jbr\bin\verify.dll

Deoptimization events (20 events):
Event: 9.590 Thread 0x000001dd7a9a4270 DEOPT PACKING pc=0x000001dd0055fa65 sp=0x00000051b52fbe80
Event: 9.590 Thread 0x000001dd7a9a4270 DEOPT UNPACKING pc=0x000001dd07587143 sp=0x00000051b52fb2d0 mode 0
Event: 10.179 Thread 0x000001dd7a9a4270 Uncommon trap: trap_request=0xffffff45 fr.pc=0x000001dd07c00f3c relative=0x000000000000011c
Event: 10.179 Thread 0x000001dd7a9a4270 Uncommon trap: reason=unstable_if action=reinterpret pc=0x000001dd07c00f3c method=org.jetbrains.kotlin.com.intellij.psi.tree.TokenSet.contains(Lorg/jetbrains/kotlin/com/intellij/psi/tree/IElementType;)Z @ 1 c2
Event: 10.179 Thread 0x000001dd7a9a4270 DEOPT PACKING pc=0x000001dd07c00f3c sp=0x00000051b52fb830
Event: 10.179 Thread 0x000001dd7a9a4270 DEOPT UNPACKING pc=0x000001dd075869a3 sp=0x00000051b52fb7e8 mode 2
Event: 10.194 Thread 0x000001dd7a9a4270 Uncommon trap: trap_request=0xffffff45 fr.pc=0x000001dd07be57cc relative=0x000000000000004c
Event: 10.194 Thread 0x000001dd7a9a4270 Uncommon trap: reason=unstable_if action=reinterpret pc=0x000001dd07be57cc method=kotlin.jvm.internal.Intrinsics.areEqual(Ljava/lang/Object;Ljava/lang/Object;)Z @ 5 c2
Event: 10.194 Thread 0x000001dd7a9a4270 DEOPT PACKING pc=0x000001dd07be57cc sp=0x00000051b52fb830
Event: 10.194 Thread 0x000001dd7a9a4270 DEOPT UNPACKING pc=0x000001dd075869a3 sp=0x00000051b52fb7c0 mode 2
Event: 10.266 Thread 0x000001dd7a9a4270 DEOPT PACKING pc=0x000001dd006ab304 sp=0x00000051b52fb960
Event: 10.266 Thread 0x000001dd7a9a4270 DEOPT UNPACKING pc=0x000001dd07587143 sp=0x00000051b52faf10 mode 0
Event: 10.420 Thread 0x000001dd7a9a4270 Uncommon trap: trap_request=0xffffff45 fr.pc=0x000001dd07baf6a0 relative=0x00000000000001e0
Event: 10.420 Thread 0x000001dd7a9a4270 Uncommon trap: reason=unstable_if action=reinterpret pc=0x000001dd07baf6a0 method=java.util.HashMap.hash(Ljava/lang/Object;)I @ 1 c2
Event: 10.420 Thread 0x000001dd7a9a4270 DEOPT PACKING pc=0x000001dd07baf6a0 sp=0x00000051b52fcaa0
Event: 10.420 Thread 0x000001dd7a9a4270 DEOPT UNPACKING pc=0x000001dd075869a3 sp=0x00000051b52fc960 mode 2
Event: 10.420 Thread 0x000001dd7a9a4270 Uncommon trap: trap_request=0xffffff45 fr.pc=0x000001dd07b33874 relative=0x00000000000000d4
Event: 10.420 Thread 0x000001dd7a9a4270 Uncommon trap: reason=unstable_if action=reinterpret pc=0x000001dd07b33874 method=java.util.HashMap.hash(Ljava/lang/Object;)I @ 1 c2
Event: 10.420 Thread 0x000001dd7a9a4270 DEOPT PACKING pc=0x000001dd07b33874 sp=0x00000051b52fca10
Event: 10.420 Thread 0x000001dd7a9a4270 DEOPT UNPACKING pc=0x000001dd075869a3 sp=0x00000051b52fc950 mode 2

Classes unloaded (0 events):
No events

Classes redefined (0 events):
No events

Internal exceptions (20 events):
Event: 3.518 Thread 0x000001dd7a9a4270 Exception <a 'java/lang/NoSuchMethodError'{0x00000000a32542b8}: 'void java.lang.invoke.DirectMethodHandle$Holder.invokeStaticInit(java.lang.Object, java.lang.Object)'> (0x00000000a32542b8) 
thrown [s\src\hotspot\share\interpreter\linkResolver.cpp, line 771]
Event: 3.664 Thread 0x000001dd7a9a4270 Exception <a 'java/lang/NoSuchMethodError'{0x00000000a7d3b0d0}: 'void java.lang.invoke.DirectMethodHandle$Holder.invokeVirtual(java.lang.Object, java.lang.Object)'> (0x00000000a7d3b0d0) 
thrown [s\src\hotspot\share\interpreter\linkResolver.cpp, line 771]
Event: 3.675 Thread 0x000001dd7a9a4270 Exception <a 'java/lang/NoSuchMethodError'{0x00000000a7d88ad8}: 'int java.lang.invoke.DirectMethodHandle$Holder.invokeVirtual(java.lang.Object, java.lang.Object)'> (0x00000000a7d88ad8) 
thrown [s\src\hotspot\share\interpreter\linkResolver.cpp, line 771]
Event: 3.706 Thread 0x000001dd7a9a4270 Exception <a 'java/lang/NoSuchMethodError'{0x00000000a7d242f0}: 'java.lang.Object java.lang.invoke.Invokers$Holder.invokeExact_MT(java.lang.Object, java.lang.Object, java.lang.Object, java.lang.Object, java.lang.Object, java.lang.Object)'> (0x00000000a7d242f0) 
thrown [s\src\hotspot\share\interpreter\linkResolver.cpp, line 771]
Event: 5.309 Thread 0x000001dd7a9a4270 Implicit null exception at 0x000001dd07ae9272 to 0x000001dd07ae983c
Event: 5.505 Thread 0x000001dd7a9a4270 Implicit null exception at 0x000001dd07aeaf72 to 0x000001dd07aeb54c
Event: 5.572 Thread 0x000001dd7a9a4270 Exception <a 'java/lang/NoSuchMethodError'{0x00000000a51664f8}: 'java.lang.Object java.lang.invoke.DirectMethodHandle$Holder.invokeVirtual(java.lang.Object, java.lang.Object, java.lang.Object)'> (0x00000000a51664f8) 
thrown [s\src\hotspot\share\interpreter\linkResolver.cpp, line 771]
Event: 6.618 Thread 0x000001dd7a9a4270 Exception <a 'java/lang/NoSuchMethodError'{0x00000000a4f4c638}: 'java.lang.Object java.lang.invoke.DirectMethodHandle$Holder.newInvokeSpecial(java.lang.Object, java.lang.Object, int)'> (0x00000000a4f4c638) 
thrown [s\src\hotspot\share\interpreter\linkResolver.cpp, line 771]
Event: 7.436 Thread 0x000001dd7a9a4270 Exception <a 'java/lang/NoSuchMethodError'{0x00000000a4d40840}: 'java.lang.Object java.lang.invoke.DirectMethodHandle$Holder.newInvokeSpecial(java.lang.Object, java.lang.Object, java.lang.Object, int)'> (0x00000000a4d40840) 
thrown [s\src\hotspot\share\interpreter\linkResolver.cpp, line 771]
Event: 7.437 Thread 0x000001dd7a9a4270 Exception <a 'java/lang/NoSuchMethodError'{0x00000000a4d44ec8}: 'java.lang.Object java.lang.invoke.DirectMethodHandle$Holder.invokeSpecial(java.lang.Object, java.lang.Object, java.lang.Object, java.lang.Object, int)'> (0x00000000a4d44ec8) 
thrown [s\src\hotspot\share\interpreter\linkResolver.cpp, line 771]
Event: 7.439 Thread 0x000001dd7a9a4270 Exception <a 'java/lang/NoSuchMethodError'{0x00000000a4d48d38}: 'java.lang.Object java.lang.invoke.Invokers$Holder.linkToTargetMethod(java.lang.Object, java.lang.Object, int, java.lang.Object)'> (0x00000000a4d48d38) 
thrown [s\src\hotspot\share\interpreter\linkResolver.cpp, line 771]
Event: 8.828 Thread 0x000001dd7a9a4270 Exception <a 'java/lang/NoSuchMethodError'{0x00000000a5ea9158}: 'java.lang.Object java.lang.invoke.DirectMethodHandle$Holder.newInvokeSpecial(java.lang.Object, java.lang.Object, java.lang.Object, java.lang.Object, java.lang.Object, java.lang.Object)'> (0x00000000a5ea9158) 
thrown [s\src\hotspot\share\interpreter\linkResolver.cpp, line 771]
Event: 9.178 Thread 0x000001dd7a9a4270 Exception <a 'java/lang/NoSuchMethodError'{0x00000000a57341e8}: 'java.lang.Object java.lang.invoke.DirectMethodHandle$Holder.invokeStaticInit(java.lang.Object, java.lang.Object, java.lang.Object)'> (0x00000000a57341e8) 
thrown [s\src\hotspot\share\interpreter\linkResolver.cpp, line 771]
Event: 9.201 Thread 0x000001dd7a9a4270 Exception <a 'java/lang/NoSuchMethodError'{0x00000000a5781d20}: 'java.lang.Object java.lang.invoke.DirectMethodHandle$Holder.newInvokeSpecial(java.lang.Object, int, java.lang.Object)'> (0x00000000a5781d20) 
thrown [s\src\hotspot\share\interpreter\linkResolver.cpp, line 771]
Event: 9.206 Thread 0x000001dd7a9a4270 Exception <a 'java/lang/NoSuchMethodError'{0x00000000a5788168}: 'int java.lang.invoke.DirectMethodHandle$Holder.invokeInterface(java.lang.Object, java.lang.Object)'> (0x00000000a5788168) 
thrown [s\src\hotspot\share\interpreter\linkResolver.cpp, line 771]
Event: 10.179 Thread 0x000001dd7a9a4270 Implicit null exception at 0x000001dd07c00e4c to 0x000001dd07c00f28
Event: 10.420 Thread 0x000001dd7a9a4270 Implicit null exception at 0x000001dd07baf51a to 0x000001dd07baf688
Event: 10.420 Thread 0x000001dd7a9a4270 Implicit null exception at 0x000001dd07b337d8 to 0x000001dd07b3386a
Event: 10.448 Thread 0x000001dd7a9a4270 Exception <a 'java/lang/NoSuchMethodError'{0x00000000a7004730}: 'java.lang.Object java.lang.invoke.DirectMethodHandle$Holder.invokeInterface(java.lang.Object, java.lang.Object, java.lang.Object)'> (0x00000000a7004730) 
thrown [s\src\hotspot\share\interpreter\linkResolver.cpp, line 771]
Event: 10.449 Thread 0x000001dd7a9a4270 Exception <a 'java/lang/IncompatibleClassChangeError'{0x00000000a70080a0}: Found class java.lang.Object, but interface was expected> (0x00000000a70080a0) 
thrown [s\src\hotspot\share\interpreter\linkResolver.cpp, line 838]

VM Operations (20 events):
Event: 9.681 Executing VM operation: HandshakeAllThreads done
Event: 9.681 Executing VM operation: HandshakeAllThreads
Event: 9.681 Executing VM operation: HandshakeAllThreads done
Event: 9.851 Executing VM operation: HandshakeAllThreads
Event: 9.851 Executing VM operation: HandshakeAllThreads done
Event: 9.922 Executing VM operation: G1CollectForAllocation
Event: 9.938 Executing VM operation: G1CollectForAllocation done
Event: 9.940 Executing VM operation: G1CollectForAllocation
Event: 9.949 Executing VM operation: G1CollectForAllocation done
Event: 10.032 Executing VM operation: G1CollectForAllocation
Event: 10.040 Executing VM operation: G1CollectForAllocation done
Event: 10.093 Executing VM operation: G1Concurrent
Event: 10.100 Executing VM operation: G1Concurrent done
Event: 10.126 Executing VM operation: G1Concurrent
Event: 10.126 Executing VM operation: G1Concurrent done
Event: 10.266 Executing VM operation: HandshakeAllThreads
Event: 10.266 Executing VM operation: HandshakeAllThreads done
Event: 10.357 Executing VM operation: G1CollectForAllocation
Event: 10.366 Executing VM operation: G1CollectForAllocation done
Event: 10.502 Executing VM operation: G1CollectForAllocation

Events (20 events):
Event: 8.793 loading class java/util/stream/IntPipeline$Head
Event: 8.793 loading class java/util/stream/IntPipeline
Event: 8.795 loading class java/util/stream/IntPipeline done
Event: 8.795 loading class java/util/stream/IntPipeline$Head done
Event: 8.796 loading class java/util/stream/IntPipeline$1
Event: 8.796 loading class java/util/stream/IntPipeline$1 done
Event: 8.797 loading class java/util/stream/ReferencePipeline$2
Event: 8.797 loading class java/util/stream/ReferencePipeline$2 done
Event: 8.800 loading class java/util/stream/ReferencePipeline$2$1
Event: 8.801 loading class java/util/stream/ReferencePipeline$2$1 done
Event: 8.801 loading class java/util/stream/IntPipeline$1$1
Event: 8.801 loading class java/util/stream/Sink$ChainedInt
Event: 8.802 loading class java/util/stream/Sink$OfInt
Event: 8.802 loading class java/util/function/IntConsumer
Event: 8.802 loading class java/util/function/IntConsumer done
Event: 8.802 loading class java/util/stream/Sink$OfInt done
Event: 8.802 loading class java/util/stream/Sink$ChainedInt done
Event: 8.802 loading class java/util/stream/IntPipeline$1$1 done
Event: 8.849 loading class java/util/RegularEnumSet$EnumSetIterator
Event: 8.849 loading class java/util/RegularEnumSet$EnumSetIterator done


Dynamic libraries:
0x00007ff7a9730000 - 0x00007ff7a973a000 	C:\Program Files\Android\Android Studio\jbr\bin\java.exe
0x00007ffda4950000 - 0x00007ffda4b48000 	C:\Windows\SYSTEM32\ntdll.dll
0x00007ffd9cbc0000 - 0x00007ffd9cbd9000 	C:\Program Files\Avast Software\Avast\aswhook.dll
0x00007ffda2ac0000 - 0x00007ffda2b7d000 	C:\Windows\System32\KERNEL32.DLL
0x00007ffda23c0000 - 0x00007ffda26b6000 	C:\Windows\System32\KERNELBASE.dll
0x00007ffd9f450000 - 0x00007ffd9f4e0000 	C:\Windows\SYSTEM32\apphelp.dll
0x00007ffda22c0000 - 0x00007ffda23c0000 	C:\Windows\System32\ucrtbase.dll
0x00007ffd985c0000 - 0x00007ffd985db000 	C:\Program Files\Android\Android Studio\jbr\bin\VCRUNTIME140.dll
0x00007ffd329e0000 - 0x00007ffd329f7000 	C:\Program Files\Android\Android Studio\jbr\bin\jli.dll
0x00007ffda4710000 - 0x00007ffda48ae000 	C:\Windows\System32\USER32.dll
0x00007ffda26c0000 - 0x00007ffda26e2000 	C:\Windows\System32\win32u.dll
0x00007ffda34c0000 - 0x00007ffda34eb000 	C:\Windows\System32\GDI32.dll
0x00007ffd855a0000 - 0x00007ffd8583a000 	C:\Windows\WinSxS\amd64_microsoft.windows.common-controls_6595b64144ccf1df_6.0.19041.3636_none_60b6a03d71f818d5\COMCTL32.dll
0x00007ffda20b0000 - 0x00007ffda21c7000 	C:\Windows\System32\gdi32full.dll
0x00007ffda3b60000 - 0x00007ffda3bfe000 	C:\Windows\System32\msvcrt.dll
0x00007ffda28e0000 - 0x00007ffda297d000 	C:\Windows\System32\msvcp_win.dll
0x00007ffda3c00000 - 0x00007ffda3c32000 	C:\Windows\System32\IMM32.DLL
0x00007ffd98500000 - 0x00007ffd9850c000 	C:\Program Files\Android\Android Studio\jbr\bin\vcruntime140_1.dll
0x00007ffd64e90000 - 0x00007ffd64f1d000 	C:\Program Files\Android\Android Studio\jbr\bin\msvcp140.dll
0x00007ffd2f890000 - 0x00007ffd30510000 	C:\Program Files\Android\Android Studio\jbr\bin\server\jvm.dll
0x00007ffda4100000 - 0x00007ffda41b0000 	C:\Windows\System32\ADVAPI32.dll
0x00007ffda34f0000 - 0x00007ffda3590000 	C:\Windows\System32\sechost.dll
0x00007ffda3390000 - 0x00007ffda34b5000 	C:\Windows\System32\RPCRT4.dll
0x00007ffda2290000 - 0x00007ffda22b7000 	C:\Windows\System32\bcrypt.dll
0x00007ffd96410000 - 0x00007ffd96419000 	C:\Windows\SYSTEM32\WSOCK32.dll
0x00007ffd8e660000 - 0x00007ffd8e687000 	C:\Windows\SYSTEM32\WINMM.dll
0x00007ffda41b0000 - 0x00007ffda421b000 	C:\Windows\System32\WS2_32.dll
0x00007ffd98c60000 - 0x00007ffd98c6a000 	C:\Windows\SYSTEM32\VERSION.dll
0x00007ffda0840000 - 0x00007ffda0852000 	C:\Windows\SYSTEM32\kernel.appcore.dll
0x00007ffd7d0d0000 - 0x00007ffd7d0da000 	C:\Program Files\Android\Android Studio\jbr\bin\jimage.dll
0x00007ffd9fd30000 - 0x00007ffd9ff14000 	C:\Windows\SYSTEM32\DBGHELP.DLL
0x00007ffd98940000 - 0x00007ffd98974000 	C:\Windows\SYSTEM32\dbgcore.DLL
0x00007ffda26f0000 - 0x00007ffda2772000 	C:\Windows\System32\bcryptPrimitives.dll
0x00007ffd3e290000 - 0x00007ffd3e2b5000 	C:\Program Files\Android\Android Studio\jbr\bin\java.dll
0x00007ffd44200000 - 0x00007ffd44218000 	C:\Program Files\Android\Android Studio\jbr\bin\zip.dll
0x00007ffda2b80000 - 0x00007ffda32eb000 	C:\Windows\System32\SHELL32.dll
0x00007ffda0090000 - 0x00007ffda082e000 	C:\Windows\SYSTEM32\windows.storage.dll
0x00007ffda3800000 - 0x00007ffda3b53000 	C:\Windows\System32\combase.dll
0x00007ffda1960000 - 0x00007ffda198e000 	C:\Windows\SYSTEM32\Wldp.dll
0x00007ffda29e0000 - 0x00007ffda2aad000 	C:\Windows\System32\OLEAUT32.dll
0x00007ffda35a0000 - 0x00007ffda364d000 	C:\Windows\System32\SHCORE.dll
0x00007ffda2980000 - 0x00007ffda29d5000 	C:\Windows\System32\shlwapi.dll
0x00007ffda1f30000 - 0x00007ffda1f55000 	C:\Windows\SYSTEM32\profapi.dll
0x00007ffd436c0000 - 0x00007ffd436d9000 	C:\Program Files\Android\Android Studio\jbr\bin\net.dll
0x00007ffd98b50000 - 0x00007ffd98c5a000 	C:\Windows\SYSTEM32\WINHTTP.dll
0x00007ffda16c0000 - 0x00007ffda172a000 	C:\Windows\system32\mswsock.dll
0x00007ffd3d1b0000 - 0x00007ffd3d1c6000 	C:\Program Files\Android\Android Studio\jbr\bin\nio.dll
0x00007ffd7c3f0000 - 0x00007ffd7c400000 	C:\Program Files\Android\Android Studio\jbr\bin\verify.dll

dbghelp: loaded successfully - version: 4.0.5 - missing functions: none
symbol engine: initialized successfully - sym options: 0x614 - pdb path: .;C:\Program Files\Android\Android Studio\jbr\bin;C:\Windows\SYSTEM32;C:\Program Files\Avast Software\Avast;C:\Windows\WinSxS\amd64_microsoft.windows.common-controls_6595b64144ccf1df_6.0.19041.3636_none_60b6a03d71f818d5;C:\Program Files\Android\Android Studio\jbr\bin\server

VM Arguments:
java_command: org.jetbrains.kotlin.cli.jvm.K2JVMCompiler @C:\Users\Haytam\AndroidStudioProjects\project\app\build\20240325_1643804765805079039.compiler.options
java_class_path (initial): C:\Program Files\Android\Android Studio\caches\modules-2\files-2.1\org.jetbrains.kotlin\kotlin-compiler-embeddable\1.9.10\57ca1b0823ae3ecb451a97e1f8e6de0b19ea5294\kotlin-compiler-embeddable-1.9.10.jar;C:\Program Files\Android\Android Studio\caches\modules-2\files-2.1\org.jetbrains.kotlin\kotlin-stdlib\1.9.10\72812e8a368917ab5c0a5081b56915ffdfec93b7\kotlin-stdlib-1.9.10.jar;C:\Program Files\Android\Android Studio\caches\modules-2\files-2.1\org.jetbrains.kotlin\kotlin-script-runtime\1.9.10\398513a8534701579cccaf5953ea914416b4696c\kotlin-script-runtime-1.9.10.jar;C:\Program Files\Android\Android Studio\caches\modules-2\files-2.1\org.jetbrains.kotlin\kotlin-reflect\1.6.10\1cbe9c92c12a94eea200d23c2bbaedaf3daf5132\kotlin-reflect-1.6.10.jar;C:\Program Files\Android\Android Studio\caches\modules-2\files-2.1\org.jetbrains.kotlin\kotlin-daemon-embeddable\1.9.10\bda2f7daa6b89d2ded2d9e1e0b0cadaf9446ade1\kotlin-daemon-embeddable-1.9.10.jar;C:\Program Files\Android\Android Studio\caches\modules-2\files-2.1\org.jetbrains.intellij.deps\trove4j\1.0.20200330\3afb14d5f9ceb459d724e907a21145e8ff394f02\trove4j-1.0.20200330.jar;C:\Program Files\Android\Android Studio\caches\modules-2\files-2.1\org.jetbrains.kotlin\kotlin-stdlib-common\1.9.10\dafaf2c27f27c09220cee312df10917d9a5d97ce\kotlin-stdlib-common-1.9.10.jar;C:\Program Files\Android\Android Studio\caches\modules-2\files-2.1\org.jetbrains\annotations\13.0\919f0dfe192fb4e063e7dacadee7f8bb9a2672a9\annotations-13.0.jar
Launcher Type: SUN_STANDARD

[Global flags]
     intx CICompilerCount                          = 4                                         {product} {ergonomic}
     uint ConcGCThreads                            = 2                                         {product} {ergonomic}
     uint G1ConcRefinementThreads                  = 8                                         {product} {ergonomic}
   size_t G1HeapRegionSize                         = 1048576                                   {product} {ergonomic}
    uintx GCDrainStackTargetSize                   = 64                                        {product} {ergonomic}
   size_t InitialHeapSize                          = 100663296                                 {product} {ergonomic}
   size_t MarkStackSize                            = 4194304                                   {product} {ergonomic}
   size_t MaxHeapSize                              = 1579155456                                {product} {ergonomic}
   size_t MaxNewSize                               = 946864128                                 {product} {ergonomic}
   size_t MinHeapDeltaBytes                        = 1048576                                   {product} {ergonomic}
   size_t MinHeapSize                              = 8388608                                   {product} {ergonomic}
    uintx NonNMethodCodeHeapSize                   = 5839372                                {pd product} {ergonomic}
    uintx NonProfiledCodeHeapSize                  = 122909434                              {pd product} {ergonomic}
    uintx ProfiledCodeHeapSize                     = 122909434                              {pd product} {ergonomic}
    uintx ReservedCodeCacheSize                    = 251658240                              {pd product} {ergonomic}
     bool SegmentedCodeCache                       = true                                      {product} {ergonomic}
   size_t SoftMaxHeapSize                          = 1579155456                             {manageable} {ergonomic}
     bool UseCompressedClassPointers               = true                           {product lp64_product} {ergonomic}
     bool UseCompressedOops                        = true                           {product lp64_product} {ergonomic}
     bool UseG1GC                                  = true                                      {product} {ergonomic}
     bool UseLargePagesIndividualAllocation        = false                                  {pd product} {ergonomic}

Logging:
Log output configuration:
 #0: stdout all=warning uptime,level,tags
 #1: stderr all=off uptime,level,tags

Environment Variables:
JAVA_HOME=C:\Program Files (x86)\jdk-19
CLASSPATH=C:\Program Files (x86)\jdk-19\bin
PATH=C:\Python310\Scripts\;C:\Python310\;C:\Windows\system32;C:\Windows;C:\Windows\System32\Wbem;C:\Windows\System32\WindowsPowerShell\v1.0\;C:\Windows\System32\OpenSSH\;C:\ProgramData\chocolatey\bin;C:\Program Files\Microsoft SQL Server\150\Tools\Binn\;C:\Program Files\Microsoft SQL Server\Client SDK\ODBC\170\Tools\Binn\;C:\Program Files\dotnet\;C:\Program Files (x86)\jdk-19\bin;C:\Program Files\Git\cmd;C:\Program Files\nodejs\;C:\AndroidEmulatorTools\platform-tools-latest-windows\platform-tools;C:\Users\Haytam\scoop\shims;C:\Program Files\MySQL\MySQL Shell 8.0\bin\;C:\Users\Haytam\AppData\Local\Microsoft\WindowsApps;C:\Users\Haytam\AppData\Local\Programs\Microsoft VS Code\bin;C:\Users\Haytam\.dotnet\tools;C:\Program Files (x86)\jdk-19;C:\Users\Haytam\Downloads\php-8.1.12-Win32-vs16-x64;C:\Users\Haytam\AppData\Local\ComposerSetup\bin;C:\Users\Haytam\AppData\Roaming\Composer\vendor\bin;C:\Users\Haytam\AppData\Roaming\npm
USERNAME=Haytam
OS=Windows_NT
PROCESSOR_IDENTIFIER=AMD64 Family 23 Model 24 Stepping 1, AuthenticAMD
TMP=C:\Users\Haytam\AppData\Local\Temp
TEMP=C:\Users\Haytam\AppData\Local\Temp


JNI global refs:
JNI global refs: 9, weak refs: 34

JNI global refs memory usage: 843, weak refs: 841

OOME stack traces (most recent first):
Classloader memory used:
Loader jdk.internal.loader.ClassLoaders$AppClassLoader                                 : 5733K
Loader bootstrap                                                                       : 1345K
Loader java.net.URLClassLoader                                                         : 22494B
Loader jdk.internal.reflect.DelegatingClassLoader                                      : 8181B
Loader jdk.internal.loader.ClassLoaders$PlatformClassLoader                            : 2276B


---------------  S Y S T E M  ---------------

OS:
 Windows 10 , 64 bit Build 19041 (10.0.19041.3636)
OS uptime: 9 days 19:26 hours

CPU: total 8 (initial active 8) (8 cores per cpu, 2 threads per core) family 23 model 24 stepping 1 microcode 0x0, cx8, cmov, fxsr, ht, mmx, 3dnowpref, sse, sse2, sse3, ssse3, sse4a, sse4.1, sse4.2, popcnt, lzcnt, tsc, tscinvbit, avx, avx2, aes, clmul, bmi1, bmi2, adx, sha, fma, vzeroupper, clflush, clflushopt

Memory: 4k page, system-wide physical 6020M (187M free)
TotalPageFile size 24449M (AvailPageFile size 123M)
current process WorkingSet (physical memory assigned to process): 213M, peak: 223M
current process commit charge ("private bytes"): 278M, peak: 437M

vm_info: OpenJDK 64-Bit Server VM (17.0.7+0-b2043.56-10550314) for windows-amd64 JRE (17.0.7+0-b2043.56-10550314), built on Jul 24 2023 18:27:45 by "androidbuild" with MS VC++ 16.10 / 16.11 (VS2019)

END.
