#
# There is insufficient memory for the Java Runtime Environment to continue.
# Native memory allocation (malloc) failed to allocate 1127376 bytes for Chunk::new
# Possible reasons:
#   The system is out of physical RAM or swap space
#   The process is running with CompressedOops enabled, and the Java Heap may be blocking the growth of the native heap
# Possible solutions:
#   Reduce memory load on the system
#   Increase physical memory or swap space
#   Check if swap backing store is full
#   Decrease Java heap size (-Xmx/-Xms)
#   Decrease number of Java threads
#   Decrease Java thread stack sizes (-Xss)
#   Set larger code cache with -XX:ReservedCodeCacheSize=
#   JVM is running with Unscaled Compressed Oops mode in which the Java heap is
#     placed in the first 4GB address space. The Java Heap base address is the
#     maximum limit for the native heap growth. Please use -XX:HeapBaseMinAddress
#     to set the Java Heap base and to place the Java Heap above 4GB virtual address.
# This output file may be truncated or incomplete.
#
#  Out of Memory Error (arena.cpp:189), pid=91796, tid=50776
#
# JRE version: OpenJDK Runtime Environment (17.0.7) (build 17.0.7+0-b2043.56-10550314)
# Java VM: OpenJDK 64-Bit Server VM (17.0.7+0-b2043.56-10550314, mixed mode, tiered, compressed oops, compressed class ptrs, g1 gc, windows-amd64)
# No core dump will be written. Minidumps are not enabled by default on client versions of Windows
#

---------------  S U M M A R Y ------------

Command Line: org.jetbrains.kotlin.cli.jvm.K2JVMCompiler @C:\Users\Haytam\AndroidStudioProjects\project\app\build\20240529_18362511219854527632.compiler.options

Host: AMD Ryzen 5 3500U with Radeon Vega Mobile Gfx  , 8 cores, 5G,  Windows 10 , 64 bit Build 19041 (10.0.19041.3636)
Time: Wed May 29 17:15:39 2024 Paris, Madrid (heure duild 19041 (10.0.19041.3636) elapsed time: 15.135222 seconds (0d 0h 0m 15s)

---------------  T H R E A D  ---------------

Current thread (0x0000013c1290e340):  JavaThread "C2 CompilerThread0" daemon [_thread_in_native, id=50776, stack(0x0000001f51300000,0x0000001f51400000)]


Current CompileTask:
C2:  15136 5957       4       org.jetbrains.kotlin.lexer._JetLexer::advance (2257 bytes)

Stack: [0x0000001f51300000,0x0000001f51400000]
Native frames: (J=compiled Java code, j=interpreted, Vv=VM code, C=native code)
V  [jvm.dll+0x683bfa]
V  [jvm.dll+0x8430a4]
V  [jvm.dll+0x8449be]
V  [jvm.dll+0x845023]
V  [jvm.dll+0x24ad2f]
V  [jvm.dll+0xac25c]
V  [jvm.dll+0xac82c]
V  [jvm.dll+0x36a132]
V  [jvm.dll+0x334821]
V  [jvm.dll+0x333cca]
V  [jvm.dll+0x21d251]
V  [jvm.dll+0x21c671]
V  [jvm.dll+0x1a605d]
V  [jvm.dll+0x22c148]
V  [jvm.dll+0x22a209]
V  [jvm.dll+0x7f858c]
V  [jvm.dll+0x7f2aea]
V  [jvm.dll+0x682a35]
C  [ucrtbase.dll+0x21bb2]
C  [KERNEL32.DLL+0x17344]
C  [ntdll.dll+0x526b1]


---------------  P R O C E S S  ---------------

Threads class SMR info:
_java_thread_list=0x0000013c128e3c10, length=13, elements={
0x0000013c793a3990, 0x0000013c7f66fb30, 0x0000013c7f6723d0, 0x0000013c7f6ad750,
0x0000013c7f6ae210, 0x0000013c128f6830, 0x0000013c128f7ba0, 0x0000013c1290e340,
0x0000013c1290f490, 0x0000013c12912630, 0x0000013c12a797b0, 0x0000013c12a89760,
0x0000013c1855a660
}

Java Threads: ( => current thread )
  0x0000013c793a3990 JavaThread "main" [_thread_in_native, id=116640, stack(0x0000001f50600000,0x0000001f50700000)]
  0x0000013c7f66fb30 JavaThread "Reference Handler" daemon [_thread_blocked, id=113568, stack(0x0000001f50d00000,0x0000001f50e00000)]
  0x0000013c7f6723d0 JavaThread "Finalizer" daemon [_thread_blocked, id=112056, stack(0x0000001f50e00000,0x0000001f50f00000)]
  0x0000013c7f6ad750 JavaThread "Signal Dispatcher" daemon [_thread_blocked, id=100852, stack(0x0000001f50f00000,0x0000001f51000000)]
  0x0000013c7f6ae210 JavaThread "Attach Listener" daemon [_thread_blocked, id=116580, stack(0x0000001f51000000,0x0000001f51100000)]
  0x0000013c128f6830 JavaThread "Service Thread" daemon [_thread_blocked, id=92764, stack(0x0000001f51100000,0x0000001f51200000)]
  0x0000013c128f7ba0 JavaThread "Monitor Deflation Thread" daemon [_thread_blocked, id=109716, stack(0x0000001f51200000,0x0000001f51300000)]
=>0x0000013c1290e340 JavaThread "C2 CompilerThread0" daemon [_thread_in_native, id=50776, stack(0x0000001f51300000,0x0000001f51400000)]
  0x0000013c1290f490 JavaThread "C1 CompilerThread0" daemon [_thread_blocked, id=117116, stack(0x0000001f51400000,0x0000001f51500000)]
  0x0000013c12912630 JavaThread "Sweeper thread" daemon [_thread_blocked, id=115440, stack(0x0000001f51500000,0x0000001f51600000)]
  0x0000013c12a797b0 JavaThread "Notification Thread" daemon [_thread_blocked, id=115076, stack(0x0000001f51600000,0x0000001f51700000)]
  0x0000013c12a89760 JavaThread "Common-Cleaner" daemon [_thread_blocked, id=102172, stack(0x0000001f51800000,0x0000001f51900000)]
  0x0000013c1855a660 JavaThread "C2 CompilerThread1" daemon [_thread_in_native, id=117508, stack(0x0000001f52100000,0x0000001f52200000)]

Other Threads:
  0x0000013c7f610380 VMThread "VM Thread" [stack: 0x0000001f50c00000,0x0000001f50d00000] [id=79448]
  0x0000013c12a79c80 WatcherThread [stack: 0x0000001f51700000,0x0000001f51800000] [id=114640]
  0x0000013c793ef130 GCTaskThread "GC Thread#0" [stack: 0x0000001f50700000,0x0000001f50800000] [id=119392]
  0x0000013c1711b9e0 GCTaskThread "GC Thread#1" [stack: 0x0000001f51900000,0x0000001f51a00000] [id=85548]
  0x0000013c1711d210 GCTaskThread "GC Thread#2" [stack: 0x0000001f51a00000,0x0000001f51b00000] [id=105012]
  0x0000013c1711b730 GCTaskThread "GC Thread#3" [stack: 0x0000001f51b00000,0x0000001f51c00000] [id=115932]
  0x0000013c1711bc90 GCTaskThread "GC Thread#4" [stack: 0x0000001f51c00000,0x0000001f51d00000] [id=110220]
  0x0000013c1711c1f0 GCTaskThread "GC Thread#5" [stack: 0x0000001f51e00000,0x0000001f51f00000] [id=115796]
  0x0000013c1711c750 GCTaskThread "GC Thread#6" [stack: 0x0000001f51f00000,0x0000001f52000000] [id=101336]
  0x0000013c17bb68f0 GCTaskThread "GC Thread#7" [stack: 0x0000001f51d00000,0x0000001f51e00000] [id=113808]
  0x0000013c793fbd80 ConcurrentGCThread "G1 Main Marker" [stack: 0x0000001f50800000,0x0000001f50900000] [id=112932]
  0x0000013c793fcf30 ConcurrentGCThread "G1 Conc#0" [stack: 0x0000001f50900000,0x0000001f50a00000] [id=93388]
  0x0000013c17bb6ba0 ConcurrentGCThread "G1 Conc#1" [stack: 0x0000001f52000000,0x0000001f52100000] [id=70180]
  0x0000013c79450cb0 ConcurrentGCThread "G1 Refine#0" [stack: 0x0000001f50a00000,0x0000001f50b00000] [id=94948]
  0x0000013c794516d0 ConcurrentGCThread "G1 Service" [stack: 0x0000001f50b00000,0x0000001f50c00000] [id=104308]

Threads with active compile tasks:
C2 CompilerThread0    15204 5957       4       org.jetbrains.kotlin.lexer._JetLexer::advance (2257 bytes)
C2 CompilerThread1    15205 5626       4       org.jetbrains.kotlin.parsing.AbstractKotlinParsing::atSet (113 bytes)

VM state: not at safepoint (normal execution)

VM Mutex/Monitor currently owned by a thread: None

Heap address: 0x00000000a1e00000, size: 1506 MB, Compressed Oops mode: 32-bit

CDS archive(s) not mapped
Compressed class space mapped at: 0x0000000100000000-0x0000000140000000, reserved size: 1073741824
Narrow klass base: 0x0000000000000000, Narrow klass shift: 3, Narrow klass range: 0x140000000

GC Precious Log:
 CPUs: 8 total, 8 available
 Memory: 6020M
 Large Page Support: Disabled
 NUMA Support: Disabled
 Compressed Oops: Enabled (32-bit)
 Heap Region Size: 1M
 Heap Min Capacity: 8M
 Heap Initial Capacity: 96M
 Heap Max Capacity: 1506M
 Pre-touch: Disabled
 Parallel Workers: 8
 Concurrent Workers: 2
 Concurrent Refinement Workers: 8
 Periodic GC: Disabled

Heap:
 garbage-first heap   total 78848K, used 58218K [0x00000000a1e00000, 0x0000000100000000)
  region size 1024K, 16 young (16384K), 3 survivors (3072K)
 Metaspace       used 56573K, committed 56896K, reserved 1114112K
  class space    used 6793K, committed 6912K, reserved 1048576K

Heap Regions: E=young(eden), S=young(survivor), O=old, HS=humongous(starts), HC=humongous(continues), CS=collection set, F=free, OA=open archive, CA=closed archive, TAMS=top-at-mark-start (previous, next)
|   0|0x00000000a1e00000, 0x00000000a1f00000, 0x00000000a1f00000|100%|HS|  |TAMS 0x00000000a1f00000, 0x00000000a1e00000| Complete 
|   1|0x00000000a1f00000, 0x00000000a2000000, 0x00000000a2000000|100%|HC|  |TAMS 0x00000000a2000000, 0x00000000a1f00000| Complete 
|   2|0x00000000a2000000, 0x00000000a2100000, 0x00000000a2100000|100%|HC|  |TAMS 0x00000000a2100000, 0x00000000a2000000| Complete 
|   3|0x00000000a2100000, 0x00000000a2200000, 0x00000000a2200000|100%|HC|  |TAMS 0x00000000a2200000, 0x00000000a2100000| Complete 
|   4|0x00000000a2200000, 0x00000000a2300000, 0x00000000a2300000|100%| O|  |TAMS 0x00000000a2300000, 0x00000000a2200000| Untracked 
|   5|0x00000000a2300000, 0x00000000a2400000, 0x00000000a2400000|100%| O|  |TAMS 0x00000000a2400000, 0x00000000a2300000| Untracked 
|   6|0x00000000a2400000, 0x00000000a2500000, 0x00000000a2500000|100%| O|  |TAMS 0x00000000a2500000, 0x00000000a2400000| Untracked 
|   7|0x00000000a2500000, 0x00000000a2600000, 0x00000000a2600000|100%| O|  |TAMS 0x00000000a2600000, 0x00000000a2500000| Untracked 
|   8|0x00000000a2600000, 0x00000000a2700000, 0x00000000a2700000|100%| O|  |TAMS 0x00000000a2700000, 0x00000000a2600000| Untracked 
|   9|0x00000000a2700000, 0x00000000a2800000, 0x00000000a2800000|100%| O|  |TAMS 0x00000000a2800000, 0x00000000a2700000| Untracked 
|  10|0x00000000a2800000, 0x00000000a2900000, 0x00000000a2900000|100%| O|  |TAMS 0x00000000a2900000, 0x00000000a2800000| Untracked 
|  11|0x00000000a2900000, 0x00000000a2a00000, 0x00000000a2a00000|100%| O|  |TAMS 0x00000000a2a00000, 0x00000000a2900000| Untracked 
|  12|0x00000000a2a00000, 0x00000000a2b00000, 0x00000000a2b00000|100%| O|  |TAMS 0x00000000a2b00000, 0x00000000a2a00000| Untracked 
|  13|0x00000000a2b00000, 0x00000000a2c00000, 0x00000000a2c00000|100%| O|  |TAMS 0x00000000a2c00000, 0x00000000a2b00000| Untracked 
|  14|0x00000000a2c00000, 0x00000000a2d00000, 0x00000000a2d00000|100%| O|  |TAMS 0x00000000a2d00000, 0x00000000a2c00000| Untracked 
|  15|0x00000000a2d00000, 0x00000000a2e00000, 0x00000000a2e00000|100%| O|  |TAMS 0x00000000a2e00000, 0x00000000a2d00000| Untracked 
|  16|0x00000000a2e00000, 0x00000000a2f00000, 0x00000000a2f00000|100%| O|  |TAMS 0x00000000a2f00000, 0x00000000a2e00000| Untracked 
|  17|0x00000000a2f00000, 0x00000000a3000000, 0x00000000a3000000|100%| O|  |TAMS 0x00000000a2f00000, 0x00000000a2f00000| Untracked 
|  18|0x00000000a3000000, 0x00000000a3100000, 0x00000000a3100000|100%| O|  |TAMS 0x00000000a3100000, 0x00000000a3000000| Untracked 
|  19|0x00000000a3100000, 0x00000000a3200000, 0x00000000a3200000|100%| O|  |TAMS 0x00000000a3200000, 0x00000000a3100000| Untracked 
|  20|0x00000000a3200000, 0x00000000a3300000, 0x00000000a3300000|100%| O|  |TAMS 0x00000000a3300000, 0x00000000a3200000| Untracked 
|  21|0x00000000a3300000, 0x00000000a3400000, 0x00000000a3400000|100%| O|  |TAMS 0x00000000a3400000, 0x00000000a3300000| Untracked 
|  22|0x00000000a3400000, 0x00000000a3500000, 0x00000000a3500000|100%| O|  |TAMS 0x00000000a3500000, 0x00000000a3400000| Untracked 
|  23|0x00000000a3500000, 0x00000000a3600000, 0x00000000a3600000|100%| O|  |TAMS 0x00000000a3600000, 0x00000000a3500000| Untracked 
|  24|0x00000000a3600000, 0x00000000a3700000, 0x00000000a3700000|100%| O|  |TAMS 0x00000000a3700000, 0x00000000a3600000| Untracked 
|  25|0x00000000a3700000, 0x00000000a3800000, 0x00000000a3800000|100%| O|  |TAMS 0x00000000a3800000, 0x00000000a3700000| Untracked 
|  26|0x00000000a3800000, 0x00000000a3900000, 0x00000000a3900000|100%| O|  |TAMS 0x00000000a3900000, 0x00000000a3800000| Untracked 
|  27|0x00000000a3900000, 0x00000000a3a00000, 0x00000000a3a00000|100%| O|  |TAMS 0x00000000a3a00000, 0x00000000a3900000| Untracked 
|  28|0x00000000a3a00000, 0x00000000a3b00000, 0x00000000a3b00000|100%| O|  |TAMS 0x00000000a3b00000, 0x00000000a3a00000| Untracked 
|  29|0x00000000a3b00000, 0x00000000a3c00000, 0x00000000a3c00000|100%| O|  |TAMS 0x00000000a3c00000, 0x00000000a3b00000| Untracked 
|  30|0x00000000a3c00000, 0x00000000a3d00000, 0x00000000a3d00000|100%| O|  |TAMS 0x00000000a3d00000, 0x00000000a3c00000| Untracked 
|  31|0x00000000a3d00000, 0x00000000a3e00000, 0x00000000a3e00000|100%| O|  |TAMS 0x00000000a3e00000, 0x00000000a3d00000| Untracked 
|  32|0x00000000a3e00000, 0x00000000a3f00000, 0x00000000a3f00000|100%| O|  |TAMS 0x00000000a3f00000, 0x00000000a3e00000| Untracked 
|  33|0x00000000a3f00000, 0x00000000a4000000, 0x00000000a4000000|100%|HS|  |TAMS 0x00000000a4000000, 0x00000000a3f00000| Complete 
|  34|0x00000000a4000000, 0x00000000a4100000, 0x00000000a4100000|100%|HC|  |TAMS 0x00000000a4100000, 0x00000000a4000000| Complete 
|  35|0x00000000a4100000, 0x00000000a4200000, 0x00000000a4200000|100%| O|  |TAMS 0x00000000a4200000, 0x00000000a4100000| Untracked 
|  36|0x00000000a4200000, 0x00000000a4300000, 0x00000000a4300000|100%| O|  |TAMS 0x00000000a4300000, 0x00000000a4200000| Untracked 
|  37|0x00000000a4300000, 0x00000000a4400000, 0x00000000a4400000|100%| O|  |TAMS 0x00000000a4400000, 0x00000000a4300000| Untracked 
|  38|0x00000000a4400000, 0x00000000a4500000, 0x00000000a4500000|100%| O|  |TAMS 0x00000000a4500000, 0x00000000a4400000| Untracked 
|  39|0x00000000a4500000, 0x00000000a4600000, 0x00000000a4600000|100%| O|  |TAMS 0x00000000a4600000, 0x00000000a4500000| Untracked 
|  40|0x00000000a4600000, 0x00000000a4700000, 0x00000000a4700000|100%| O|  |TAMS 0x00000000a4623600, 0x00000000a4600000| Untracked 
|  41|0x00000000a4700000, 0x00000000a4800000, 0x00000000a4800000|100%| O|  |TAMS 0x00000000a4700000, 0x00000000a4700000| Untracked 
|  42|0x00000000a4800000, 0x00000000a4900000, 0x00000000a4900000|100%| O|  |TAMS 0x00000000a4800000, 0x00000000a4800000| Untracked 
|  43|0x00000000a4900000, 0x00000000a492a600, 0x00000000a4a00000| 16%| O|  |TAMS 0x00000000a4900000, 0x00000000a4900000| Untracked 
|  44|0x00000000a4a00000, 0x00000000a4a00000, 0x00000000a4b00000|  0%| F|  |TAMS 0x00000000a4a00000, 0x00000000a4a00000| Untracked 
|  45|0x00000000a4b00000, 0x00000000a4b00000, 0x00000000a4c00000|  0%| F|  |TAMS 0x00000000a4b00000, 0x00000000a4b00000| Untracked 
|  46|0x00000000a4c00000, 0x00000000a4c00000, 0x00000000a4d00000|  0%| F|  |TAMS 0x00000000a4c00000, 0x00000000a4c00000| Untracked 
|  47|0x00000000a4d00000, 0x00000000a4d00000, 0x00000000a4e00000|  0%| F|  |TAMS 0x00000000a4d00000, 0x00000000a4d00000| Untracked 
|  48|0x00000000a4e00000, 0x00000000a4e00000, 0x00000000a4f00000|  0%| F|  |TAMS 0x00000000a4e00000, 0x00000000a4e00000| Untracked 
|  49|0x00000000a4f00000, 0x00000000a4f00000, 0x00000000a5000000|  0%| F|  |TAMS 0x00000000a4f00000, 0x00000000a4f00000| Untracked 
|  50|0x00000000a5000000, 0x00000000a5000000, 0x00000000a5100000|  0%| F|  |TAMS 0x00000000a5000000, 0x00000000a5000000| Untracked 
|  51|0x00000000a5100000, 0x00000000a5100000, 0x00000000a5200000|  0%| F|  |TAMS 0x00000000a5100000, 0x00000000a5100000| Untracked 
|  52|0x00000000a5200000, 0x00000000a5200000, 0x00000000a5300000|  0%| F|  |TAMS 0x00000000a5200000, 0x00000000a5200000| Untracked 
|  53|0x00000000a5300000, 0x00000000a5300000, 0x00000000a5400000|  0%| F|  |TAMS 0x00000000a5300000, 0x00000000a5300000| Untracked 
|  54|0x00000000a5400000, 0x00000000a5400000, 0x00000000a5500000|  0%| F|  |TAMS 0x00000000a5400000, 0x00000000a5400000| Untracked 
|  55|0x00000000a5500000, 0x00000000a5500000, 0x00000000a5600000|  0%| F|  |TAMS 0x00000000a5500000, 0x00000000a5500000| Untracked 
|  56|0x00000000a5600000, 0x00000000a5600000, 0x00000000a5700000|  0%| F|  |TAMS 0x00000000a5600000, 0x00000000a5600000| Untracked 
|  57|0x00000000a5700000, 0x00000000a5700000, 0x00000000a5800000|  0%| F|  |TAMS 0x00000000a5700000, 0x00000000a5700000| Untracked 
|  58|0x00000000a5800000, 0x00000000a58b0598, 0x00000000a5900000| 68%| S|CS|TAMS 0x00000000a5800000, 0x00000000a5800000| Complete 
|  59|0x00000000a5900000, 0x00000000a5a00000, 0x00000000a5a00000|100%| S|CS|TAMS 0x00000000a5900000, 0x00000000a5900000| Complete 
|  60|0x00000000a5a00000, 0x00000000a5b00000, 0x00000000a5b00000|100%| S|CS|TAMS 0x00000000a5a00000, 0x00000000a5a00000| Complete 
|  61|0x00000000a5b00000, 0x00000000a5b00000, 0x00000000a5c00000|  0%| F|  |TAMS 0x00000000a5b00000, 0x00000000a5b00000| Untracked 
|  62|0x00000000a5c00000, 0x00000000a5c00000, 0x00000000a5d00000|  0%| F|  |TAMS 0x00000000a5c00000, 0x00000000a5c00000| Untracked 
|  63|0x00000000a5d00000, 0x00000000a5d00000, 0x00000000a5e00000|  0%| F|  |TAMS 0x00000000a5d00000, 0x00000000a5d00000| Untracked 
|  64|0x00000000a5e00000, 0x00000000a5eb67d0, 0x00000000a5f00000| 71%| E|  |TAMS 0x00000000a5e00000, 0x00000000a5e00000| Complete 
|  65|0x00000000a5f00000, 0x00000000a6000000, 0x00000000a6000000|100%| E|  |TAMS 0x00000000a5f00000, 0x00000000a5f00000| Complete 
|  66|0x00000000a6000000, 0x00000000a6100000, 0x00000000a6100000|100%| E|CS|TAMS 0x00000000a6000000, 0x00000000a6000000| Complete 
|  67|0x00000000a6100000, 0x00000000a6200000, 0x00000000a6200000|100%| E|CS|TAMS 0x00000000a6100000, 0x00000000a6100000| Complete 
|  68|0x00000000a6200000, 0x00000000a6300000, 0x00000000a6300000|100%| E|CS|TAMS 0x00000000a6200000, 0x00000000a6200000| Complete 
|  69|0x00000000a6300000, 0x00000000a6400000, 0x00000000a6400000|100%| E|CS|TAMS 0x00000000a6300000, 0x00000000a6300000| Complete 
|  70|0x00000000a6400000, 0x00000000a6500000, 0x00000000a6500000|100%| E|CS|TAMS 0x00000000a6400000, 0x00000000a6400000| Complete 
|  71|0x00000000a6500000, 0x00000000a6600000, 0x00000000a6600000|100%| E|CS|TAMS 0x00000000a6500000, 0x00000000a6500000| Complete 
|  74|0x00000000a6800000, 0x00000000a6900000, 0x00000000a6900000|100%| E|CS|TAMS 0x00000000a6800000, 0x00000000a6800000| Complete 
|  75|0x00000000a6900000, 0x00000000a6a00000, 0x00000000a6a00000|100%| E|CS|TAMS 0x00000000a6900000, 0x00000000a6900000| Complete 
|  76|0x00000000a6a00000, 0x00000000a6b00000, 0x00000000a6b00000|100%| E|CS|TAMS 0x00000000a6a00000, 0x00000000a6a00000| Complete 
|  77|0x00000000a6b00000, 0x00000000a6c00000, 0x00000000a6c00000|100%| E|CS|TAMS 0x00000000a6b00000, 0x00000000a6b00000| Complete 
|  95|0x00000000a7d00000, 0x00000000a7e00000, 0x00000000a7e00000|100%| E|CS|TAMS 0x00000000a7d00000, 0x00000000a7d00000| Complete 

Card table byte_map: [0x0000013c7cea0000,0x0000013c7d1a0000] _byte_map_base: 0x0000013c7c991000

Marking Bits (Prev, Next): (CMBitMap*) 0x0000013c793ef780, (CMBitMap*) 0x0000013c793ef740
 Prev Bits: [0x0000013c0f000000, 0x0000013c10788000)
 Next Bits: [0x0000013c7d4a0000, 0x0000013c7ec28000)

Polling page: 0x0000013c772d0000

Metaspace:

Usage:
  Non-class:     48.67 MB used.
      Class:      6.64 MB used.
       Both:     55.30 MB used.

Virtual space:
  Non-class space:       64.00 MB reserved,      48.81 MB ( 76%) committed,  1 nodes.
      Class space:        1.00 GB reserved,       6.75 MB ( <1%) committed,  1 nodes.
             Both:        1.06 GB reserved,      55.56 MB (  5%) committed. 

Chunk freelists:
   Non-Class:  15.00 MB
       Class:  9.22 MB
        Both:  24.22 MB

MaxMetaspaceSize: unlimited
CompressedClassSpaceSize: 1.00 GB
Initial GC threshold: 21.00 MB
Current GC threshold: 87.31 MB
CDS: off
MetaspaceReclaimPolicy: balanced
 - commit_granule_bytes: 65536.
 - commit_granule_words: 8192.
 - virtual_space_node_default_size: 8388608.
 - enlarge_chunks_in_place: 1.
 - new_chunks_are_fully_committed: 0.
 - uncommit_free_chunks: 1.
 - use_allocation_guard: 0.
 - handle_deallocations: 1.


Internal statistics:

num_allocs_failed_limit: 3.
num_arena_births: 256.
num_arena_deaths: 0.
num_vsnodes_births: 2.
num_vsnodes_deaths: 0.
num_space_committed: 887.
num_space_uncommitted: 0.
num_chunks_returned_to_freelist: 3.
num_chunks_taken_from_freelist: 1958.
num_chunk_merges: 3.
num_chunk_splits: 1612.
num_chunks_enlarged: 1436.
num_inconsistent_stats: 0.

CodeHeap 'non-profiled nmethods': size=120000Kb used=2626Kb max_used=2777Kb free=117373Kb
 bounds [0x0000013c07ad0000, 0x0000013c07d90000, 0x0000013c0f000000]
CodeHeap 'profiled nmethods': size=120000Kb used=10884Kb max_used=12139Kb free=109116Kb
 bounds [0x0000013c00000000, 0x0000013c00be0000, 0x0000013c07530000]
CodeHeap 'non-nmethods': size=5760Kb used=1283Kb max_used=1323Kb free=4476Kb
 bounds [0x0000013c07530000, 0x0000013c077a0000, 0x0000013c07ad0000]
 total_blobs=5988 nmethods=5391 adapters=509
 compilation: enabled
              stopped_count=0, restarted_count=0
 full_count=0

Compilation events (20 events):
Event: 14.857 Thread 0x0000013c1290f490 6032       2       kotlin.jvm.internal.ArrayIteratorKt::iterator (18 bytes)
Event: 14.858 Thread 0x0000013c1290f490 nmethod 6032 0x0000013c0001f790 code [0x0000013c0001f9c0, 0x0000013c0001fe78]
Event: 14.858 Thread 0x0000013c1290f490 6033       2       kotlin.collections.EmptySet::iterator (7 bytes)
Event: 14.859 Thread 0x0000013c1290f490 nmethod 6033 0x0000013c00460390 code [0x0000013c00460520, 0x0000013c00460638]
Event: 14.859 Thread 0x0000013c1290f490 6034       2       java.lang.Integer::formatUnsignedInt (40 bytes)
Event: 14.859 Thread 0x0000013c1290f490 nmethod 6034 0x0000013c00180410 code [0x0000013c001805a0, 0x0000013c00180778]
Event: 14.859 Thread 0x0000013c1290f490 6035       2       org.jetbrains.kotlin.name.FqName::pathSegments (17 bytes)
Event: 14.860 Thread 0x0000013c1290f490 nmethod 6035 0x0000013c00531290 code [0x0000013c00531440, 0x0000013c00531598]
Event: 14.877 Thread 0x0000013c1290f490 6036       2       org.jetbrains.kotlin.load.java.structure.impl.classFiles.PlainJavaClassifierType::getClassifierResolverResult (15 bytes)
Event: 14.878 Thread 0x0000013c1290f490 nmethod 6036 0x0000013c005d5810 code [0x0000013c005d59c0, 0x0000013c005d5b28]
Event: 14.879 Thread 0x0000013c1290f490 6037       2       org.jetbrains.kotlin.load.java.structure.impl.JavaElementImpl::getPsi (13 bytes)
Event: 14.880 Thread 0x0000013c1290f490 nmethod 6037 0x0000013c0046ab90 code [0x0000013c0046ad20, 0x0000013c0046ae68]
Event: 14.880 Thread 0x0000013c1290f490 6038       2       org.jetbrains.kotlin.load.java.typeEnhancement.TypeEnhancementUtilsKt::select (105 bytes)
Event: 14.881 Thread 0x0000013c1290f490 nmethod 6038 0x0000013c0001ce10 code [0x0000013c0001d020, 0x0000013c0001d408]
Event: 14.901 Thread 0x0000013c1290f490 6039       2       jdk.internal.org.objectweb.asm.FieldWriter::visitEnd (1 bytes)
Event: 14.902 Thread 0x0000013c1290f490 nmethod 6039 0x0000013c0021db10 code [0x0000013c0021dca0, 0x0000013c0021dd98]
Event: 14.935 Thread 0x0000013c1290e340 nmethod 5944 0x0000013c07b8e690 code [0x0000013c07b8ea60, 0x0000013c07b933f0]
Event: 14.940 Thread 0x0000013c1290e340 5957       4       org.jetbrains.kotlin.lexer._JetLexer::advance (2257 bytes)
Event: 15.033 Thread 0x0000013c1290f490 6040       2       java.lang.Module::canRead (86 bytes)
Event: 15.035 Thread 0x0000013c1290f490 nmethod 6040 0x0000013c0004da10 code [0x0000013c0004dca0, 0x0000013c0004e608]

GC Heap History (20 events):
Event: 9.045 GC heap before
{Heap before GC invocations=12 (full 0):
 garbage-first heap   total 63488K, used 43980K [0x00000000a1e00000, 0x0000000100000000)
  region size 1024K, 21 young (21504K), 3 survivors (3072K)
 Metaspace       used 43000K, committed 43200K, reserved 1114112K
  class space    used 5272K, committed 5376K, reserved 1048576K
}
Event: 9.054 GC heap after
{Heap after GC invocations=13 (full 0):
 garbage-first heap   total 63488K, used 27738K [0x00000000a1e00000, 0x0000000100000000)
  region size 1024K, 2 young (2048K), 2 survivors (2048K)
 Metaspace       used 43000K, committed 43200K, reserved 1114112K
  class space    used 5272K, committed 5376K, reserved 1048576K
}
Event: 10.160 GC heap before
{Heap before GC invocations=13 (full 0):
 garbage-first heap   total 63488K, used 47194K [0x00000000a1e00000, 0x0000000100000000)
  region size 1024K, 21 young (21504K), 2 survivors (2048K)
 Metaspace       used 44947K, committed 45184K, reserved 1114112K
  class space    used 5432K, committed 5568K, reserved 1048576K
}
Event: 10.177 GC heap after
{Heap after GC invocations=14 (full 0):
 garbage-first heap   total 63488K, used 32975K [0x00000000a1e00000, 0x0000000100000000)
  region size 1024K, 3 young (3072K), 3 survivors (3072K)
 Metaspace       used 44947K, committed 45184K, reserved 1114112K
  class space    used 5432K, committed 5568K, reserved 1048576K
}
Event: 11.346 GC heap before
{Heap before GC invocations=14 (full 0):
 garbage-first heap   total 63488K, used 46287K [0x00000000a1e00000, 0x0000000100000000)
  region size 1024K, 16 young (16384K), 3 survivors (3072K)
 Metaspace       used 47218K, committed 47488K, reserved 1114112K
  class space    used 5727K, committed 5824K, reserved 1048576K
}
Event: 11.358 GC heap after
{Heap after GC invocations=15 (full 0):
 garbage-first heap   total 63488K, used 35205K [0x00000000a1e00000, 0x0000000100000000)
  region size 1024K, 2 young (2048K), 2 survivors (2048K)
 Metaspace       used 47218K, committed 47488K, reserved 1114112K
  class space    used 5727K, committed 5824K, reserved 1048576K
}
Event: 11.897 GC heap before
{Heap before GC invocations=16 (full 0):
 garbage-first heap   total 63488K, used 48517K [0x00000000a1e00000, 0x0000000100000000)
  region size 1024K, 14 young (14336K), 2 survivors (2048K)
 Metaspace       used 48733K, committed 49024K, reserved 1114112K
  class space    used 5908K, committed 6016K, reserved 1048576K
}
Event: 11.909 GC heap after
{Heap after GC invocations=17 (full 0):
 garbage-first heap   total 63488K, used 39584K [0x00000000a1e00000, 0x0000000100000000)
  region size 1024K, 2 young (2048K), 2 survivors (2048K)
 Metaspace       used 48733K, committed 49024K, reserved 1114112K
  class space    used 5908K, committed 6016K, reserved 1048576K
}
Event: 11.946 GC heap before
{Heap before GC invocations=17 (full 0):
 garbage-first heap   total 63488K, used 40608K [0x00000000a1e00000, 0x0000000100000000)
  region size 1024K, 3 young (3072K), 2 survivors (2048K)
 Metaspace       used 48744K, committed 49024K, reserved 1114112K
  class space    used 5908K, committed 6016K, reserved 1048576K
}
Event: 11.958 GC heap after
{Heap after GC invocations=18 (full 0):
 garbage-first heap   total 76800K, used 39471K [0x00000000a1e00000, 0x0000000100000000)
  region size 1024K, 1 young (1024K), 1 survivors (1024K)
 Metaspace       used 48744K, committed 49024K, reserved 1114112K
  class space    used 5908K, committed 6016K, reserved 1048576K
}
Event: 12.578 GC heap before
{Heap before GC invocations=18 (full 0):
 garbage-first heap   total 76800K, used 48687K [0x00000000a1e00000, 0x0000000100000000)
  region size 1024K, 11 young (11264K), 1 survivors (1024K)
 Metaspace       used 51394K, committed 51648K, reserved 1114112K
  class space    used 6228K, committed 6336K, reserved 1048576K
}
Event: 12.588 GC heap after
{Heap after GC invocations=19 (full 0):
 garbage-first heap   total 76800K, used 40409K [0x00000000a1e00000, 0x0000000100000000)
  region size 1024K, 2 young (2048K), 2 survivors (2048K)
 Metaspace       used 51394K, committed 51648K, reserved 1114112K
  class space    used 6228K, committed 6336K, reserved 1048576K
}
Event: 12.778 GC heap before
{Heap before GC invocations=20 (full 0):
 garbage-first heap   total 78848K, used 58841K [0x00000000a1e00000, 0x0000000100000000)
  region size 1024K, 20 young (20480K), 2 survivors (2048K)
 Metaspace       used 51468K, committed 51712K, reserved 1114112K
  class space    used 6228K, committed 6336K, reserved 1048576K
}
Event: 12.786 GC heap after
{Heap after GC invocations=21 (full 0):
 garbage-first heap   total 78848K, used 41076K [0x00000000a1e00000, 0x0000000100000000)
  region size 1024K, 3 young (3072K), 3 survivors (3072K)
 Metaspace       used 51468K, committed 51712K, reserved 1114112K
  class space    used 6228K, committed 6336K, reserved 1048576K
}
Event: 12.789 GC heap before
{Heap before GC invocations=21 (full 0):
 garbage-first heap   total 78848K, used 42100K [0x00000000a1e00000, 0x0000000100000000)
  region size 1024K, 4 young (4096K), 3 survivors (3072K)
 Metaspace       used 51474K, committed 51712K, reserved 1114112K
  class space    used 6228K, committed 6336K, reserved 1048576K
}
Event: 12.797 GC heap after
{Heap after GC invocations=22 (full 0):
 garbage-first heap   total 78848K, used 40580K [0x00000000a1e00000, 0x0000000100000000)
  region size 1024K, 1 young (1024K), 1 survivors (1024K)
 Metaspace       used 51474K, committed 51712K, reserved 1114112K
  class space    used 6228K, committed 6336K, reserved 1048576K
}
Event: 13.884 GC heap before
{Heap before GC invocations=22 (full 0):
 garbage-first heap   total 78848K, used 60036K [0x00000000a1e00000, 0x0000000100000000)
  region size 1024K, 20 young (20480K), 1 survivors (1024K)
 Metaspace       used 53326K, committed 53568K, reserved 1114112K
  class space    used 6416K, committed 6528K, reserved 1048576K
}
Event: 13.902 GC heap after
{Heap after GC invocations=23 (full 0):
 garbage-first heap   total 78848K, used 45038K [0x00000000a1e00000, 0x0000000100000000)
  region size 1024K, 3 young (3072K), 3 survivors (3072K)
 Metaspace       used 53326K, committed 53568K, reserved 1114112K
  class space    used 6416K, committed 6528K, reserved 1048576K
}
Event: 14.329 GC heap before
{Heap before GC invocations=24 (full 0):
 garbage-first heap   total 78848K, used 61422K [0x00000000a1e00000, 0x0000000100000000)
  region size 1024K, 19 young (19456K), 3 survivors (3072K)
 Metaspace       used 53753K, committed 53952K, reserved 1114112K
  class space    used 6439K, committed 6528K, reserved 1048576K
}
Event: 14.343 GC heap after
{Heap after GC invocations=25 (full 0):
 garbage-first heap   total 78848K, used 46954K [0x00000000a1e00000, 0x0000000100000000)
  region size 1024K, 3 young (3072K), 3 survivors (3072K)
 Metaspace       used 53753K, committed 53952K, reserved 1114112K
  class space    used 6439K, committed 6528K, reserved 1048576K
}

Dll operation events (2 events):
Event: 0.018 Loaded shared library C:\Program Files\Android\Android Studio\jbr\bin\java.dll
Event: 4.204 Loaded shared library C:\Program Files\Android\Android Studio\jbr\bin\verify.dll

Deoptimization events (20 events):
Event: 14.498 Thread 0x0000013c793a3990 Uncommon trap: trap_request=0xffffffde fr.pc=0x0000013c07d73050 relative=0x0000000000004350
Event: 14.498 Thread 0x0000013c793a3990 Uncommon trap: reason=class_check action=maybe_recompile pc=0x0000013c07d73050 method=org.jetbrains.kotlin.com.intellij.psi.impl.source.CharTableImpl$StringHashToCharSequencesMap.getSubSequenceWithHashCode(ILjava/lang/CharSequence;II)Ljava/lang/CharSequen
Event: 14.498 Thread 0x0000013c793a3990 DEOPT PACKING pc=0x0000013c07d73050 sp=0x0000001f506fcf00
Event: 14.499 Thread 0x0000013c793a3990 DEOPT UNPACKING pc=0x0000013c075869a3 sp=0x0000001f506fcd30 mode 2
Event: 14.499 Thread 0x0000013c793a3990 Uncommon trap: trap_request=0xffffffde fr.pc=0x0000013c07d73050 relative=0x0000000000004350
Event: 14.499 Thread 0x0000013c793a3990 Uncommon trap: reason=class_check action=maybe_recompile pc=0x0000013c07d73050 method=org.jetbrains.kotlin.com.intellij.psi.impl.source.CharTableImpl$StringHashToCharSequencesMap.getSubSequenceWithHashCode(ILjava/lang/CharSequence;II)Ljava/lang/CharSequen
Event: 14.499 Thread 0x0000013c793a3990 DEOPT PACKING pc=0x0000013c07d73050 sp=0x0000001f506fcf00
Event: 14.499 Thread 0x0000013c793a3990 DEOPT UNPACKING pc=0x0000013c075869a3 sp=0x0000001f506fcd30 mode 2
Event: 14.499 Thread 0x0000013c793a3990 Uncommon trap: trap_request=0xffffffde fr.pc=0x0000013c07d73050 relative=0x0000000000004350
Event: 14.499 Thread 0x0000013c793a3990 Uncommon trap: reason=class_check action=maybe_recompile pc=0x0000013c07d73050 method=org.jetbrains.kotlin.com.intellij.psi.impl.source.CharTableImpl$StringHashToCharSequencesMap.getSubSequenceWithHashCode(ILjava/lang/CharSequence;II)Ljava/lang/CharSequen
Event: 14.499 Thread 0x0000013c793a3990 DEOPT PACKING pc=0x0000013c07d73050 sp=0x0000001f506fcf00
Event: 14.499 Thread 0x0000013c793a3990 DEOPT UNPACKING pc=0x0000013c075869a3 sp=0x0000001f506fcd30 mode 2
Event: 14.907 Thread 0x0000013c793a3990 Uncommon trap: trap_request=0xffffff45 fr.pc=0x0000013c07d24240 relative=0x0000000000000220
Event: 14.907 Thread 0x0000013c793a3990 Uncommon trap: reason=unstable_if action=reinterpret pc=0x0000013c07d24240 method=org.jetbrains.kotlin.name.Name.hashCode()I @ 16 c2
Event: 14.907 Thread 0x0000013c793a3990 DEOPT PACKING pc=0x0000013c07d24240 sp=0x0000001f506fd600
Event: 14.907 Thread 0x0000013c793a3990 DEOPT UNPACKING pc=0x0000013c075869a3 sp=0x0000001f506fd598 mode 2
Event: 14.976 Thread 0x0000013c793a3990 Uncommon trap: trap_request=0xffffff45 fr.pc=0x0000013c07d4eb1c relative=0x00000000000001fc
Event: 14.976 Thread 0x0000013c793a3990 Uncommon trap: reason=unstable_if action=reinterpret pc=0x0000013c07d4eb1c method=org.jetbrains.kotlin.util.slicedMap.OpenAddressLinearProbingHashTable.get(Ljava/lang/Object;)Ljava/lang/Object; @ 1 c2
Event: 14.976 Thread 0x0000013c793a3990 DEOPT PACKING pc=0x0000013c07d4eb1c sp=0x0000001f506fc800
Event: 14.976 Thread 0x0000013c793a3990 DEOPT UNPACKING pc=0x0000013c075869a3 sp=0x0000001f506fc780 mode 2

Classes unloaded (0 events):
No events

Classes redefined (0 events):
No events

Internal exceptions (20 events):
Event: 4.511 Thread 0x0000013c793a3990 Exception <a 'java/lang/NoSuchMethodError'{0x00000000a2eb4418}: 'int java.lang.invoke.DirectMethodHandle$Holder.invokeVirtual(java.lang.Object, java.lang.Object)'> (0x00000000a2eb4418) 
thrown [s\src\hotspot\share\interpreter\linkResolver.cpp, line 771]
Event: 4.561 Thread 0x0000013c793a3990 Exception <a 'java/lang/NoSuchMethodError'{0x00000000a7d55a78}: 'java.lang.Object java.lang.invoke.Invokers$Holder.invokeExact_MT(java.lang.Object, java.lang.Object, java.lang.Object, java.lang.Object, java.lang.Object, java.lang.Object)'> (0x00000000a7d55a78) 
thrown [s\src\hotspot\share\interpreter\linkResolver.cpp, line 771]
Event: 6.387 Thread 0x0000013c793a3990 Implicit null exception at 0x0000013c07bd5ffc to 0x0000013c07bd6210
Event: 7.169 Thread 0x0000013c793a3990 Implicit null exception at 0x0000013c07aeddf2 to 0x0000013c07aee3bc
Event: 7.422 Thread 0x0000013c793a3990 Implicit null exception at 0x0000013c07aef472 to 0x0000013c07aefa4c
Event: 7.506 Thread 0x0000013c793a3990 Exception <a 'java/lang/NoSuchMethodError'{0x00000000a4d90480}: 'java.lang.Object java.lang.invoke.DirectMethodHandle$Holder.invokeVirtual(java.lang.Object, java.lang.Object, java.lang.Object)'> (0x00000000a4d90480) 
thrown [s\src\hotspot\share\interpreter\linkResolver.cpp, line 771]
Event: 7.915 Thread 0x0000013c793a3990 Implicit null exception at 0x0000013c07bd6af7 to 0x0000013c07bd6d04
Event: 9.401 Thread 0x0000013c793a3990 Exception <a 'java/lang/NoSuchMethodError'{0x00000000a68bfd80}: 'java.lang.Object java.lang.invoke.DirectMethodHandle$Holder.newInvokeSpecial(java.lang.Object, java.lang.Object, int)'> (0x00000000a68bfd80) 
thrown [s\src\hotspot\share\interpreter\linkResolver.cpp, line 771]
Event: 10.285 Thread 0x0000013c793a3990 Exception <a 'java/lang/NoSuchMethodError'{0x00000000a6a6e520}: 'java.lang.Object java.lang.invoke.DirectMethodHandle$Holder.newInvokeSpecial(java.lang.Object, java.lang.Object, java.lang.Object, int)'> (0x00000000a6a6e520) 
thrown [s\src\hotspot\share\interpreter\linkResolver.cpp, line 771]
Event: 10.286 Thread 0x0000013c793a3990 Exception <a 'java/lang/NoSuchMethodError'{0x00000000a6a72ba8}: 'java.lang.Object java.lang.invoke.DirectMethodHandle$Holder.invokeSpecial(java.lang.Object, java.lang.Object, java.lang.Object, java.lang.Object, int)'> (0x00000000a6a72ba8) 
thrown [s\src\hotspot\share\interpreter\linkResolver.cpp, line 771]
Event: 10.286 Thread 0x0000013c793a3990 Exception <a 'java/lang/NoSuchMethodError'{0x00000000a6a76a18}: 'java.lang.Object java.lang.invoke.Invokers$Holder.linkToTargetMethod(java.lang.Object, java.lang.Object, int, java.lang.Object)'> (0x00000000a6a76a18) 
thrown [s\src\hotspot\share\interpreter\linkResolver.cpp, line 771]
Event: 13.120 Thread 0x0000013c793a3990 Exception <a 'java/lang/NoSuchMethodError'{0x00000000a63e65b0}: 'java.lang.Object java.lang.invoke.DirectMethodHandle$Holder.newInvokeSpecial(java.lang.Object, java.lang.Object, java.lang.Object, java.lang.Object, java.lang.Object, java.lang.Object)'> (0x00000000a63e65b0) 
thrown [s\src\hotspot\share\interpreter\linkResolver.cpp, line 771]
Event: 13.198 Thread 0x0000013c793a3990 Implicit null exception at 0x0000013c07d19e5a to 0x0000013c07d1a118
Event: 13.884 Thread 0x0000013c793a3990 Exception <a 'java/lang/NoSuchMethodError'{0x00000000a57fdfb8}: 'java.lang.Object java.lang.invoke.DirectMethodHandle$Holder.newInvokeSpecial(java.lang.Object, java.lang.Object, java.lang.Object, java.lang.Object, java.lang.Object, java.lang.Object, java.lang.Object, java.lang.Object)'> (0x00000000a57fdfb8) 
thrown [s\src\hotspot\share\interpreter\linkResolver.cpp, line 771]
Event: 13.903 Thread 0x0000013c793a3990 Exception <a 'java/lang/NoSuchMethodError'{0x00000000a7d03d70}: 'java.lang.Object java.lang.invoke.DirectMethodHandle$Holder.invokeSpecial(java.lang.Object, java.lang.Object, java.lang.Object, java.lang.Object, java.lang.Object, java.lang.Object, java.lang.Object, java.lang.Object, java.lang.Object)'> (0x00000000a7d03d70) 
thrown [s\src\hotspot\share\interpreter\linkResolver.cpp, line 771]
Event: 13.904 Thread 0x0000013c793a3990 Exception <a 'java/lang/NoSuchMethodError'{0x00000000a7d08ca0}: 'java.lang.Object java.lang.invoke.Invokers$Holder.linkToTargetMethod(java.lang.Object, java.lang.Object, java.lang.Object, java.lang.Object, java.lang.Object, java.lang.Object, java.lang.Object, java.lang.Object)'> (0x00000000a7d08ca0) 
thrown [s\src\hotspot\share\interpreter\linkResolver.cpp, line 771]
Event: 14.768 Thread 0x0000013c793a3990 Exception <a 'java/lang/NoSuchMethodError'{0x00000000a6469318}: 'java.lang.Object java.lang.invoke.DirectMethodHandle$Holder.invokeStatic(java.lang.Object, java.lang.Object, java.lang.Object, java.lang.Object, int)'> (0x00000000a6469318) 
thrown [s\src\hotspot\share\interpreter\linkResolver.cpp, line 771]
Event: 14.769 Thread 0x0000013c793a3990 Exception <a 'java/lang/NoSuchMethodError'{0x00000000a6472c60}: 'java.lang.Object java.lang.invoke.DirectMethodHandle$Holder.newInvokeSpecial(java.lang.Object, java.lang.Object, java.lang.Object, java.lang.Object, int)'> (0x00000000a6472c60) 
thrown [s\src\hotspot\share\interpreter\linkResolver.cpp, line 771]
Event: 14.770 Thread 0x0000013c793a3990 Exception <a 'java/lang/NoSuchMethodError'{0x00000000a647aa88}: 'java.lang.Object java.lang.invoke.Invokers$Holder.linkToTargetMethod(java.lang.Object, java.lang.Object, java.lang.Object, int, java.lang.Object)'> (0x00000000a647aa88) 
thrown [s\src\hotspot\share\interpreter\linkResolver.cpp, line 771]
Event: 14.976 Thread 0x0000013c793a3990 Implicit null exception at 0x0000013c07d4e953 to 0x0000013c07d4eb0c

VM Operations (20 events):
Event: 13.884 Executing VM operation: G1CollectForAllocation
Event: 13.902 Executing VM operation: G1CollectForAllocation done
Event: 13.981 Executing VM operation: G1Concurrent
Event: 13.992 Executing VM operation: G1Concurrent done
Event: 14.027 Executing VM operation: G1Concurrent
Event: 14.027 Executing VM operation: G1Concurrent done
Event: 14.329 Executing VM operation: G1CollectForAllocation
Event: 14.343 Executing VM operation: G1CollectForAllocation done
Event: 14.465 Executing VM operation: HandshakeAllThreads
Event: 14.465 Executing VM operation: HandshakeAllThreads done
Event: 14.499 Executing VM operation: HandshakeAllThreads
Event: 14.499 Executing VM operation: HandshakeAllThreads done
Event: 14.638 Executing VM operation: HandshakeAllThreads
Event: 14.638 Executing VM operation: HandshakeAllThreads done
Event: 14.665 Executing VM operation: HandshakeAllThreads
Event: 14.665 Executing VM operation: HandshakeAllThreads done
Event: 14.828 Executing VM operation: HandshakeAllThreads
Event: 14.828 Executing VM operation: HandshakeAllThreads done
Event: 15.005 Executing VM operation: HandshakeAllThreads
Event: 15.005 Executing VM operation: HandshakeAllThreads done

Events (20 events):
Event: 14.511 Thread 0x0000013c12912630 flushing nmethod 0x0000013c00658390
Event: 14.511 Thread 0x0000013c12912630 flushing nmethod 0x0000013c00659c10
Event: 14.511 Thread 0x0000013c12912630 flushing nmethod 0x0000013c0065b810
Event: 14.511 Thread 0x0000013c12912630 flushing nmethod 0x0000013c0065d690
Event: 14.511 Thread 0x0000013c12912630 flushing nmethod 0x0000013c00660d10
Event: 14.511 Thread 0x0000013c12912630 flushing nmethod 0x0000013c00668e10
Event: 14.511 Thread 0x0000013c12912630 flushing nmethod 0x0000013c00675890
Event: 14.511 Thread 0x0000013c12912630 flushing nmethod 0x0000013c0067ac90
Event: 14.511 Thread 0x0000013c12912630 flushing nmethod 0x0000013c0067b910
Event: 14.511 Thread 0x0000013c12912630 flushing nmethod 0x0000013c0067c490
Event: 14.511 Thread 0x0000013c12912630 flushing nmethod 0x0000013c0067eb90
Event: 14.511 Thread 0x0000013c12912630 flushing nmethod 0x0000013c00684c10
Event: 14.511 Thread 0x0000013c12912630 flushing nmethod 0x0000013c0069e090
Event: 14.511 Thread 0x0000013c12912630 flushing nmethod 0x0000013c006a4890
Event: 14.511 Thread 0x0000013c12912630 flushing nmethod 0x0000013c006a7f90
Event: 14.512 Thread 0x0000013c12912630 flushing nmethod 0x0000013c006a9510
Event: 14.512 Thread 0x0000013c12912630 flushing nmethod 0x0000013c006adc90
Event: 14.512 Thread 0x0000013c12912630 flushing nmethod 0x0000013c006b7b90
Event: 14.683 loading class java/util/function/ToIntFunction
Event: 14.683 loading class java/util/function/ToIntFunction done


Dynamic libraries:
0x00007ff6c4680000 - 0x00007ff6c468a000 	C:\Program Files\Android\Android Studio\jbr\bin\java.exe
0x00007ff8d4ed0000 - 0x00007ff8d50c8000 	C:\Windows\SYSTEM32\ntdll.dll
0x00007ff8a7e20000 - 0x00007ff8a7e39000 	C:\Program Files\Avast Software\Avast\aswhook.dll
0x00007ff8d4af0000 - 0x00007ff8d4bad000 	C:\Windows\System32\KERNEL32.DLL
0x00007ff8d28d0000 - 0x00007ff8d2bc6000 	C:\Windows\System32\KERNELBASE.dll
0x00007ff8cf950000 - 0x00007ff8cf9e0000 	C:\Windows\SYSTEM32\apphelp.dll
0x00007ff8d2760000 - 0x00007ff8d2860000 	C:\Windows\System32\ucrtbase.dll
0x00007ff8c14b0000 - 0x00007ff8c14cb000 	C:\Program Files\Android\Android Studio\jbr\bin\VCRUNTIME140.dll
0x00007ff8a1150000 - 0x00007ff8a1167000 	C:\Program Files\Android\Android Studio\jbr\bin\jli.dll
0x00007ff8d4590000 - 0x00007ff8d472f000 	C:\Windows\System32\USER32.dll
0x00007ff8b1c60000 - 0x00007ff8b1efa000 	C:\Windows\WinSxS\amd64_microsoft.windows.common-controls_6595b64144ccf1df_6.0.19041.3636_none_60b6a03d71f818d5\COMCTL32.dll
0x00007ff8d2730000 - 0x00007ff8d2752000 	C:\Windows\System32\win32u.dll
0x00007ff8d4be0000 - 0x00007ff8d4c7e000 	C:\Windows\System32\msvcrt.dll
0x00007ff8d4dd0000 - 0x00007ff8d4dfb000 	C:\Windows\System32\GDI32.dll
0x00007ff8d2de0000 - 0x00007ff8d2ef7000 	C:\Windows\System32\gdi32full.dll
0x00007ff8d2c80000 - 0x00007ff8d2d1d000 	C:\Windows\System32\msvcp_win.dll
0x00007ff8d4d30000 - 0x00007ff8d4d62000 	C:\Windows\System32\IMM32.DLL
0x00007ff8c9a20000 - 0x00007ff8c9a2c000 	C:\Program Files\Android\Android Studio\jbr\bin\vcruntime140_1.dll
0x00007ff88aa40000 - 0x00007ff88aacd000 	C:\Program Files\Android\Android Studio\jbr\bin\msvcp140.dll
0x00007ff884740000 - 0x00007ff8853c0000 	C:\Program Files\Android\Android Studio\jbr\bin\server\jvm.dll
0x00007ff8d38b0000 - 0x00007ff8d3960000 	C:\Windows\System32\ADVAPI32.dll
0x00007ff8d3640000 - 0x00007ff8d36e0000 	C:\Windows\System32\sechost.dll
0x00007ff8d3370000 - 0x00007ff8d3493000 	C:\Windows\System32\RPCRT4.dll
0x00007ff8d2d20000 - 0x00007ff8d2d47000 	C:\Windows\System32\bcrypt.dll
0x00007ff8bfc40000 - 0x00007ff8bfc49000 	C:\Windows\SYSTEM32\WSOCK32.dll
0x00007ff8c9190000 - 0x00007ff8c919a000 	C:\Windows\SYSTEM32\VERSION.dll
0x00007ff8c91a0000 - 0x00007ff8c91c7000 	C:\Windows\SYSTEM32\WINMM.dll
0x00007ff8d3c00000 - 0x00007ff8d3c6b000 	C:\Windows\System32\WS2_32.dll
0x00007ff8d0d40000 - 0x00007ff8d0d52000 	C:\Windows\SYSTEM32\kernel.appcore.dll
0x00007ff8cdf60000 - 0x00007ff8cdf6a000 	C:\Program Files\Android\Android Studio\jbr\bin\jimage.dll
0x00007ff8d0b30000 - 0x00007ff8d0d14000 	C:\Windows\SYSTEM32\DBGHELP.DLL
0x00007ff8c4e20000 - 0x00007ff8c4e54000 	C:\Windows\SYSTEM32\dbgcore.DLL
0x00007ff8d2d50000 - 0x00007ff8d2dd2000 	C:\Windows\System32\bcryptPrimitives.dll
0x00007ff8cc080000 - 0x00007ff8cc0a5000 	C:\Program Files\Android\Android Studio\jbr\bin\java.dll
0x00007ff8cc060000 - 0x00007ff8cc078000 	C:\Program Files\Android\Android Studio\jbr\bin\zip.dll
0x00007ff8d3c70000 - 0x00007ff8d43db000 	C:\Windows\System32\SHELL32.dll
0x00007ff8d0250000 - 0x00007ff8d09ee000 	C:\Windows\SYSTEM32\windows.storage.dll
0x00007ff8d4730000 - 0x00007ff8d4a83000 	C:\Windows\System32\combase.dll
0x00007ff8d1ee0000 - 0x00007ff8d1f0e000 	C:\Windows\SYSTEM32\Wldp.dll
0x00007ff8d43e0000 - 0x00007ff8d44ad000 	C:\Windows\System32\OLEAUT32.dll
0x00007ff8d36e0000 - 0x00007ff8d378d000 	C:\Windows\System32\SHCORE.dll
0x00007ff8d4d70000 - 0x00007ff8d4dc5000 	C:\Windows\System32\shlwapi.dll
0x00007ff8d24b0000 - 0x00007ff8d24d3000 	C:\Windows\SYSTEM32\profapi.dll
0x00007ff8a6380000 - 0x00007ff8a6399000 	C:\Program Files\Android\Android Studio\jbr\bin\net.dll
0x00007ff8c56e0000 - 0x00007ff8c57ea000 	C:\Windows\SYSTEM32\WINHTTP.dll
0x00007ff8d1bf0000 - 0x00007ff8d1c5a000 	C:\Windows\system32\mswsock.dll
0x00007ff8a6240000 - 0x00007ff8a6256000 	C:\Program Files\Android\Android Studio\jbr\bin\nio.dll
0x00007ff8c1960000 - 0x00007ff8c1970000 	C:\Program Files\Android\Android Studio\jbr\bin\verify.dll

dbghelp: loaded successfully - version: 4.0.5 - missing functions: none
symbol engine: initialized successfully - sym options: 0x614 - pdb path: .;C:\Program Files\Android\Android Studio\jbr\bin;C:\Windows\SYSTEM32;C:\Program Files\Avast Software\Avast;C:\Windows\WinSxS\amd64_microsoft.windows.common-controls_6595b64144ccf1df_6.0.19041.3636_none_60b6a03d71f818d5;C:\Program Files\Android\Android Studio\jbr\bin\server

VM Arguments:
java_command: org.jetbrains.kotlin.cli.jvm.K2JVMCompiler @C:\Users\Haytam\AndroidStudioProjects\project\app\build\20240529_18362511219854527632.compiler.options
java_class_path (initial): C:\Program Files\Android\Android Studio\caches\modules-2\files-2.1\org.jetbrains.kotlin\kotlin-compiler-embeddable\1.9.10\57ca1b0823ae3ecb451a97e1f8e6de0b19ea5294\kotlin-compiler-embeddable-1.9.10.jar;C:\Program Files\Android\Android Studio\caches\modules-2\files-2.1\org.jetbrains.kotlin\kotlin-stdlib\1.9.10\72812e8a368917ab5c0a5081b56915ffdfec93b7\kotlin-stdlib-1.9.10.jar;C:\Program Files\Android\Android Studio\caches\modules-2\files-2.1\org.jetbrains.kotlin\kotlin-script-runtime\1.9.10\398513a8534701579cccaf5953ea914416b4696c\kotlin-script-runtime-1.9.10.jar;C:\Program Files\Android\Android Studio\caches\modules-2\files-2.1\org.jetbrains.kotlin\kotlin-reflect\1.6.10\1cbe9c92c12a94eea200d23c2bbaedaf3daf5132\kotlin-reflect-1.6.10.jar;C:\Program Files\Android\Android Studio\caches\modules-2\files-2.1\org.jetbrains.kotlin\kotlin-daemon-embeddable\1.9.10\bda2f7daa6b89d2ded2d9e1e0b0cadaf9446ade1\kotlin-daemon-embeddable-1.9.10.jar;C:\Program Files\Android\Android Studio\caches\modules-2\files-2.1\org.jetbrains.intellij.deps\trove4j\1.0.20200330\3afb14d5f9ceb459d724e907a21145e8ff394f02\trove4j-1.0.20200330.jar;C:\Program Files\Android\Android Studio\caches\modules-2\files-2.1\org.jetbrains.kotlin\kotlin-stdlib-common\1.9.10\dafaf2c27f27c09220cee312df10917d9a5d97ce\kotlin-stdlib-common-1.9.10.jar;C:\Program Files\Android\Android Studio\caches\modules-2\files-2.1\org.jetbrains\annotations\13.0\919f0dfe192fb4e063e7dacadee7f8bb9a2672a9\annotations-13.0.jar
Launcher Type: SUN_STANDARD

[Global flags]
     intx CICompilerCount                          = 4                                         {product} {ergonomic}
     uint ConcGCThreads                            = 2                                         {product} {ergonomic}
     uint G1ConcRefinementThreads                  = 8                                         {product} {ergonomic}
   size_t G1HeapRegionSize                         = 1048576                                   {product} {ergonomic}
    uintx GCDrainStackTargetSize                   = 64                                        {product} {ergonomic}
   size_t InitialHeapSize                          = 100663296                                 {product} {ergonomic}
   size_t MarkStackSize                            = 4194304                                   {product} {ergonomic}
   size_t MaxHeapSize                              = 1579155456                                {product} {ergonomic}
   size_t MaxNewSize                               = 946864128                                 {product} {ergonomic}
   size_t MinHeapDeltaBytes                        = 1048576                                   {product} {ergonomic}
   size_t MinHeapSize                              = 8388608                                   {product} {ergonomic}
    uintx NonNMethodCodeHeapSize                   = 5839372                                {pd product} {ergonomic}
    uintx NonProfiledCodeHeapSize                  = 122909434                              {pd product} {ergonomic}
    uintx ProfiledCodeHeapSize                     = 122909434                              {pd product} {ergonomic}
    uintx ReservedCodeCacheSize                    = 251658240                              {pd product} {ergonomic}
     bool SegmentedCodeCache                       = true                                      {product} {ergonomic}
   size_t SoftMaxHeapSize                          = 1579155456                             {manageable} {ergonomic}
     bool UseCompressedClassPointers               = true                           {product lp64_product} {ergonomic}
     bool UseCompressedOops                        = true                           {product lp64_product} {ergonomic}
     bool UseG1GC                                  = true                                      {product} {ergonomic}
     bool UseLargePagesIndividualAllocation        = false                                  {pd product} {ergonomic}

Logging:
Log output configuration:
 #0: stdout all=warning uptime,level,tags
 #1: stderr all=off uptime,level,tags

Environment Variables:
JAVA_HOME=C:\Program Files (x86)\jdk-19
CLASSPATH=C:\Program Files (x86)\jdk-19\bin
PATH=C:\Python310\Scripts\;C:\Python310\;C:\Windows\system32;C:\Windows;C:\Windows\System32\Wbem;C:\Windows\System32\WindowsPowerShell\v1.0\;C:\Windows\System32\OpenSSH\;C:\ProgramData\chocolatey\bin;C:\Program Files\Microsoft SQL Server\150\Tools\Binn\;C:\Program Files\Microsoft SQL Server\Client SDK\ODBC\170\Tools\Binn\;C:\Program Files\dotnet\;C:\Program Files (x86)\jdk-19\bin;C:\Program Files\Git\cmd;C:\Program Files\nodejs\;C:\AndroidEmulatorTools\platform-tools-latest-windows\platform-tools;C:\Program Files\Git\usr\bin;C:\Users\Haytam\scoop\shims;C:\Program Files\MySQL\MySQL Shell 8.0\bin\;C:\Users\Haytam\AppData\Local\Microsoft\WindowsApps;C:\Users\Haytam\AppData\Local\Programs\Microsoft VS Code\bin;C:\Users\Haytam\.dotnet\tools;C:\Program Files (x86)\jdk-19;C:\Users\Haytam\Downloads\php-8.1.12-Win32-vs16-x64;C:\Users\Haytam\AppData\Local\ComposerSetup\bin;C:\Users\Haytam\AppData\Roaming\Composer\vendor\bin;C:\Users\Haytam\AppData\Roaming\npm;C:\Program Files\heroku\bin
USERNAME=Haytam
OS=Windows_NT
PROCESSOR_IDENTIFIER=AMD64 Family 23 Model 24 Stepping 1, AuthenticAMD
TMP=C:\Users\Haytam\AppData\Local\Temp
TEMP=C:\Users\Haytam\AppData\Local\Temp


JNI global refs:
JNI global refs: 11, weak refs: 23

JNI global refs memory usage: 843, weak refs: 841

OOME stack traces (most recent first):
Classloader memory used:
Loader jdk.internal.loader.ClassLoaders$AppClassLoader                                 : 5712K
Loader bootstrap                                                                       : 1325K
Loader java.net.URLClassLoader                                                         : 33442B
Loader jdk.internal.reflect.DelegatingClassLoader                                      : 17726B
Loader jdk.internal.loader.ClassLoaders$PlatformClassLoader                            : 2276B


---------------  S Y S T E M  ---------------

OS:
 Windows 10 , 64 bit Build 19041 (10.0.19041.3636)
OS uptime: 17 days 13:44 hours
Hyper-V role detected

CPU: total 8 (initial active 8) (8 cores per cpu, 2 threads per core) family 23 model 24 stepping 1 microcode 0x0, cx8, cmov, fxsr, ht, mmx, 3dnowpref, sse, sse2, sse3, ssse3, sse4a, sse4.1, sse4.2, popcnt, lzcnt, tsc, tscinvbit, avx, avx2, aes, clmul, bmi1, bmi2, adx, sha, fma, vzeroupper, clflush, clflushopt, hv

Memory: 4k page, system-wide physical 6020M (326M free)
TotalPageFile size 24452M (AvailPageFile size 6M)
current process WorkingSet (physical memory assigned to process): 235M, peak: 238M
current process commit charge ("private bytes"): 272M, peak: 275M

vm_info: OpenJDK 64-Bit Server VM (17.0.7+0-b2043.56-10550314) for windows-amd64 JRE (17.0.7+0-b2043.56-10550314), built on Jul 24 2023 18:27:45 by "androidbuild" with MS VC++ 16.10 / 16.11 (VS2019)

END.
