#
# There is insufficient memory for the Java Runtime Environment to continue.
# Native memory allocation (malloc) failed to allocate 1180976 bytes for Chunk::new
# Possible reasons:
#   The system is out of physical RAM or swap space
#   The process is running with CompressedOops enabled, and the Java Heap may be blocking the growth of the native heap
# Possible solutions:
#   Reduce memory load on the system
#   Increase physical memory or swap space
#   Check if swap backing store is full
#   Decrease Java heap size (-Xmx/-Xms)
#   Decrease number of Java threads
#   Decrease Java thread stack sizes (-Xss)
#   Set larger code cache with -XX:ReservedCodeCacheSize=
#   JVM is running with Unscaled Compressed Oops mode in which the Java heap is
#     placed in the first 4GB address space. The Java Heap base address is the
#     maximum limit for the native heap growth. Please use -XX:HeapBaseMinAddress
#     to set the Java Heap base and to place the Java Heap above 4GB virtual address.
# This output file may be truncated or incomplete.
#
#  Out of Memory Error (arena.cpp:189), pid=129740, tid=98208
#
# JRE version: OpenJDK Runtime Environment (17.0.7) (build 17.0.7+0-b2043.56-10550314)
# Java VM: OpenJDK 64-Bit Server VM (17.0.7+0-b2043.56-10550314, mixed mode, tiered, compressed oops, compressed class ptrs, g1 gc, windows-amd64)
# No core dump will be written. Minidumps are not enabled by default on client versions of Windows
#

---------------  S U M M A R Y ------------

Command Line: org.jetbrains.kotlin.cli.jvm.K2JVMCompiler @C:\Users\Haytam\AndroidStudioProjects\project\app\build\20240603_7461296265767665318.compiler.options

Host: AMD Ryzen 5 3500U with Radeon Vega Mobile Gfx  , 8 cores, 5G,  Windows 10 , 64 bit Build 19041 (10.0.19041.3636)
Time: Mon Jun  3 12:07:53 2024 Paris, Madrid (heure duild 19041 (10.0.19041.3636) elapsed time: 77.343018 seconds (0d 0h 1m 17s)

---------------  T H R E A D  ---------------

Current thread (0x00000177672c9d00):  JavaThread "C2 CompilerThread0" daemon [_thread_in_native, id=98208, stack(0x0000006d79a00000,0x0000006d79b00000)]


Current CompileTask:
C2:  77344 20872       4       org.jetbrains.kotlin.types.AbstractTypeApproximator::approximateParametrizedType (1378 bytes)

Stack: [0x0000006d79a00000,0x0000006d79b00000]
Native frames: (J=compiled Java code, j=interpreted, Vv=VM code, C=native code)
V  [jvm.dll+0x683bfa]
V  [jvm.dll+0x8430a4]
V  [jvm.dll+0x8449be]
V  [jvm.dll+0x845023]
V  [jvm.dll+0x24ad2f]
V  [jvm.dll+0xac25c]
V  [jvm.dll+0xac82c]
V  [jvm.dll+0x36a132]
V  [jvm.dll+0x334821]
V  [jvm.dll+0x333cca]
V  [jvm.dll+0x21d251]
V  [jvm.dll+0x21c671]
V  [jvm.dll+0x1a605d]
V  [jvm.dll+0x22c148]
V  [jvm.dll+0x22a209]
V  [jvm.dll+0x7f858c]
V  [jvm.dll+0x7f2aea]
V  [jvm.dll+0x682a35]
C  [ucrtbase.dll+0x21bb2]
C  [KERNEL32.DLL+0x17344]
C  [ntdll.dll+0x526b1]


---------------  P R O C E S S  ---------------

Threads class SMR info:
_java_thread_list=0x0000017771389530, length=13, elements={
0x000001774e593990, 0x00000177670053c0, 0x0000017767006230, 0x0000017767033520,
0x00000177672c25b0, 0x00000177672c3160, 0x00000177672c5b20, 0x00000177672c9d00,
0x00000177672e5030, 0x00000177672e9d70, 0x0000017767447fa0, 0x000001776744e8a0,
0x00000177710e6460
}

Java Threads: ( => current thread )
  0x000001774e593990 JavaThread "main" [_thread_in_Java, id=127212, stack(0x0000006d78d00000,0x0000006d78e00000)]
  0x00000177670053c0 JavaThread "Reference Handler" daemon [_thread_blocked, id=119592, stack(0x0000006d79400000,0x0000006d79500000)]
  0x0000017767006230 JavaThread "Finalizer" daemon [_thread_blocked, id=129384, stack(0x0000006d79500000,0x0000006d79600000)]
  0x0000017767033520 JavaThread "Signal Dispatcher" daemon [_thread_blocked, id=122404, stack(0x0000006d79600000,0x0000006d79700000)]
  0x00000177672c25b0 JavaThread "Attach Listener" daemon [_thread_blocked, id=109316, stack(0x0000006d79700000,0x0000006d79800000)]
  0x00000177672c3160 JavaThread "Service Thread" daemon [_thread_blocked, id=122432, stack(0x0000006d79800000,0x0000006d79900000)]
  0x00000177672c5b20 JavaThread "Monitor Deflation Thread" daemon [_thread_blocked, id=120228, stack(0x0000006d79900000,0x0000006d79a00000)]
=>0x00000177672c9d00 JavaThread "C2 CompilerThread0" daemon [_thread_in_native, id=98208, stack(0x0000006d79a00000,0x0000006d79b00000)]
  0x00000177672e5030 JavaThread "C1 CompilerThread0" daemon [_thread_blocked, id=122544, stack(0x0000006d79b00000,0x0000006d79c00000)]
  0x00000177672e9d70 JavaThread "Sweeper thread" daemon [_thread_blocked, id=128256, stack(0x0000006d79c00000,0x0000006d79d00000)]
  0x0000017767447fa0 JavaThread "Notification Thread" daemon [_thread_blocked, id=110076, stack(0x0000006d79d00000,0x0000006d79e00000)]
  0x000001776744e8a0 JavaThread "Common-Cleaner" daemon [_thread_blocked, id=93724, stack(0x0000006d79f00000,0x0000006d7a000000)]
  0x00000177710e6460 JavaThread "C2 CompilerThread1" daemon [_thread_in_native, id=125536, stack(0x0000006d78a00000,0x0000006d78b00000)]

Other Threads:
  0x0000017766ffd690 VMThread "VM Thread" [stack: 0x0000006d79300000,0x0000006d79400000] [id=121588]
  0x000001774e5f46d0 WatcherThread [stack: 0x0000006d79e00000,0x0000006d79f00000] [id=108472]
  0x000001774e5dfa90 GCTaskThread "GC Thread#0" [stack: 0x0000006d78e00000,0x0000006d78f00000] [id=127656]
  0x00000177678816c0 GCTaskThread "GC Thread#1" [stack: 0x0000006d7a000000,0x0000006d7a100000] [id=120004]
  0x0000017767880eb0 GCTaskThread "GC Thread#2" [stack: 0x0000006d7a100000,0x0000006d7a200000] [id=129388]
  0x0000017767881970 GCTaskThread "GC Thread#3" [stack: 0x0000006d7a200000,0x0000006d7a300000] [id=128116]
  0x0000017767882430 GCTaskThread "GC Thread#4" [stack: 0x0000006d7a300000,0x0000006d7a400000] [id=103112]
  0x0000017767881ed0 GCTaskThread "GC Thread#5" [stack: 0x0000006d7a400000,0x0000006d7a500000] [id=86268]
  0x0000017767882180 GCTaskThread "GC Thread#6" [stack: 0x0000006d7a500000,0x0000006d7a600000] [id=113696]
  0x000001776c23b180 GCTaskThread "GC Thread#7" [stack: 0x0000006d7a600000,0x0000006d7a700000] [id=100784]
  0x000001774e5ecdb0 ConcurrentGCThread "G1 Main Marker" [stack: 0x0000006d78f00000,0x0000006d79000000] [id=121148]
  0x000001774e5ed7c0 ConcurrentGCThread "G1 Conc#0" [stack: 0x0000006d79000000,0x0000006d79100000] [id=97760]
  0x000001776c23a160 ConcurrentGCThread "G1 Conc#1" [stack: 0x0000006d7a700000,0x0000006d7a800000] [id=107116]
  0x000001774e642bb0 ConcurrentGCThread "G1 Refine#0" [stack: 0x0000006d79100000,0x0000006d79200000] [id=74128]
  0x000001776d6b8f10 ConcurrentGCThread "G1 Refine#1" [stack: 0x0000006d7a800000,0x0000006d7a900000] [id=115136]
  0x000001776c906c50 ConcurrentGCThread "G1 Refine#2" [stack: 0x0000006d7a900000,0x0000006d7aa00000] [id=121456]
  0x000001776ee11310 ConcurrentGCThread "G1 Refine#3" [stack: 0x0000006d7ac00000,0x0000006d7ad00000] [id=102780]
  0x000001776ee0f930 ConcurrentGCThread "G1 Refine#4" [stack: 0x0000006d7ad00000,0x0000006d7ae00000] [id=82296]
  0x000001776ee0df50 ConcurrentGCThread "G1 Refine#5" [stack: 0x0000006d7ae00000,0x0000006d7af00000] [id=126224]
  0x000001774e6435d0 ConcurrentGCThread "G1 Service" [stack: 0x0000006d79200000,0x0000006d79300000] [id=51476]

Threads with active compile tasks:
C2 CompilerThread0    77523 20872       4       org.jetbrains.kotlin.types.AbstractTypeApproximator::approximateParametrizedType (1378 bytes)
C2 CompilerThread1    77523 20895       4       org.jetbrains.kotlin.types.checker.SimpleClassicTypeSystemContext::getArgument (7 bytes)

VM state: not at safepoint (normal execution)

VM Mutex/Monitor currently owned by a thread: None

Heap address: 0x00000000a1e00000, size: 1506 MB, Compressed Oops mode: 32-bit

CDS archive(s) not mapped
Compressed class space mapped at: 0x0000000100000000-0x0000000140000000, reserved size: 1073741824
Narrow klass base: 0x0000000000000000, Narrow klass shift: 3, Narrow klass range: 0x140000000

GC Precious Log:
 CPUs: 8 total, 8 available
 Memory: 6020M
 Large Page Support: Disabled
 NUMA Support: Disabled
 Compressed Oops: Enabled (32-bit)
 Heap Region Size: 1M
 Heap Min Capacity: 8M
 Heap Initial Capacity: 96M
 Heap Max Capacity: 1506M
 Pre-touch: Disabled
 Parallel Workers: 8
 Concurrent Workers: 2
 Concurrent Refinement Workers: 8
 Periodic GC: Disabled

Heap:
 garbage-first heap   total 301056K, used 244751K [0x00000000a1e00000, 0x0000000100000000)
  region size 1024K, 62 young (63488K), 4 survivors (4096K)
 Metaspace       used 81708K, committed 82176K, reserved 1179648K
  class space    used 8934K, committed 9152K, reserved 1048576K

Heap Regions: E=young(eden), S=young(survivor), O=old, HS=humongous(starts), HC=humongous(continues), CS=collection set, F=free, OA=open archive, CA=closed archive, TAMS=top-at-mark-start (previous, next)
|   0|0x00000000a1e00000, 0x00000000a1f00000, 0x00000000a1f00000|100%|HS|  |TAMS 0x00000000a1f00000, 0x00000000a1e00000| Complete 
|   1|0x00000000a1f00000, 0x00000000a2000000, 0x00000000a2000000|100%|HC|  |TAMS 0x00000000a2000000, 0x00000000a1f00000| Complete 
|   2|0x00000000a2000000, 0x00000000a2100000, 0x00000000a2100000|100%|HC|  |TAMS 0x00000000a2100000, 0x00000000a2000000| Complete 
|   3|0x00000000a2100000, 0x00000000a2200000, 0x00000000a2200000|100%|HC|  |TAMS 0x00000000a2200000, 0x00000000a2100000| Complete 
|   4|0x00000000a2200000, 0x00000000a2300000, 0x00000000a2300000|100%| O|  |TAMS 0x00000000a2300000, 0x00000000a2200000| Untracked 
|   5|0x00000000a2300000, 0x00000000a2400000, 0x00000000a2400000|100%| O|  |TAMS 0x00000000a2400000, 0x00000000a2300000| Untracked 
|   6|0x00000000a2400000, 0x00000000a2500000, 0x00000000a2500000|100%| O|  |TAMS 0x00000000a2500000, 0x00000000a2400000| Untracked 
|   7|0x00000000a2500000, 0x00000000a2600000, 0x00000000a2600000|100%| O|  |TAMS 0x00000000a2600000, 0x00000000a2500000| Untracked 
|   8|0x00000000a2600000, 0x00000000a2700000, 0x00000000a2700000|100%| O|  |TAMS 0x00000000a2700000, 0x00000000a2600000| Untracked 
|   9|0x00000000a2700000, 0x00000000a2800000, 0x00000000a2800000|100%| O|  |TAMS 0x00000000a2800000, 0x00000000a2700000| Untracked 
|  10|0x00000000a2800000, 0x00000000a2900000, 0x00000000a2900000|100%| O|  |TAMS 0x00000000a2900000, 0x00000000a2800000| Untracked 
|  11|0x00000000a2900000, 0x00000000a2a00000, 0x00000000a2a00000|100%| O|  |TAMS 0x00000000a2a00000, 0x00000000a2900000| Untracked 
|  12|0x00000000a2a00000, 0x00000000a2b00000, 0x00000000a2b00000|100%| O|  |TAMS 0x00000000a2b00000, 0x00000000a2a00000| Untracked 
|  13|0x00000000a2b00000, 0x00000000a2c00000, 0x00000000a2c00000|100%| O|  |TAMS 0x00000000a2c00000, 0x00000000a2b00000| Untracked 
|  14|0x00000000a2c00000, 0x00000000a2d00000, 0x00000000a2d00000|100%| O|  |TAMS 0x00000000a2d00000, 0x00000000a2c00000| Untracked 
|  15|0x00000000a2d00000, 0x00000000a2e00000, 0x00000000a2e00000|100%| O|  |TAMS 0x00000000a2e00000, 0x00000000a2d00000| Untracked 
|  16|0x00000000a2e00000, 0x00000000a2f00000, 0x00000000a2f00000|100%| O|  |TAMS 0x00000000a2f00000, 0x00000000a2e00000| Untracked 
|  17|0x00000000a2f00000, 0x00000000a3000000, 0x00000000a3000000|100%| O|  |TAMS 0x00000000a3000000, 0x00000000a2f00000| Untracked 
|  18|0x00000000a3000000, 0x00000000a3100000, 0x00000000a3100000|100%| O|  |TAMS 0x00000000a3100000, 0x00000000a3000000| Untracked 
|  19|0x00000000a3100000, 0x00000000a3200000, 0x00000000a3200000|100%| O|  |TAMS 0x00000000a3200000, 0x00000000a3100000| Untracked 
|  20|0x00000000a3200000, 0x00000000a3300000, 0x00000000a3300000|100%| O|  |TAMS 0x00000000a3300000, 0x00000000a3200000| Untracked 
|  21|0x00000000a3300000, 0x00000000a3400000, 0x00000000a3400000|100%| O|  |TAMS 0x00000000a3400000, 0x00000000a3300000| Untracked 
|  22|0x00000000a3400000, 0x00000000a3500000, 0x00000000a3500000|100%| O|  |TAMS 0x00000000a3500000, 0x00000000a3400000| Untracked 
|  23|0x00000000a3500000, 0x00000000a3600000, 0x00000000a3600000|100%| O|  |TAMS 0x00000000a3600000, 0x00000000a3500000| Untracked 
|  24|0x00000000a3600000, 0x00000000a3700000, 0x00000000a3700000|100%| O|  |TAMS 0x00000000a3700000, 0x00000000a3600000| Untracked 
|  25|0x00000000a3700000, 0x00000000a3800000, 0x00000000a3800000|100%| O|  |TAMS 0x00000000a3800000, 0x00000000a3700000| Untracked 
|  26|0x00000000a3800000, 0x00000000a3900000, 0x00000000a3900000|100%| O|  |TAMS 0x00000000a3900000, 0x00000000a3800000| Untracked 
|  27|0x00000000a3900000, 0x00000000a3a00000, 0x00000000a3a00000|100%| O|  |TAMS 0x00000000a3a00000, 0x00000000a3900000| Untracked 
|  28|0x00000000a3a00000, 0x00000000a3b00000, 0x00000000a3b00000|100%| O|  |TAMS 0x00000000a3b00000, 0x00000000a3a00000| Untracked 
|  29|0x00000000a3b00000, 0x00000000a3c00000, 0x00000000a3c00000|100%| O|  |TAMS 0x00000000a3c00000, 0x00000000a3b00000| Untracked 
|  30|0x00000000a3c00000, 0x00000000a3d00000, 0x00000000a3d00000|100%| O|  |TAMS 0x00000000a3d00000, 0x00000000a3c00000| Untracked 
|  31|0x00000000a3d00000, 0x00000000a3e00000, 0x00000000a3e00000|100%| O|  |TAMS 0x00000000a3e00000, 0x00000000a3d00000| Untracked 
|  32|0x00000000a3e00000, 0x00000000a3f00000, 0x00000000a3f00000|100%| O|  |TAMS 0x00000000a3f00000, 0x00000000a3e00000| Untracked 
|  33|0x00000000a3f00000, 0x00000000a4000000, 0x00000000a4000000|100%| O|  |TAMS 0x00000000a4000000, 0x00000000a3f00000| Untracked 
|  34|0x00000000a4000000, 0x00000000a4100000, 0x00000000a4100000|100%|HS|  |TAMS 0x00000000a4100000, 0x00000000a4000000| Complete 
|  35|0x00000000a4100000, 0x00000000a4200000, 0x00000000a4200000|100%|HC|  |TAMS 0x00000000a4200000, 0x00000000a4100000| Complete 
|  36|0x00000000a4200000, 0x00000000a4300000, 0x00000000a4300000|100%| O|  |TAMS 0x00000000a4300000, 0x00000000a4200000| Untracked 
|  37|0x00000000a4300000, 0x00000000a4400000, 0x00000000a4400000|100%| O|  |TAMS 0x00000000a4400000, 0x00000000a4300000| Untracked 
|  38|0x00000000a4400000, 0x00000000a4500000, 0x00000000a4500000|100%| O|  |TAMS 0x00000000a4500000, 0x00000000a4400000| Untracked 
|  39|0x00000000a4500000, 0x00000000a4600000, 0x00000000a4600000|100%| O|  |TAMS 0x00000000a4600000, 0x00000000a4500000| Untracked 
|  40|0x00000000a4600000, 0x00000000a4700000, 0x00000000a4700000|100%| O|  |TAMS 0x00000000a4700000, 0x00000000a4600000| Untracked 
|  41|0x00000000a4700000, 0x00000000a4800000, 0x00000000a4800000|100%| O|  |TAMS 0x00000000a4800000, 0x00000000a4700000| Untracked 
|  42|0x00000000a4800000, 0x00000000a4900000, 0x00000000a4900000|100%| O|  |TAMS 0x00000000a4900000, 0x00000000a4800000| Untracked 
|  43|0x00000000a4900000, 0x00000000a4a00000, 0x00000000a4a00000|100%| O|  |TAMS 0x00000000a4900000, 0x00000000a4900000| Untracked 
|  44|0x00000000a4a00000, 0x00000000a4b00000, 0x00000000a4b00000|100%| O|  |TAMS 0x00000000a4a00000, 0x00000000a4a00000| Untracked 
|  45|0x00000000a4b00000, 0x00000000a4c00000, 0x00000000a4c00000|100%| O|  |TAMS 0x00000000a4c00000, 0x00000000a4b00000| Untracked 
|  46|0x00000000a4c00000, 0x00000000a4d00000, 0x00000000a4d00000|100%| O|  |TAMS 0x00000000a4d00000, 0x00000000a4c00000| Untracked 
|  47|0x00000000a4d00000, 0x00000000a4e00000, 0x00000000a4e00000|100%| O|  |TAMS 0x00000000a4e00000, 0x00000000a4d00000| Untracked 
|  48|0x00000000a4e00000, 0x00000000a4f00000, 0x00000000a4f00000|100%| O|  |TAMS 0x00000000a4f00000, 0x00000000a4e00000| Untracked 
|  49|0x00000000a4f00000, 0x00000000a5000000, 0x00000000a5000000|100%| O|  |TAMS 0x00000000a5000000, 0x00000000a4f00000| Untracked 
|  50|0x00000000a5000000, 0x00000000a5100000, 0x00000000a5100000|100%| O|  |TAMS 0x00000000a5100000, 0x00000000a5000000| Untracked 
|  51|0x00000000a5100000, 0x00000000a5200000, 0x00000000a5200000|100%| O|  |TAMS 0x00000000a5200000, 0x00000000a5100000| Untracked 
|  52|0x00000000a5200000, 0x00000000a5300000, 0x00000000a5300000|100%| O|  |TAMS 0x00000000a5300000, 0x00000000a5200000| Untracked 
|  53|0x00000000a5300000, 0x00000000a5400000, 0x00000000a5400000|100%| O|  |TAMS 0x00000000a5400000, 0x00000000a5300000| Untracked 
|  54|0x00000000a5400000, 0x00000000a5500000, 0x00000000a5500000|100%| O|  |TAMS 0x00000000a5500000, 0x00000000a5400000| Untracked 
|  55|0x00000000a5500000, 0x00000000a5600000, 0x00000000a5600000|100%| O|  |TAMS 0x00000000a5600000, 0x00000000a5500000| Untracked 
|  56|0x00000000a5600000, 0x00000000a5700000, 0x00000000a5700000|100%| O|  |TAMS 0x00000000a5700000, 0x00000000a5600000| Untracked 
|  57|0x00000000a5700000, 0x00000000a5800000, 0x00000000a5800000|100%| O|  |TAMS 0x00000000a5800000, 0x00000000a5700000| Untracked 
|  58|0x00000000a5800000, 0x00000000a5900000, 0x00000000a5900000|100%| O|  |TAMS 0x00000000a5900000, 0x00000000a5800000| Untracked 
|  59|0x00000000a5900000, 0x00000000a5a00000, 0x00000000a5a00000|100%| O|  |TAMS 0x00000000a5a00000, 0x00000000a5900000| Untracked 
|  60|0x00000000a5a00000, 0x00000000a5b00000, 0x00000000a5b00000|100%| O|  |TAMS 0x00000000a5b00000, 0x00000000a5a00000| Untracked 
|  61|0x00000000a5b00000, 0x00000000a5c00000, 0x00000000a5c00000|100%| O|  |TAMS 0x00000000a5c00000, 0x00000000a5b00000| Untracked 
|  62|0x00000000a5c00000, 0x00000000a5d00000, 0x00000000a5d00000|100%| O|  |TAMS 0x00000000a5d00000, 0x00000000a5c00000| Untracked 
|  63|0x00000000a5d00000, 0x00000000a5e00000, 0x00000000a5e00000|100%| O|  |TAMS 0x00000000a5e00000, 0x00000000a5d00000| Untracked 
|  64|0x00000000a5e00000, 0x00000000a5f00000, 0x00000000a5f00000|100%| O|  |TAMS 0x00000000a5f00000, 0x00000000a5e00000| Untracked 
|  65|0x00000000a5f00000, 0x00000000a6000000, 0x00000000a6000000|100%| O|  |TAMS 0x00000000a6000000, 0x00000000a5f00000| Untracked 
|  66|0x00000000a6000000, 0x00000000a6100000, 0x00000000a6100000|100%| O|  |TAMS 0x00000000a6000000, 0x00000000a6000000| Untracked 
|  67|0x00000000a6100000, 0x00000000a6200000, 0x00000000a6200000|100%| O|  |TAMS 0x00000000a6200000, 0x00000000a6100000| Untracked 
|  68|0x00000000a6200000, 0x00000000a6300000, 0x00000000a6300000|100%| O|  |TAMS 0x00000000a6300000, 0x00000000a6200000| Untracked 
|  69|0x00000000a6300000, 0x00000000a6400000, 0x00000000a6400000|100%| O|  |TAMS 0x00000000a6400000, 0x00000000a6300000| Untracked 
|  70|0x00000000a6400000, 0x00000000a6500000, 0x00000000a6500000|100%| O|  |TAMS 0x00000000a6500000, 0x00000000a6400000| Untracked 
|  71|0x00000000a6500000, 0x00000000a6600000, 0x00000000a6600000|100%| O|  |TAMS 0x00000000a6600000, 0x00000000a6500000| Untracked 
|  72|0x00000000a6600000, 0x00000000a6700000, 0x00000000a6700000|100%| O|  |TAMS 0x00000000a6700000, 0x00000000a6600000| Untracked 
|  73|0x00000000a6700000, 0x00000000a6800000, 0x00000000a6800000|100%| O|  |TAMS 0x00000000a6800000, 0x00000000a6700000| Untracked 
|  74|0x00000000a6800000, 0x00000000a6900000, 0x00000000a6900000|100%| O|  |TAMS 0x00000000a6900000, 0x00000000a6800000| Untracked 
|  75|0x00000000a6900000, 0x00000000a6a00000, 0x00000000a6a00000|100%| O|  |TAMS 0x00000000a6a00000, 0x00000000a6900000| Untracked 
|  76|0x00000000a6a00000, 0x00000000a6b00000, 0x00000000a6b00000|100%| O|  |TAMS 0x00000000a6b00000, 0x00000000a6a00000| Untracked 
|  77|0x00000000a6b00000, 0x00000000a6c00000, 0x00000000a6c00000|100%| O|  |TAMS 0x00000000a6c00000, 0x00000000a6b00000| Untracked 
|  78|0x00000000a6c00000, 0x00000000a6d00000, 0x00000000a6d00000|100%| O|  |TAMS 0x00000000a6d00000, 0x00000000a6c00000| Untracked 
|  79|0x00000000a6d00000, 0x00000000a6e00000, 0x00000000a6e00000|100%| O|  |TAMS 0x00000000a6e00000, 0x00000000a6d00000| Untracked 
|  80|0x00000000a6e00000, 0x00000000a6f00000, 0x00000000a6f00000|100%| O|  |TAMS 0x00000000a6f00000, 0x00000000a6e00000| Untracked 
|  81|0x00000000a6f00000, 0x00000000a7000000, 0x00000000a7000000|100%| O|  |TAMS 0x00000000a7000000, 0x00000000a6f00000| Untracked 
|  82|0x00000000a7000000, 0x00000000a7100000, 0x00000000a7100000|100%| O|  |TAMS 0x00000000a7000000, 0x00000000a7000000| Untracked 
|  83|0x00000000a7100000, 0x00000000a7200000, 0x00000000a7200000|100%| O|  |TAMS 0x00000000a7200000, 0x00000000a7100000| Untracked 
|  84|0x00000000a7200000, 0x00000000a7300000, 0x00000000a7300000|100%| O|  |TAMS 0x00000000a7300000, 0x00000000a7200000| Untracked 
|  85|0x00000000a7300000, 0x00000000a7400000, 0x00000000a7400000|100%| O|  |TAMS 0x00000000a7400000, 0x00000000a7300000| Untracked 
|  86|0x00000000a7400000, 0x00000000a7500000, 0x00000000a7500000|100%| O|  |TAMS 0x00000000a7500000, 0x00000000a7400000| Untracked 
|  87|0x00000000a7500000, 0x00000000a7600000, 0x00000000a7600000|100%| O|  |TAMS 0x00000000a7500000, 0x00000000a7500000| Untracked 
|  88|0x00000000a7600000, 0x00000000a7700000, 0x00000000a7700000|100%| O|  |TAMS 0x00000000a7700000, 0x00000000a7600000| Untracked 
|  89|0x00000000a7700000, 0x00000000a7800000, 0x00000000a7800000|100%| O|  |TAMS 0x00000000a7800000, 0x00000000a7700000| Untracked 
|  90|0x00000000a7800000, 0x00000000a7900000, 0x00000000a7900000|100%| O|  |TAMS 0x00000000a7900000, 0x00000000a7800000| Untracked 
|  91|0x00000000a7900000, 0x00000000a7a00000, 0x00000000a7a00000|100%| O|  |TAMS 0x00000000a7a00000, 0x00000000a7900000| Untracked 
|  92|0x00000000a7a00000, 0x00000000a7b00000, 0x00000000a7b00000|100%| O|  |TAMS 0x00000000a7b00000, 0x00000000a7a00000| Untracked 
|  93|0x00000000a7b00000, 0x00000000a7c00000, 0x00000000a7c00000|100%| O|  |TAMS 0x00000000a7c00000, 0x00000000a7b00000| Untracked 
|  94|0x00000000a7c00000, 0x00000000a7d00000, 0x00000000a7d00000|100%| O|  |TAMS 0x00000000a7d00000, 0x00000000a7c00000| Untracked 
|  95|0x00000000a7d00000, 0x00000000a7e00000, 0x00000000a7e00000|100%| O|  |TAMS 0x00000000a7e00000, 0x00000000a7d00000| Untracked 
|  96|0x00000000a7e00000, 0x00000000a7f00000, 0x00000000a7f00000|100%| O|  |TAMS 0x00000000a7f00000, 0x00000000a7e00000| Untracked 
|  97|0x00000000a7f00000, 0x00000000a8000000, 0x00000000a8000000|100%| O|  |TAMS 0x00000000a8000000, 0x00000000a7f00000| Untracked 
|  98|0x00000000a8000000, 0x00000000a8100000, 0x00000000a8100000|100%| O|  |TAMS 0x00000000a8100000, 0x00000000a8000000| Untracked 
|  99|0x00000000a8100000, 0x00000000a8200000, 0x00000000a8200000|100%| O|  |TAMS 0x00000000a8200000, 0x00000000a8100000| Untracked 
| 100|0x00000000a8200000, 0x00000000a8300000, 0x00000000a8300000|100%| O|  |TAMS 0x00000000a8300000, 0x00000000a8200000| Untracked 
| 101|0x00000000a8300000, 0x00000000a8400000, 0x00000000a8400000|100%| O|  |TAMS 0x00000000a8400000, 0x00000000a8300000| Untracked 
| 102|0x00000000a8400000, 0x00000000a8500000, 0x00000000a8500000|100%| O|  |TAMS 0x00000000a8500000, 0x00000000a8400000| Untracked 
| 103|0x00000000a8500000, 0x00000000a8600000, 0x00000000a8600000|100%| O|  |TAMS 0x00000000a8600000, 0x00000000a8500000| Untracked 
| 104|0x00000000a8600000, 0x00000000a8700000, 0x00000000a8700000|100%| O|  |TAMS 0x00000000a8600000, 0x00000000a8600000| Untracked 
| 105|0x00000000a8700000, 0x00000000a8800000, 0x00000000a8800000|100%| O|  |TAMS 0x00000000a8800000, 0x00000000a8700000| Untracked 
| 106|0x00000000a8800000, 0x00000000a8900000, 0x00000000a8900000|100%| O|  |TAMS 0x00000000a8900000, 0x00000000a8800000| Untracked 
| 107|0x00000000a8900000, 0x00000000a8a00000, 0x00000000a8a00000|100%| O|  |TAMS 0x00000000a8a00000, 0x00000000a8900000| Untracked 
| 108|0x00000000a8a00000, 0x00000000a8b00000, 0x00000000a8b00000|100%| O|  |TAMS 0x00000000a8b00000, 0x00000000a8a00000| Untracked 
| 109|0x00000000a8b00000, 0x00000000a8c00000, 0x00000000a8c00000|100%| O|  |TAMS 0x00000000a8c00000, 0x00000000a8b00000| Untracked 
| 110|0x00000000a8c00000, 0x00000000a8d00000, 0x00000000a8d00000|100%| O|  |TAMS 0x00000000a8c00000, 0x00000000a8c00000| Untracked 
| 111|0x00000000a8d00000, 0x00000000a8e00000, 0x00000000a8e00000|100%| O|  |TAMS 0x00000000a8e00000, 0x00000000a8d00000| Untracked 
| 112|0x00000000a8e00000, 0x00000000a8f00000, 0x00000000a8f00000|100%| O|  |TAMS 0x00000000a8f00000, 0x00000000a8e00000| Untracked 
| 113|0x00000000a8f00000, 0x00000000a9000000, 0x00000000a9000000|100%| O|  |TAMS 0x00000000a9000000, 0x00000000a8f00000| Untracked 
| 114|0x00000000a9000000, 0x00000000a9100000, 0x00000000a9100000|100%| O|  |TAMS 0x00000000a9100000, 0x00000000a9000000| Untracked 
| 115|0x00000000a9100000, 0x00000000a9200000, 0x00000000a9200000|100%| O|  |TAMS 0x00000000a9200000, 0x00000000a9100000| Untracked 
| 116|0x00000000a9200000, 0x00000000a9300000, 0x00000000a9300000|100%| O|  |TAMS 0x00000000a9300000, 0x00000000a9200000| Untracked 
| 117|0x00000000a9300000, 0x00000000a9400000, 0x00000000a9400000|100%| O|  |TAMS 0x00000000a9400000, 0x00000000a9300000| Untracked 
| 118|0x00000000a9400000, 0x00000000a9500000, 0x00000000a9500000|100%| O|  |TAMS 0x00000000a9500000, 0x00000000a9400000| Untracked 
| 119|0x00000000a9500000, 0x00000000a9600000, 0x00000000a9600000|100%| O|  |TAMS 0x00000000a9600000, 0x00000000a9500000| Untracked 
| 120|0x00000000a9600000, 0x00000000a9700000, 0x00000000a9700000|100%| O|  |TAMS 0x00000000a9700000, 0x00000000a9600000| Untracked 
| 121|0x00000000a9700000, 0x00000000a9800000, 0x00000000a9800000|100%| O|  |TAMS 0x00000000a9800000, 0x00000000a9700000| Untracked 
| 122|0x00000000a9800000, 0x00000000a9900000, 0x00000000a9900000|100%| O|  |TAMS 0x00000000a9900000, 0x00000000a9800000| Untracked 
| 123|0x00000000a9900000, 0x00000000a9a00000, 0x00000000a9a00000|100%| O|  |TAMS 0x00000000a9a00000, 0x00000000a9900000| Untracked 
| 124|0x00000000a9a00000, 0x00000000a9b00000, 0x00000000a9b00000|100%| O|  |TAMS 0x00000000a9b00000, 0x00000000a9a00000| Untracked 
| 125|0x00000000a9b00000, 0x00000000a9c00000, 0x00000000a9c00000|100%| O|  |TAMS 0x00000000a9c00000, 0x00000000a9b00000| Untracked 
| 126|0x00000000a9c00000, 0x00000000a9d00000, 0x00000000a9d00000|100%| O|  |TAMS 0x00000000a9d00000, 0x00000000a9c00000| Untracked 
| 127|0x00000000a9d00000, 0x00000000a9e00000, 0x00000000a9e00000|100%| O|  |TAMS 0x00000000a9e00000, 0x00000000a9d00000| Untracked 
| 128|0x00000000a9e00000, 0x00000000a9f00000, 0x00000000a9f00000|100%| O|  |TAMS 0x00000000a9f00000, 0x00000000a9e00000| Untracked 
| 129|0x00000000a9f00000, 0x00000000aa000000, 0x00000000aa000000|100%| O|  |TAMS 0x00000000aa000000, 0x00000000a9f00000| Untracked 
| 130|0x00000000aa000000, 0x00000000aa100000, 0x00000000aa100000|100%| O|  |TAMS 0x00000000aa100000, 0x00000000aa000000| Untracked 
| 131|0x00000000aa100000, 0x00000000aa200000, 0x00000000aa200000|100%| O|  |TAMS 0x00000000aa200000, 0x00000000aa100000| Untracked 
| 132|0x00000000aa200000, 0x00000000aa300000, 0x00000000aa300000|100%| O|  |TAMS 0x00000000aa300000, 0x00000000aa200000| Untracked 
| 133|0x00000000aa300000, 0x00000000aa400000, 0x00000000aa400000|100%| O|  |TAMS 0x00000000aa400000, 0x00000000aa300000| Untracked 
| 134|0x00000000aa400000, 0x00000000aa500000, 0x00000000aa500000|100%| O|  |TAMS 0x00000000aa500000, 0x00000000aa400000| Untracked 
| 135|0x00000000aa500000, 0x00000000aa600000, 0x00000000aa600000|100%| O|  |TAMS 0x00000000aa600000, 0x00000000aa500000| Untracked 
| 136|0x00000000aa600000, 0x00000000aa700000, 0x00000000aa700000|100%| O|  |TAMS 0x00000000aa700000, 0x00000000aa600000| Untracked 
| 137|0x00000000aa700000, 0x00000000aa800000, 0x00000000aa800000|100%| O|  |TAMS 0x00000000aa800000, 0x00000000aa700000| Untracked 
| 138|0x00000000aa800000, 0x00000000aa900000, 0x00000000aa900000|100%| O|  |TAMS 0x00000000aa900000, 0x00000000aa800000| Untracked 
| 139|0x00000000aa900000, 0x00000000aaa00000, 0x00000000aaa00000|100%| O|  |TAMS 0x00000000aaa00000, 0x00000000aa900000| Untracked 
| 140|0x00000000aaa00000, 0x00000000aab00000, 0x00000000aab00000|100%| O|  |TAMS 0x00000000aab00000, 0x00000000aaa00000| Untracked 
| 141|0x00000000aab00000, 0x00000000aac00000, 0x00000000aac00000|100%| O|  |TAMS 0x00000000aac00000, 0x00000000aab00000| Untracked 
| 142|0x00000000aac00000, 0x00000000aad00000, 0x00000000aad00000|100%| O|  |TAMS 0x00000000aad00000, 0x00000000aac00000| Untracked 
| 143|0x00000000aad00000, 0x00000000aae00000, 0x00000000aae00000|100%| O|  |TAMS 0x00000000aae00000, 0x00000000aad00000| Untracked 
| 144|0x00000000aae00000, 0x00000000aaf00000, 0x00000000aaf00000|100%| O|  |TAMS 0x00000000aaf00000, 0x00000000aae00000| Untracked 
| 145|0x00000000aaf00000, 0x00000000ab000000, 0x00000000ab000000|100%| O|  |TAMS 0x00000000ab000000, 0x00000000aaf00000| Untracked 
| 146|0x00000000ab000000, 0x00000000ab100000, 0x00000000ab100000|100%| O|  |TAMS 0x00000000ab100000, 0x00000000ab000000| Untracked 
| 147|0x00000000ab100000, 0x00000000ab200000, 0x00000000ab200000|100%| O|  |TAMS 0x00000000ab200000, 0x00000000ab100000| Untracked 
| 148|0x00000000ab200000, 0x00000000ab300000, 0x00000000ab300000|100%| O|  |TAMS 0x00000000ab300000, 0x00000000ab200000| Untracked 
| 149|0x00000000ab300000, 0x00000000ab400000, 0x00000000ab400000|100%| O|  |TAMS 0x00000000ab400000, 0x00000000ab300000| Untracked 
| 150|0x00000000ab400000, 0x00000000ab500000, 0x00000000ab500000|100%| O|  |TAMS 0x00000000ab500000, 0x00000000ab400000| Untracked 
| 151|0x00000000ab500000, 0x00000000ab600000, 0x00000000ab600000|100%| O|  |TAMS 0x00000000ab600000, 0x00000000ab500000| Untracked 
| 152|0x00000000ab600000, 0x00000000ab700000, 0x00000000ab700000|100%| O|  |TAMS 0x00000000ab700000, 0x00000000ab600000| Untracked 
| 153|0x00000000ab700000, 0x00000000ab800000, 0x00000000ab800000|100%| O|  |TAMS 0x00000000ab800000, 0x00000000ab700000| Untracked 
| 154|0x00000000ab800000, 0x00000000ab900000, 0x00000000ab900000|100%| O|  |TAMS 0x00000000ab900000, 0x00000000ab800000| Untracked 
| 155|0x00000000ab900000, 0x00000000aba00000, 0x00000000aba00000|100%| O|  |TAMS 0x00000000aba00000, 0x00000000ab900000| Untracked 
| 156|0x00000000aba00000, 0x00000000abb00000, 0x00000000abb00000|100%| O|  |TAMS 0x00000000abb00000, 0x00000000aba00000| Untracked 
| 157|0x00000000abb00000, 0x00000000abc00000, 0x00000000abc00000|100%| O|  |TAMS 0x00000000abc00000, 0x00000000abb00000| Untracked 
| 158|0x00000000abc00000, 0x00000000abd00000, 0x00000000abd00000|100%| O|  |TAMS 0x00000000abd00000, 0x00000000abc00000| Untracked 
| 159|0x00000000abd00000, 0x00000000abe00000, 0x00000000abe00000|100%| O|  |TAMS 0x00000000abe00000, 0x00000000abd00000| Untracked 
| 160|0x00000000abe00000, 0x00000000abf00000, 0x00000000abf00000|100%| O|  |TAMS 0x00000000abf00000, 0x00000000abe00000| Untracked 
| 161|0x00000000abf00000, 0x00000000ac000000, 0x00000000ac000000|100%| O|  |TAMS 0x00000000ac000000, 0x00000000abf00000| Untracked 
| 162|0x00000000ac000000, 0x00000000ac100000, 0x00000000ac100000|100%|HS|  |TAMS 0x00000000ac100000, 0x00000000ac000000| Complete 
| 163|0x00000000ac100000, 0x00000000ac200000, 0x00000000ac200000|100%|HC|  |TAMS 0x00000000ac200000, 0x00000000ac100000| Complete 
| 164|0x00000000ac200000, 0x00000000ac300000, 0x00000000ac300000|100%|HC|  |TAMS 0x00000000ac300000, 0x00000000ac200000| Complete 
| 165|0x00000000ac300000, 0x00000000ac400000, 0x00000000ac400000|100%|HC|  |TAMS 0x00000000ac400000, 0x00000000ac300000| Complete 
| 166|0x00000000ac400000, 0x00000000ac500000, 0x00000000ac500000|100%|HC|  |TAMS 0x00000000ac500000, 0x00000000ac400000| Complete 
| 167|0x00000000ac500000, 0x00000000ac600000, 0x00000000ac600000|100%|HC|  |TAMS 0x00000000ac600000, 0x00000000ac500000| Complete 
| 168|0x00000000ac600000, 0x00000000ac700000, 0x00000000ac700000|100%|HC|  |TAMS 0x00000000ac700000, 0x00000000ac600000| Complete 
| 169|0x00000000ac700000, 0x00000000ac800000, 0x00000000ac800000|100%|HC|  |TAMS 0x00000000ac800000, 0x00000000ac700000| Complete 
| 170|0x00000000ac800000, 0x00000000ac900000, 0x00000000ac900000|100%|HC|  |TAMS 0x00000000ac900000, 0x00000000ac800000| Complete 
| 171|0x00000000ac900000, 0x00000000aca00000, 0x00000000aca00000|100%| O|  |TAMS 0x00000000ac9d6800, 0x00000000ac900000| Untracked 
| 172|0x00000000aca00000, 0x00000000acb00000, 0x00000000acb00000|100%| O|  |TAMS 0x00000000aca00000, 0x00000000aca00000| Untracked 
| 173|0x00000000acb00000, 0x00000000acc00000, 0x00000000acc00000|100%| O|  |TAMS 0x00000000acb00000, 0x00000000acb00000| Untracked 
| 174|0x00000000acc00000, 0x00000000acd00000, 0x00000000acd00000|100%| O|  |TAMS 0x00000000acc00000, 0x00000000acc00000| Untracked 
| 175|0x00000000acd00000, 0x00000000ace00000, 0x00000000ace00000|100%| O|  |TAMS 0x00000000acd00000, 0x00000000acd00000| Untracked 
| 176|0x00000000ace00000, 0x00000000acf00000, 0x00000000acf00000|100%| O|  |TAMS 0x00000000ace00000, 0x00000000ace00000| Untracked 
| 177|0x00000000acf00000, 0x00000000ad000000, 0x00000000ad000000|100%| O|  |TAMS 0x00000000acf00000, 0x00000000acf00000| Untracked 
| 178|0x00000000ad000000, 0x00000000ad02ee00, 0x00000000ad100000| 18%| O|  |TAMS 0x00000000ad000000, 0x00000000ad000000| Untracked 
| 179|0x00000000ad100000, 0x00000000ad100000, 0x00000000ad200000|  0%| F|  |TAMS 0x00000000ad100000, 0x00000000ad100000| Untracked 
| 180|0x00000000ad200000, 0x00000000ad200000, 0x00000000ad300000|  0%| F|  |TAMS 0x00000000ad200000, 0x00000000ad200000| Untracked 
| 181|0x00000000ad300000, 0x00000000ad300000, 0x00000000ad400000|  0%| F|  |TAMS 0x00000000ad300000, 0x00000000ad300000| Untracked 
| 182|0x00000000ad400000, 0x00000000ad400000, 0x00000000ad500000|  0%| F|  |TAMS 0x00000000ad400000, 0x00000000ad400000| Untracked 
| 183|0x00000000ad500000, 0x00000000ad500000, 0x00000000ad600000|  0%| F|  |TAMS 0x00000000ad500000, 0x00000000ad500000| Untracked 
| 184|0x00000000ad600000, 0x00000000ad600000, 0x00000000ad700000|  0%| F|  |TAMS 0x00000000ad600000, 0x00000000ad600000| Untracked 
| 185|0x00000000ad700000, 0x00000000ad700000, 0x00000000ad800000|  0%| F|  |TAMS 0x00000000ad700000, 0x00000000ad700000| Untracked 
| 186|0x00000000ad800000, 0x00000000ad800000, 0x00000000ad900000|  0%| F|  |TAMS 0x00000000ad800000, 0x00000000ad800000| Untracked 
| 187|0x00000000ad900000, 0x00000000ad900000, 0x00000000ada00000|  0%| F|  |TAMS 0x00000000ad900000, 0x00000000ad900000| Untracked 
| 188|0x00000000ada00000, 0x00000000ada00000, 0x00000000adb00000|  0%| F|  |TAMS 0x00000000ada00000, 0x00000000ada00000| Untracked 
| 189|0x00000000adb00000, 0x00000000adb00000, 0x00000000adc00000|  0%| F|  |TAMS 0x00000000adb00000, 0x00000000adb00000| Untracked 
| 190|0x00000000adc00000, 0x00000000adc00000, 0x00000000add00000|  0%| F|  |TAMS 0x00000000adc00000, 0x00000000adc00000| Untracked 
| 191|0x00000000add00000, 0x00000000add00000, 0x00000000ade00000|  0%| F|  |TAMS 0x00000000add00000, 0x00000000add00000| Untracked 
| 192|0x00000000ade00000, 0x00000000ade00000, 0x00000000adf00000|  0%| F|  |TAMS 0x00000000ade00000, 0x00000000ade00000| Untracked 
| 193|0x00000000adf00000, 0x00000000adf00000, 0x00000000ae000000|  0%| F|  |TAMS 0x00000000adf00000, 0x00000000adf00000| Untracked 
| 194|0x00000000ae000000, 0x00000000ae000000, 0x00000000ae100000|  0%| F|  |TAMS 0x00000000ae000000, 0x00000000ae000000| Untracked 
| 195|0x00000000ae100000, 0x00000000ae100000, 0x00000000ae200000|  0%| F|  |TAMS 0x00000000ae100000, 0x00000000ae100000| Untracked 
| 196|0x00000000ae200000, 0x00000000ae200000, 0x00000000ae300000|  0%| F|  |TAMS 0x00000000ae200000, 0x00000000ae200000| Untracked 
| 197|0x00000000ae300000, 0x00000000ae300000, 0x00000000ae400000|  0%| F|  |TAMS 0x00000000ae300000, 0x00000000ae300000| Untracked 
| 198|0x00000000ae400000, 0x00000000ae400000, 0x00000000ae500000|  0%| F|  |TAMS 0x00000000ae400000, 0x00000000ae400000| Untracked 
| 199|0x00000000ae500000, 0x00000000ae500000, 0x00000000ae600000|  0%| F|  |TAMS 0x00000000ae500000, 0x00000000ae500000| Untracked 
| 200|0x00000000ae600000, 0x00000000ae600000, 0x00000000ae700000|  0%| F|  |TAMS 0x00000000ae600000, 0x00000000ae600000| Untracked 
| 201|0x00000000ae700000, 0x00000000ae700000, 0x00000000ae800000|  0%| F|  |TAMS 0x00000000ae700000, 0x00000000ae700000| Untracked 
| 202|0x00000000ae800000, 0x00000000ae800000, 0x00000000ae900000|  0%| F|  |TAMS 0x00000000ae800000, 0x00000000ae800000| Untracked 
| 203|0x00000000ae900000, 0x00000000ae900000, 0x00000000aea00000|  0%| F|  |TAMS 0x00000000ae900000, 0x00000000ae900000| Untracked 
| 204|0x00000000aea00000, 0x00000000aea00000, 0x00000000aeb00000|  0%| F|  |TAMS 0x00000000aea00000, 0x00000000aea00000| Untracked 
| 205|0x00000000aeb00000, 0x00000000aeb00000, 0x00000000aec00000|  0%| F|  |TAMS 0x00000000aeb00000, 0x00000000aeb00000| Untracked 
| 206|0x00000000aec00000, 0x00000000aec00000, 0x00000000aed00000|  0%| F|  |TAMS 0x00000000aec00000, 0x00000000aec00000| Untracked 
| 207|0x00000000aed00000, 0x00000000aed00000, 0x00000000aee00000|  0%| F|  |TAMS 0x00000000aed00000, 0x00000000aed00000| Untracked 
| 208|0x00000000aee00000, 0x00000000aee00000, 0x00000000aef00000|  0%| F|  |TAMS 0x00000000aee00000, 0x00000000aee00000| Untracked 
| 209|0x00000000aef00000, 0x00000000aef00000, 0x00000000af000000|  0%| F|  |TAMS 0x00000000aef00000, 0x00000000aef00000| Untracked 
| 210|0x00000000af000000, 0x00000000af000000, 0x00000000af100000|  0%| F|  |TAMS 0x00000000af000000, 0x00000000af000000| Untracked 
| 211|0x00000000af100000, 0x00000000af100000, 0x00000000af200000|  0%| F|  |TAMS 0x00000000af100000, 0x00000000af100000| Untracked 
| 212|0x00000000af200000, 0x00000000af200000, 0x00000000af300000|  0%| F|  |TAMS 0x00000000af200000, 0x00000000af200000| Untracked 
| 213|0x00000000af300000, 0x00000000af300000, 0x00000000af400000|  0%| F|  |TAMS 0x00000000af300000, 0x00000000af300000| Untracked 
| 214|0x00000000af400000, 0x00000000af400000, 0x00000000af500000|  0%| F|  |TAMS 0x00000000af400000, 0x00000000af400000| Untracked 
| 215|0x00000000af500000, 0x00000000af500000, 0x00000000af600000|  0%| F|  |TAMS 0x00000000af500000, 0x00000000af500000| Untracked 
| 216|0x00000000af600000, 0x00000000af600000, 0x00000000af700000|  0%| F|  |TAMS 0x00000000af600000, 0x00000000af600000| Untracked 
| 217|0x00000000af700000, 0x00000000af700000, 0x00000000af800000|  0%| F|  |TAMS 0x00000000af700000, 0x00000000af700000| Untracked 
| 218|0x00000000af800000, 0x00000000af8d4f58, 0x00000000af900000| 83%| S|CS|TAMS 0x00000000af800000, 0x00000000af800000| Complete 
| 219|0x00000000af900000, 0x00000000afa00000, 0x00000000afa00000|100%| S|CS|TAMS 0x00000000af900000, 0x00000000af900000| Complete 
| 220|0x00000000afa00000, 0x00000000afb00000, 0x00000000afb00000|100%| S|CS|TAMS 0x00000000afa00000, 0x00000000afa00000| Complete 
| 221|0x00000000afb00000, 0x00000000afb00000, 0x00000000afc00000|  0%| F|  |TAMS 0x00000000afb00000, 0x00000000afb00000| Untracked 
| 222|0x00000000afc00000, 0x00000000afc00000, 0x00000000afd00000|  0%| F|  |TAMS 0x00000000afc00000, 0x00000000afc00000| Untracked 
| 223|0x00000000afd00000, 0x00000000afd00000, 0x00000000afe00000|  0%| F|  |TAMS 0x00000000afd00000, 0x00000000afd00000| Untracked 
| 224|0x00000000afe00000, 0x00000000aff00000, 0x00000000aff00000|100%| S|CS|TAMS 0x00000000afe00000, 0x00000000afe00000| Complete 
| 225|0x00000000aff00000, 0x00000000aff00000, 0x00000000b0000000|  0%| F|  |TAMS 0x00000000aff00000, 0x00000000aff00000| Untracked 
| 226|0x00000000b0000000, 0x00000000b0000000, 0x00000000b0100000|  0%| F|  |TAMS 0x00000000b0000000, 0x00000000b0000000| Untracked 
| 227|0x00000000b0100000, 0x00000000b0100000, 0x00000000b0200000|  0%| F|  |TAMS 0x00000000b0100000, 0x00000000b0100000| Untracked 
| 228|0x00000000b0200000, 0x00000000b0200000, 0x00000000b0300000|  0%| F|  |TAMS 0x00000000b0200000, 0x00000000b0200000| Untracked 
| 229|0x00000000b0300000, 0x00000000b0300000, 0x00000000b0400000|  0%| F|  |TAMS 0x00000000b0300000, 0x00000000b0300000| Untracked 
| 230|0x00000000b0400000, 0x00000000b0400000, 0x00000000b0500000|  0%| F|  |TAMS 0x00000000b0400000, 0x00000000b0400000| Untracked 
| 231|0x00000000b0500000, 0x00000000b0500000, 0x00000000b0600000|  0%| F|  |TAMS 0x00000000b0500000, 0x00000000b0500000| Untracked 
| 232|0x00000000b0600000, 0x00000000b0600000, 0x00000000b0700000|  0%| F|  |TAMS 0x00000000b0600000, 0x00000000b0600000| Untracked 
| 233|0x00000000b0700000, 0x00000000b0700000, 0x00000000b0800000|  0%| F|  |TAMS 0x00000000b0700000, 0x00000000b0700000| Untracked 
| 234|0x00000000b0800000, 0x00000000b0800000, 0x00000000b0900000|  0%| F|  |TAMS 0x00000000b0800000, 0x00000000b0800000| Untracked 
| 235|0x00000000b0900000, 0x00000000b0900000, 0x00000000b0a00000|  0%| F|  |TAMS 0x00000000b0900000, 0x00000000b0900000| Untracked 
| 236|0x00000000b0a00000, 0x00000000b0b00000, 0x00000000b0b00000|100%| E|  |TAMS 0x00000000b0a00000, 0x00000000b0a00000| Complete 
| 237|0x00000000b0b00000, 0x00000000b0c00000, 0x00000000b0c00000|100%| E|CS|TAMS 0x00000000b0b00000, 0x00000000b0b00000| Complete 
| 238|0x00000000b0c00000, 0x00000000b0d00000, 0x00000000b0d00000|100%| E|CS|TAMS 0x00000000b0c00000, 0x00000000b0c00000| Complete 
| 239|0x00000000b0d00000, 0x00000000b0e00000, 0x00000000b0e00000|100%| E|CS|TAMS 0x00000000b0d00000, 0x00000000b0d00000| Complete 
| 240|0x00000000b0e00000, 0x00000000b0f00000, 0x00000000b0f00000|100%| E|CS|TAMS 0x00000000b0e00000, 0x00000000b0e00000| Complete 
| 241|0x00000000b0f00000, 0x00000000b1000000, 0x00000000b1000000|100%| E|CS|TAMS 0x00000000b0f00000, 0x00000000b0f00000| Complete 
| 242|0x00000000b1000000, 0x00000000b1100000, 0x00000000b1100000|100%| E|CS|TAMS 0x00000000b1000000, 0x00000000b1000000| Complete 
| 243|0x00000000b1100000, 0x00000000b1200000, 0x00000000b1200000|100%| E|CS|TAMS 0x00000000b1100000, 0x00000000b1100000| Complete 
| 244|0x00000000b1200000, 0x00000000b1300000, 0x00000000b1300000|100%| E|CS|TAMS 0x00000000b1200000, 0x00000000b1200000| Complete 
| 245|0x00000000b1300000, 0x00000000b1400000, 0x00000000b1400000|100%| E|CS|TAMS 0x00000000b1300000, 0x00000000b1300000| Complete 
| 246|0x00000000b1400000, 0x00000000b1500000, 0x00000000b1500000|100%| E|CS|TAMS 0x00000000b1400000, 0x00000000b1400000| Complete 
| 247|0x00000000b1500000, 0x00000000b1600000, 0x00000000b1600000|100%| E|CS|TAMS 0x00000000b1500000, 0x00000000b1500000| Complete 
| 248|0x00000000b1600000, 0x00000000b1700000, 0x00000000b1700000|100%| E|CS|TAMS 0x00000000b1600000, 0x00000000b1600000| Complete 
| 249|0x00000000b1700000, 0x00000000b1800000, 0x00000000b1800000|100%| E|CS|TAMS 0x00000000b1700000, 0x00000000b1700000| Complete 
| 250|0x00000000b1800000, 0x00000000b1900000, 0x00000000b1900000|100%| E|CS|TAMS 0x00000000b1800000, 0x00000000b1800000| Complete 
| 251|0x00000000b1900000, 0x00000000b1a00000, 0x00000000b1a00000|100%| E|CS|TAMS 0x00000000b1900000, 0x00000000b1900000| Complete 
| 252|0x00000000b1a00000, 0x00000000b1b00000, 0x00000000b1b00000|100%| E|CS|TAMS 0x00000000b1a00000, 0x00000000b1a00000| Complete 
| 253|0x00000000b1b00000, 0x00000000b1c00000, 0x00000000b1c00000|100%| E|CS|TAMS 0x00000000b1b00000, 0x00000000b1b00000| Complete 
| 254|0x00000000b1c00000, 0x00000000b1d00000, 0x00000000b1d00000|100%| E|CS|TAMS 0x00000000b1c00000, 0x00000000b1c00000| Complete 
| 255|0x00000000b1d00000, 0x00000000b1e00000, 0x00000000b1e00000|100%| E|CS|TAMS 0x00000000b1d00000, 0x00000000b1d00000| Complete 
| 256|0x00000000b1e00000, 0x00000000b1f00000, 0x00000000b1f00000|100%| E|CS|TAMS 0x00000000b1e00000, 0x00000000b1e00000| Complete 
| 257|0x00000000b1f00000, 0x00000000b2000000, 0x00000000b2000000|100%| E|CS|TAMS 0x00000000b1f00000, 0x00000000b1f00000| Complete 
| 258|0x00000000b2000000, 0x00000000b2100000, 0x00000000b2100000|100%| E|CS|TAMS 0x00000000b2000000, 0x00000000b2000000| Complete 
| 259|0x00000000b2100000, 0x00000000b2200000, 0x00000000b2200000|100%| E|CS|TAMS 0x00000000b2100000, 0x00000000b2100000| Complete 
| 260|0x00000000b2200000, 0x00000000b2300000, 0x00000000b2300000|100%| E|CS|TAMS 0x00000000b2200000, 0x00000000b2200000| Complete 
| 261|0x00000000b2300000, 0x00000000b2400000, 0x00000000b2400000|100%| E|CS|TAMS 0x00000000b2300000, 0x00000000b2300000| Complete 
| 262|0x00000000b2400000, 0x00000000b2500000, 0x00000000b2500000|100%| E|CS|TAMS 0x00000000b2400000, 0x00000000b2400000| Complete 
| 263|0x00000000b2500000, 0x00000000b2600000, 0x00000000b2600000|100%| E|CS|TAMS 0x00000000b2500000, 0x00000000b2500000| Complete 
| 264|0x00000000b2600000, 0x00000000b2700000, 0x00000000b2700000|100%| E|CS|TAMS 0x00000000b2600000, 0x00000000b2600000| Complete 
| 265|0x00000000b2700000, 0x00000000b2800000, 0x00000000b2800000|100%| E|CS|TAMS 0x00000000b2700000, 0x00000000b2700000| Complete 
| 266|0x00000000b2800000, 0x00000000b2900000, 0x00000000b2900000|100%| E|CS|TAMS 0x00000000b2800000, 0x00000000b2800000| Complete 
| 267|0x00000000b2900000, 0x00000000b2a00000, 0x00000000b2a00000|100%| E|CS|TAMS 0x00000000b2900000, 0x00000000b2900000| Complete 
| 268|0x00000000b2a00000, 0x00000000b2b00000, 0x00000000b2b00000|100%| E|CS|TAMS 0x00000000b2a00000, 0x00000000b2a00000| Complete 
| 269|0x00000000b2b00000, 0x00000000b2c00000, 0x00000000b2c00000|100%| E|CS|TAMS 0x00000000b2b00000, 0x00000000b2b00000| Complete 
| 270|0x00000000b2c00000, 0x00000000b2d00000, 0x00000000b2d00000|100%| E|CS|TAMS 0x00000000b2c00000, 0x00000000b2c00000| Complete 
| 271|0x00000000b2d00000, 0x00000000b2e00000, 0x00000000b2e00000|100%| E|CS|TAMS 0x00000000b2d00000, 0x00000000b2d00000| Complete 
| 272|0x00000000b2e00000, 0x00000000b2f00000, 0x00000000b2f00000|100%| E|CS|TAMS 0x00000000b2e00000, 0x00000000b2e00000| Complete 
| 273|0x00000000b2f00000, 0x00000000b3000000, 0x00000000b3000000|100%| E|CS|TAMS 0x00000000b2f00000, 0x00000000b2f00000| Complete 
| 274|0x00000000b3000000, 0x00000000b3100000, 0x00000000b3100000|100%| E|CS|TAMS 0x00000000b3000000, 0x00000000b3000000| Complete 
| 275|0x00000000b3100000, 0x00000000b3200000, 0x00000000b3200000|100%| E|CS|TAMS 0x00000000b3100000, 0x00000000b3100000| Complete 
| 276|0x00000000b3200000, 0x00000000b3300000, 0x00000000b3300000|100%| E|CS|TAMS 0x00000000b3200000, 0x00000000b3200000| Complete 
| 277|0x00000000b3300000, 0x00000000b3400000, 0x00000000b3400000|100%| E|CS|TAMS 0x00000000b3300000, 0x00000000b3300000| Complete 
| 278|0x00000000b3400000, 0x00000000b3500000, 0x00000000b3500000|100%| E|CS|TAMS 0x00000000b3400000, 0x00000000b3400000| Complete 
| 279|0x00000000b3500000, 0x00000000b3600000, 0x00000000b3600000|100%| E|CS|TAMS 0x00000000b3500000, 0x00000000b3500000| Complete 
| 280|0x00000000b3600000, 0x00000000b3700000, 0x00000000b3700000|100%| E|CS|TAMS 0x00000000b3600000, 0x00000000b3600000| Complete 
| 281|0x00000000b3700000, 0x00000000b3800000, 0x00000000b3800000|100%| E|CS|TAMS 0x00000000b3700000, 0x00000000b3700000| Complete 
| 282|0x00000000b3800000, 0x00000000b3900000, 0x00000000b3900000|100%| E|CS|TAMS 0x00000000b3800000, 0x00000000b3800000| Complete 
| 283|0x00000000b3900000, 0x00000000b3a00000, 0x00000000b3a00000|100%| E|CS|TAMS 0x00000000b3900000, 0x00000000b3900000| Complete 
| 284|0x00000000b3a00000, 0x00000000b3b00000, 0x00000000b3b00000|100%| E|CS|TAMS 0x00000000b3a00000, 0x00000000b3a00000| Complete 
| 285|0x00000000b3b00000, 0x00000000b3c00000, 0x00000000b3c00000|100%| E|CS|TAMS 0x00000000b3b00000, 0x00000000b3b00000| Complete 
| 286|0x00000000b3c00000, 0x00000000b3d00000, 0x00000000b3d00000|100%| E|CS|TAMS 0x00000000b3c00000, 0x00000000b3c00000| Complete 
| 287|0x00000000b3d00000, 0x00000000b3e00000, 0x00000000b3e00000|100%| E|CS|TAMS 0x00000000b3d00000, 0x00000000b3d00000| Complete 
| 288|0x00000000b3e00000, 0x00000000b3f00000, 0x00000000b3f00000|100%| E|CS|TAMS 0x00000000b3e00000, 0x00000000b3e00000| Complete 
| 289|0x00000000b3f00000, 0x00000000b4000000, 0x00000000b4000000|100%| E|CS|TAMS 0x00000000b3f00000, 0x00000000b3f00000| Complete 
| 290|0x00000000b4000000, 0x00000000b4100000, 0x00000000b4100000|100%| E|CS|TAMS 0x00000000b4000000, 0x00000000b4000000| Complete 
| 291|0x00000000b4100000, 0x00000000b4200000, 0x00000000b4200000|100%| E|CS|TAMS 0x00000000b4100000, 0x00000000b4100000| Complete 
| 292|0x00000000b4200000, 0x00000000b4300000, 0x00000000b4300000|100%| E|CS|TAMS 0x00000000b4200000, 0x00000000b4200000| Complete 
| 293|0x00000000b4300000, 0x00000000b4400000, 0x00000000b4400000|100%| E|CS|TAMS 0x00000000b4300000, 0x00000000b4300000| Complete 

Card table byte_map: [0x00000177610a0000,0x00000177613a0000] _byte_map_base: 0x0000017760b91000

Marking Bits (Prev, Next): (CMBitMap*) 0x000001774e5e00a0, (CMBitMap*) 0x000001774e5e00e0
 Prev Bits: [0x00000177616a0000, 0x0000017762e28000)
 Next Bits: [0x0000017762e30000, 0x00000177645b8000)

Polling page: 0x000001774dd50000

Metaspace:

Usage:
  Non-class:     71.07 MB used.
      Class:      8.73 MB used.
       Both:     79.80 MB used.

Virtual space:
  Non-class space:      128.00 MB reserved,      71.31 MB ( 56%) committed,  2 nodes.
      Class space:        1.00 GB reserved,       8.94 MB ( <1%) committed,  1 nodes.
             Both:        1.12 GB reserved,      80.25 MB (  7%) committed. 

Chunk freelists:
   Non-Class:  8.16 MB
       Class:  7.06 MB
        Both:  15.22 MB

MaxMetaspaceSize: unlimited
CompressedClassSpaceSize: 1.00 GB
Initial GC threshold: 21.00 MB
Current GC threshold: 121.88 MB
CDS: off
MetaspaceReclaimPolicy: balanced
 - commit_granule_bytes: 65536.
 - commit_granule_words: 8192.
 - virtual_space_node_default_size: 8388608.
 - enlarge_chunks_in_place: 1.
 - new_chunks_are_fully_committed: 0.
 - uncommit_free_chunks: 1.
 - use_allocation_guard: 0.
 - handle_deallocations: 1.


Internal statistics:

num_allocs_failed_limit: 6.
num_arena_births: 754.
num_arena_deaths: 0.
num_vsnodes_births: 3.
num_vsnodes_deaths: 0.
num_space_committed: 1282.
num_space_uncommitted: 0.
num_chunks_returned_to_freelist: 6.
num_chunks_taken_from_freelist: 3710.
num_chunk_merges: 6.
num_chunk_splits: 2735.
num_chunks_enlarged: 2140.
num_inconsistent_stats: 0.

CodeHeap 'non-profiled nmethods': size=120000Kb used=12318Kb max_used=12318Kb free=107681Kb
 bounds [0x0000017759530000, 0x000001775a140000, 0x0000017760a60000]
CodeHeap 'profiled nmethods': size=120000Kb used=41130Kb max_used=41237Kb free=78870Kb
 bounds [0x0000017751a60000, 0x00000177542b0000, 0x0000017758f90000]
CodeHeap 'non-nmethods': size=5760Kb used=1383Kb max_used=1450Kb free=4376Kb
 bounds [0x0000017758f90000, 0x0000017759200000, 0x0000017759530000]
 total_blobs=16407 nmethods=15703 adapters=612
 compilation: enabled
              stopped_count=0, restarted_count=0
 full_count=0

Compilation events (20 events):
Event: 76.940 Thread 0x00000177672c9d00 20861       4       org.jetbrains.kotlin.descriptors.impl.ModuleDescriptorImpl::getPackage (25 bytes)
Event: 76.944 Thread 0x00000177672c9d00 nmethod 20861 0x000001775a133f10 code [0x000001775a1340a0, 0x000001775a1341c8]
Event: 76.944 Thread 0x00000177672c9d00 20848       4       org.jetbrains.kotlin.ir.declarations.impl.IrFunctionCommonImpl::setValueParameters (12 bytes)
Event: 76.948 Thread 0x00000177672c9d00 nmethod 20848 0x000001775a134390 code [0x000001775a134500, 0x000001775a134658]
Event: 76.948 Thread 0x00000177672c9d00 20842       4       org.jetbrains.kotlin.types.checker.SimpleClassicTypeSystemContext::getVariance (6 bytes)
Event: 76.952 Thread 0x00000177672c9d00 nmethod 20842 0x000001775a134710 code [0x000001775a1348a0, 0x000001775a134a58]
Event: 76.974 Thread 0x00000177672e5030 20869       3       org.jetbrains.kotlin.ir.expressions.impl.IrGetFieldImpl::<init> (33 bytes)
Event: 76.976 Thread 0x00000177672e5030 nmethod 20869 0x0000017753f14c10 code [0x0000017753f14ea0, 0x0000017753f15a08]
Event: 76.976 Thread 0x00000177672c9d00 20870       4       java.lang.String::equals (56 bytes)
Event: 76.979 Thread 0x00000177672c9d00 nmethod 20870 0x000001775a134c10 code [0x000001775a134d80, 0x000001775a134f38]
Event: 76.979 Thread 0x00000177672c9d00 20871       4       org.jetbrains.kotlin.descriptors.annotations.CompositeAnnotations::iterator (25 bytes)
Event: 76.989 Thread 0x00000177672c9d00 nmethod 20871 0x000001775a135010 code [0x000001775a1351c0, 0x000001775a1354f8]
Event: 76.990 Thread 0x00000177672c9d00 20872       4       org.jetbrains.kotlin.types.AbstractTypeApproximator::approximateParametrizedType (1378 bytes)
Event: 76.993 Thread 0x00000177672e5030 20873       3       org.jetbrains.kotlin.descriptors.annotations.BuiltInAnnotationDescriptor::getSource (10 bytes)
Event: 76.993 Thread 0x00000177672e5030 nmethod 20873 0x0000017753634810 code [0x00000177536349c0, 0x0000017753634b28]
Event: 77.073 Thread 0x00000177672e5030 20876       3       org.jetbrains.kotlin.resolve.sam.SamConversionResolverImplKt::getFunctionTypeForAbstractMethod (416 bytes)
Event: 77.083 Thread 0x00000177672e5030 nmethod 20876 0x0000017753f0df90 code [0x0000017753f0e7c0, 0x0000017753f13398]
Event: 77.231 Thread 0x00000177672e5030 20879       3       org.jetbrains.kotlin.psi2ir.generators.StatementGeneratorExtension::getScope (8 bytes)
Event: 77.232 Thread 0x00000177672e5030 nmethod 20879 0x000001775383a590 code [0x000001775383a720, 0x000001775383a858]
Event: 77.300 Thread 0x00000177672e5030 20881       3       org.jetbrains.kotlin.com.intellij.psi.impl.source.tree.LazyParseablePsiElement::findChildrenByClass (68 bytes)

GC Heap History (20 events):
Event: 52.905 GC heap before
{Heap before GC invocations=60 (full 0):
 garbage-first heap   total 208896K, used 182005K [0x00000000a1e00000, 0x0000000100000000)
  region size 1024K, 18 young (18432K), 2 survivors (2048K)
 Metaspace       used 74252K, committed 74688K, reserved 1179648K
  class space    used 8287K, committed 8512K, reserved 1048576K
}
Event: 52.913 GC heap after
{Heap after GC invocations=61 (full 0):
 garbage-first heap   total 208896K, used 167015K [0x00000000a1e00000, 0x0000000100000000)
  region size 1024K, 2 young (2048K), 2 survivors (2048K)
 Metaspace       used 74252K, committed 74688K, reserved 1179648K
  class space    used 8287K, committed 8512K, reserved 1048576K
}
Event: 53.462 GC heap before
{Heap before GC invocations=61 (full 0):
 garbage-first heap   total 208896K, used 182375K [0x00000000a1e00000, 0x0000000100000000)
  region size 1024K, 17 young (17408K), 2 survivors (2048K)
 Metaspace       used 74313K, committed 74752K, reserved 1179648K
  class space    used 8287K, committed 8512K, reserved 1048576K
}
Event: 53.467 GC heap after
{Heap after GC invocations=62 (full 0):
 garbage-first heap   total 208896K, used 167854K [0x00000000a1e00000, 0x0000000100000000)
  region size 1024K, 3 young (3072K), 3 survivors (3072K)
 Metaspace       used 74313K, committed 74752K, reserved 1179648K
  class space    used 8287K, committed 8512K, reserved 1048576K
}
Event: 54.022 GC heap before
{Heap before GC invocations=62 (full 0):
 garbage-first heap   total 208896K, used 191406K [0x00000000a1e00000, 0x0000000100000000)
  region size 1024K, 17 young (17408K), 3 survivors (3072K)
 Metaspace       used 74355K, committed 74816K, reserved 1179648K
  class space    used 8291K, committed 8512K, reserved 1048576K
}
Event: 54.032 GC heap after
{Heap after GC invocations=63 (full 0):
 garbage-first heap   total 208896K, used 178208K [0x00000000a1e00000, 0x0000000100000000)
  region size 1024K, 3 young (3072K), 3 survivors (3072K)
 Metaspace       used 74355K, committed 74816K, reserved 1179648K
  class space    used 8291K, committed 8512K, reserved 1048576K
}
Event: 54.272 GC heap before
{Heap before GC invocations=63 (full 0):
 garbage-first heap   total 208896K, used 185376K [0x00000000a1e00000, 0x0000000100000000)
  region size 1024K, 10 young (10240K), 3 survivors (3072K)
 Metaspace       used 74383K, committed 74816K, reserved 1179648K
  class space    used 8292K, committed 8512K, reserved 1048576K
}
Event: 54.282 GC heap after
{Heap after GC invocations=64 (full 0):
 garbage-first heap   total 208896K, used 178777K [0x00000000a1e00000, 0x0000000100000000)
  region size 1024K, 2 young (2048K), 2 survivors (2048K)
 Metaspace       used 74383K, committed 74816K, reserved 1179648K
  class space    used 8292K, committed 8512K, reserved 1048576K
}
Event: 54.769 GC heap before
{Heap before GC invocations=64 (full 0):
 garbage-first heap   total 208896K, used 186969K [0x00000000a1e00000, 0x0000000100000000)
  region size 1024K, 10 young (10240K), 2 survivors (2048K)
 Metaspace       used 74401K, committed 74880K, reserved 1179648K
  class space    used 8292K, committed 8512K, reserved 1048576K
}
Event: 54.782 GC heap after
{Heap after GC invocations=65 (full 0):
 garbage-first heap   total 208896K, used 179443K [0x00000000a1e00000, 0x0000000100000000)
  region size 1024K, 2 young (2048K), 2 survivors (2048K)
 Metaspace       used 74401K, committed 74880K, reserved 1179648K
  class space    used 8292K, committed 8512K, reserved 1048576K
}
Event: 56.153 GC heap before
{Heap before GC invocations=66 (full 0):
 garbage-first heap   total 301056K, used 189683K [0x00000000a1e00000, 0x0000000100000000)
  region size 1024K, 14 young (14336K), 2 survivors (2048K)
 Metaspace       used 74470K, committed 74944K, reserved 1179648K
  class space    used 8292K, committed 8512K, reserved 1048576K
}
Event: 56.159 GC heap after
{Heap after GC invocations=67 (full 0):
 garbage-first heap   total 301056K, used 178181K [0x00000000a1e00000, 0x0000000100000000)
  region size 1024K, 2 young (2048K), 2 survivors (2048K)
 Metaspace       used 74470K, committed 74944K, reserved 1179648K
  class space    used 8292K, committed 8512K, reserved 1048576K
}
Event: 56.622 GC heap before
{Heap before GC invocations=67 (full 0):
 garbage-first heap   total 301056K, used 190469K [0x00000000a1e00000, 0x0000000100000000)
  region size 1024K, 14 young (14336K), 2 survivors (2048K)
 Metaspace       used 74488K, committed 74944K, reserved 1179648K
  class space    used 8293K, committed 8512K, reserved 1048576K
}
Event: 56.640 GC heap after
{Heap after GC invocations=68 (full 0):
 garbage-first heap   total 301056K, used 176378K [0x00000000a1e00000, 0x0000000100000000)
  region size 1024K, 2 young (2048K), 2 survivors (2048K)
 Metaspace       used 74488K, committed 74944K, reserved 1179648K
  class space    used 8293K, committed 8512K, reserved 1048576K
}
Event: 59.712 GC heap before
{Heap before GC invocations=68 (full 0):
 garbage-first heap   total 301056K, used 254202K [0x00000000a1e00000, 0x0000000100000000)
  region size 1024K, 78 young (79872K), 2 survivors (2048K)
 Metaspace       used 74640K, committed 75072K, reserved 1179648K
  class space    used 8297K, committed 8512K, reserved 1048576K
}
Event: 59.732 GC heap after
{Heap after GC invocations=69 (full 0):
 garbage-first heap   total 301056K, used 182589K [0x00000000a1e00000, 0x0000000100000000)
  region size 1024K, 9 young (9216K), 9 survivors (9216K)
 Metaspace       used 74640K, committed 75072K, reserved 1179648K
  class space    used 8297K, committed 8512K, reserved 1048576K
}
Event: 61.413 GC heap before
{Heap before GC invocations=69 (full 0):
 garbage-first heap   total 301056K, used 254269K [0x00000000a1e00000, 0x0000000100000000)
  region size 1024K, 79 young (80896K), 9 survivors (9216K)
 Metaspace       used 75107K, committed 75584K, reserved 1179648K
  class space    used 8325K, committed 8576K, reserved 1048576K
}
Event: 61.446 GC heap after
{Heap after GC invocations=70 (full 0):
 garbage-first heap   total 301056K, used 185420K [0x00000000a1e00000, 0x0000000100000000)
  region size 1024K, 3 young (3072K), 3 survivors (3072K)
 Metaspace       used 75107K, committed 75584K, reserved 1179648K
  class space    used 8325K, committed 8576K, reserved 1048576K
}
Event: 66.712 GC heap before
{Heap before GC invocations=70 (full 0):
 garbage-first heap   total 301056K, used 256076K [0x00000000a1e00000, 0x0000000100000000)
  region size 1024K, 72 young (73728K), 3 survivors (3072K)
 Metaspace       used 75630K, committed 76096K, reserved 1179648K
  class space    used 8347K, committed 8576K, reserved 1048576K
}
Event: 66.731 GC heap after
{Heap after GC invocations=71 (full 0):
 garbage-first heap   total 301056K, used 186383K [0x00000000a1e00000, 0x0000000100000000)
  region size 1024K, 4 young (4096K), 4 survivors (4096K)
 Metaspace       used 75630K, committed 76096K, reserved 1179648K
  class space    used 8347K, committed 8576K, reserved 1048576K
}

Dll operation events (2 events):
Event: 0.024 Loaded shared library C:\Program Files\Android\Android Studio\jbr\bin\java.dll
Event: 4.194 Loaded shared library C:\Program Files\Android\Android Studio\jbr\bin\verify.dll

Deoptimization events (20 events):
Event: 73.223 Thread 0x000001774e593990 Uncommon trap: trap_request=0xffffffde fr.pc=0x00000177598c6cb4 relative=0x0000000000000094
Event: 73.223 Thread 0x000001774e593990 Uncommon trap: reason=class_check action=maybe_recompile pc=0x00000177598c6cb4 method=org.jetbrains.kotlin.types.model.TypeSystemContext.originalIfDefinitelyNotNullable(Lorg/jetbrains/kotlin/types/model/SimpleTypeMarker;)Lorg/jetbrains/kotlin/types/model/
Event: 73.223 Thread 0x000001774e593990 DEOPT PACKING pc=0x00000177598c6cb4 sp=0x0000006d78df96f0
Event: 73.223 Thread 0x000001774e593990 DEOPT UNPACKING pc=0x0000017758fe69a3 sp=0x0000006d78df9698 mode 2
Event: 75.261 Thread 0x000001774e593990 Uncommon trap: trap_request=0xffffffc6 fr.pc=0x000001775a0b2be4 relative=0x0000000000000144
Event: 75.261 Thread 0x000001774e593990 Uncommon trap: reason=bimorphic_or_optimized_type_check action=maybe_recompile pc=0x000001775a0b2be4 method=kotlin.collections.CollectionsKt___CollectionsKt$asSequence$$inlined$Sequence$1.iterator()Ljava/util/Iterator; @ 6 c2
Event: 75.261 Thread 0x000001774e593990 DEOPT PACKING pc=0x000001775a0b2be4 sp=0x0000006d78dfd6d0
Event: 75.261 Thread 0x000001774e593990 DEOPT UNPACKING pc=0x0000017758fe69a3 sp=0x0000006d78dfd590 mode 2
Event: 75.261 Thread 0x000001774e593990 Uncommon trap: trap_request=0xffffffc6 fr.pc=0x000001775a0b2be4 relative=0x0000000000000144
Event: 75.262 Thread 0x000001774e593990 Uncommon trap: reason=bimorphic_or_optimized_type_check action=maybe_recompile pc=0x000001775a0b2be4 method=kotlin.collections.CollectionsKt___CollectionsKt$asSequence$$inlined$Sequence$1.iterator()Ljava/util/Iterator; @ 6 c2
Event: 75.262 Thread 0x000001774e593990 DEOPT PACKING pc=0x000001775a0b2be4 sp=0x0000006d78dfd6d0
Event: 75.262 Thread 0x000001774e593990 DEOPT UNPACKING pc=0x0000017758fe69a3 sp=0x0000006d78dfd590 mode 2
Event: 75.263 Thread 0x000001774e593990 Uncommon trap: trap_request=0xffffffc6 fr.pc=0x000001775a0b2be4 relative=0x0000000000000144
Event: 75.263 Thread 0x000001774e593990 Uncommon trap: reason=bimorphic_or_optimized_type_check action=maybe_recompile pc=0x000001775a0b2be4 method=kotlin.collections.CollectionsKt___CollectionsKt$asSequence$$inlined$Sequence$1.iterator()Ljava/util/Iterator; @ 6 c2
Event: 75.263 Thread 0x000001774e593990 DEOPT PACKING pc=0x000001775a0b2be4 sp=0x0000006d78dfd6d0
Event: 75.263 Thread 0x000001774e593990 DEOPT UNPACKING pc=0x0000017758fe69a3 sp=0x0000006d78dfd590 mode 2
Event: 75.263 Thread 0x000001774e593990 Uncommon trap: trap_request=0xffffffc6 fr.pc=0x000001775a0b2be4 relative=0x0000000000000144
Event: 75.263 Thread 0x000001774e593990 Uncommon trap: reason=bimorphic_or_optimized_type_check action=maybe_recompile pc=0x000001775a0b2be4 method=kotlin.collections.CollectionsKt___CollectionsKt$asSequence$$inlined$Sequence$1.iterator()Ljava/util/Iterator; @ 6 c2
Event: 75.263 Thread 0x000001774e593990 DEOPT PACKING pc=0x000001775a0b2be4 sp=0x0000006d78dfd6d0
Event: 75.263 Thread 0x000001774e593990 DEOPT UNPACKING pc=0x0000017758fe69a3 sp=0x0000006d78dfd590 mode 2

Classes unloaded (0 events):
No events

Classes redefined (0 events):
No events

Internal exceptions (20 events):
Event: 32.822 Thread 0x000001774e593990 Implicit null exception at 0x00000177597e2e7c to 0x00000177597e3470
Event: 35.548 Thread 0x000001774e593990 Implicit null exception at 0x0000017759b4deac to 0x0000017759b4ed68
Event: 39.709 Thread 0x000001774e593990 Implicit null exception at 0x0000017759a3c23b to 0x0000017759a3d950
Event: 50.491 Thread 0x000001774e593990 Implicit null exception at 0x0000017759f04394 to 0x0000017759f0afec
Event: 53.803 Thread 0x000001774e593990 Implicit null exception at 0x0000017759db9cd3 to 0x0000017759dc03cc
Event: 53.804 Thread 0x000001774e593990 Implicit null exception at 0x0000017759c41adb to 0x0000017759c41b9b
Event: 53.804 Thread 0x000001774e593990 Implicit null exception at 0x0000017759ef16bf to 0x0000017759ef3d54
Event: 53.804 Thread 0x000001774e593990 Implicit null exception at 0x0000017759a3cc17 to 0x0000017759a3d3d0
Event: 53.805 Thread 0x000001774e593990 Implicit null exception at 0x0000017759cb590b to 0x0000017759cb7134
Event: 56.364 Thread 0x000001774e593990 Implicit null exception at 0x0000017759a1e038 to 0x0000017759a1e754
Event: 56.475 Thread 0x000001774e593990 Implicit null exception at 0x00000177598226dd to 0x0000017759822e90
Event: 56.544 Thread 0x000001774e593990 Implicit null exception at 0x0000017759a1f447 to 0x0000017759a1fbd4
Event: 58.067 Thread 0x000001774e593990 Implicit null exception at 0x0000017759fa336b to 0x0000017759fa43c0
Event: 67.642 Thread 0x000001774e593990 Implicit null exception at 0x0000017759e01033 to 0x0000017759e0118c
Event: 67.986 Thread 0x000001774e593990 Exception <a 'java/lang/NoSuchMethodError'{0x00000000b3b4e6d0}: 'java.lang.Object java.lang.invoke.DirectMethodHandle$Holder.invokeStaticInit(java.lang.Object, java.lang.Object, java.lang.Object, java.lang.Object)'> (0x00000000b3b4e6d0) 
thrown [s\src\hotspot\share\interpreter\linkResolver.cpp, line 771]
Event: 69.311 Thread 0x000001774e593990 Implicit null exception at 0x0000017759e31f13 to 0x0000017759e32058
Event: 70.467 Thread 0x000001774e593990 Exception <a 'java/lang/NoSuchMethodError'{0x00000000b26947e8}: 'java.lang.Object java.lang.invoke.DirectMethodHandle$Holder.newInvokeSpecial(java.lang.Object, java.lang.Object, java.lang.Object, int, int)'> (0x00000000b26947e8) 
thrown [s\src\hotspot\share\interpreter\linkResolver.cpp, line 771]
Event: 70.468 Thread 0x000001774e593990 Exception <a 'java/lang/NoSuchMethodError'{0x00000000b2698628}: 'java.lang.Object java.lang.invoke.DirectMethodHandle$Holder.invokeSpecial(java.lang.Object, java.lang.Object, java.lang.Object, java.lang.Object, int, int)'> (0x00000000b2698628) 
thrown [s\src\hotspot\share\interpreter\linkResolver.cpp, line 771]
Event: 70.552 Thread 0x000001774e593990 Exception <a 'java/lang/NoSuchMethodError'{0x00000000b2548170}: 'java.lang.Object java.lang.invoke.Invokers$Holder.linkToTargetMethod(java.lang.Object, java.lang.Object, int, int, java.lang.Object, java.lang.Object, java.lang.Object, java.lang.Object, java.lang.Object)'> (0x00000000b2548170) 
thrown [s\src\hotspot\share\interpreter\linkResolver.cpp, line 771]
Event: 71.353 Thread 0x000001774e593990 Implicit null exception at 0x0000017759599590 to 0x000001775959983c

VM Operations (20 events):
Event: 70.795 Executing VM operation: HandshakeAllThreads
Event: 70.795 Executing VM operation: HandshakeAllThreads done
Event: 70.901 Executing VM operation: HandshakeAllThreads
Event: 70.901 Executing VM operation: HandshakeAllThreads done
Event: 71.213 Executing VM operation: ICBufferFull
Event: 71.214 Executing VM operation: ICBufferFull done
Event: 71.696 Executing VM operation: ICBufferFull
Event: 71.696 Executing VM operation: ICBufferFull done
Event: 72.215 Executing VM operation: ICBufferFull
Event: 72.216 Executing VM operation: ICBufferFull done
Event: 73.119 Executing VM operation: ICBufferFull
Event: 73.120 Executing VM operation: ICBufferFull done
Event: 74.128 Executing VM operation: Cleanup
Event: 74.144 Executing VM operation: Cleanup done
Event: 75.145 Executing VM operation: Cleanup
Event: 75.152 Executing VM operation: Cleanup done
Event: 76.166 Executing VM operation: Cleanup
Event: 76.182 Executing VM operation: Cleanup done
Event: 77.072 Executing VM operation: HandshakeAllThreads
Event: 77.073 Executing VM operation: HandshakeAllThreads done

Events (20 events):
Event: 70.981 Thread 0x00000177672e9d70 flushing nmethod 0x0000017753967090
Event: 70.981 Thread 0x00000177672e9d70 flushing nmethod 0x000001775396bd10
Event: 70.984 Thread 0x00000177672e9d70 flushing nmethod 0x0000017753ac5690
Event: 70.985 Thread 0x00000177672e9d70 flushing nmethod 0x0000017753b6fa10
Event: 70.990 Thread 0x00000177672e9d70 flushing nmethod 0x0000017753d4f290
Event: 70.991 Thread 0x00000177672e9d70 flushing nmethod 0x0000017753dcbb90
Event: 70.992 Thread 0x00000177672e9d70 flushing nmethod 0x0000017753e62210
Event: 70.992 Thread 0x00000177672e9d70 flushing nmethod 0x0000017753e6cf90
Event: 70.993 Thread 0x00000177672e9d70 flushing nmethod 0x0000017753ea2a90
Event: 70.994 Thread 0x00000177672e9d70 flushing nmethod 0x0000017753f0fe90
Event: 70.994 Thread 0x00000177672e9d70 flushing nmethod 0x0000017753f40c90
Event: 70.994 Thread 0x00000177672e9d70 flushing nmethod 0x0000017753f4d010
Event: 70.994 Thread 0x00000177672e9d70 flushing nmethod 0x0000017753f69990
Event: 70.995 Thread 0x00000177672e9d70 flushing nmethod 0x0000017753fe7c10
Event: 70.995 Thread 0x00000177672e9d70 flushing nmethod 0x0000017753fef690
Event: 70.995 Thread 0x00000177672e9d70 flushing nmethod 0x000001775400a210
Event: 70.995 Thread 0x00000177672e9d70 flushing nmethod 0x0000017754015290
Event: 70.995 Thread 0x00000177672e9d70 flushing nmethod 0x0000017754033490
Event: 70.997 Thread 0x00000177672e9d70 flushing nmethod 0x00000177540fa810
Event: 70.997 Thread 0x00000177672e9d70 flushing nmethod 0x000001775414a290


Dynamic libraries:
0x00007ff640ac0000 - 0x00007ff640aca000 	C:\Program Files\Android\Android Studio\jbr\bin\java.exe
0x00007ff8d4ed0000 - 0x00007ff8d50c8000 	C:\Windows\SYSTEM32\ntdll.dll
0x00007ff8a7e20000 - 0x00007ff8a7e39000 	C:\Program Files\Avast Software\Avast\aswhook.dll
0x00007ff8d4af0000 - 0x00007ff8d4bad000 	C:\Windows\System32\KERNEL32.DLL
0x00007ff8d28d0000 - 0x00007ff8d2bc6000 	C:\Windows\System32\KERNELBASE.dll
0x00007ff8cf950000 - 0x00007ff8cf9e0000 	C:\Windows\SYSTEM32\apphelp.dll
0x00007ff8d2760000 - 0x00007ff8d2860000 	C:\Windows\System32\ucrtbase.dll
0x00007ff897760000 - 0x00007ff897777000 	C:\Program Files\Android\Android Studio\jbr\bin\jli.dll
0x00007ff8c2a00000 - 0x00007ff8c2a1b000 	C:\Program Files\Android\Android Studio\jbr\bin\VCRUNTIME140.dll
0x00007ff8d4590000 - 0x00007ff8d472f000 	C:\Windows\System32\USER32.dll
0x00007ff8b1c60000 - 0x00007ff8b1efa000 	C:\Windows\WinSxS\amd64_microsoft.windows.common-controls_6595b64144ccf1df_6.0.19041.3636_none_60b6a03d71f818d5\COMCTL32.dll
0x00007ff8d2730000 - 0x00007ff8d2752000 	C:\Windows\System32\win32u.dll
0x00007ff8d4be0000 - 0x00007ff8d4c7e000 	C:\Windows\System32\msvcrt.dll
0x00007ff8d4dd0000 - 0x00007ff8d4dfb000 	C:\Windows\System32\GDI32.dll
0x00007ff8d2de0000 - 0x00007ff8d2ef7000 	C:\Windows\System32\gdi32full.dll
0x00007ff8d2c80000 - 0x00007ff8d2d1d000 	C:\Windows\System32\msvcp_win.dll
0x00007ff8d4d30000 - 0x00007ff8d4d62000 	C:\Windows\System32\IMM32.DLL
0x00007ff8c4b10000 - 0x00007ff8c4b1c000 	C:\Program Files\Android\Android Studio\jbr\bin\vcruntime140_1.dll
0x00007ff8a0fe0000 - 0x00007ff8a106d000 	C:\Program Files\Android\Android Studio\jbr\bin\msvcp140.dll
0x00007ff884740000 - 0x00007ff8853c0000 	C:\Program Files\Android\Android Studio\jbr\bin\server\jvm.dll
0x00007ff8d38b0000 - 0x00007ff8d3960000 	C:\Windows\System32\ADVAPI32.dll
0x00007ff8d3640000 - 0x00007ff8d36e0000 	C:\Windows\System32\sechost.dll
0x00007ff8d3370000 - 0x00007ff8d3493000 	C:\Windows\System32\RPCRT4.dll
0x00007ff8d2d20000 - 0x00007ff8d2d47000 	C:\Windows\System32\bcrypt.dll
0x00007ff8bfc40000 - 0x00007ff8bfc49000 	C:\Windows\SYSTEM32\WSOCK32.dll
0x00007ff8c91a0000 - 0x00007ff8c91c7000 	C:\Windows\SYSTEM32\WINMM.dll
0x00007ff8c9190000 - 0x00007ff8c919a000 	C:\Windows\SYSTEM32\VERSION.dll
0x00007ff8d3c00000 - 0x00007ff8d3c6b000 	C:\Windows\System32\WS2_32.dll
0x00007ff8d0d40000 - 0x00007ff8d0d52000 	C:\Windows\SYSTEM32\kernel.appcore.dll
0x00007ff8b9ba0000 - 0x00007ff8b9baa000 	C:\Program Files\Android\Android Studio\jbr\bin\jimage.dll
0x00007ff8d0b30000 - 0x00007ff8d0d14000 	C:\Windows\SYSTEM32\DBGHELP.DLL
0x00007ff8c4e20000 - 0x00007ff8c4e54000 	C:\Windows\SYSTEM32\dbgcore.DLL
0x00007ff8d2d50000 - 0x00007ff8d2dd2000 	C:\Windows\System32\bcryptPrimitives.dll
0x00007ff898a30000 - 0x00007ff898a55000 	C:\Program Files\Android\Android Studio\jbr\bin\java.dll
0x00007ff8a6b40000 - 0x00007ff8a6b58000 	C:\Program Files\Android\Android Studio\jbr\bin\zip.dll
0x00007ff8d3c70000 - 0x00007ff8d43db000 	C:\Windows\System32\SHELL32.dll
0x00007ff8d0250000 - 0x00007ff8d09ee000 	C:\Windows\SYSTEM32\windows.storage.dll
0x00007ff8d4730000 - 0x00007ff8d4a83000 	C:\Windows\System32\combase.dll
0x00007ff8d1ee0000 - 0x00007ff8d1f0e000 	C:\Windows\SYSTEM32\Wldp.dll
0x00007ff8d43e0000 - 0x00007ff8d44ad000 	C:\Windows\System32\OLEAUT32.dll
0x00007ff8d36e0000 - 0x00007ff8d378d000 	C:\Windows\System32\SHCORE.dll
0x00007ff8d4d70000 - 0x00007ff8d4dc5000 	C:\Windows\System32\shlwapi.dll
0x00007ff8d24b0000 - 0x00007ff8d24d3000 	C:\Windows\SYSTEM32\profapi.dll
0x00007ff8a6560000 - 0x00007ff8a6579000 	C:\Program Files\Android\Android Studio\jbr\bin\net.dll
0x00007ff8c56e0000 - 0x00007ff8c57ea000 	C:\Windows\SYSTEM32\WINHTTP.dll
0x00007ff8d1bf0000 - 0x00007ff8d1c5a000 	C:\Windows\system32\mswsock.dll
0x00007ff89b8a0000 - 0x00007ff89b8b6000 	C:\Program Files\Android\Android Studio\jbr\bin\nio.dll
0x00007ff8af4d0000 - 0x00007ff8af4e0000 	C:\Program Files\Android\Android Studio\jbr\bin\verify.dll

dbghelp: loaded successfully - version: 4.0.5 - missing functions: none
symbol engine: initialized successfully - sym options: 0x614 - pdb path: .;C:\Program Files\Android\Android Studio\jbr\bin;C:\Windows\SYSTEM32;C:\Program Files\Avast Software\Avast;C:\Windows\WinSxS\amd64_microsoft.windows.common-controls_6595b64144ccf1df_6.0.19041.3636_none_60b6a03d71f818d5;C:\Program Files\Android\Android Studio\jbr\bin\server

VM Arguments:
java_command: org.jetbrains.kotlin.cli.jvm.K2JVMCompiler @C:\Users\Haytam\AndroidStudioProjects\project\app\build\20240603_7461296265767665318.compiler.options
java_class_path (initial): C:\Program Files\Android\Android Studio\caches\modules-2\files-2.1\org.jetbrains.kotlin\kotlin-compiler-embeddable\1.9.10\57ca1b0823ae3ecb451a97e1f8e6de0b19ea5294\kotlin-compiler-embeddable-1.9.10.jar;C:\Program Files\Android\Android Studio\caches\modules-2\files-2.1\org.jetbrains.kotlin\kotlin-stdlib\1.9.10\72812e8a368917ab5c0a5081b56915ffdfec93b7\kotlin-stdlib-1.9.10.jar;C:\Program Files\Android\Android Studio\caches\modules-2\files-2.1\org.jetbrains.kotlin\kotlin-script-runtime\1.9.10\398513a8534701579cccaf5953ea914416b4696c\kotlin-script-runtime-1.9.10.jar;C:\Program Files\Android\Android Studio\caches\modules-2\files-2.1\org.jetbrains.kotlin\kotlin-reflect\1.6.10\1cbe9c92c12a94eea200d23c2bbaedaf3daf5132\kotlin-reflect-1.6.10.jar;C:\Program Files\Android\Android Studio\caches\modules-2\files-2.1\org.jetbrains.kotlin\kotlin-daemon-embeddable\1.9.10\bda2f7daa6b89d2ded2d9e1e0b0cadaf9446ade1\kotlin-daemon-embeddable-1.9.10.jar;C:\Program Files\Android\Android Studio\caches\modules-2\files-2.1\org.jetbrains.intellij.deps\trove4j\1.0.20200330\3afb14d5f9ceb459d724e907a21145e8ff394f02\trove4j-1.0.20200330.jar;C:\Program Files\Android\Android Studio\caches\modules-2\files-2.1\org.jetbrains.kotlin\kotlin-stdlib-common\1.9.10\dafaf2c27f27c09220cee312df10917d9a5d97ce\kotlin-stdlib-common-1.9.10.jar;C:\Program Files\Android\Android Studio\caches\modules-2\files-2.1\org.jetbrains\annotations\13.0\919f0dfe192fb4e063e7dacadee7f8bb9a2672a9\annotations-13.0.jar
Launcher Type: SUN_STANDARD

[Global flags]
     intx CICompilerCount                          = 4                                         {product} {ergonomic}
     uint ConcGCThreads                            = 2                                         {product} {ergonomic}
     uint G1ConcRefinementThreads                  = 8                                         {product} {ergonomic}
   size_t G1HeapRegionSize                         = 1048576                                   {product} {ergonomic}
    uintx GCDrainStackTargetSize                   = 64                                        {product} {ergonomic}
   size_t InitialHeapSize                          = 100663296                                 {product} {ergonomic}
   size_t MarkStackSize                            = 4194304                                   {product} {ergonomic}
   size_t MaxHeapSize                              = 1579155456                                {product} {ergonomic}
   size_t MaxNewSize                               = 946864128                                 {product} {ergonomic}
   size_t MinHeapDeltaBytes                        = 1048576                                   {product} {ergonomic}
   size_t MinHeapSize                              = 8388608                                   {product} {ergonomic}
    uintx NonNMethodCodeHeapSize                   = 5839372                                {pd product} {ergonomic}
    uintx NonProfiledCodeHeapSize                  = 122909434                              {pd product} {ergonomic}
    uintx ProfiledCodeHeapSize                     = 122909434                              {pd product} {ergonomic}
    uintx ReservedCodeCacheSize                    = 251658240                              {pd product} {ergonomic}
     bool SegmentedCodeCache                       = true                                      {product} {ergonomic}
   size_t SoftMaxHeapSize                          = 1579155456                             {manageable} {ergonomic}
     bool UseCompressedClassPointers               = true                           {product lp64_product} {ergonomic}
     bool UseCompressedOops                        = true                           {product lp64_product} {ergonomic}
     bool UseG1GC                                  = true                                      {product} {ergonomic}
     bool UseLargePagesIndividualAllocation        = false                                  {pd product} {ergonomic}

Logging:
Log output configuration:
 #0: stdout all=warning uptime,level,tags
 #1: stderr all=off uptime,level,tags

Environment Variables:
JAVA_HOME=C:\Program Files (x86)\jdk-19
CLASSPATH=C:\Program Files (x86)\jdk-19\bin
PATH=C:\Python310\Scripts\;C:\Python310\;C:\Windows\system32;C:\Windows;C:\Windows\System32\Wbem;C:\Windows\System32\WindowsPowerShell\v1.0\;C:\Windows\System32\OpenSSH\;C:\ProgramData\chocolatey\bin;C:\Program Files\Microsoft SQL Server\150\Tools\Binn\;C:\Program Files\Microsoft SQL Server\Client SDK\ODBC\170\Tools\Binn\;C:\Program Files\dotnet\;C:\Program Files (x86)\jdk-19\bin;C:\Program Files\Git\cmd;C:\Program Files\nodejs\;C:\AndroidEmulatorTools\platform-tools-latest-windows\platform-tools;C:\Program Files\Git\usr\bin;C:\Users\Haytam\scoop\shims;C:\Program Files\MySQL\MySQL Shell 8.0\bin\;C:\Users\Haytam\AppData\Local\Microsoft\WindowsApps;C:\Users\Haytam\AppData\Local\Programs\Microsoft VS Code\bin;C:\Users\Haytam\.dotnet\tools;C:\Program Files (x86)\jdk-19;C:\Users\Haytam\Downloads\php-8.1.12-Win32-vs16-x64;C:\Users\Haytam\AppData\Local\ComposerSetup\bin;C:\Users\Haytam\AppData\Roaming\Composer\vendor\bin;C:\Users\Haytam\AppData\Roaming\npm;C:\Program Files\heroku\bin
USERNAME=Haytam
OS=Windows_NT
PROCESSOR_IDENTIFIER=AMD64 Family 23 Model 24 Stepping 1, AuthenticAMD
TMP=C:\Users\Haytam\AppData\Local\Temp
TEMP=C:\Users\Haytam\AppData\Local\Temp


JNI global refs:
JNI global refs: 11, weak refs: 7

JNI global refs memory usage: 843, weak refs: 841

OOME stack traces (most recent first):
Classloader memory used:
Loader jdk.internal.loader.ClassLoaders$AppClassLoader                                 : 8619K
Loader bootstrap                                                                       : 1423K
Loader jdk.internal.reflect.DelegatingClassLoader                                      : 105K
Loader java.net.URLClassLoader                                                         : 64890B
Loader jdk.internal.loader.ClassLoaders$PlatformClassLoader                            : 2276B


---------------  S Y S T E M  ---------------

OS:
 Windows 10 , 64 bit Build 19041 (10.0.19041.3636)
OS uptime: 22 days 8:36 hours
Hyper-V role detected

CPU: total 8 (initial active 8) (8 cores per cpu, 2 threads per core) family 23 model 24 stepping 1 microcode 0x0, cx8, cmov, fxsr, ht, mmx, 3dnowpref, sse, sse2, sse3, ssse3, sse4a, sse4.1, sse4.2, popcnt, lzcnt, tsc, tscinvbit, avx, avx2, aes, clmul, bmi1, bmi2, adx, sha, fma, vzeroupper, clflush, clflushopt, hv

Memory: 4k page, system-wide physical 6020M (366M free)
TotalPageFile size 24452M (AvailPageFile size 0M)
current process WorkingSet (physical memory assigned to process): 310M, peak: 445M
current process commit charge ("private bytes"): 596M, peak: 612M

vm_info: OpenJDK 64-Bit Server VM (17.0.7+0-b2043.56-10550314) for windows-amd64 JRE (17.0.7+0-b2043.56-10550314), built on Jul 24 2023 18:27:45 by "androidbuild" with MS VC++ 16.10 / 16.11 (VS2019)

END.
