#
# There is insufficient memory for the Java Runtime Environment to continue.
# Native memory allocation (mmap) failed to map 296747008 bytes for G1 virtual space
# Possible reasons:
#   The system is out of physical RAM or swap space
#   The process is running with CompressedOops enabled, and the Java Heap may be blocking the growth of the native heap
# Possible solutions:
#   Reduce memory load on the system
#   Increase physical memory or swap space
#   Check if swap backing store is full
#   Decrease Java heap size (-Xmx/-Xms)
#   Decrease number of Java threads
#   Decrease Java thread stack sizes (-Xss)
#   Set larger code cache with -XX:ReservedCodeCacheSize=
#   JVM is running with Unscaled Compressed Oops mode in which the Java heap is
#     placed in the first 4GB address space. The Java Heap base address is the
#     maximum limit for the native heap growth. Please use -XX:HeapBaseMinAddress
#     to set the Java Heap base and to place the Java Heap above 4GB virtual address.
# This output file may be truncated or incomplete.
#
#  Out of Memory Error (os_windows.cpp:3771), pid=82916, tid=81956
#
# JRE version: OpenJDK Runtime Environment (17.0.7) (build 17.0.7+0-b2043.56-10550314)
# Java VM: OpenJDK 64-Bit Server VM (17.0.7+0-b2043.56-10550314, mixed mode, tiered, compressed oops, compressed class ptrs, g1 gc, windows-amd64)
# No core dump will be written. Minidumps are not enabled by default on client versions of Windows
#

---------------  S U M M A R Y ------------

Command Line: org.jetbrains.kotlin.cli.jvm.K2JVMCompiler @C:\Users\Haytam\AndroidStudioProjects\project\app\build\20240422_1220156436086520440.compiler.options

Host: AMD Ryzen 5 3500U with Radeon Vega Mobile Gfx  , 8 cores, 5G,  Windows 10 , 64 bit Build 19041 (10.0.19041.3636)
Time: Mon Apr 22 23:25:05 2024 Paris, Madrid (heure duild 19041 (10.0.19041.3636) elapsed time: 68.559456 seconds (0d 0h 1m 8s)

---------------  T H R E A D  ---------------

Current thread (0x00000275ad44da40):  VMThread "VM Thread" [stack: 0x0000009d84a00000,0x0000009d84b00000] [id=81956]

Stack: [0x0000009d84a00000,0x0000009d84b00000]
Native frames: (J=compiled Java code, j=interpreted, Vv=VM code, C=native code)
V  [jvm.dll+0x683bfa]
V  [jvm.dll+0x8430a4]
V  [jvm.dll+0x8449be]
V  [jvm.dll+0x845023]
V  [jvm.dll+0x24ad2f]
V  [jvm.dll+0x680ac9]
V  [jvm.dll+0x67519a]
V  [jvm.dll+0x30b3cb]
V  [jvm.dll+0x312876]
V  [jvm.dll+0x36221e]
V  [jvm.dll+0x36244f]
V  [jvm.dll+0x2e14a8]
V  [jvm.dll+0x2df684]
V  [jvm.dll+0x2dec8c]
V  [jvm.dll+0x32382b]
V  [jvm.dll+0x8496eb]
V  [jvm.dll+0x84a424]
V  [jvm.dll+0x84a93d]
V  [jvm.dll+0x84ad14]
V  [jvm.dll+0x84ade0]
V  [jvm.dll+0x7f2aea]
V  [jvm.dll+0x682a35]
C  [ucrtbase.dll+0x21bb2]
C  [KERNEL32.DLL+0x17344]
C  [ntdll.dll+0x526b1]

VM_Operation (0x0000009d844fd430): G1CollectForAllocation, mode: safepoint, requested by thread 0x00000275949e3780


---------------  P R O C E S S  ---------------

Threads class SMR info:
_java_thread_list=0x00000275ad887a70, length=12, elements={
0x00000275949e3780, 0x00000275ad473250, 0x00000275ad4740c0, 0x00000275ad460360,
0x00000275ad48b630, 0x00000275ad48df00, 0x00000275ad48e7c0, 0x00000275ad6fdc20,
0x00000275ad6ff530, 0x00000275ad701a50, 0x00000275ad87c770, 0x00000275ad893090
}

Java Threads: ( => current thread )
  0x00000275949e3780 JavaThread "main" [_thread_blocked, id=81948, stack(0x0000009d84400000,0x0000009d84500000)]
  0x00000275ad473250 JavaThread "Reference Handler" daemon [_thread_blocked, id=81964, stack(0x0000009d84b00000,0x0000009d84c00000)]
  0x00000275ad4740c0 JavaThread "Finalizer" daemon [_thread_blocked, id=81936, stack(0x0000009d84c00000,0x0000009d84d00000)]
  0x00000275ad460360 JavaThread "Signal Dispatcher" daemon [_thread_blocked, id=81096, stack(0x0000009d84d00000,0x0000009d84e00000)]
  0x00000275ad48b630 JavaThread "Attach Listener" daemon [_thread_blocked, id=80440, stack(0x0000009d84e00000,0x0000009d84f00000)]
  0x00000275ad48df00 JavaThread "Service Thread" daemon [_thread_blocked, id=72028, stack(0x0000009d84f00000,0x0000009d85000000)]
  0x00000275ad48e7c0 JavaThread "Monitor Deflation Thread" daemon [_thread_blocked, id=48532, stack(0x0000009d85000000,0x0000009d85100000)]
  0x00000275ad6fdc20 JavaThread "C2 CompilerThread0" daemon [_thread_blocked, id=82096, stack(0x0000009d85100000,0x0000009d85200000)]
  0x00000275ad6ff530 JavaThread "C1 CompilerThread0" daemon [_thread_blocked, id=82092, stack(0x0000009d85200000,0x0000009d85300000)]
  0x00000275ad701a50 JavaThread "Sweeper thread" daemon [_thread_blocked, id=82084, stack(0x0000009d85300000,0x0000009d85400000)]
  0x00000275ad87c770 JavaThread "Notification Thread" daemon [_thread_blocked, id=82088, stack(0x0000009d85400000,0x0000009d85500000)]
  0x00000275ad893090 JavaThread "Common-Cleaner" daemon [_thread_blocked, id=81340, stack(0x0000009d85600000,0x0000009d85700000)]

Other Threads:
=>0x00000275ad44da40 VMThread "VM Thread" [stack: 0x0000009d84a00000,0x0000009d84b00000] [id=81956]
  0x00000275ad7d03b0 WatcherThread [stack: 0x0000009d85500000,0x0000009d85600000] [id=61176]
  0x0000027594a2f820 GCTaskThread "GC Thread#0" [stack: 0x0000009d84500000,0x0000009d84600000] [id=81944]
  0x00000275b21b5730 GCTaskThread "GC Thread#1" [stack: 0x0000009d85700000,0x0000009d85800000] [id=82136]
  0x00000275b21b4c70 GCTaskThread "GC Thread#2" [stack: 0x0000009d85800000,0x0000009d85900000] [id=82148]
  0x00000275b21b49c0 GCTaskThread "GC Thread#3" [stack: 0x0000009d85900000,0x0000009d85a00000] [id=82156]
  0x00000275b21b41b0 GCTaskThread "GC Thread#4" [stack: 0x0000009d85a00000,0x0000009d85b00000] [id=82140]
  0x00000275b21b4f20 GCTaskThread "GC Thread#5" [stack: 0x0000009d85b00000,0x0000009d85c00000] [id=80892]
  0x00000275b21b3f00 GCTaskThread "GC Thread#6" [stack: 0x0000009d85c00000,0x0000009d85d00000] [id=70372]
  0x00000275b25588f0 GCTaskThread "GC Thread#7" [stack: 0x0000009d85d00000,0x0000009d85e00000] [id=72576]
  0x0000027594a3cb40 ConcurrentGCThread "G1 Main Marker" [stack: 0x0000009d84600000,0x0000009d84700000] [id=81952]
  0x0000027594a3d550 ConcurrentGCThread "G1 Conc#0" [stack: 0x0000009d84700000,0x0000009d84800000] [id=82024]
  0x00000275b25568b0 ConcurrentGCThread "G1 Conc#1" [stack: 0x0000009d85e00000,0x0000009d85f00000] [id=81816]
  0x0000027594a901f0 ConcurrentGCThread "G1 Refine#0" [stack: 0x0000009d84800000,0x0000009d84900000] [id=81960]
  0x00000275b3b18500 ConcurrentGCThread "G1 Refine#1" [stack: 0x0000009d85f00000,0x0000009d86000000] [id=71908]
  0x0000027594a90c10 ConcurrentGCThread "G1 Service" [stack: 0x0000009d84900000,0x0000009d84a00000] [id=82028]

Threads with active compile tasks:
C2 CompilerThread0    68680 17650       4       androidx.compose.compiler.plugins.kotlin.lower.DeepCopyIrTreeWithRemappedComposableTypes::needsComposableRemapping (122 bytes)
C1 CompilerThread0    68680 17754       2       org.jetbrains.kotlin.ir.types.impl.IrSimpleTypeImplKt::toBuilder (72 bytes)

VM state: at safepoint (normal execution)

VM Mutex/Monitor currently owned by a thread:  ([mutex/lock_event])
[0x00000275949dec80] Threads_lock - owner thread: 0x00000275ad44da40
[0x00000275949de1d0] Heap_lock - owner thread: 0x00000275949e3780

Heap address: 0x00000000a1e00000, size: 1506 MB, Compressed Oops mode: 32-bit

CDS archive(s) not mapped
Compressed class space mapped at: 0x0000000100000000-0x0000000140000000, reserved size: 1073741824
Narrow klass base: 0x0000000000000000, Narrow klass shift: 3, Narrow klass range: 0x140000000

GC Precious Log:
 CPUs: 8 total, 8 available
 Memory: 6020M
 Large Page Support: Disabled
 NUMA Support: Disabled
 Compressed Oops: Enabled (32-bit)
 Heap Region Size: 1M
 Heap Min Capacity: 8M
 Heap Initial Capacity: 96M
 Heap Max Capacity: 1506M
 Pre-touch: Disabled
 Parallel Workers: 8
 Concurrent Workers: 2
 Concurrent Refinement Workers: 8
 Periodic GC: Disabled

Heap:
 garbage-first heap   total 195584K, used 115023K [0x00000000a1e00000, 0x0000000100000000)
  region size 1024K, 6 young (6144K), 6 survivors (6144K)
 Metaspace       used 82013K, committed 82432K, reserved 1179648K
  class space    used 9188K, committed 9408K, reserved 1048576K

Heap Regions: E=young(eden), S=young(survivor), O=old, HS=humongous(starts), HC=humongous(continues), CS=collection set, F=free, OA=open archive, CA=closed archive, TAMS=top-at-mark-start (previous, next)
|   0|0x00000000a1e00000, 0x00000000a1f00000, 0x00000000a1f00000|100%|HS|  |TAMS 0x00000000a1f00000, 0x00000000a1e00000| Complete 
|   1|0x00000000a1f00000, 0x00000000a2000000, 0x00000000a2000000|100%|HC|  |TAMS 0x00000000a2000000, 0x00000000a1f00000| Complete 
|   2|0x00000000a2000000, 0x00000000a2100000, 0x00000000a2100000|100%|HC|  |TAMS 0x00000000a2100000, 0x00000000a2000000| Complete 
|   3|0x00000000a2100000, 0x00000000a2200000, 0x00000000a2200000|100%|HC|  |TAMS 0x00000000a2200000, 0x00000000a2100000| Complete 
|   4|0x00000000a2200000, 0x00000000a2300000, 0x00000000a2300000|100%| O|  |TAMS 0x00000000a2300000, 0x00000000a2200000| Untracked 
|   5|0x00000000a2300000, 0x00000000a2400000, 0x00000000a2400000|100%| O|  |TAMS 0x00000000a2400000, 0x00000000a2300000| Untracked 
|   6|0x00000000a2400000, 0x00000000a2500000, 0x00000000a2500000|100%| O|  |TAMS 0x00000000a2500000, 0x00000000a2400000| Untracked 
|   7|0x00000000a2500000, 0x00000000a2600000, 0x00000000a2600000|100%| O|  |TAMS 0x00000000a2600000, 0x00000000a2500000| Untracked 
|   8|0x00000000a2600000, 0x00000000a2700000, 0x00000000a2700000|100%| O|  |TAMS 0x00000000a2700000, 0x00000000a2600000| Untracked 
|   9|0x00000000a2700000, 0x00000000a2800000, 0x00000000a2800000|100%| O|  |TAMS 0x00000000a2800000, 0x00000000a2700000| Untracked 
|  10|0x00000000a2800000, 0x00000000a2900000, 0x00000000a2900000|100%| O|  |TAMS 0x00000000a2900000, 0x00000000a2800000| Untracked 
|  11|0x00000000a2900000, 0x00000000a2a00000, 0x00000000a2a00000|100%| O|  |TAMS 0x00000000a2a00000, 0x00000000a2900000| Untracked 
|  12|0x00000000a2a00000, 0x00000000a2b00000, 0x00000000a2b00000|100%| O|  |TAMS 0x00000000a2b00000, 0x00000000a2a00000| Untracked 
|  13|0x00000000a2b00000, 0x00000000a2c00000, 0x00000000a2c00000|100%| O|  |TAMS 0x00000000a2c00000, 0x00000000a2b00000| Untracked 
|  14|0x00000000a2c00000, 0x00000000a2d00000, 0x00000000a2d00000|100%| O|  |TAMS 0x00000000a2d00000, 0x00000000a2c00000| Untracked 
|  15|0x00000000a2d00000, 0x00000000a2e00000, 0x00000000a2e00000|100%| O|  |TAMS 0x00000000a2e00000, 0x00000000a2d00000| Untracked 
|  16|0x00000000a2e00000, 0x00000000a2f00000, 0x00000000a2f00000|100%| O|  |TAMS 0x00000000a2f00000, 0x00000000a2e00000| Untracked 
|  17|0x00000000a2f00000, 0x00000000a3000000, 0x00000000a3000000|100%| O|  |TAMS 0x00000000a3000000, 0x00000000a2f00000| Untracked 
|  18|0x00000000a3000000, 0x00000000a3100000, 0x00000000a3100000|100%| O|  |TAMS 0x00000000a3100000, 0x00000000a3000000| Untracked 
|  19|0x00000000a3100000, 0x00000000a3200000, 0x00000000a3200000|100%| O|  |TAMS 0x00000000a3200000, 0x00000000a3100000| Untracked 
|  20|0x00000000a3200000, 0x00000000a3300000, 0x00000000a3300000|100%| O|  |TAMS 0x00000000a3300000, 0x00000000a3200000| Untracked 
|  21|0x00000000a3300000, 0x00000000a3400000, 0x00000000a3400000|100%| O|  |TAMS 0x00000000a3400000, 0x00000000a3300000| Untracked 
|  22|0x00000000a3400000, 0x00000000a3500000, 0x00000000a3500000|100%| O|  |TAMS 0x00000000a3500000, 0x00000000a3400000| Untracked 
|  23|0x00000000a3500000, 0x00000000a3600000, 0x00000000a3600000|100%| O|  |TAMS 0x00000000a3600000, 0x00000000a3500000| Untracked 
|  24|0x00000000a3600000, 0x00000000a3700000, 0x00000000a3700000|100%| O|  |TAMS 0x00000000a3700000, 0x00000000a3600000| Untracked 
|  25|0x00000000a3700000, 0x00000000a3800000, 0x00000000a3800000|100%| O|  |TAMS 0x00000000a3800000, 0x00000000a3700000| Untracked 
|  26|0x00000000a3800000, 0x00000000a3900000, 0x00000000a3900000|100%| O|  |TAMS 0x00000000a3900000, 0x00000000a3800000| Untracked 
|  27|0x00000000a3900000, 0x00000000a3a00000, 0x00000000a3a00000|100%| O|  |TAMS 0x00000000a3a00000, 0x00000000a3900000| Untracked 
|  28|0x00000000a3a00000, 0x00000000a3b00000, 0x00000000a3b00000|100%| O|  |TAMS 0x00000000a3b00000, 0x00000000a3a00000| Untracked 
|  29|0x00000000a3b00000, 0x00000000a3c00000, 0x00000000a3c00000|100%| O|  |TAMS 0x00000000a3c00000, 0x00000000a3b00000| Untracked 
|  30|0x00000000a3c00000, 0x00000000a3d00000, 0x00000000a3d00000|100%|HS|  |TAMS 0x00000000a3d00000, 0x00000000a3c00000| Complete 
|  31|0x00000000a3d00000, 0x00000000a3e00000, 0x00000000a3e00000|100%|HC|  |TAMS 0x00000000a3e00000, 0x00000000a3d00000| Complete 
|  32|0x00000000a3e00000, 0x00000000a3f00000, 0x00000000a3f00000|100%| O|  |TAMS 0x00000000a3e00000, 0x00000000a3e00000| Untracked 
|  33|0x00000000a3f00000, 0x00000000a4000000, 0x00000000a4000000|100%| O|  |TAMS 0x00000000a4000000, 0x00000000a3f00000| Untracked 
|  34|0x00000000a4000000, 0x00000000a4100000, 0x00000000a4100000|100%| O|  |TAMS 0x00000000a4100000, 0x00000000a4000000| Untracked 
|  35|0x00000000a4100000, 0x00000000a4200000, 0x00000000a4200000|100%| O|  |TAMS 0x00000000a4200000, 0x00000000a4100000| Untracked 
|  36|0x00000000a4200000, 0x00000000a4300000, 0x00000000a4300000|100%| O|  |TAMS 0x00000000a4300000, 0x00000000a4200000| Untracked 
|  37|0x00000000a4300000, 0x00000000a4400000, 0x00000000a4400000|100%| O|  |TAMS 0x00000000a4400000, 0x00000000a4300000| Untracked 
|  38|0x00000000a4400000, 0x00000000a4500000, 0x00000000a4500000|100%| O|  |TAMS 0x00000000a4500000, 0x00000000a4400000| Untracked 
|  39|0x00000000a4500000, 0x00000000a4600000, 0x00000000a4600000|100%| O|  |TAMS 0x00000000a4600000, 0x00000000a4500000| Untracked 
|  40|0x00000000a4600000, 0x00000000a4700000, 0x00000000a4700000|100%| O|  |TAMS 0x00000000a4700000, 0x00000000a4600000| Untracked 
|  41|0x00000000a4700000, 0x00000000a4800000, 0x00000000a4800000|100%| O|  |TAMS 0x00000000a4800000, 0x00000000a4700000| Untracked 
|  42|0x00000000a4800000, 0x00000000a4900000, 0x00000000a4900000|100%| O|  |TAMS 0x00000000a4900000, 0x00000000a4800000| Untracked 
|  43|0x00000000a4900000, 0x00000000a4a00000, 0x00000000a4a00000|100%| O|  |TAMS 0x00000000a4a00000, 0x00000000a4900000| Untracked 
|  44|0x00000000a4a00000, 0x00000000a4b00000, 0x00000000a4b00000|100%| O|  |TAMS 0x00000000a4b00000, 0x00000000a4a00000| Untracked 
|  45|0x00000000a4b00000, 0x00000000a4c00000, 0x00000000a4c00000|100%| O|  |TAMS 0x00000000a4c00000, 0x00000000a4b00000| Untracked 
|  46|0x00000000a4c00000, 0x00000000a4d00000, 0x00000000a4d00000|100%| O|  |TAMS 0x00000000a4d00000, 0x00000000a4c00000| Untracked 
|  47|0x00000000a4d00000, 0x00000000a4e00000, 0x00000000a4e00000|100%| O|  |TAMS 0x00000000a4d2c000, 0x00000000a4d00000| Untracked 
|  48|0x00000000a4e00000, 0x00000000a4f00000, 0x00000000a4f00000|100%| O|  |TAMS 0x00000000a4e00000, 0x00000000a4e00000| Untracked 
|  49|0x00000000a4f00000, 0x00000000a5000000, 0x00000000a5000000|100%| O|  |TAMS 0x00000000a4f00000, 0x00000000a4f00000| Untracked 
|  50|0x00000000a5000000, 0x00000000a5100000, 0x00000000a5100000|100%| O|  |TAMS 0x00000000a5000000, 0x00000000a5000000| Untracked 
|  51|0x00000000a5100000, 0x00000000a5200000, 0x00000000a5200000|100%| O|  |TAMS 0x00000000a5100000, 0x00000000a5100000| Untracked 
|  52|0x00000000a5200000, 0x00000000a5300000, 0x00000000a5300000|100%| O|  |TAMS 0x00000000a5200000, 0x00000000a5200000| Untracked 
|  53|0x00000000a5300000, 0x00000000a5400000, 0x00000000a5400000|100%| O|  |TAMS 0x00000000a5300000, 0x00000000a5300000| Untracked 
|  54|0x00000000a5400000, 0x00000000a5500000, 0x00000000a5500000|100%| O|  |TAMS 0x00000000a5400000, 0x00000000a5400000| Untracked 
|  55|0x00000000a5500000, 0x00000000a5600000, 0x00000000a5600000|100%| O|  |TAMS 0x00000000a5500000, 0x00000000a5500000| Untracked 
|  56|0x00000000a5600000, 0x00000000a5700000, 0x00000000a5700000|100%| O|  |TAMS 0x00000000a5600000, 0x00000000a5600000| Untracked 
|  57|0x00000000a5700000, 0x00000000a5800000, 0x00000000a5800000|100%| O|  |TAMS 0x00000000a5700000, 0x00000000a5700000| Untracked 
|  58|0x00000000a5800000, 0x00000000a5900000, 0x00000000a5900000|100%| O|  |TAMS 0x00000000a5800000, 0x00000000a5800000| Untracked 
|  59|0x00000000a5900000, 0x00000000a5a00000, 0x00000000a5a00000|100%|HS|  |TAMS 0x00000000a5900000, 0x00000000a5900000| Complete 
|  60|0x00000000a5a00000, 0x00000000a5b00000, 0x00000000a5b00000|100%|HC|  |TAMS 0x00000000a5a00000, 0x00000000a5a00000| Complete 
|  61|0x00000000a5b00000, 0x00000000a5c00000, 0x00000000a5c00000|100%| O|  |TAMS 0x00000000a5b00000, 0x00000000a5b00000| Untracked 
|  62|0x00000000a5c00000, 0x00000000a5d00000, 0x00000000a5d00000|100%| O|  |TAMS 0x00000000a5c00000, 0x00000000a5c00000| Untracked 
|  63|0x00000000a5d00000, 0x00000000a5e00000, 0x00000000a5e00000|100%| O|  |TAMS 0x00000000a5d00000, 0x00000000a5d00000| Untracked 
|  64|0x00000000a5e00000, 0x00000000a5f00000, 0x00000000a5f00000|100%| O|  |TAMS 0x00000000a5e00000, 0x00000000a5e00000| Untracked 
|  65|0x00000000a5f00000, 0x00000000a6000000, 0x00000000a6000000|100%| O|  |TAMS 0x00000000a5f00000, 0x00000000a5f00000| Untracked 
|  66|0x00000000a6000000, 0x00000000a6100000, 0x00000000a6100000|100%| O|  |TAMS 0x00000000a6000000, 0x00000000a6000000| Untracked 
|  67|0x00000000a6100000, 0x00000000a6200000, 0x00000000a6200000|100%| O|  |TAMS 0x00000000a6100000, 0x00000000a6100000| Untracked 
|  68|0x00000000a6200000, 0x00000000a6300000, 0x00000000a6300000|100%| O|  |TAMS 0x00000000a6200000, 0x00000000a6200000| Untracked 
|  69|0x00000000a6300000, 0x00000000a6400000, 0x00000000a6400000|100%| O|  |TAMS 0x00000000a6300000, 0x00000000a6300000| Untracked 
|  70|0x00000000a6400000, 0x00000000a6500000, 0x00000000a6500000|100%| O|  |TAMS 0x00000000a6400000, 0x00000000a6400000| Untracked 
|  71|0x00000000a6500000, 0x00000000a6600000, 0x00000000a6600000|100%| O|  |TAMS 0x00000000a6500000, 0x00000000a6500000| Untracked 
|  72|0x00000000a6600000, 0x00000000a6700000, 0x00000000a6700000|100%| O|  |TAMS 0x00000000a6600000, 0x00000000a6600000| Untracked 
|  73|0x00000000a6700000, 0x00000000a6800000, 0x00000000a6800000|100%| O|  |TAMS 0x00000000a6700000, 0x00000000a6700000| Untracked 
|  74|0x00000000a6800000, 0x00000000a6900000, 0x00000000a6900000|100%| O|  |TAMS 0x00000000a6800000, 0x00000000a6800000| Untracked 
|  75|0x00000000a6900000, 0x00000000a6a00000, 0x00000000a6a00000|100%| O|  |TAMS 0x00000000a6900000, 0x00000000a6900000| Untracked 
|  76|0x00000000a6a00000, 0x00000000a6b00000, 0x00000000a6b00000|100%| O|  |TAMS 0x00000000a6a00000, 0x00000000a6a00000| Untracked 
|  77|0x00000000a6b00000, 0x00000000a6c00000, 0x00000000a6c00000|100%| O|  |TAMS 0x00000000a6b00000, 0x00000000a6b00000| Untracked 
|  78|0x00000000a6c00000, 0x00000000a6d00000, 0x00000000a6d00000|100%| O|  |TAMS 0x00000000a6c00000, 0x00000000a6c00000| Untracked 
|  79|0x00000000a6d00000, 0x00000000a6e00000, 0x00000000a6e00000|100%| O|  |TAMS 0x00000000a6d00000, 0x00000000a6d00000| Untracked 
|  80|0x00000000a6e00000, 0x00000000a6f00000, 0x00000000a6f00000|100%| O|  |TAMS 0x00000000a6e00000, 0x00000000a6e00000| Untracked 
|  81|0x00000000a6f00000, 0x00000000a7000000, 0x00000000a7000000|100%| O|  |TAMS 0x00000000a6f00000, 0x00000000a6f00000| Untracked 
|  82|0x00000000a7000000, 0x00000000a7100000, 0x00000000a7100000|100%| O|  |TAMS 0x00000000a7000000, 0x00000000a7000000| Untracked 
|  83|0x00000000a7100000, 0x00000000a7200000, 0x00000000a7200000|100%| O|  |TAMS 0x00000000a7100000, 0x00000000a7100000| Untracked 
|  84|0x00000000a7200000, 0x00000000a7300000, 0x00000000a7300000|100%| O|  |TAMS 0x00000000a7200000, 0x00000000a7200000| Untracked 
|  85|0x00000000a7300000, 0x00000000a7400000, 0x00000000a7400000|100%| O|  |TAMS 0x00000000a7300000, 0x00000000a7300000| Untracked 
|  86|0x00000000a7400000, 0x00000000a7500000, 0x00000000a7500000|100%| O|  |TAMS 0x00000000a7400000, 0x00000000a7400000| Untracked 
|  87|0x00000000a7500000, 0x00000000a7600000, 0x00000000a7600000|100%| O|  |TAMS 0x00000000a7500000, 0x00000000a7500000| Untracked 
|  88|0x00000000a7600000, 0x00000000a7700000, 0x00000000a7700000|100%| O|  |TAMS 0x00000000a7600000, 0x00000000a7600000| Untracked 
|  89|0x00000000a7700000, 0x00000000a7800000, 0x00000000a7800000|100%| O|  |TAMS 0x00000000a7700000, 0x00000000a7700000| Untracked 
|  90|0x00000000a7800000, 0x00000000a7900000, 0x00000000a7900000|100%| O|  |TAMS 0x00000000a7800000, 0x00000000a7800000| Untracked 
|  91|0x00000000a7900000, 0x00000000a7a00000, 0x00000000a7a00000|100%| O|  |TAMS 0x00000000a7900000, 0x00000000a7900000| Untracked 
|  92|0x00000000a7a00000, 0x00000000a7b00000, 0x00000000a7b00000|100%| O|  |TAMS 0x00000000a7a00000, 0x00000000a7a00000| Untracked 
|  93|0x00000000a7b00000, 0x00000000a7c00000, 0x00000000a7c00000|100%| O|  |TAMS 0x00000000a7b00000, 0x00000000a7b00000| Untracked 
|  94|0x00000000a7c00000, 0x00000000a7d00000, 0x00000000a7d00000|100%| O|  |TAMS 0x00000000a7c00000, 0x00000000a7c00000| Untracked 
|  95|0x00000000a7d00000, 0x00000000a7e00000, 0x00000000a7e00000|100%| O|  |TAMS 0x00000000a7d00000, 0x00000000a7d00000| Untracked 
|  96|0x00000000a7e00000, 0x00000000a7f00000, 0x00000000a7f00000|100%| O|  |TAMS 0x00000000a7e00000, 0x00000000a7e00000| Untracked 
|  97|0x00000000a7f00000, 0x00000000a8000000, 0x00000000a8000000|100%| O|  |TAMS 0x00000000a7f00000, 0x00000000a7f00000| Untracked 
|  98|0x00000000a8000000, 0x00000000a8100000, 0x00000000a8100000|100%| O|  |TAMS 0x00000000a8000000, 0x00000000a8000000| Untracked 
|  99|0x00000000a8100000, 0x00000000a8200000, 0x00000000a8200000|100%| O|  |TAMS 0x00000000a8100000, 0x00000000a8100000| Untracked 
| 100|0x00000000a8200000, 0x00000000a8300000, 0x00000000a8300000|100%| O|  |TAMS 0x00000000a8200000, 0x00000000a8200000| Untracked 
| 101|0x00000000a8300000, 0x00000000a8400000, 0x00000000a8400000|100%| O|  |TAMS 0x00000000a8300000, 0x00000000a8300000| Untracked 
| 102|0x00000000a8400000, 0x00000000a8500000, 0x00000000a8500000|100%| O|  |TAMS 0x00000000a8400000, 0x00000000a8400000| Untracked 
| 103|0x00000000a8500000, 0x00000000a8600000, 0x00000000a8600000|100%| O|  |TAMS 0x00000000a8500000, 0x00000000a8500000| Untracked 
| 104|0x00000000a8600000, 0x00000000a8700000, 0x00000000a8700000|100%| O|  |TAMS 0x00000000a8600000, 0x00000000a8600000| Untracked 
| 105|0x00000000a8700000, 0x00000000a8800000, 0x00000000a8800000|100%| O|  |TAMS 0x00000000a8700000, 0x00000000a8700000| Untracked 
| 106|0x00000000a8800000, 0x00000000a8853c00, 0x00000000a8900000| 32%| O|  |TAMS 0x00000000a8800000, 0x00000000a8800000| Untracked 
| 107|0x00000000a8900000, 0x00000000a8900000, 0x00000000a8a00000|  0%| F|  |TAMS 0x00000000a8900000, 0x00000000a8900000| Untracked 
| 108|0x00000000a8a00000, 0x00000000a8a00000, 0x00000000a8b00000|  0%| F|  |TAMS 0x00000000a8a00000, 0x00000000a8a00000| Untracked 
| 109|0x00000000a8b00000, 0x00000000a8b00000, 0x00000000a8c00000|  0%| F|  |TAMS 0x00000000a8b00000, 0x00000000a8b00000| Untracked 
| 110|0x00000000a8c00000, 0x00000000a8c00000, 0x00000000a8d00000|  0%| F|  |TAMS 0x00000000a8c00000, 0x00000000a8c00000| Untracked 
| 111|0x00000000a8d00000, 0x00000000a8d00000, 0x00000000a8e00000|  0%| F|  |TAMS 0x00000000a8d00000, 0x00000000a8d00000| Untracked 
| 112|0x00000000a8e00000, 0x00000000a8e00000, 0x00000000a8f00000|  0%| F|  |TAMS 0x00000000a8e00000, 0x00000000a8e00000| Untracked 
| 113|0x00000000a8f00000, 0x00000000a8f00000, 0x00000000a9000000|  0%| F|  |TAMS 0x00000000a8f00000, 0x00000000a8f00000| Untracked 
| 114|0x00000000a9000000, 0x00000000a9000000, 0x00000000a9100000|  0%| F|  |TAMS 0x00000000a9000000, 0x00000000a9000000| Untracked 
| 115|0x00000000a9100000, 0x00000000a9100000, 0x00000000a9200000|  0%| F|  |TAMS 0x00000000a9100000, 0x00000000a9100000| Untracked 
| 116|0x00000000a9200000, 0x00000000a9200000, 0x00000000a9300000|  0%| F|  |TAMS 0x00000000a9200000, 0x00000000a9200000| Untracked 
| 117|0x00000000a9300000, 0x00000000a9300000, 0x00000000a9400000|  0%| F|  |TAMS 0x00000000a9300000, 0x00000000a9300000| Untracked 
| 118|0x00000000a9400000, 0x00000000a9400000, 0x00000000a9500000|  0%| F|  |TAMS 0x00000000a9400000, 0x00000000a9400000| Untracked 
| 119|0x00000000a9500000, 0x00000000a9500000, 0x00000000a9600000|  0%| F|  |TAMS 0x00000000a9500000, 0x00000000a9500000| Untracked 
| 120|0x00000000a9600000, 0x00000000a9600000, 0x00000000a9700000|  0%| F|  |TAMS 0x00000000a9600000, 0x00000000a9600000| Untracked 
| 121|0x00000000a9700000, 0x00000000a9700000, 0x00000000a9800000|  0%| F|  |TAMS 0x00000000a9700000, 0x00000000a9700000| Untracked 
| 122|0x00000000a9800000, 0x00000000a9800000, 0x00000000a9900000|  0%| F|  |TAMS 0x00000000a9800000, 0x00000000a9800000| Untracked 
| 123|0x00000000a9900000, 0x00000000a9900000, 0x00000000a9a00000|  0%| F|  |TAMS 0x00000000a9900000, 0x00000000a9900000| Untracked 
| 124|0x00000000a9a00000, 0x00000000a9a00000, 0x00000000a9b00000|  0%| F|  |TAMS 0x00000000a9a00000, 0x00000000a9a00000| Untracked 
| 125|0x00000000a9b00000, 0x00000000a9b00000, 0x00000000a9c00000|  0%| F|  |TAMS 0x00000000a9b00000, 0x00000000a9b00000| Untracked 
| 126|0x00000000a9c00000, 0x00000000a9c00000, 0x00000000a9d00000|  0%| F|  |TAMS 0x00000000a9c00000, 0x00000000a9c00000| Untracked 
| 127|0x00000000a9d00000, 0x00000000a9d00000, 0x00000000a9e00000|  0%| F|  |TAMS 0x00000000a9d00000, 0x00000000a9d00000| Untracked 
| 128|0x00000000a9e00000, 0x00000000a9e00000, 0x00000000a9f00000|  0%| F|  |TAMS 0x00000000a9e00000, 0x00000000a9e00000| Untracked 
| 129|0x00000000a9f00000, 0x00000000a9f00000, 0x00000000aa000000|  0%| F|  |TAMS 0x00000000a9f00000, 0x00000000a9f00000| Untracked 
| 130|0x00000000aa000000, 0x00000000aa000000, 0x00000000aa100000|  0%| F|  |TAMS 0x00000000aa000000, 0x00000000aa000000| Untracked 
| 131|0x00000000aa100000, 0x00000000aa100000, 0x00000000aa200000|  0%| F|  |TAMS 0x00000000aa100000, 0x00000000aa100000| Untracked 
| 132|0x00000000aa200000, 0x00000000aa200000, 0x00000000aa300000|  0%| F|  |TAMS 0x00000000aa200000, 0x00000000aa200000| Untracked 
| 133|0x00000000aa300000, 0x00000000aa300000, 0x00000000aa400000|  0%| F|  |TAMS 0x00000000aa300000, 0x00000000aa300000| Untracked 
| 134|0x00000000aa400000, 0x00000000aa400000, 0x00000000aa500000|  0%| F|  |TAMS 0x00000000aa400000, 0x00000000aa400000| Untracked 
| 135|0x00000000aa500000, 0x00000000aa500000, 0x00000000aa600000|  0%| F|  |TAMS 0x00000000aa500000, 0x00000000aa500000| Untracked 
| 136|0x00000000aa600000, 0x00000000aa600000, 0x00000000aa700000|  0%| F|  |TAMS 0x00000000aa600000, 0x00000000aa600000| Untracked 
| 137|0x00000000aa700000, 0x00000000aa800000, 0x00000000aa800000|100%| S|CS|TAMS 0x00000000aa700000, 0x00000000aa700000| Complete 
| 138|0x00000000aa800000, 0x00000000aa900000, 0x00000000aa900000|100%| S|CS|TAMS 0x00000000aa800000, 0x00000000aa800000| Complete 
| 139|0x00000000aa900000, 0x00000000aaa00000, 0x00000000aaa00000|100%| S|CS|TAMS 0x00000000aa900000, 0x00000000aa900000| Complete 
| 140|0x00000000aaa00000, 0x00000000aab00000, 0x00000000aab00000|100%| S|CS|TAMS 0x00000000aaa00000, 0x00000000aaa00000| Complete 
| 141|0x00000000aab00000, 0x00000000aac00000, 0x00000000aac00000|100%| S|CS|TAMS 0x00000000aab00000, 0x00000000aab00000| Complete 
| 142|0x00000000aac00000, 0x00000000aad00000, 0x00000000aad00000|100%| S|CS|TAMS 0x00000000aac00000, 0x00000000aac00000| Complete 
| 143|0x00000000aad00000, 0x00000000aad00000, 0x00000000aae00000|  0%| F|  |TAMS 0x00000000aad00000, 0x00000000aad00000| Untracked 
| 144|0x00000000aae00000, 0x00000000aae00000, 0x00000000aaf00000|  0%| F|  |TAMS 0x00000000aae00000, 0x00000000aae00000| Untracked 
| 145|0x00000000aaf00000, 0x00000000aaf00000, 0x00000000ab000000|  0%| F|  |TAMS 0x00000000aaf00000, 0x00000000aaf00000| Untracked 
| 146|0x00000000ab000000, 0x00000000ab000000, 0x00000000ab100000|  0%| F|  |TAMS 0x00000000ab000000, 0x00000000ab000000| Untracked 
| 147|0x00000000ab100000, 0x00000000ab100000, 0x00000000ab200000|  0%| F|  |TAMS 0x00000000ab100000, 0x00000000ab100000| Untracked 
| 148|0x00000000ab200000, 0x00000000ab200000, 0x00000000ab300000|  0%| F|  |TAMS 0x00000000ab200000, 0x00000000ab200000| Untracked 
| 149|0x00000000ab300000, 0x00000000ab300000, 0x00000000ab400000|  0%| F|  |TAMS 0x00000000ab300000, 0x00000000ab300000| Untracked 
| 150|0x00000000ab400000, 0x00000000ab400000, 0x00000000ab500000|  0%| F|  |TAMS 0x00000000ab400000, 0x00000000ab400000| Untracked 
| 151|0x00000000ab500000, 0x00000000ab500000, 0x00000000ab600000|  0%| F|  |TAMS 0x00000000ab500000, 0x00000000ab500000| Untracked 
| 152|0x00000000ab600000, 0x00000000ab600000, 0x00000000ab700000|  0%| F|  |TAMS 0x00000000ab600000, 0x00000000ab600000| Untracked 
| 153|0x00000000ab700000, 0x00000000ab700000, 0x00000000ab800000|  0%| F|  |TAMS 0x00000000ab700000, 0x00000000ab700000| Untracked 
| 154|0x00000000ab800000, 0x00000000ab800000, 0x00000000ab900000|  0%| F|  |TAMS 0x00000000ab800000, 0x00000000ab800000| Untracked 
| 155|0x00000000ab900000, 0x00000000ab900000, 0x00000000aba00000|  0%| F|  |TAMS 0x00000000ab900000, 0x00000000ab900000| Untracked 
| 156|0x00000000aba00000, 0x00000000aba00000, 0x00000000abb00000|  0%| F|  |TAMS 0x00000000aba00000, 0x00000000aba00000| Untracked 
| 157|0x00000000abb00000, 0x00000000abb00000, 0x00000000abc00000|  0%| F|  |TAMS 0x00000000abb00000, 0x00000000abb00000| Untracked 
| 158|0x00000000abc00000, 0x00000000abc00000, 0x00000000abd00000|  0%| F|  |TAMS 0x00000000abc00000, 0x00000000abc00000| Untracked 
| 159|0x00000000abd00000, 0x00000000abd00000, 0x00000000abe00000|  0%| F|  |TAMS 0x00000000abd00000, 0x00000000abd00000| Untracked 
| 160|0x00000000abe00000, 0x00000000abe00000, 0x00000000abf00000|  0%| F|  |TAMS 0x00000000abe00000, 0x00000000abe00000| Untracked 
| 161|0x00000000abf00000, 0x00000000abf00000, 0x00000000ac000000|  0%| F|  |TAMS 0x00000000abf00000, 0x00000000abf00000| Untracked 
| 162|0x00000000ac000000, 0x00000000ac000000, 0x00000000ac100000|  0%| F|  |TAMS 0x00000000ac000000, 0x00000000ac000000| Untracked 
| 163|0x00000000ac100000, 0x00000000ac100000, 0x00000000ac200000|  0%| F|  |TAMS 0x00000000ac100000, 0x00000000ac100000| Untracked 
| 164|0x00000000ac200000, 0x00000000ac200000, 0x00000000ac300000|  0%| F|  |TAMS 0x00000000ac200000, 0x00000000ac200000| Untracked 
| 165|0x00000000ac300000, 0x00000000ac300000, 0x00000000ac400000|  0%| F|  |TAMS 0x00000000ac300000, 0x00000000ac300000| Untracked 
| 166|0x00000000ac400000, 0x00000000ac400000, 0x00000000ac500000|  0%| F|  |TAMS 0x00000000ac400000, 0x00000000ac400000| Untracked 
| 167|0x00000000ac500000, 0x00000000ac500000, 0x00000000ac600000|  0%| F|  |TAMS 0x00000000ac500000, 0x00000000ac500000| Untracked 
| 168|0x00000000ac600000, 0x00000000ac600000, 0x00000000ac700000|  0%| F|  |TAMS 0x00000000ac600000, 0x00000000ac600000| Untracked 
| 169|0x00000000ac700000, 0x00000000ac700000, 0x00000000ac800000|  0%| F|  |TAMS 0x00000000ac700000, 0x00000000ac700000| Untracked 
| 170|0x00000000ac800000, 0x00000000ac800000, 0x00000000ac900000|  0%| F|  |TAMS 0x00000000ac800000, 0x00000000ac800000| Untracked 
| 171|0x00000000ac900000, 0x00000000ac900000, 0x00000000aca00000|  0%| F|  |TAMS 0x00000000ac900000, 0x00000000ac900000| Untracked 
| 172|0x00000000aca00000, 0x00000000aca00000, 0x00000000acb00000|  0%| F|  |TAMS 0x00000000aca00000, 0x00000000aca00000| Untracked 
| 173|0x00000000acb00000, 0x00000000acb00000, 0x00000000acc00000|  0%| F|  |TAMS 0x00000000acb00000, 0x00000000acb00000| Untracked 
| 174|0x00000000acc00000, 0x00000000acc00000, 0x00000000acd00000|  0%| F|  |TAMS 0x00000000acc00000, 0x00000000acc00000| Untracked 
| 175|0x00000000acd00000, 0x00000000acd00000, 0x00000000ace00000|  0%| F|  |TAMS 0x00000000acd00000, 0x00000000acd00000| Untracked 
| 176|0x00000000ace00000, 0x00000000ace00000, 0x00000000acf00000|  0%| F|  |TAMS 0x00000000ace00000, 0x00000000ace00000| Untracked 
| 177|0x00000000acf00000, 0x00000000acf00000, 0x00000000ad000000|  0%| F|  |TAMS 0x00000000acf00000, 0x00000000acf00000| Untracked 
| 178|0x00000000ad000000, 0x00000000ad000000, 0x00000000ad100000|  0%| F|  |TAMS 0x00000000ad000000, 0x00000000ad000000| Untracked 
| 179|0x00000000ad100000, 0x00000000ad100000, 0x00000000ad200000|  0%| F|  |TAMS 0x00000000ad100000, 0x00000000ad100000| Untracked 
| 180|0x00000000ad200000, 0x00000000ad200000, 0x00000000ad300000|  0%| F|  |TAMS 0x00000000ad200000, 0x00000000ad200000| Untracked 
| 181|0x00000000ad300000, 0x00000000ad300000, 0x00000000ad400000|  0%| F|  |TAMS 0x00000000ad300000, 0x00000000ad300000| Untracked 
| 182|0x00000000ad400000, 0x00000000ad400000, 0x00000000ad500000|  0%| F|  |TAMS 0x00000000ad400000, 0x00000000ad400000| Untracked 
| 183|0x00000000ad500000, 0x00000000ad500000, 0x00000000ad600000|  0%| F|  |TAMS 0x00000000ad500000, 0x00000000ad500000| Untracked 
| 184|0x00000000ad600000, 0x00000000ad600000, 0x00000000ad700000|  0%| F|  |TAMS 0x00000000ad600000, 0x00000000ad600000| Untracked 
| 185|0x00000000ad700000, 0x00000000ad700000, 0x00000000ad800000|  0%| F|  |TAMS 0x00000000ad700000, 0x00000000ad700000| Untracked 
| 186|0x00000000ad800000, 0x00000000ad800000, 0x00000000ad900000|  0%| F|  |TAMS 0x00000000ad800000, 0x00000000ad800000| Untracked 
| 187|0x00000000ad900000, 0x00000000ad900000, 0x00000000ada00000|  0%| F|  |TAMS 0x00000000ad900000, 0x00000000ad900000| Untracked 
| 188|0x00000000ada00000, 0x00000000ada00000, 0x00000000adb00000|  0%| F|  |TAMS 0x00000000ada00000, 0x00000000ada00000| Untracked 
| 189|0x00000000adb00000, 0x00000000adb00000, 0x00000000adc00000|  0%| F|  |TAMS 0x00000000adb00000, 0x00000000adb00000| Untracked 
| 190|0x00000000adc00000, 0x00000000adc00000, 0x00000000add00000|  0%| F|  |TAMS 0x00000000adc00000, 0x00000000adc00000| Untracked 

Card table byte_map: [0x00000275a74f0000,0x00000275a77f0000] _byte_map_base: 0x00000275a6fe1000

Marking Bits (Prev, Next): (CMBitMap*) 0x0000027594a2fe30, (CMBitMap*) 0x0000027594a2fe70
 Prev Bits: [0x00000275a7af0000, 0x00000275a9278000)
 Next Bits: [0x00000275a9280000, 0x00000275aaa08000)

Polling page: 0x0000027592950000

Metaspace:

Usage:
  Non-class:     71.12 MB used.
      Class:      8.97 MB used.
       Both:     80.09 MB used.

Virtual space:
  Non-class space:      128.00 MB reserved,      71.31 MB ( 56%) committed,  2 nodes.
      Class space:        1.00 GB reserved,       9.19 MB ( <1%) committed,  1 nodes.
             Both:        1.12 GB reserved,      80.50 MB (  7%) committed. 

Chunk freelists:
   Non-Class:  8.03 MB
       Class:  6.83 MB
        Both:  14.86 MB

MaxMetaspaceSize: unlimited
CompressedClassSpaceSize: 1.00 GB
Initial GC threshold: 21.00 MB
Current GC threshold: 97.19 MB
CDS: off
MetaspaceReclaimPolicy: balanced
 - commit_granule_bytes: 65536.
 - commit_granule_words: 8192.
 - virtual_space_node_default_size: 8388608.
 - enlarge_chunks_in_place: 1.
 - new_chunks_are_fully_committed: 0.
 - uncommit_free_chunks: 1.
 - use_allocation_guard: 0.
 - handle_deallocations: 1.


Internal statistics:

num_allocs_failed_limit: 3.
num_arena_births: 756.
num_arena_deaths: 0.
num_vsnodes_births: 3.
num_vsnodes_deaths: 0.
num_space_committed: 1286.
num_space_uncommitted: 0.
num_chunks_returned_to_freelist: 3.
num_chunks_taken_from_freelist: 3701.
num_chunk_merges: 3.
num_chunk_splits: 2744.
num_chunks_enlarged: 2144.
num_inconsistent_stats: 0.

CodeHeap 'non-profiled nmethods': size=120000Kb used=6022Kb max_used=6022Kb free=113977Kb
 bounds [0x000002759f980000, 0x000002759ff70000, 0x00000275a6eb0000]
CodeHeap 'profiled nmethods': size=120000Kb used=37314Kb max_used=37314Kb free=82685Kb
 bounds [0x0000027597eb0000, 0x000002759a330000, 0x000002759f3e0000]
CodeHeap 'non-nmethods': size=5760Kb used=1388Kb max_used=1428Kb free=4371Kb
 bounds [0x000002759f3e0000, 0x000002759f650000, 0x000002759f980000]
 total_blobs=15014 nmethods=14302 adapters=621
 compilation: enabled
              stopped_count=0, restarted_count=0
 full_count=0

Compilation events (20 events):
Event: 68.443 Thread 0x00000275ad6ff530 17746       1       org.jetbrains.kotlin.ir.declarations.impl.IrClassImpl::getOriginalBeforeInline (5 bytes)
Event: 68.443 Thread 0x00000275ad6ff530 nmethod 17746 0x000002759ff60c90 code [0x000002759ff60e20, 0x000002759ff60ef8]
Event: 68.443 Thread 0x00000275ad6ff530 17747       1       org.jetbrains.kotlin.ir.declarations.impl.IrClassImpl::setOriginalBeforeInline (6 bytes)
Event: 68.444 Thread 0x00000275ad6ff530 nmethod 17747 0x000002759ff60f90 code [0x000002759ff61120, 0x000002759ff61238]
Event: 68.445 Thread 0x00000275ad6ff530 17744       1       org.jetbrains.kotlin.ir.expressions.impl.IrDelegatingConstructorCallImpl::getEndOffset (5 bytes)
Event: 68.445 Thread 0x00000275ad6ff530 nmethod 17744 0x000002759ff61290 code [0x000002759ff61420, 0x000002759ff614f8]
Event: 68.445 Thread 0x00000275ad6ff530 17748       1       org.jetbrains.kotlin.ir.declarations.impl.IrClassImpl::getMetadata (5 bytes)
Event: 68.445 Thread 0x00000275ad6ff530 nmethod 17748 0x000002759ff61590 code [0x000002759ff61720, 0x000002759ff617f8]
Event: 68.449 Thread 0x00000275ad6ff530 17749       2       androidx.compose.compiler.plugins.kotlin.lower.DeepCopyIrTreeWithRemappedComposableTypes::transformReceiverArguments (157 bytes)
Event: 68.450 Thread 0x00000275ad6ff530 nmethod 17749 0x000002759a321590 code [0x000002759a321780, 0x000002759a321c18]
Event: 68.451 Thread 0x00000275ad6ff530 17752       2       org.jetbrains.kotlin.ir.declarations.impl.IrPropertyCommonImpl::setAttributeOwnerId (12 bytes)
Event: 68.452 Thread 0x00000275ad6ff530 nmethod 17752 0x000002759a321e90 code [0x000002759a322060, 0x000002759a322358]
Event: 68.452 Thread 0x00000275ad6ff530 17750       2       androidx.compose.compiler.plugins.kotlin.lower.DeepCopyIrTreeWithRemappedComposableTypes::visitProperty (9 bytes)
Event: 68.452 Thread 0x00000275ad6ff530 nmethod 17750 0x000002759a322510 code [0x000002759a3226a0, 0x000002759a3227c8]
Event: 68.452 Thread 0x00000275ad6ff530 17751       2       androidx.compose.compiler.plugins.kotlin.lower.DeepCopyPreservingMetadata::visitProperty (22 bytes)
Event: 68.453 Thread 0x00000275ad6ff530 nmethod 17751 0x000002759a322890 code [0x000002759a322a40, 0x000002759a322bc8]
Event: 68.453 Thread 0x00000275ad6ff530 17753       1       org.jetbrains.kotlin.ir.declarations.impl.IrTypeParameterImpl::getAnnotations (5 bytes)
Event: 68.453 Thread 0x00000275ad6ff530 nmethod 17753 0x000002759ff61890 code [0x000002759ff61a20, 0x000002759ff61af8]
Event: 68.459 Thread 0x00000275ad6ff530 17754       2       org.jetbrains.kotlin.ir.types.impl.IrSimpleTypeImplKt::toBuilder (72 bytes)
Event: 68.462 Thread 0x00000275ad6ff530 nmethod 17754 0x000002759a322d10 code [0x000002759a323040, 0x000002759a323dd8]

GC Heap History (20 events):
Event: 20.889 GC heap after
{Heap after GC invocations=33 (full 0):
 garbage-first heap   total 92160K, used 56058K [0x00000000a1e00000, 0x0000000100000000)
  region size 1024K, 3 young (3072K), 3 survivors (3072K)
 Metaspace       used 59470K, committed 59712K, reserved 1114112K
  class space    used 7039K, committed 7168K, reserved 1048576K
}
Event: 21.225 GC heap before
{Heap before GC invocations=34 (full 0):
 garbage-first heap   total 101376K, used 73466K [0x00000000a1e00000, 0x0000000100000000)
  region size 1024K, 20 young (20480K), 3 survivors (3072K)
 Metaspace       used 59604K, committed 59840K, reserved 1114112K
  class space    used 7042K, committed 7168K, reserved 1048576K
}
Event: 21.238 GC heap after
{Heap after GC invocations=35 (full 0):
 garbage-first heap   total 101376K, used 59177K [0x00000000a1e00000, 0x0000000100000000)
  region size 1024K, 3 young (3072K), 3 survivors (3072K)
 Metaspace       used 59604K, committed 59840K, reserved 1114112K
  class space    used 7042K, committed 7168K, reserved 1048576K
}
Event: 21.247 GC heap before
{Heap before GC invocations=35 (full 0):
 garbage-first heap   total 101376K, used 60201K [0x00000000a1e00000, 0x0000000100000000)
  region size 1024K, 4 young (4096K), 3 survivors (3072K)
 Metaspace       used 59611K, committed 59840K, reserved 1114112K
  class space    used 7042K, committed 7168K, reserved 1048576K
}
Event: 21.257 GC heap after
{Heap after GC invocations=36 (full 0):
 garbage-first heap   total 195584K, used 59307K [0x00000000a1e00000, 0x0000000100000000)
  region size 1024K, 1 young (1024K), 1 survivors (1024K)
 Metaspace       used 59611K, committed 59840K, reserved 1114112K
  class space    used 7042K, committed 7168K, reserved 1048576K
}
Event: 26.258 GC heap before
{Heap before GC invocations=36 (full 0):
 garbage-first heap   total 195584K, used 136107K [0x00000000a1e00000, 0x0000000100000000)
  region size 1024K, 74 young (75776K), 1 survivors (1024K)
 Metaspace       used 65698K, committed 65984K, reserved 1114112K
  class space    used 7714K, committed 7872K, reserved 1048576K
}
Event: 26.296 GC heap after
{Heap after GC invocations=37 (full 0):
 garbage-first heap   total 195584K, used 67828K [0x00000000a1e00000, 0x0000000100000000)
  region size 1024K, 7 young (7168K), 7 survivors (7168K)
 Metaspace       used 65698K, committed 65984K, reserved 1114112K
  class space    used 7714K, committed 7872K, reserved 1048576K
}
Event: 30.813 GC heap before
{Heap before GC invocations=37 (full 0):
 garbage-first heap   total 195584K, used 144628K [0x00000000a1e00000, 0x0000000100000000)
  region size 1024K, 81 young (82944K), 7 survivors (7168K)
 Metaspace       used 69423K, committed 69760K, reserved 1114112K
  class space    used 8084K, committed 8256K, reserved 1048576K
}
Event: 30.841 GC heap after
{Heap after GC invocations=38 (full 0):
 garbage-first heap   total 195584K, used 77448K [0x00000000a1e00000, 0x0000000100000000)
  region size 1024K, 10 young (10240K), 10 survivors (10240K)
 Metaspace       used 69423K, committed 69760K, reserved 1114112K
  class space    used 8084K, committed 8256K, reserved 1048576K
}
Event: 38.353 GC heap before
{Heap before GC invocations=38 (full 0):
 garbage-first heap   total 195584K, used 147080K [0x00000000a1e00000, 0x0000000100000000)
  region size 1024K, 78 young (79872K), 10 survivors (10240K)
 Metaspace       used 70818K, committed 71168K, reserved 1114112K
  class space    used 8123K, committed 8320K, reserved 1048576K
}
Event: 38.393 GC heap after
{Heap after GC invocations=39 (full 0):
 garbage-first heap   total 195584K, used 87804K [0x00000000a1e00000, 0x0000000100000000)
  region size 1024K, 10 young (10240K), 10 survivors (10240K)
 Metaspace       used 70818K, committed 71168K, reserved 1114112K
  class space    used 8123K, committed 8320K, reserved 1048576K
}
Event: 49.011 GC heap before
{Heap before GC invocations=39 (full 0):
 garbage-first heap   total 195584K, used 150268K [0x00000000a1e00000, 0x0000000100000000)
  region size 1024K, 71 young (72704K), 10 survivors (10240K)
 Metaspace       used 72065K, committed 72512K, reserved 1114112K
  class space    used 8259K, committed 8512K, reserved 1048576K
}
Event: 49.296 GC heap after
{Heap after GC invocations=40 (full 0):
 garbage-first heap   total 195584K, used 95145K [0x00000000a1e00000, 0x0000000100000000)
  region size 1024K, 7 young (7168K), 7 survivors (7168K)
 Metaspace       used 72065K, committed 72512K, reserved 1114112K
  class space    used 8259K, committed 8512K, reserved 1048576K
}
Event: 54.666 GC heap before
{Heap before GC invocations=40 (full 0):
 garbage-first heap   total 195584K, used 154537K [0x00000000a1e00000, 0x0000000100000000)
  region size 1024K, 65 young (66560K), 7 survivors (7168K)
 Metaspace       used 73109K, committed 73536K, reserved 1179648K
  class space    used 8308K, committed 8576K, reserved 1048576K
}
Event: 54.706 GC heap after
{Heap after GC invocations=41 (full 0):
 garbage-first heap   total 195584K, used 98213K [0x00000000a1e00000, 0x0000000100000000)
  region size 1024K, 3 young (3072K), 3 survivors (3072K)
 Metaspace       used 73109K, committed 73536K, reserved 1179648K
  class space    used 8308K, committed 8576K, reserved 1048576K
}
Event: 59.232 GC heap before
{Heap before GC invocations=41 (full 0):
 garbage-first heap   total 195584K, used 157605K [0x00000000a1e00000, 0x0000000100000000)
  region size 1024K, 61 young (62464K), 3 survivors (3072K)
 Metaspace       used 79484K, committed 79936K, reserved 1179648K
  class space    used 8938K, committed 9152K, reserved 1048576K
}
Event: 59.785 GC heap after
{Heap after GC invocations=42 (full 0):
 garbage-first heap   total 195584K, used 104793K [0x00000000a1e00000, 0x0000000100000000)
  region size 1024K, 8 young (8192K), 8 survivors (8192K)
 Metaspace       used 79484K, committed 79936K, reserved 1179648K
  class space    used 8938K, committed 9152K, reserved 1048576K
}
Event: 59.969 GC heap before
{Heap before GC invocations=42 (full 0):
 garbage-first heap   total 195584K, used 105817K [0x00000000a1e00000, 0x0000000100000000)
  region size 1024K, 9 young (9216K), 8 survivors (8192K)
 Metaspace       used 79501K, committed 79936K, reserved 1179648K
  class space    used 8938K, committed 9152K, reserved 1048576K
}
Event: 60.004 GC heap after
{Heap after GC invocations=43 (full 0):
 garbage-first heap   total 195584K, used 106520K [0x00000000a1e00000, 0x0000000100000000)
  region size 1024K, 2 young (2048K), 2 survivors (2048K)
 Metaspace       used 79501K, committed 79936K, reserved 1179648K
  class space    used 8938K, committed 9152K, reserved 1048576K
}
Event: 68.463 GC heap before
{Heap before GC invocations=43 (full 0):
 garbage-first heap   total 195584K, used 153624K [0x00000000a1e00000, 0x0000000100000000)
  region size 1024K, 48 young (49152K), 2 survivors (2048K)
 Metaspace       used 82013K, committed 82432K, reserved 1179648K
  class space    used 9188K, committed 9408K, reserved 1048576K
}

Dll operation events (2 events):
Event: 0.034 Loaded shared library C:\Program Files\Android\Android Studio\jbr\bin\java.dll
Event: 7.932 Loaded shared library C:\Program Files\Android\Android Studio\jbr\bin\verify.dll

Deoptimization events (20 events):
Event: 66.123 Thread 0x00000275949e3780 Uncommon trap: trap_request=0xffffff45 fr.pc=0x000002759fe5a190 relative=0x00000000000004b0
Event: 66.123 Thread 0x00000275949e3780 Uncommon trap: reason=unstable_if action=reinterpret pc=0x000002759fe5a190 method=jdk.internal.org.objectweb.asm.Frame.execute(IILjdk/internal/org/objectweb/asm/Symbol;Ljdk/internal/org/objectweb/asm/SymbolTable;)V @ 1 c2
Event: 66.124 Thread 0x00000275949e3780 DEOPT PACKING pc=0x000002759fe5a190 sp=0x0000009d844f9d80
Event: 66.124 Thread 0x00000275949e3780 DEOPT UNPACKING pc=0x000002759f4369a3 sp=0x0000009d844f9d28 mode 2
Event: 67.735 Thread 0x00000275949e3780 Uncommon trap: trap_request=0xffffffde fr.pc=0x000002759fe957dc relative=0x00000000000000bc
Event: 67.735 Thread 0x00000275949e3780 Uncommon trap: reason=class_check action=maybe_recompile pc=0x000002759fe957dc method=org.jetbrains.kotlin.ir.symbols.impl.IrSymbolBase.getDescriptor()Lorg/jetbrains/kotlin/descriptors/DeclarationDescriptor; @ 19 c2
Event: 67.736 Thread 0x00000275949e3780 DEOPT PACKING pc=0x000002759fe957dc sp=0x0000009d844fd750
Event: 67.736 Thread 0x00000275949e3780 DEOPT UNPACKING pc=0x000002759f4369a3 sp=0x0000009d844fd6f0 mode 2
Event: 67.746 Thread 0x00000275949e3780 Uncommon trap: trap_request=0xffffffde fr.pc=0x000002759fe957dc relative=0x00000000000000bc
Event: 67.746 Thread 0x00000275949e3780 Uncommon trap: reason=class_check action=maybe_recompile pc=0x000002759fe957dc method=org.jetbrains.kotlin.ir.symbols.impl.IrSymbolBase.getDescriptor()Lorg/jetbrains/kotlin/descriptors/DeclarationDescriptor; @ 19 c2
Event: 67.746 Thread 0x00000275949e3780 DEOPT PACKING pc=0x000002759fe957dc sp=0x0000009d844fd750
Event: 67.746 Thread 0x00000275949e3780 DEOPT UNPACKING pc=0x000002759f4369a3 sp=0x0000009d844fd6f0 mode 2
Event: 67.746 Thread 0x00000275949e3780 Uncommon trap: trap_request=0xffffffde fr.pc=0x000002759fe957dc relative=0x00000000000000bc
Event: 67.746 Thread 0x00000275949e3780 Uncommon trap: reason=class_check action=maybe_recompile pc=0x000002759fe957dc method=org.jetbrains.kotlin.ir.symbols.impl.IrSymbolBase.getDescriptor()Lorg/jetbrains/kotlin/descriptors/DeclarationDescriptor; @ 19 c2
Event: 67.746 Thread 0x00000275949e3780 DEOPT PACKING pc=0x000002759fe957dc sp=0x0000009d844fd750
Event: 67.746 Thread 0x00000275949e3780 DEOPT UNPACKING pc=0x000002759f4369a3 sp=0x0000009d844fd6f0 mode 2
Event: 67.746 Thread 0x00000275949e3780 Uncommon trap: trap_request=0xffffffde fr.pc=0x000002759fe957dc relative=0x00000000000000bc
Event: 67.746 Thread 0x00000275949e3780 Uncommon trap: reason=class_check action=maybe_recompile pc=0x000002759fe957dc method=org.jetbrains.kotlin.ir.symbols.impl.IrSymbolBase.getDescriptor()Lorg/jetbrains/kotlin/descriptors/DeclarationDescriptor; @ 19 c2
Event: 67.746 Thread 0x00000275949e3780 DEOPT PACKING pc=0x000002759fe957dc sp=0x0000009d844fd750
Event: 67.747 Thread 0x00000275949e3780 DEOPT UNPACKING pc=0x000002759f4369a3 sp=0x0000009d844fd6f0 mode 2

Classes unloaded (0 events):
No events

Classes redefined (0 events):
No events

Internal exceptions (20 events):
Event: 23.090 Thread 0x00000275949e3780 Exception <a 'java/lang/NoSuchMethodError'{0x00000000ab271f38}: 'int java.lang.invoke.DirectMethodHandle$Holder.invokeStaticInit(java.lang.Object, int)'> (0x00000000ab271f38) 
thrown [s\src\hotspot\share\interpreter\linkResolver.cpp, line 771]
Event: 26.381 Thread 0x00000275949e3780 Exception <a 'java/lang/NoSuchMethodError'{0x00000000adc29b80}: 'java.lang.Object java.lang.invoke.DirectMethodHandle$Holder.newInvokeSpecial(java.lang.Object, java.lang.Object, java.lang.Object, java.lang.Object, java.lang.Object, java.lang.Object, java.lang.Object)'> (0x00000000adc29b80) 
thrown [s\src\hotspot\share\interpreter\linkResolver.cpp, line 771]
Event: 26.381 Thread 0x00000275949e3780 Exception <a 'java/lang/NoSuchMethodError'{0x00000000adc2e5a8}: 'java.lang.Object java.lang.invoke.Invokers$Holder.linkToTargetMethod(java.lang.Object, java.lang.Object, java.lang.Object, java.lang.Object, java.lang.Object, java.lang.Object, java.lang.Object)'> (0x00000000adc2e5a8) 
thrown [s\src\hotspot\share\interpreter\linkResolver.cpp, line 771]
Event: 27.131 Thread 0x00000275949e3780 Implicit null exception at 0x000002759fb4ecd7 to 0x000002759fb4f24c
Event: 27.133 Thread 0x00000275949e3780 Implicit null exception at 0x000002759fb4cbe1 to 0x000002759fb4d1dc
Event: 28.468 Thread 0x00000275949e3780 Implicit null exception at 0x000002759f9cfa0f to 0x000002759f9cfa85
Event: 29.195 Thread 0x00000275949e3780 Implicit null exception at 0x000002759fcb152f to 0x000002759fcb15dc
Event: 29.933 Thread 0x00000275949e3780 Implicit null exception at 0x000002759fce2b97 to 0x000002759fce4384
Event: 30.348 Thread 0x00000275949e3780 Implicit null exception at 0x000002759fcf183b to 0x000002759fcf3010
Event: 46.212 Thread 0x00000275949e3780 Implicit null exception at 0x000002759fb00faf to 0x000002759fb01034
Event: 55.009 Thread 0x00000275949e3780 Exception <a 'java/lang/NoSuchMethodError'{0x00000000ad96a0b0}: 'java.lang.Object java.lang.invoke.DirectMethodHandle$Holder.invokeStaticInit(java.lang.Object, java.lang.Object, java.lang.Object, java.lang.Object)'> (0x00000000ad96a0b0) 
thrown [s\src\hotspot\share\interpreter\linkResolver.cpp, line 771]
Event: 56.408 Thread 0x00000275949e3780 Exception <a 'java/lang/NoSuchMethodError'{0x00000000ac8bf1b8}: 'java.lang.Object java.lang.invoke.DirectMethodHandle$Holder.newInvokeSpecial(java.lang.Object, java.lang.Object, java.lang.Object, int, int)'> (0x00000000ac8bf1b8) 
thrown [s\src\hotspot\share\interpreter\linkResolver.cpp, line 771]
Event: 56.409 Thread 0x00000275949e3780 Exception <a 'java/lang/NoSuchMethodError'{0x00000000ac8c2ff8}: 'java.lang.Object java.lang.invoke.DirectMethodHandle$Holder.invokeSpecial(java.lang.Object, java.lang.Object, java.lang.Object, java.lang.Object, int, int)'> (0x00000000ac8c2ff8) 
thrown [s\src\hotspot\share\interpreter\linkResolver.cpp, line 771]
Event: 56.611 Thread 0x00000275949e3780 Exception <a 'java/lang/NoSuchMethodError'{0x00000000ac52fec8}: 'java.lang.Object java.lang.invoke.Invokers$Holder.linkToTargetMethod(java.lang.Object, java.lang.Object, int, int, java.lang.Object, java.lang.Object, java.lang.Object, java.lang.Object, java.lang.Object)'> (0x00000000ac52fec8) 
thrown [s\src\hotspot\share\interpreter\linkResolver.cpp, line 771]
Event: 57.979 Thread 0x00000275949e3780 Implicit null exception at 0x000002759fae54e5 to 0x000002759fae60b8
Event: 58.800 Thread 0x00000275949e3780 Exception <a 'java/lang/NoSuchMethodError'{0x00000000aa6f4b20}: 'java.lang.Object java.lang.invoke.DirectMethodHandle$Holder.invokeStatic(java.lang.Object, java.lang.Object, java.lang.Object, int, int, java.lang.Object, java.lang.Object, java.lang.Object, java.lang.Object)'> (0x00000000aa6f4b20) 
thrown [s\src\hotspot\share\interpreter\linkResolver.cpp, line 771]
Event: 58.801 Thread 0x00000275949e3780 Exception <a 'java/lang/NoSuchMethodError'{0x00000000aa6fede8}: 'java.lang.Object java.lang.invoke.DirectMethodHandle$Holder.newInvokeSpecial(java.lang.Object, java.lang.Object, java.lang.Object, int, int, java.lang.Object)'> (0x00000000aa6fede8) 
thrown [s\src\hotspot\share\interpreter\linkResolver.cpp, line 771]
Event: 58.803 Thread 0x00000275949e3780 Exception <a 'java/lang/NoSuchMethodError'{0x00000000aa506c28}: 'java.lang.Object java.lang.invoke.Invokers$Holder.linkToTargetMethod(java.lang.Object, java.lang.Object, int, int, java.lang.Object, java.lang.Object)'> (0x00000000aa506c28) 
thrown [s\src\hotspot\share\interpreter\linkResolver.cpp, line 771]
Event: 58.983 Thread 0x00000275949e3780 Exception <a 'java/lang/NoSuchMethodError'{0x00000000aa4029b0}: 'java.lang.Object java.lang.invoke.DirectMethodHandle$Holder.newInvokeSpecial(java.lang.Object, java.lang.Object, int, int, java.lang.Object, java.lang.Object, java.lang.Object)'> (0x00000000aa4029b0) 
thrown [s\src\hotspot\share\interpreter\linkResolver.cpp, line 771]
Event: 58.983 Thread 0x00000275949e3780 Exception <a 'java/lang/NoSuchMethodError'{0x00000000aa407258}: 'java.lang.Object java.lang.invoke.DirectMethodHandle$Holder.invokeSpecial(java.lang.Object, java.lang.Object, java.lang.Object, int, int, java.lang.Object, java.lang.Object, java.lang.Object)'> (0x00000000aa407258) 
thrown [s\src\hotspot\share\interpreter\linkResolver.cpp, line 771]

VM Operations (20 events):
Event: 66.003 Executing VM operation: HandshakeAllThreads done
Event: 66.628 Executing VM operation: ICBufferFull
Event: 66.628 Executing VM operation: ICBufferFull done
Event: 67.005 Executing VM operation: HandshakeAllThreads
Event: 67.005 Executing VM operation: HandshakeAllThreads done
Event: 67.034 Executing VM operation: HandshakeAllThreads
Event: 67.034 Executing VM operation: HandshakeAllThreads done
Event: 67.037 Executing VM operation: HandshakeAllThreads
Event: 67.037 Executing VM operation: HandshakeAllThreads done
Event: 67.591 Executing VM operation: ICBufferFull
Event: 67.591 Executing VM operation: ICBufferFull done
Event: 67.745 Executing VM operation: HandshakeAllThreads
Event: 67.745 Executing VM operation: HandshakeAllThreads done
Event: 67.987 Executing VM operation: HandshakeAllThreads
Event: 67.987 Executing VM operation: HandshakeAllThreads done
Event: 68.033 Executing VM operation: ICBufferFull
Event: 68.034 Executing VM operation: ICBufferFull done
Event: 68.253 Executing VM operation: ICBufferFull
Event: 68.253 Executing VM operation: ICBufferFull done
Event: 68.462 Executing VM operation: G1CollectForAllocation

Events (20 events):
Event: 61.891 Thread 0x00000275ad701a50 flushing nmethod 0x0000027599e4a690
Event: 61.891 Thread 0x00000275ad701a50 flushing nmethod 0x0000027599e4bc90
Event: 61.892 Thread 0x00000275ad701a50 flushing nmethod 0x0000027599e5c710
Event: 61.892 Thread 0x00000275ad701a50 flushing nmethod 0x0000027599e5e790
Event: 61.892 Thread 0x00000275ad701a50 flushing nmethod 0x0000027599e5f510
Event: 61.892 Thread 0x00000275ad701a50 flushing nmethod 0x0000027599e60d90
Event: 61.892 Thread 0x00000275ad701a50 flushing nmethod 0x0000027599e62a90
Event: 61.892 Thread 0x00000275ad701a50 flushing nmethod 0x0000027599e64e10
Event: 61.892 Thread 0x00000275ad701a50 flushing nmethod 0x0000027599e65a10
Event: 61.892 Thread 0x00000275ad701a50 flushing nmethod 0x0000027599e67090
Event: 61.892 Thread 0x00000275ad701a50 flushing nmethod 0x0000027599e6f990
Event: 61.892 Thread 0x00000275ad701a50 flushing nmethod 0x0000027599eadf90
Event: 66.130 loading class java/lang/invoke/BoundMethodHandle$Species_LLL
Event: 66.133 loading class java/lang/invoke/BoundMethodHandle$Species_LLL done
Event: 66.146 loading class java/lang/invoke/MethodHandles$1
Event: 66.148 loading class java/lang/invoke/MethodHandles$1 done
Event: 66.149 loading class java/lang/invoke/BoundMethodHandle$Species_LJ
Event: 66.151 loading class java/lang/invoke/BoundMethodHandle$Species_LJ done
Event: 66.158 loading class java/lang/invoke/BoundMethodHandle$Species_LLLL
Event: 66.160 loading class java/lang/invoke/BoundMethodHandle$Species_LLLL done


Dynamic libraries:
0x00007ff71e9b0000 - 0x00007ff71e9ba000 	C:\Program Files\Android\Android Studio\jbr\bin\java.exe
0x00007ffc57870000 - 0x00007ffc57a68000 	C:\Windows\SYSTEM32\ntdll.dll
0x00007ffc471e0000 - 0x00007ffc471f9000 	C:\Program Files\Avast Software\Avast\aswhook.dll
0x00007ffc56cf0000 - 0x00007ffc56dad000 	C:\Windows\System32\KERNEL32.DLL
0x00007ffc55020000 - 0x00007ffc55316000 	C:\Windows\System32\KERNELBASE.dll
0x00007ffc522e0000 - 0x00007ffc52370000 	C:\Windows\SYSTEM32\apphelp.dll
0x00007ffc54f20000 - 0x00007ffc55020000 	C:\Windows\System32\ucrtbase.dll
0x00007ffc444f0000 - 0x00007ffc4450b000 	C:\Program Files\Android\Android Studio\jbr\bin\VCRUNTIME140.dll
0x00007ffc44c90000 - 0x00007ffc44ca7000 	C:\Program Files\Android\Android Studio\jbr\bin\jli.dll
0x00007ffc57580000 - 0x00007ffc5771e000 	C:\Windows\System32\USER32.dll
0x00007ffc55550000 - 0x00007ffc55572000 	C:\Windows\System32\win32u.dll
0x00007ffc3dad0000 - 0x00007ffc3dd6a000 	C:\Windows\WinSxS\amd64_microsoft.windows.common-controls_6595b64144ccf1df_6.0.19041.3636_none_60b6a03d71f818d5\COMCTL32.dll
0x00007ffc57720000 - 0x00007ffc5774b000 	C:\Windows\System32\GDI32.dll
0x00007ffc558a0000 - 0x00007ffc5593e000 	C:\Windows\System32\msvcrt.dll
0x00007ffc55580000 - 0x00007ffc55697000 	C:\Windows\System32\gdi32full.dll
0x00007ffc55320000 - 0x00007ffc553bd000 	C:\Windows\System32\msvcp_win.dll
0x00007ffc55940000 - 0x00007ffc55972000 	C:\Windows\System32\IMM32.DLL
0x00007ffc442c0000 - 0x00007ffc442cc000 	C:\Program Files\Android\Android Studio\jbr\bin\vcruntime140_1.dll
0x00007ffc17e30000 - 0x00007ffc17ebd000 	C:\Program Files\Android\Android Studio\jbr\bin\msvcp140.dll
0x00007ffc00ed0000 - 0x00007ffc01b50000 	C:\Program Files\Android\Android Studio\jbr\bin\server\jvm.dll
0x00007ffc56fb0000 - 0x00007ffc57060000 	C:\Windows\System32\ADVAPI32.dll
0x00007ffc55a80000 - 0x00007ffc55b20000 	C:\Windows\System32\sechost.dll
0x00007ffc57450000 - 0x00007ffc57575000 	C:\Windows\System32\RPCRT4.dll
0x00007ffc55800000 - 0x00007ffc55827000 	C:\Windows\System32\bcrypt.dll
0x00007ffc4bb50000 - 0x00007ffc4bb5a000 	C:\Windows\SYSTEM32\VERSION.dll
0x00007ffc4bb60000 - 0x00007ffc4bb87000 	C:\Windows\SYSTEM32\WINMM.dll
0x00007ffc43210000 - 0x00007ffc43219000 	C:\Windows\SYSTEM32\WSOCK32.dll
0x00007ffc57140000 - 0x00007ffc571ab000 	C:\Windows\System32\WS2_32.dll
0x00007ffc53700000 - 0x00007ffc53712000 	C:\Windows\SYSTEM32\kernel.appcore.dll
0x00007ffc519a0000 - 0x00007ffc519aa000 	C:\Program Files\Android\Android Studio\jbr\bin\jimage.dll
0x00007ffc534f0000 - 0x00007ffc536d4000 	C:\Windows\SYSTEM32\DBGHELP.DLL
0x00007ffc47660000 - 0x00007ffc47694000 	C:\Windows\SYSTEM32\dbgcore.DLL
0x00007ffc554c0000 - 0x00007ffc55542000 	C:\Windows\System32\bcryptPrimitives.dll
0x00007ffc51940000 - 0x00007ffc51965000 	C:\Program Files\Android\Android Studio\jbr\bin\java.dll
0x00007ffc48d90000 - 0x00007ffc48da8000 	C:\Program Files\Android\Android Studio\jbr\bin\zip.dll
0x00007ffc56050000 - 0x00007ffc567bb000 	C:\Windows\System32\SHELL32.dll
0x00007ffc52c10000 - 0x00007ffc533ae000 	C:\Windows\SYSTEM32\windows.storage.dll
0x00007ffc56990000 - 0x00007ffc56ce3000 	C:\Windows\System32\combase.dll
0x00007ffc54880000 - 0x00007ffc548ae000 	C:\Windows\SYSTEM32\Wldp.dll
0x00007ffc56ee0000 - 0x00007ffc56fad000 	C:\Windows\System32\OLEAUT32.dll
0x00007ffc573a0000 - 0x00007ffc5744d000 	C:\Windows\System32\SHCORE.dll
0x00007ffc55f90000 - 0x00007ffc55fe5000 	C:\Windows\System32\shlwapi.dll
0x00007ffc54e50000 - 0x00007ffc54e75000 	C:\Windows\SYSTEM32\profapi.dll
0x00007ffc473b0000 - 0x00007ffc473c9000 	C:\Program Files\Android\Android Studio\jbr\bin\net.dll
0x00007ffc48ac0000 - 0x00007ffc48bca000 	C:\Windows\SYSTEM32\WINHTTP.dll
0x00007ffc545c0000 - 0x00007ffc5462a000 	C:\Windows\system32\mswsock.dll
0x00007ffc455c0000 - 0x00007ffc455d6000 	C:\Program Files\Android\Android Studio\jbr\bin\nio.dll
0x00007ffc47610000 - 0x00007ffc47620000 	C:\Program Files\Android\Android Studio\jbr\bin\verify.dll

dbghelp: loaded successfully - version: 4.0.5 - missing functions: none
symbol engine: initialized successfully - sym options: 0x614 - pdb path: .;C:\Program Files\Android\Android Studio\jbr\bin;C:\Windows\SYSTEM32;C:\Program Files\Avast Software\Avast;C:\Windows\WinSxS\amd64_microsoft.windows.common-controls_6595b64144ccf1df_6.0.19041.3636_none_60b6a03d71f818d5;C:\Program Files\Android\Android Studio\jbr\bin\server

VM Arguments:
java_command: org.jetbrains.kotlin.cli.jvm.K2JVMCompiler @C:\Users\Haytam\AndroidStudioProjects\project\app\build\20240422_1220156436086520440.compiler.options
java_class_path (initial): C:\Program Files\Android\Android Studio\caches\modules-2\files-2.1\org.jetbrains.kotlin\kotlin-compiler-embeddable\1.9.10\57ca1b0823ae3ecb451a97e1f8e6de0b19ea5294\kotlin-compiler-embeddable-1.9.10.jar;C:\Program Files\Android\Android Studio\caches\modules-2\files-2.1\org.jetbrains.kotlin\kotlin-stdlib\1.9.10\72812e8a368917ab5c0a5081b56915ffdfec93b7\kotlin-stdlib-1.9.10.jar;C:\Program Files\Android\Android Studio\caches\modules-2\files-2.1\org.jetbrains.kotlin\kotlin-script-runtime\1.9.10\398513a8534701579cccaf5953ea914416b4696c\kotlin-script-runtime-1.9.10.jar;C:\Program Files\Android\Android Studio\caches\modules-2\files-2.1\org.jetbrains.kotlin\kotlin-reflect\1.6.10\1cbe9c92c12a94eea200d23c2bbaedaf3daf5132\kotlin-reflect-1.6.10.jar;C:\Program Files\Android\Android Studio\caches\modules-2\files-2.1\org.jetbrains.kotlin\kotlin-daemon-embeddable\1.9.10\bda2f7daa6b89d2ded2d9e1e0b0cadaf9446ade1\kotlin-daemon-embeddable-1.9.10.jar;C:\Program Files\Android\Android Studio\caches\modules-2\files-2.1\org.jetbrains.intellij.deps\trove4j\1.0.20200330\3afb14d5f9ceb459d724e907a21145e8ff394f02\trove4j-1.0.20200330.jar;C:\Program Files\Android\Android Studio\caches\modules-2\files-2.1\org.jetbrains.kotlin\kotlin-stdlib-common\1.9.10\dafaf2c27f27c09220cee312df10917d9a5d97ce\kotlin-stdlib-common-1.9.10.jar;C:\Program Files\Android\Android Studio\caches\modules-2\files-2.1\org.jetbrains\annotations\13.0\919f0dfe192fb4e063e7dacadee7f8bb9a2672a9\annotations-13.0.jar
Launcher Type: SUN_STANDARD

[Global flags]
     intx CICompilerCount                          = 4                                         {product} {ergonomic}
     uint ConcGCThreads                            = 2                                         {product} {ergonomic}
     uint G1ConcRefinementThreads                  = 8                                         {product} {ergonomic}
   size_t G1HeapRegionSize                         = 1048576                                   {product} {ergonomic}
    uintx GCDrainStackTargetSize                   = 64                                        {product} {ergonomic}
   size_t InitialHeapSize                          = 100663296                                 {product} {ergonomic}
   size_t MarkStackSize                            = 4194304                                   {product} {ergonomic}
   size_t MaxHeapSize                              = 1579155456                                {product} {ergonomic}
   size_t MaxNewSize                               = 946864128                                 {product} {ergonomic}
   size_t MinHeapDeltaBytes                        = 1048576                                   {product} {ergonomic}
   size_t MinHeapSize                              = 8388608                                   {product} {ergonomic}
    uintx NonNMethodCodeHeapSize                   = 5839372                                {pd product} {ergonomic}
    uintx NonProfiledCodeHeapSize                  = 122909434                              {pd product} {ergonomic}
    uintx ProfiledCodeHeapSize                     = 122909434                              {pd product} {ergonomic}
    uintx ReservedCodeCacheSize                    = 251658240                              {pd product} {ergonomic}
     bool SegmentedCodeCache                       = true                                      {product} {ergonomic}
   size_t SoftMaxHeapSize                          = 1579155456                             {manageable} {ergonomic}
     bool UseCompressedClassPointers               = true                           {product lp64_product} {ergonomic}
     bool UseCompressedOops                        = true                           {product lp64_product} {ergonomic}
     bool UseG1GC                                  = true                                      {product} {ergonomic}
     bool UseLargePagesIndividualAllocation        = false                                  {pd product} {ergonomic}

Logging:
Log output configuration:
 #0: stdout all=warning uptime,level,tags
 #1: stderr all=off uptime,level,tags

Environment Variables:
JAVA_HOME=C:\Program Files (x86)\jdk-19
CLASSPATH=C:\Program Files (x86)\jdk-19\bin
PATH=C:\Python310\Scripts\;C:\Python310\;C:\Windows\system32;C:\Windows;C:\Windows\System32\Wbem;C:\Windows\System32\WindowsPowerShell\v1.0\;C:\Windows\System32\OpenSSH\;C:\ProgramData\chocolatey\bin;C:\Program Files\Microsoft SQL Server\150\Tools\Binn\;C:\Program Files\Microsoft SQL Server\Client SDK\ODBC\170\Tools\Binn\;C:\Program Files\dotnet\;C:\Program Files (x86)\jdk-19\bin;C:\Program Files\Git\cmd;C:\Program Files\nodejs\;C:\AndroidEmulatorTools\platform-tools-latest-windows\platform-tools;C:\Program Files\Git\usr\bin;C:\Users\Haytam\scoop\shims;C:\Program Files\MySQL\MySQL Shell 8.0\bin\;C:\Users\Haytam\AppData\Local\Microsoft\WindowsApps;C:\Users\Haytam\AppData\Local\Programs\Microsoft VS Code\bin;C:\Users\Haytam\.dotnet\tools;C:\Program Files (x86)\jdk-19;C:\Users\Haytam\Downloads\php-8.1.12-Win32-vs16-x64;C:\Users\Haytam\AppData\Local\ComposerSetup\bin;C:\Users\Haytam\AppData\Roaming\Composer\vendor\bin;C:\Users\Haytam\AppData\Roaming\npm
USERNAME=Haytam
OS=Windows_NT
PROCESSOR_IDENTIFIER=AMD64 Family 23 Model 24 Stepping 1, AuthenticAMD
TMP=C:\Users\Haytam\AppData\Local\Temp
TEMP=C:\Users\Haytam\AppData\Local\Temp


JNI global refs:
JNI global refs: 11, weak refs: 20

JNI global refs memory usage: 843, weak refs: 841

OOME stack traces (most recent first):
Classloader memory used:
Loader jdk.internal.loader.ClassLoaders$AppClassLoader                                 : 8533K
Loader bootstrap                                                                       : 1423K
Loader java.net.URLClassLoader                                                         : 192K
Loader jdk.internal.reflect.DelegatingClassLoader                                      : 100K
Loader jdk.internal.loader.ClassLoaders$PlatformClassLoader                            : 2276B


---------------  S Y S T E M  ---------------

OS:
 Windows 10 , 64 bit Build 19041 (10.0.19041.3636)
OS uptime: 3 days 22:14 hours
Hyper-V role detected

CPU: total 8 (initial active 8) (8 cores per cpu, 2 threads per core) family 23 model 24 stepping 1 microcode 0x0, cx8, cmov, fxsr, ht, mmx, 3dnowpref, sse, sse2, sse3, ssse3, sse4a, sse4.1, sse4.2, popcnt, lzcnt, tsc, tscinvbit, avx, avx2, aes, clmul, bmi1, bmi2, adx, sha, fma, vzeroupper, clflush, clflushopt, hv

Memory: 4k page, system-wide physical 6020M (140M free)
TotalPageFile size 24452M (AvailPageFile size 139M)
current process WorkingSet (physical memory assigned to process): 299M, peak: 337M
current process commit charge ("private bytes"): 438M, peak: 723M

vm_info: OpenJDK 64-Bit Server VM (17.0.7+0-b2043.56-10550314) for windows-amd64 JRE (17.0.7+0-b2043.56-10550314), built on Jul 24 2023 18:27:45 by "androidbuild" with MS VC++ 16.10 / 16.11 (VS2019)

END.
